2020-05-03 21:53:50,193 Hello! This is Joey-NMT.
2020-05-03 21:53:50,205 Total params: 18984
2020-05-03 21:53:50,206 Trainable parameters: ['decoder.att_vector_layer.bias', 'decoder.att_vector_layer.weight', 'decoder.attention.key_layer.weight', 'decoder.bridge_layer.bias', 'decoder.bridge_layer.weight', 'decoder.output_layer.weight', 'decoder.rnn.bias_hh_l0', 'decoder.rnn.bias_ih_l0', 'decoder.rnn.weight_hh_l0', 'decoder.rnn.weight_ih_l0', 'encoder.rnn.bias_hh_l0', 'encoder.rnn.bias_hh_l0_reverse', 'encoder.rnn.bias_ih_l0', 'encoder.rnn.bias_ih_l0_reverse', 'encoder.rnn.weight_hh_l0', 'encoder.rnn.weight_hh_l0_reverse', 'encoder.rnn.weight_ih_l0', 'encoder.rnn.weight_ih_l0_reverse', 'src_embed.lut.weight', 'trg_embed.lut.weight']
2020-05-03 21:53:50,207 cfg.name                           : mini_reverse_2000_200_200_5_5
2020-05-03 21:53:50,208 cfg.data.src                       : src
2020-05-03 21:53:50,208 cfg.data.trg                       : trg
2020-05-03 21:53:50,208 cfg.data.train                     : test/data/mini_reverse_2000_200_200_5_5/train
2020-05-03 21:53:50,208 cfg.data.dev                       : test/data/mini_reverse_2000_200_200_5_5/dev
2020-05-03 21:53:50,208 cfg.data.test                      : test/data/mini_reverse_2000_200_200_5_5/test
2020-05-03 21:53:50,209 cfg.data.level                     : word
2020-05-03 21:53:50,209 cfg.data.lowercase                 : False
2020-05-03 21:53:50,209 cfg.data.max_sent_length           : 25
2020-05-03 21:53:50,209 cfg.data.src_voc_min_freq          : 0
2020-05-03 21:53:50,210 cfg.data.src_voc_limit             : 100
2020-05-03 21:53:50,210 cfg.data.trg_voc_min_freq          : 0
2020-05-03 21:53:50,210 cfg.data.trg_voc_limit             : 100
2020-05-03 21:53:50,210 cfg.testing.beam_size              : 1
2020-05-03 21:53:50,210 cfg.testing.alpha                  : 1.0
2020-05-03 21:53:50,211 cfg.training.random_seed           : 42
2020-05-03 21:53:50,211 cfg.training.optimizer             : adam
2020-05-03 21:53:50,211 cfg.training.learning_rate         : 0.001
2020-05-03 21:53:50,211 cfg.training.learning_rate_min     : 2e-05
2020-05-03 21:53:50,211 cfg.training.weight_decay          : 0.0
2020-05-03 21:53:50,211 cfg.training.clip_grad_norm        : 1.0
2020-05-03 21:53:50,211 cfg.training.batch_size            : 10
2020-05-03 21:53:50,211 cfg.training.batch_type            : sentence
2020-05-03 21:53:50,211 cfg.training.scheduling            : plateau
2020-05-03 21:53:50,211 cfg.training.patience              : 5
2020-05-03 21:53:50,212 cfg.training.decrease_factor       : 0.5
2020-05-03 21:53:50,212 cfg.training.early_stopping_metric : eval_metric
2020-05-03 21:53:50,212 cfg.training.epochs                : 10
2020-05-03 21:53:50,212 cfg.training.validation_freq       : 10
2020-05-03 21:53:50,212 cfg.training.logging_freq          : 10
2020-05-03 21:53:50,212 cfg.training.eval_metric           : bleu
2020-05-03 21:53:50,212 cfg.training.model_dir             : mini_reverse_2000_200_200_5_5_model
2020-05-03 21:53:50,213 cfg.training.overwrite             : True
2020-05-03 21:53:50,213 cfg.training.shuffle               : True
2020-05-03 21:53:50,213 cfg.training.use_cuda              : False
2020-05-03 21:53:50,213 cfg.training.max_output_length     : 10
2020-05-03 21:53:50,213 cfg.training.print_valid_sents     : [0, 3, 6]
2020-05-03 21:53:50,213 cfg.training.keep_last_ckpts       : 2
2020-05-03 21:53:50,213 cfg.model.initializer              : xavier
2020-05-03 21:53:50,213 cfg.model.embed_initializer        : normal
2020-05-03 21:53:50,213 cfg.model.embed_init_weight        : 0.1
2020-05-03 21:53:50,213 cfg.model.bias_initializer         : zeros
2020-05-03 21:53:50,214 cfg.model.init_rnn_orthogonal      : False
2020-05-03 21:53:50,214 cfg.model.lstm_forget_gate         : 0.0
2020-05-03 21:53:50,214 cfg.model.encoder.rnn_type         : lstm
2020-05-03 21:53:50,214 cfg.model.encoder.embeddings.embedding_dim : 16
2020-05-03 21:53:50,214 cfg.model.encoder.embeddings.scale : False
2020-05-03 21:53:50,214 cfg.model.encoder.hidden_size      : 24
2020-05-03 21:53:50,214 cfg.model.encoder.bidirectional    : True
2020-05-03 21:53:50,214 cfg.model.encoder.dropout          : 0.1
2020-05-03 21:53:50,214 cfg.model.encoder.num_layers       : 1
2020-05-03 21:53:50,215 cfg.model.decoder.rnn_type         : lstm
2020-05-03 21:53:50,215 cfg.model.decoder.embeddings.embedding_dim : 16
2020-05-03 21:53:50,215 cfg.model.decoder.embeddings.scale : False
2020-05-03 21:53:50,215 cfg.model.decoder.hidden_size      : 24
2020-05-03 21:53:50,215 cfg.model.decoder.dropout          : 0.1
2020-05-03 21:53:50,215 cfg.model.decoder.hidden_dropout   : 0.1
2020-05-03 21:53:50,215 cfg.model.decoder.num_layers       : 1
2020-05-03 21:53:50,215 cfg.model.decoder.input_feeding    : True
2020-05-03 21:53:50,215 cfg.model.decoder.init_hidden      : bridge
2020-05-03 21:53:50,215 cfg.model.decoder.attention        : luong
2020-05-03 21:53:50,216 cfg.dqn.epochs                     : 2000
2020-05-03 21:53:50,216 cfg.dqn.sample_size                : 256
2020-05-03 21:53:50,216 cfg.dqn.lr                         : 0.0001
2020-05-03 21:53:50,216 cfg.dqn.egreed_max                 : 0.9
2020-05-03 21:53:50,216 cfg.dqn.egreed_min                 : 0.001
2020-05-03 21:53:50,216 cfg.dqn.gamma                      : 0.99
2020-05-03 21:53:50,216 cfg.dqn.nu_iter                    : 100
2020-05-03 21:53:50,216 cfg.dqn.mem_cap                    : 5000
2020-05-03 21:53:50,216 cfg.dqn.beam_min                   : 1
2020-05-03 21:53:50,217 cfg.dqn.beam_max                   : 50
2020-05-03 21:53:50,217 cfg.dqn.state_type                 : hidden
2020-05-03 21:53:50,217 cfg.dqn.reward_type                : bleu_batch
2020-05-03 21:53:50,217 cfg.dqn.nu_pretrain                : 0
2020-05-03 21:53:50,217 cfg.dqn.N_layers                   : 4
2020-05-03 21:53:50,217 cfg.dqn.batch_size                 : 32
2020-05-03 21:53:50,217 cfg.dqn.test_variable              : batch_size
2020-05-03 21:53:50,217 cfg.dqn.test_range                 : [32, 128, 512]
2020-05-03 21:53:50,217 cfg.dqn.other_descrip              : batch_size_var
2020-05-03 21:53:50,218 Data set sizes: 
	train 2000,
	valid 200,
	test 200
2020-05-03 21:53:50,218 First training example:
	[SRC] 4 2 4 4
	[TRG] 4 4 2 4
2020-05-03 21:53:50,218 First 10 words (src): (0) <unk> (1) <pad> (2) <s> (3) </s> (4) 1 (5) 4 (6) 3 (7) 0 (8) 2
2020-05-03 21:53:50,218 First 10 words (trg): (0) <unk> (1) <pad> (2) <s> (3) </s> (4) 1 (5) 4 (6) 3 (7) 0 (8) 2
2020-05-03 21:53:50,218 Number of Src words (types): 9
2020-05-03 21:53:50,218 Number of Trg words (types): 9
2020-05-03 21:53:50,219 Model(
	encoder=RecurrentEncoder(LSTM(16, 24, batch_first=True, bidirectional=True)),
	decoder=RecurrentDecoder(rnn=LSTM(40, 24, batch_first=True), attention=LuongAttention),
	src_embed=Embeddings(embedding_dim=16, vocab_size=9),
	trg_embed=Embeddings(embedding_dim=16, vocab_size=9))
2020-05-03 21:53:50,219 EPOCH 1
2020-05-03 21:53:51,332 Epoch   1 Step:       10 Batch Loss:     4.273825 Tokens per Sec:      360, Lr: 0.001000
2020-05-03 21:53:52,736 Hooray! New best validation result [eval_metric]!
2020-05-03 21:53:52,736 Saving new checkpoint.
2020-05-03 21:53:52,750 Example #0
2020-05-03 21:53:52,750 	Raw source:     ['0', '0', '1', '3']
2020-05-03 21:53:52,750 	Raw hypothesis: ['3', '0', '3', '3', '0', '3', '3', '0', '3', '3']
2020-05-03 21:53:52,751 	Source:     0 0 1 3
2020-05-03 21:53:52,751 	Reference:  3 1 0 0
2020-05-03 21:53:52,751 	Hypothesis: 3 0 3 3 0 3 3 0 3 3
2020-05-03 21:53:52,751 Example #3
2020-05-03 21:53:52,751 	Raw source:     ['2', '1', '0', '4']
2020-05-03 21:53:52,751 	Raw hypothesis: ['4', '4', '4', '4', '4', '4', '4', '4', '4', '4']
2020-05-03 21:53:52,752 	Source:     2 1 0 4
2020-05-03 21:53:52,752 	Reference:  4 0 1 2
2020-05-03 21:53:52,752 	Hypothesis: 4 4 4 4 4 4 4 4 4 4
2020-05-03 21:53:52,752 Example #6
2020-05-03 21:53:52,752 	Raw source:     ['3', '2', '3', '4', '0']
2020-05-03 21:53:52,753 	Raw hypothesis: ['4', '4', '4', '4', '4', '4', '4', '4', '4', '4']
2020-05-03 21:53:52,753 	Source:     3 2 3 4 0
2020-05-03 21:53:52,753 	Reference:  0 4 3 2 3
2020-05-03 21:53:52,753 	Hypothesis: 4 4 4 4 4 4 4 4 4 4
2020-05-03 21:53:52,753 Validation result (greedy) at epoch   1, step       10: bleu:   0.00, loss: 1671.0210, ppl:   8.4960, duration: 1.4207s
2020-05-03 21:53:56,119 Epoch   1 Step:       20 Batch Loss:     8.358123 Tokens per Sec:      116, Lr: 0.001000
2020-05-03 21:53:57,333 Example #0
2020-05-03 21:53:57,334 	Raw source:     ['0', '0', '1', '3']
2020-05-03 21:53:57,334 	Raw hypothesis: ['4']
2020-05-03 21:53:57,334 	Source:     0 0 1 3
2020-05-03 21:53:57,335 	Reference:  3 1 0 0
2020-05-03 21:53:57,335 	Hypothesis: 4
2020-05-03 21:53:57,336 Example #3
2020-05-03 21:53:57,336 	Raw source:     ['2', '1', '0', '4']
2020-05-03 21:53:57,336 	Raw hypothesis: ['4', '4', '4']
2020-05-03 21:53:57,336 	Source:     2 1 0 4
2020-05-03 21:53:57,336 	Reference:  4 0 1 2
2020-05-03 21:53:57,336 	Hypothesis: 4 4 4
2020-05-03 21:53:57,336 Example #6
2020-05-03 21:53:57,337 	Raw source:     ['3', '2', '3', '4', '0']
2020-05-03 21:53:57,337 	Raw hypothesis: ['4', '4']
2020-05-03 21:53:57,337 	Source:     3 2 3 4 0
2020-05-03 21:53:57,337 	Reference:  0 4 3 2 3
2020-05-03 21:53:57,337 	Hypothesis: 4 4
2020-05-03 21:53:57,337 Validation result (greedy) at epoch   1, step       20: bleu:   0.00, loss: 1612.4343, ppl:   7.8820, duration: 1.2176s
2020-05-03 21:54:00,298 Epoch   1 Step:       30 Batch Loss:    10.022329 Tokens per Sec:      162, Lr: 0.001000
2020-05-03 21:54:01,218 Hooray! New best validation result [eval_metric]!
2020-05-03 21:54:01,219 Saving new checkpoint.
2020-05-03 21:54:01,229 Example #0
2020-05-03 21:54:01,230 	Raw source:     ['0', '0', '1', '3']
2020-05-03 21:54:01,230 	Raw hypothesis: ['4']
2020-05-03 21:54:01,230 	Source:     0 0 1 3
2020-05-03 21:54:01,230 	Reference:  3 1 0 0
2020-05-03 21:54:01,230 	Hypothesis: 4
2020-05-03 21:54:01,231 Example #3
2020-05-03 21:54:01,231 	Raw source:     ['2', '1', '0', '4']
2020-05-03 21:54:01,231 	Raw hypothesis: ['4', '4', '4']
2020-05-03 21:54:01,231 	Source:     2 1 0 4
2020-05-03 21:54:01,231 	Reference:  4 0 1 2
2020-05-03 21:54:01,232 	Hypothesis: 4 4 4
2020-05-03 21:54:01,232 Example #6
2020-05-03 21:54:01,232 	Raw source:     ['3', '2', '3', '4', '0']
2020-05-03 21:54:01,232 	Raw hypothesis: ['4', '4']
2020-05-03 21:54:01,232 	Source:     3 2 3 4 0
2020-05-03 21:54:01,232 	Reference:  0 4 3 2 3
2020-05-03 21:54:01,233 	Hypothesis: 4 4
2020-05-03 21:54:01,233 Validation result (greedy) at epoch   1, step       30: bleu:   5.60, loss: 1523.8236, ppl:   7.0366, duration: 0.9342s
2020-05-03 21:54:03,720 Epoch   1 Step:       40 Batch Loss:     3.656111 Tokens per Sec:      180, Lr: 0.001000
2020-05-03 21:54:04,289 Example #0
2020-05-03 21:54:04,289 	Raw source:     ['0', '0', '1', '3']
2020-05-03 21:54:04,290 	Raw hypothesis: ['4']
2020-05-03 21:54:04,290 	Source:     0 0 1 3
2020-05-03 21:54:04,290 	Reference:  3 1 0 0
2020-05-03 21:54:04,291 	Hypothesis: 4
2020-05-03 21:54:04,293 Example #3
2020-05-03 21:54:04,294 	Raw source:     ['2', '1', '0', '4']
2020-05-03 21:54:04,294 	Raw hypothesis: ['4', '4']
2020-05-03 21:54:04,294 	Source:     2 1 0 4
2020-05-03 21:54:04,295 	Reference:  4 0 1 2
2020-05-03 21:54:04,295 	Hypothesis: 4 4
2020-05-03 21:54:04,296 Example #6
2020-05-03 21:54:04,296 	Raw source:     ['3', '2', '3', '4', '0']
2020-05-03 21:54:04,297 	Raw hypothesis: ['4']
2020-05-03 21:54:04,297 	Source:     3 2 3 4 0
2020-05-03 21:54:04,297 	Reference:  0 4 3 2 3
2020-05-03 21:54:04,297 	Hypothesis: 4
2020-05-03 21:54:04,297 Validation result (greedy) at epoch   1, step       40: bleu:   0.00, loss: 1425.7780, ppl:   6.2064, duration: 0.5766s
2020-05-03 21:54:06,207 Epoch   1 Step:       50 Batch Loss:     4.906079 Tokens per Sec:      178, Lr: 0.001000
2020-05-03 21:54:06,833 Example #0
2020-05-03 21:54:06,834 	Raw source:     ['0', '0', '1', '3']
2020-05-03 21:54:06,834 	Raw hypothesis: []
2020-05-03 21:54:06,834 	Source:     0 0 1 3
2020-05-03 21:54:06,834 	Reference:  3 1 0 0
2020-05-03 21:54:06,834 	Hypothesis: 
2020-05-03 21:54:06,835 Example #3
2020-05-03 21:54:06,835 	Raw source:     ['2', '1', '0', '4']
2020-05-03 21:54:06,835 	Raw hypothesis: ['4']
2020-05-03 21:54:06,835 	Source:     2 1 0 4
2020-05-03 21:54:06,835 	Reference:  4 0 1 2
2020-05-03 21:54:06,836 	Hypothesis: 4
2020-05-03 21:54:06,836 Example #6
2020-05-03 21:54:06,836 	Raw source:     ['3', '2', '3', '4', '0']
2020-05-03 21:54:06,836 	Raw hypothesis: []
2020-05-03 21:54:06,836 	Source:     3 2 3 4 0
2020-05-03 21:54:06,836 	Reference:  0 4 3 2 3
2020-05-03 21:54:06,837 	Hypothesis: 
2020-05-03 21:54:06,837 Validation result (greedy) at epoch   1, step       50: bleu:   0.07, loss: 1374.1177, ppl:   5.8091, duration: 0.6254s
2020-05-03 21:54:08,771 Epoch   1 Step:       60 Batch Loss:     2.817228 Tokens per Sec:      207, Lr: 0.001000
2020-05-03 21:54:09,733 Example #0
2020-05-03 21:54:09,733 	Raw source:     ['0', '0', '1', '3']
2020-05-03 21:54:09,734 	Raw hypothesis: []
2020-05-03 21:54:09,734 	Source:     0 0 1 3
2020-05-03 21:54:09,734 	Reference:  3 1 0 0
2020-05-03 21:54:09,734 	Hypothesis: 
2020-05-03 21:54:09,734 Example #3
2020-05-03 21:54:09,735 	Raw source:     ['2', '1', '0', '4']
2020-05-03 21:54:09,735 	Raw hypothesis: ['4']
2020-05-03 21:54:09,735 	Source:     2 1 0 4
2020-05-03 21:54:09,735 	Reference:  4 0 1 2
2020-05-03 21:54:09,735 	Hypothesis: 4
2020-05-03 21:54:09,736 Example #6
2020-05-03 21:54:09,736 	Raw source:     ['3', '2', '3', '4', '0']
2020-05-03 21:54:09,736 	Raw hypothesis: []
2020-05-03 21:54:09,736 	Source:     3 2 3 4 0
2020-05-03 21:54:09,736 	Reference:  0 4 3 2 3
2020-05-03 21:54:09,737 	Hypothesis: 
2020-05-03 21:54:09,737 Validation result (greedy) at epoch   1, step       60: bleu:   0.59, loss: 1338.2487, ppl:   5.5484, duration: 0.9653s
2020-05-03 21:54:11,443 Epoch   1 Step:       70 Batch Loss:    10.413488 Tokens per Sec:      258, Lr: 0.001000
2020-05-03 21:54:12,056 Example #0
2020-05-03 21:54:12,057 	Raw source:     ['0', '0', '1', '3']
2020-05-03 21:54:12,057 	Raw hypothesis: ['0']
2020-05-03 21:54:12,057 	Source:     0 0 1 3
2020-05-03 21:54:12,057 	Reference:  3 1 0 0
2020-05-03 21:54:12,058 	Hypothesis: 0
2020-05-03 21:54:12,058 Example #3
2020-05-03 21:54:12,058 	Raw source:     ['2', '1', '0', '4']
2020-05-03 21:54:12,058 	Raw hypothesis: ['4', '4']
2020-05-03 21:54:12,058 	Source:     2 1 0 4
2020-05-03 21:54:12,059 	Reference:  4 0 1 2
2020-05-03 21:54:12,059 	Hypothesis: 4 4
2020-05-03 21:54:12,059 Example #6
2020-05-03 21:54:12,059 	Raw source:     ['3', '2', '3', '4', '0']
2020-05-03 21:54:12,060 	Raw hypothesis: ['4']
2020-05-03 21:54:12,060 	Source:     3 2 3 4 0
2020-05-03 21:54:12,060 	Reference:  0 4 3 2 3
2020-05-03 21:54:12,060 	Hypothesis: 4
2020-05-03 21:54:12,060 Validation result (greedy) at epoch   1, step       70: bleu:   0.00, loss: 1277.2388, ppl:   5.1315, duration: 0.6166s
2020-05-03 21:54:14,482 Epoch   1 Step:       80 Batch Loss:     4.741366 Tokens per Sec:      157, Lr: 0.001000
2020-05-03 21:54:15,718 Hooray! New best validation result [eval_metric]!
2020-05-03 21:54:15,719 Saving new checkpoint.
2020-05-03 21:54:15,736 Example #0
2020-05-03 21:54:15,737 	Raw source:     ['0', '0', '1', '3']
2020-05-03 21:54:15,737 	Raw hypothesis: ['0']
2020-05-03 21:54:15,737 	Source:     0 0 1 3
2020-05-03 21:54:15,737 	Reference:  3 1 0 0
2020-05-03 21:54:15,738 	Hypothesis: 0
2020-05-03 21:54:15,738 Example #3
2020-05-03 21:54:15,738 	Raw source:     ['2', '1', '0', '4']
2020-05-03 21:54:15,738 	Raw hypothesis: ['4', '4', '4']
2020-05-03 21:54:15,738 	Source:     2 1 0 4
2020-05-03 21:54:15,738 	Reference:  4 0 1 2
2020-05-03 21:54:15,739 	Hypothesis: 4 4 4
2020-05-03 21:54:15,739 Example #6
2020-05-03 21:54:15,739 	Raw source:     ['3', '2', '3', '4', '0']
2020-05-03 21:54:15,739 	Raw hypothesis: ['4', '4']
2020-05-03 21:54:15,739 	Source:     3 2 3 4 0
2020-05-03 21:54:15,741 	Reference:  0 4 3 2 3
2020-05-03 21:54:15,741 	Hypothesis: 4 4
2020-05-03 21:54:15,742 Validation result (greedy) at epoch   1, step       80: bleu:   7.94, loss: 1240.1777, ppl:   4.8936, duration: 1.2589s
2020-05-03 21:54:17,982 Epoch   1 Step:       90 Batch Loss:     5.742795 Tokens per Sec:      155, Lr: 0.001000
2020-05-03 21:54:18,735 Hooray! New best validation result [eval_metric]!
2020-05-03 21:54:18,735 Saving new checkpoint.
2020-05-03 21:54:18,740 Example #0
2020-05-03 21:54:18,740 	Raw source:     ['0', '0', '1', '3']
2020-05-03 21:54:18,740 	Raw hypothesis: ['3']
2020-05-03 21:54:18,740 	Source:     0 0 1 3
2020-05-03 21:54:18,740 	Reference:  3 1 0 0
2020-05-03 21:54:18,740 	Hypothesis: 3
2020-05-03 21:54:18,740 Example #3
2020-05-03 21:54:18,740 	Raw source:     ['2', '1', '0', '4']
2020-05-03 21:54:18,741 	Raw hypothesis: ['4', '4']
2020-05-03 21:54:18,741 	Source:     2 1 0 4
2020-05-03 21:54:18,741 	Reference:  4 0 1 2
2020-05-03 21:54:18,741 	Hypothesis: 4 4
2020-05-03 21:54:18,741 Example #6
2020-05-03 21:54:18,741 	Raw source:     ['3', '2', '3', '4', '0']
2020-05-03 21:54:18,741 	Raw hypothesis: ['0']
2020-05-03 21:54:18,741 	Source:     3 2 3 4 0
2020-05-03 21:54:18,741 	Reference:  0 4 3 2 3
2020-05-03 21:54:18,741 	Hypothesis: 0
2020-05-03 21:54:18,741 Validation result (greedy) at epoch   1, step       90: bleu:  12.39, loss: 1240.1796, ppl:   4.8936, duration: 0.7588s
2020-05-03 21:54:20,743 Epoch   1 Step:      100 Batch Loss:     3.947323 Tokens per Sec:      185, Lr: 0.001000
2020-05-03 21:54:21,793 Example #0
2020-05-03 21:54:21,794 	Raw source:     ['0', '0', '1', '3']
2020-05-03 21:54:21,794 	Raw hypothesis: ['3']
2020-05-03 21:54:21,795 	Source:     0 0 1 3
2020-05-03 21:54:21,795 	Reference:  3 1 0 0
2020-05-03 21:54:21,796 	Hypothesis: 3
2020-05-03 21:54:21,800 Example #3
2020-05-03 21:54:21,800 	Raw source:     ['2', '1', '0', '4']
2020-05-03 21:54:21,800 	Raw hypothesis: ['4', '4']
2020-05-03 21:54:21,800 	Source:     2 1 0 4
2020-05-03 21:54:21,801 	Reference:  4 0 1 2
2020-05-03 21:54:21,801 	Hypothesis: 4 4
2020-05-03 21:54:21,801 Example #6
2020-05-03 21:54:21,801 	Raw source:     ['3', '2', '3', '4', '0']
2020-05-03 21:54:21,802 	Raw hypothesis: ['4']
2020-05-03 21:54:21,802 	Source:     3 2 3 4 0
2020-05-03 21:54:21,802 	Reference:  0 4 3 2 3
2020-05-03 21:54:21,802 	Hypothesis: 4
2020-05-03 21:54:21,802 Validation result (greedy) at epoch   1, step      100: bleu:   8.47, loss: 1217.2638, ppl:   4.7521, duration: 1.0589s
2020-05-03 21:54:23,564 Epoch   1 Step:      110 Batch Loss:     4.073680 Tokens per Sec:      240, Lr: 0.001000
2020-05-03 21:54:24,425 Example #0
2020-05-03 21:54:24,426 	Raw source:     ['0', '0', '1', '3']
2020-05-03 21:54:24,426 	Raw hypothesis: ['3', '3']
2020-05-03 21:54:24,426 	Source:     0 0 1 3
2020-05-03 21:54:24,427 	Reference:  3 1 0 0
2020-05-03 21:54:24,427 	Hypothesis: 3 3
2020-05-03 21:54:24,428 Example #3
2020-05-03 21:54:24,428 	Raw source:     ['2', '1', '0', '4']
2020-05-03 21:54:24,428 	Raw hypothesis: ['4', '4', '4']
2020-05-03 21:54:24,428 	Source:     2 1 0 4
2020-05-03 21:54:24,429 	Reference:  4 0 1 2
2020-05-03 21:54:24,429 	Hypothesis: 4 4 4
2020-05-03 21:54:24,430 Example #6
2020-05-03 21:54:24,430 	Raw source:     ['3', '2', '3', '4', '0']
2020-05-03 21:54:24,430 	Raw hypothesis: ['4', '4', '4']
2020-05-03 21:54:24,431 	Source:     3 2 3 4 0
2020-05-03 21:54:24,431 	Reference:  0 4 3 2 3
2020-05-03 21:54:24,431 	Hypothesis: 4 4 4
2020-05-03 21:54:24,432 Validation result (greedy) at epoch   1, step      110: bleu:   0.00, loss: 1160.4279, ppl:   4.4186, duration: 0.8664s
2020-05-03 21:54:27,521 Epoch   1 Step:      120 Batch Loss:     8.830785 Tokens per Sec:      149, Lr: 0.001000
2020-05-03 21:54:28,435 Example #0
2020-05-03 21:54:28,435 	Raw source:     ['0', '0', '1', '3']
2020-05-03 21:54:28,435 	Raw hypothesis: ['3', '3', '3']
2020-05-03 21:54:28,435 	Source:     0 0 1 3
2020-05-03 21:54:28,435 	Reference:  3 1 0 0
2020-05-03 21:54:28,436 	Hypothesis: 3 3 3
2020-05-03 21:54:28,436 Example #3
2020-05-03 21:54:28,436 	Raw source:     ['2', '1', '0', '4']
2020-05-03 21:54:28,438 	Raw hypothesis: ['4', '4', '4', '4']
2020-05-03 21:54:28,438 	Source:     2 1 0 4
2020-05-03 21:54:28,438 	Reference:  4 0 1 2
2020-05-03 21:54:28,438 	Hypothesis: 4 4 4 4
2020-05-03 21:54:28,438 Example #6
2020-05-03 21:54:28,439 	Raw source:     ['3', '2', '3', '4', '0']
2020-05-03 21:54:28,439 	Raw hypothesis: ['1', '1', '4', '3']
2020-05-03 21:54:28,439 	Source:     3 2 3 4 0
2020-05-03 21:54:28,439 	Reference:  0 4 3 2 3
2020-05-03 21:54:28,439 	Hypothesis: 1 1 4 3
2020-05-03 21:54:28,440 Validation result (greedy) at epoch   1, step      120: bleu:   0.00, loss: 1106.8866, ppl:   4.1258, duration: 0.9152s
2020-05-03 21:54:31,178 Epoch   1 Step:      130 Batch Loss:     2.612197 Tokens per Sec:      146, Lr: 0.001000
2020-05-03 21:54:31,996 Example #0
2020-05-03 21:54:31,997 	Raw source:     ['0', '0', '1', '3']
2020-05-03 21:54:31,997 	Raw hypothesis: ['3', '3', '3']
2020-05-03 21:54:31,997 	Source:     0 0 1 3
2020-05-03 21:54:31,997 	Reference:  3 1 0 0
2020-05-03 21:54:31,998 	Hypothesis: 3 3 3
2020-05-03 21:54:31,998 Example #3
2020-05-03 21:54:31,998 	Raw source:     ['2', '1', '0', '4']
2020-05-03 21:54:31,998 	Raw hypothesis: ['4', '1', '1']
2020-05-03 21:54:31,998 	Source:     2 1 0 4
2020-05-03 21:54:31,999 	Reference:  4 0 1 2
2020-05-03 21:54:32,000 	Hypothesis: 4 1 1
2020-05-03 21:54:32,000 Example #6
2020-05-03 21:54:32,000 	Raw source:     ['3', '2', '3', '4', '0']
2020-05-03 21:54:32,000 	Raw hypothesis: ['1', '3', '3', '3']
2020-05-03 21:54:32,000 	Source:     3 2 3 4 0
2020-05-03 21:54:32,000 	Reference:  0 4 3 2 3
2020-05-03 21:54:32,001 	Hypothesis: 1 3 3 3
2020-05-03 21:54:32,001 Validation result (greedy) at epoch   1, step      130: bleu:   0.00, loss: 1067.9674, ppl:   3.9253, duration: 0.8229s
2020-05-03 21:54:34,624 Epoch   1 Step:      140 Batch Loss:     4.981122 Tokens per Sec:      132, Lr: 0.001000
2020-05-03 21:54:35,439 Hooray! New best validation result [eval_metric]!
2020-05-03 21:54:35,439 Saving new checkpoint.
2020-05-03 21:54:35,465 Example #0
2020-05-03 21:54:35,465 	Raw source:     ['0', '0', '1', '3']
2020-05-03 21:54:35,465 	Raw hypothesis: ['1', '3']
2020-05-03 21:54:35,465 	Source:     0 0 1 3
2020-05-03 21:54:35,466 	Reference:  3 1 0 0
2020-05-03 21:54:35,466 	Hypothesis: 1 3
2020-05-03 21:54:35,466 Example #3
2020-05-03 21:54:35,466 	Raw source:     ['2', '1', '0', '4']
2020-05-03 21:54:35,466 	Raw hypothesis: ['4', '4', '4']
2020-05-03 21:54:35,467 	Source:     2 1 0 4
2020-05-03 21:54:35,467 	Reference:  4 0 1 2
2020-05-03 21:54:35,467 	Hypothesis: 4 4 4
2020-05-03 21:54:35,467 Example #6
2020-05-03 21:54:35,467 	Raw source:     ['3', '2', '3', '4', '0']
2020-05-03 21:54:35,468 	Raw hypothesis: ['4', '4', '4']
2020-05-03 21:54:35,468 	Source:     3 2 3 4 0
2020-05-03 21:54:35,468 	Reference:  0 4 3 2 3
2020-05-03 21:54:35,468 	Hypothesis: 4 4 4
2020-05-03 21:54:35,469 Validation result (greedy) at epoch   1, step      140: bleu:  18.97, loss: 1043.9386, ppl:   3.8063, duration: 0.8445s
2020-05-03 21:54:38,337 Epoch   1 Step:      150 Batch Loss:     7.307016 Tokens per Sec:      125, Lr: 0.001000
2020-05-03 21:54:39,007 Example #0
2020-05-03 21:54:39,007 	Raw source:     ['0', '0', '1', '3']
2020-05-03 21:54:39,007 	Raw hypothesis: ['1', '1', '1']
2020-05-03 21:54:39,007 	Source:     0 0 1 3
2020-05-03 21:54:39,008 	Reference:  3 1 0 0
2020-05-03 21:54:39,008 	Hypothesis: 1 1 1
2020-05-03 21:54:39,008 Example #3
2020-05-03 21:54:39,008 	Raw source:     ['2', '1', '0', '4']
2020-05-03 21:54:39,009 	Raw hypothesis: ['4', '4', '4']
2020-05-03 21:54:39,009 	Source:     2 1 0 4
2020-05-03 21:54:39,009 	Reference:  4 0 1 2
2020-05-03 21:54:39,009 	Hypothesis: 4 4 4
2020-05-03 21:54:39,009 Example #6
2020-05-03 21:54:39,010 	Raw source:     ['3', '2', '3', '4', '0']
2020-05-03 21:54:39,010 	Raw hypothesis: ['4', '4', '2']
2020-05-03 21:54:39,010 	Source:     3 2 3 4 0
2020-05-03 21:54:39,010 	Reference:  0 4 3 2 3
2020-05-03 21:54:39,010 	Hypothesis: 4 4 2
2020-05-03 21:54:39,011 Validation result (greedy) at epoch   1, step      150: bleu:   0.00, loss: 993.4108, ppl:   3.5679, duration: 0.6725s
2020-05-03 21:54:42,028 Epoch   1 Step:      160 Batch Loss:     6.448579 Tokens per Sec:      152, Lr: 0.001000
2020-05-03 21:54:43,260 Example #0
2020-05-03 21:54:43,261 	Raw source:     ['0', '0', '1', '3']
2020-05-03 21:54:43,261 	Raw hypothesis: ['1', '3', '3']
2020-05-03 21:54:43,261 	Source:     0 0 1 3
2020-05-03 21:54:43,261 	Reference:  3 1 0 0
2020-05-03 21:54:43,262 	Hypothesis: 1 3 3
2020-05-03 21:54:43,262 Example #3
2020-05-03 21:54:43,262 	Raw source:     ['2', '1', '0', '4']
2020-05-03 21:54:43,262 	Raw hypothesis: ['4', '4', '2']
2020-05-03 21:54:43,262 	Source:     2 1 0 4
2020-05-03 21:54:43,262 	Reference:  4 0 1 2
2020-05-03 21:54:43,262 	Hypothesis: 4 4 2
2020-05-03 21:54:43,262 Example #6
2020-05-03 21:54:43,262 	Raw source:     ['3', '2', '3', '4', '0']
2020-05-03 21:54:43,263 	Raw hypothesis: ['1', '1', '2', '2']
2020-05-03 21:54:43,263 	Source:     3 2 3 4 0
2020-05-03 21:54:43,263 	Reference:  0 4 3 2 3
2020-05-03 21:54:43,263 	Hypothesis: 1 1 2 2
2020-05-03 21:54:43,263 Validation result (greedy) at epoch   1, step      160: bleu:  11.07, loss: 920.2419, ppl:   3.2488, duration: 1.2337s
2020-05-03 21:54:45,898 Epoch   1 Step:      170 Batch Loss:     2.703339 Tokens per Sec:      156, Lr: 0.001000
2020-05-03 21:54:46,933 Example #0
2020-05-03 21:54:46,933 	Raw source:     ['0', '0', '1', '3']
2020-05-03 21:54:46,933 	Raw hypothesis: ['3', '3', '3', '3']
2020-05-03 21:54:46,934 	Source:     0 0 1 3
2020-05-03 21:54:46,934 	Reference:  3 1 0 0
2020-05-03 21:54:46,934 	Hypothesis: 3 3 3 3
2020-05-03 21:54:46,934 Example #3
2020-05-03 21:54:46,935 	Raw source:     ['2', '1', '0', '4']
2020-05-03 21:54:46,935 	Raw hypothesis: ['4', '1', '2', '2']
2020-05-03 21:54:46,935 	Source:     2 1 0 4
2020-05-03 21:54:46,935 	Reference:  4 0 1 2
2020-05-03 21:54:46,935 	Hypothesis: 4 1 2 2
2020-05-03 21:54:46,936 Example #6
2020-05-03 21:54:46,936 	Raw source:     ['3', '2', '3', '4', '0']
2020-05-03 21:54:46,936 	Raw hypothesis: ['0', '3', '2', '2']
2020-05-03 21:54:46,936 	Source:     3 2 3 4 0
2020-05-03 21:54:46,936 	Reference:  0 4 3 2 3
2020-05-03 21:54:46,937 	Hypothesis: 0 3 2 2
2020-05-03 21:54:46,937 Validation result (greedy) at epoch   1, step      170: bleu:   9.71, loss: 887.0454, ppl:   3.1136, duration: 1.0378s
2020-05-03 21:54:49,694 Epoch   1 Step:      180 Batch Loss:     7.990561 Tokens per Sec:      131, Lr: 0.001000
2020-05-03 21:54:50,696 Example #0
2020-05-03 21:54:50,696 	Raw source:     ['0', '0', '1', '3']
2020-05-03 21:54:50,696 	Raw hypothesis: ['1', '3', '0', '0']
2020-05-03 21:54:50,696 	Source:     0 0 1 3
2020-05-03 21:54:50,697 	Reference:  3 1 0 0
2020-05-03 21:54:50,697 	Hypothesis: 1 3 0 0
2020-05-03 21:54:50,697 Example #3
2020-05-03 21:54:50,697 	Raw source:     ['2', '1', '0', '4']
2020-05-03 21:54:50,697 	Raw hypothesis: ['4', '2', '2']
2020-05-03 21:54:50,697 	Source:     2 1 0 4
2020-05-03 21:54:50,697 	Reference:  4 0 1 2
2020-05-03 21:54:50,697 	Hypothesis: 4 2 2
2020-05-03 21:54:50,698 Example #6
2020-05-03 21:54:50,698 	Raw source:     ['3', '2', '3', '4', '0']
2020-05-03 21:54:50,698 	Raw hypothesis: ['4', '0', '2', '3']
2020-05-03 21:54:50,698 	Source:     3 2 3 4 0
2020-05-03 21:54:50,698 	Reference:  0 4 3 2 3
2020-05-03 21:54:50,698 	Hypothesis: 4 0 2 3
2020-05-03 21:54:50,698 Validation result (greedy) at epoch   1, step      180: bleu:  12.25, loss: 848.5096, ppl:   2.9637, duration: 1.0033s
2020-05-03 21:54:53,412 Epoch   1 Step:      190 Batch Loss:     6.536787 Tokens per Sec:      166, Lr: 0.001000
2020-05-03 21:54:54,933 Example #0
2020-05-03 21:54:54,934 	Raw source:     ['0', '0', '1', '3']
2020-05-03 21:54:54,934 	Raw hypothesis: ['1', '3', '1', '0', '0']
2020-05-03 21:54:54,934 	Source:     0 0 1 3
2020-05-03 21:54:54,934 	Reference:  3 1 0 0
2020-05-03 21:54:54,934 	Hypothesis: 1 3 1 0 0
2020-05-03 21:54:54,934 Example #3
2020-05-03 21:54:54,934 	Raw source:     ['2', '1', '0', '4']
2020-05-03 21:54:54,935 	Raw hypothesis: ['4', '4', '2', '2']
2020-05-03 21:54:54,935 	Source:     2 1 0 4
2020-05-03 21:54:54,935 	Reference:  4 0 1 2
2020-05-03 21:54:54,935 	Hypothesis: 4 4 2 2
2020-05-03 21:54:54,935 Example #6
2020-05-03 21:54:54,935 	Raw source:     ['3', '2', '3', '4', '0']
2020-05-03 21:54:54,935 	Raw hypothesis: ['0', '0', '2', '2', '3']
2020-05-03 21:54:54,935 	Source:     3 2 3 4 0
2020-05-03 21:54:54,936 	Reference:  0 4 3 2 3
2020-05-03 21:54:54,936 	Hypothesis: 0 0 2 2 3
2020-05-03 21:54:54,936 Validation result (greedy) at epoch   1, step      190: bleu:  14.91, loss: 826.8492, ppl:   2.8826, duration: 1.5235s
2020-05-03 21:54:58,069 Epoch   1 Step:      200 Batch Loss:     1.203668 Tokens per Sec:      121, Lr: 0.001000
2020-05-03 21:54:59,616 Hooray! New best validation result [eval_metric]!
2020-05-03 21:54:59,618 Saving new checkpoint.
2020-05-03 21:54:59,632 Example #0
2020-05-03 21:54:59,633 	Raw source:     ['0', '0', '1', '3']
2020-05-03 21:54:59,633 	Raw hypothesis: ['3', '3', '0', '0']
2020-05-03 21:54:59,633 	Source:     0 0 1 3
2020-05-03 21:54:59,633 	Reference:  3 1 0 0
2020-05-03 21:54:59,633 	Hypothesis: 3 3 0 0
2020-05-03 21:54:59,634 Example #3
2020-05-03 21:54:59,634 	Raw source:     ['2', '1', '0', '4']
2020-05-03 21:54:59,634 	Raw hypothesis: ['4', '4', '1', '2']
2020-05-03 21:54:59,634 	Source:     2 1 0 4
2020-05-03 21:54:59,634 	Reference:  4 0 1 2
2020-05-03 21:54:59,634 	Hypothesis: 4 4 1 2
2020-05-03 21:54:59,634 Example #6
2020-05-03 21:54:59,635 	Raw source:     ['3', '2', '3', '4', '0']
2020-05-03 21:54:59,635 	Raw hypothesis: ['0', '0', '2', '3']
2020-05-03 21:54:59,635 	Source:     3 2 3 4 0
2020-05-03 21:54:59,635 	Reference:  0 4 3 2 3
2020-05-03 21:54:59,635 	Hypothesis: 0 0 2 3
2020-05-03 21:54:59,635 Validation result (greedy) at epoch   1, step      200: bleu:  20.79, loss: 753.3257, ppl:   2.6236, duration: 1.5654s
2020-05-03 21:55:01,550 Epoch   1: total training loss 1249.47
2020-05-03 21:55:01,550 EPOCH 2
2020-05-03 21:55:02,512 Epoch   2 Step:      210 Batch Loss:     4.577077 Tokens per Sec:      391, Lr: 0.001000
2020-05-03 21:55:03,539 Hooray! New best validation result [eval_metric]!
2020-05-03 21:55:03,540 Saving new checkpoint.
2020-05-03 21:55:03,570 Example #0
2020-05-03 21:55:03,572 	Raw source:     ['0', '0', '1', '3']
2020-05-03 21:55:03,572 	Raw hypothesis: ['3', '3', '0', '0']
2020-05-03 21:55:03,572 	Source:     0 0 1 3
2020-05-03 21:55:03,572 	Reference:  3 1 0 0
2020-05-03 21:55:03,572 	Hypothesis: 3 3 0 0
2020-05-03 21:55:03,572 Example #3
2020-05-03 21:55:03,573 	Raw source:     ['2', '1', '0', '4']
2020-05-03 21:55:03,573 	Raw hypothesis: ['4', '4', '1', '2']
2020-05-03 21:55:03,573 	Source:     2 1 0 4
2020-05-03 21:55:03,573 	Reference:  4 0 1 2
2020-05-03 21:55:03,574 	Hypothesis: 4 4 1 2
2020-05-03 21:55:03,574 Example #6
2020-05-03 21:55:03,574 	Raw source:     ['3', '2', '3', '4', '0']
2020-05-03 21:55:03,574 	Raw hypothesis: ['0', '3', '3', '2', '3']
2020-05-03 21:55:03,575 	Source:     3 2 3 4 0
2020-05-03 21:55:03,576 	Reference:  0 4 3 2 3
2020-05-03 21:55:03,577 	Hypothesis: 0 3 3 2 3
2020-05-03 21:55:03,577 Validation result (greedy) at epoch   2, step      210: bleu:  21.75, loss: 712.8281, ppl:   2.4911, duration: 1.0644s
2020-05-03 21:55:06,532 Epoch   2 Step:      220 Batch Loss:     3.638535 Tokens per Sec:      153, Lr: 0.001000
2020-05-03 21:55:07,619 Hooray! New best validation result [eval_metric]!
2020-05-03 21:55:07,620 Saving new checkpoint.
2020-05-03 21:55:07,632 Example #0
2020-05-03 21:55:07,633 	Raw source:     ['0', '0', '1', '3']
2020-05-03 21:55:07,633 	Raw hypothesis: ['3', '3', '0', '0']
2020-05-03 21:55:07,633 	Source:     0 0 1 3
2020-05-03 21:55:07,633 	Reference:  3 1 0 0
2020-05-03 21:55:07,634 	Hypothesis: 3 3 0 0
2020-05-03 21:55:07,634 Example #3
2020-05-03 21:55:07,634 	Raw source:     ['2', '1', '0', '4']
2020-05-03 21:55:07,634 	Raw hypothesis: ['4', '4', '2', '2']
2020-05-03 21:55:07,634 	Source:     2 1 0 4
2020-05-03 21:55:07,636 	Reference:  4 0 1 2
2020-05-03 21:55:07,636 	Hypothesis: 4 4 2 2
2020-05-03 21:55:07,636 Example #6
2020-05-03 21:55:07,636 	Raw source:     ['3', '2', '3', '4', '0']
2020-05-03 21:55:07,636 	Raw hypothesis: ['0', '0', '2', '2']
2020-05-03 21:55:07,637 	Source:     3 2 3 4 0
2020-05-03 21:55:07,637 	Reference:  0 4 3 2 3
2020-05-03 21:55:07,637 	Hypothesis: 0 0 2 2
2020-05-03 21:55:07,637 Validation result (greedy) at epoch   2, step      220: bleu:  23.15, loss: 675.7308, ppl:   2.3755, duration: 1.1028s
2020-05-03 21:55:10,596 Epoch   2 Step:      230 Batch Loss:     2.270608 Tokens per Sec:      118, Lr: 0.001000
2020-05-03 21:55:11,755 Example #0
2020-05-03 21:55:11,757 	Raw source:     ['0', '0', '1', '3']
2020-05-03 21:55:11,757 	Raw hypothesis: ['3', '0', '0', '0']
2020-05-03 21:55:11,757 	Source:     0 0 1 3
2020-05-03 21:55:11,758 	Reference:  3 1 0 0
2020-05-03 21:55:11,758 	Hypothesis: 3 0 0 0
2020-05-03 21:55:11,758 Example #3
2020-05-03 21:55:11,758 	Raw source:     ['2', '1', '0', '4']
2020-05-03 21:55:11,758 	Raw hypothesis: ['4', '4', '2', '2']
2020-05-03 21:55:11,759 	Source:     2 1 0 4
2020-05-03 21:55:11,759 	Reference:  4 0 1 2
2020-05-03 21:55:11,759 	Hypothesis: 4 4 2 2
2020-05-03 21:55:11,759 Example #6
2020-05-03 21:55:11,760 	Raw source:     ['3', '2', '3', '4', '0']
2020-05-03 21:55:11,760 	Raw hypothesis: ['0', '0', '2', '2']
2020-05-03 21:55:11,760 	Source:     3 2 3 4 0
2020-05-03 21:55:11,761 	Reference:  0 4 3 2 3
2020-05-03 21:55:11,761 	Hypothesis: 0 0 2 2
2020-05-03 21:55:11,761 Validation result (greedy) at epoch   2, step      230: bleu:  19.13, loss: 648.4384, ppl:   2.2939, duration: 1.1642s
2020-05-03 21:55:14,422 Epoch   2 Step:      240 Batch Loss:     6.413211 Tokens per Sec:      150, Lr: 0.001000
2020-05-03 21:55:15,734 Example #0
2020-05-03 21:55:15,736 	Raw source:     ['0', '0', '1', '3']
2020-05-03 21:55:15,736 	Raw hypothesis: ['3', '0', '0', '0']
2020-05-03 21:55:15,736 	Source:     0 0 1 3
2020-05-03 21:55:15,737 	Reference:  3 1 0 0
2020-05-03 21:55:15,737 	Hypothesis: 3 0 0 0
2020-05-03 21:55:15,738 Example #3
2020-05-03 21:55:15,738 	Raw source:     ['2', '1', '0', '4']
2020-05-03 21:55:15,738 	Raw hypothesis: ['4', '4', '1', '2']
2020-05-03 21:55:15,739 	Source:     2 1 0 4
2020-05-03 21:55:15,739 	Reference:  4 0 1 2
2020-05-03 21:55:15,740 	Hypothesis: 4 4 1 2
2020-05-03 21:55:15,740 Example #6
2020-05-03 21:55:15,740 	Raw source:     ['3', '2', '3', '4', '0']
2020-05-03 21:55:15,740 	Raw hypothesis: ['0', '0', '3', '2', '3']
2020-05-03 21:55:15,740 	Source:     3 2 3 4 0
2020-05-03 21:55:15,741 	Reference:  0 4 3 2 3
2020-05-03 21:55:15,741 	Hypothesis: 0 0 3 2 3
2020-05-03 21:55:15,752 Validation result (greedy) at epoch   2, step      240: bleu:  22.53, loss: 596.5315, ppl:   2.1464, duration: 1.3292s
2020-05-03 21:55:18,474 Epoch   2 Step:      250 Batch Loss:     2.007655 Tokens per Sec:      143, Lr: 0.001000
2020-05-03 21:55:19,681 Hooray! New best validation result [eval_metric]!
2020-05-03 21:55:19,682 Saving new checkpoint.
2020-05-03 21:55:19,712 Example #0
2020-05-03 21:55:19,713 	Raw source:     ['0', '0', '1', '3']
2020-05-03 21:55:19,713 	Raw hypothesis: ['3', '0', '0', '0']
2020-05-03 21:55:19,713 	Source:     0 0 1 3
2020-05-03 21:55:19,714 	Reference:  3 1 0 0
2020-05-03 21:55:19,714 	Hypothesis: 3 0 0 0
2020-05-03 21:55:19,715 Example #3
2020-05-03 21:55:19,715 	Raw source:     ['2', '1', '0', '4']
2020-05-03 21:55:19,715 	Raw hypothesis: ['4', '4', '1', '2']
2020-05-03 21:55:19,715 	Source:     2 1 0 4
2020-05-03 21:55:19,715 	Reference:  4 0 1 2
2020-05-03 21:55:19,716 	Hypothesis: 4 4 1 2
2020-05-03 21:55:19,716 Example #6
2020-05-03 21:55:19,716 	Raw source:     ['3', '2', '3', '4', '0']
2020-05-03 21:55:19,716 	Raw hypothesis: ['0', '0', '3', '2', '3']
2020-05-03 21:55:19,716 	Source:     3 2 3 4 0
2020-05-03 21:55:19,717 	Reference:  0 4 3 2 3
2020-05-03 21:55:19,717 	Hypothesis: 0 0 3 2 3
2020-05-03 21:55:19,728 Validation result (greedy) at epoch   2, step      250: bleu:  33.90, loss: 566.8725, ppl:   2.0664, duration: 1.2529s
2020-05-03 21:55:22,812 Epoch   2 Step:      260 Batch Loss:     0.594027 Tokens per Sec:      156, Lr: 0.001000
2020-05-03 21:55:23,809 Example #0
2020-05-03 21:55:23,809 	Raw source:     ['0', '0', '1', '3']
2020-05-03 21:55:23,810 	Raw hypothesis: ['3', '0', '0', '0']
2020-05-03 21:55:23,810 	Source:     0 0 1 3
2020-05-03 21:55:23,810 	Reference:  3 1 0 0
2020-05-03 21:55:23,810 	Hypothesis: 3 0 0 0
2020-05-03 21:55:23,810 Example #3
2020-05-03 21:55:23,810 	Raw source:     ['2', '1', '0', '4']
2020-05-03 21:55:23,810 	Raw hypothesis: ['4', '4', '1', '2']
2020-05-03 21:55:23,810 	Source:     2 1 0 4
2020-05-03 21:55:23,810 	Reference:  4 0 1 2
2020-05-03 21:55:23,811 	Hypothesis: 4 4 1 2
2020-05-03 21:55:23,811 Example #6
2020-05-03 21:55:23,811 	Raw source:     ['3', '2', '3', '4', '0']
2020-05-03 21:55:23,811 	Raw hypothesis: ['0', '4', '2', '3']
2020-05-03 21:55:23,811 	Source:     3 2 3 4 0
2020-05-03 21:55:23,811 	Reference:  0 4 3 2 3
2020-05-03 21:55:23,811 	Hypothesis: 0 4 2 3
2020-05-03 21:55:23,811 Validation result (greedy) at epoch   2, step      260: bleu:  32.21, loss: 563.1597, ppl:   2.0566, duration: 0.9984s
2020-05-03 21:55:26,435 Epoch   2 Step:      270 Batch Loss:     0.707594 Tokens per Sec:      138, Lr: 0.001000
2020-05-03 21:55:27,382 Example #0
2020-05-03 21:55:27,382 	Raw source:     ['0', '0', '1', '3']
2020-05-03 21:55:27,382 	Raw hypothesis: ['3', '0', '0', '0']
2020-05-03 21:55:27,382 	Source:     0 0 1 3
2020-05-03 21:55:27,382 	Reference:  3 1 0 0
2020-05-03 21:55:27,383 	Hypothesis: 3 0 0 0
2020-05-03 21:55:27,383 Example #3
2020-05-03 21:55:27,383 	Raw source:     ['2', '1', '0', '4']
2020-05-03 21:55:27,383 	Raw hypothesis: ['4', '4', '1', '2']
2020-05-03 21:55:27,383 	Source:     2 1 0 4
2020-05-03 21:55:27,383 	Reference:  4 0 1 2
2020-05-03 21:55:27,384 	Hypothesis: 4 4 1 2
2020-05-03 21:55:27,384 Example #6
2020-05-03 21:55:27,384 	Raw source:     ['3', '2', '3', '4', '0']
2020-05-03 21:55:27,384 	Raw hypothesis: ['0', '4', '3', '2', '3']
2020-05-03 21:55:27,384 	Source:     3 2 3 4 0
2020-05-03 21:55:27,384 	Reference:  0 4 3 2 3
2020-05-03 21:55:27,384 	Hypothesis: 0 4 3 2 3
2020-05-03 21:55:27,385 Validation result (greedy) at epoch   2, step      270: bleu:  26.90, loss: 562.1982, ppl:   2.0541, duration: 0.9491s
2020-05-03 21:55:29,949 Epoch   2 Step:      280 Batch Loss:     2.259723 Tokens per Sec:      179, Lr: 0.001000
2020-05-03 21:55:31,277 Hooray! New best validation result [eval_metric]!
2020-05-03 21:55:31,277 Saving new checkpoint.
2020-05-03 21:55:31,288 Example #0
2020-05-03 21:55:31,289 	Raw source:     ['0', '0', '1', '3']
2020-05-03 21:55:31,289 	Raw hypothesis: ['3', '1', '0']
2020-05-03 21:55:31,289 	Source:     0 0 1 3
2020-05-03 21:55:31,289 	Reference:  3 1 0 0
2020-05-03 21:55:31,290 	Hypothesis: 3 1 0
2020-05-03 21:55:31,290 Example #3
2020-05-03 21:55:31,290 	Raw source:     ['2', '1', '0', '4']
2020-05-03 21:55:31,290 	Raw hypothesis: ['4', '0', '1', '2']
2020-05-03 21:55:31,290 	Source:     2 1 0 4
2020-05-03 21:55:31,290 	Reference:  4 0 1 2
2020-05-03 21:55:31,291 	Hypothesis: 4 0 1 2
2020-05-03 21:55:31,291 Example #6
2020-05-03 21:55:31,291 	Raw source:     ['3', '2', '3', '4', '0']
2020-05-03 21:55:31,291 	Raw hypothesis: ['0', '3', '2', '3']
2020-05-03 21:55:31,291 	Source:     3 2 3 4 0
2020-05-03 21:55:31,291 	Reference:  0 4 3 2 3
2020-05-03 21:55:31,292 	Hypothesis: 0 3 2 3
2020-05-03 21:55:31,292 Validation result (greedy) at epoch   2, step      280: bleu:  35.71, loss: 576.6973, ppl:   2.0926, duration: 1.3417s
2020-05-03 21:55:34,129 Epoch   2 Step:      290 Batch Loss:     1.275032 Tokens per Sec:      130, Lr: 0.001000
2020-05-03 21:55:35,259 Hooray! New best validation result [eval_metric]!
2020-05-03 21:55:35,260 Saving new checkpoint.
2020-05-03 21:55:35,271 Example #0
2020-05-03 21:55:35,271 	Raw source:     ['0', '0', '1', '3']
2020-05-03 21:55:35,271 	Raw hypothesis: ['3', '1', '1', '0']
2020-05-03 21:55:35,271 	Source:     0 0 1 3
2020-05-03 21:55:35,272 	Reference:  3 1 0 0
2020-05-03 21:55:35,272 	Hypothesis: 3 1 1 0
2020-05-03 21:55:35,272 Example #3
2020-05-03 21:55:35,272 	Raw source:     ['2', '1', '0', '4']
2020-05-03 21:55:35,272 	Raw hypothesis: ['4', '0', '1', '2']
2020-05-03 21:55:35,272 	Source:     2 1 0 4
2020-05-03 21:55:35,272 	Reference:  4 0 1 2
2020-05-03 21:55:35,273 	Hypothesis: 4 0 1 2
2020-05-03 21:55:35,273 Example #6
2020-05-03 21:55:35,273 	Raw source:     ['3', '2', '3', '4', '0']
2020-05-03 21:55:35,273 	Raw hypothesis: ['0', '3', '3', '2', '3']
2020-05-03 21:55:35,273 	Source:     3 2 3 4 0
2020-05-03 21:55:35,273 	Reference:  0 4 3 2 3
2020-05-03 21:55:35,273 	Hypothesis: 0 3 3 2 3
2020-05-03 21:55:35,274 Validation result (greedy) at epoch   2, step      290: bleu:  40.21, loss: 480.3282, ppl:   1.8497, duration: 1.1398s
2020-05-03 21:55:38,034 Epoch   2 Step:      300 Batch Loss:     1.046513 Tokens per Sec:      134, Lr: 0.001000
2020-05-03 21:55:38,961 Example #0
2020-05-03 21:55:38,962 	Raw source:     ['0', '0', '1', '3']
2020-05-03 21:55:38,962 	Raw hypothesis: ['3', '0', '1', '0']
2020-05-03 21:55:38,962 	Source:     0 0 1 3
2020-05-03 21:55:38,962 	Reference:  3 1 0 0
2020-05-03 21:55:38,962 	Hypothesis: 3 0 1 0
2020-05-03 21:55:38,962 Example #3
2020-05-03 21:55:38,962 	Raw source:     ['2', '1', '0', '4']
2020-05-03 21:55:38,962 	Raw hypothesis: ['4', '4', '1', '2']
2020-05-03 21:55:38,962 	Source:     2 1 0 4
2020-05-03 21:55:38,963 	Reference:  4 0 1 2
2020-05-03 21:55:38,963 	Hypothesis: 4 4 1 2
2020-05-03 21:55:38,963 Example #6
2020-05-03 21:55:38,963 	Raw source:     ['3', '2', '3', '4', '0']
2020-05-03 21:55:38,963 	Raw hypothesis: ['0', '4', '3', '2', '3']
2020-05-03 21:55:38,963 	Source:     3 2 3 4 0
2020-05-03 21:55:38,963 	Reference:  0 4 3 2 3
2020-05-03 21:55:38,963 	Hypothesis: 0 4 3 2 3
2020-05-03 21:55:38,963 Validation result (greedy) at epoch   2, step      300: bleu:  36.67, loss: 459.6762, ppl:   1.8014, duration: 0.9287s
2020-05-03 21:55:41,365 Epoch   2 Step:      310 Batch Loss:     1.082120 Tokens per Sec:      157, Lr: 0.001000
2020-05-03 21:55:42,135 Hooray! New best validation result [eval_metric]!
2020-05-03 21:55:42,141 Saving new checkpoint.
2020-05-03 21:55:42,145 Example #0
2020-05-03 21:55:42,145 	Raw source:     ['0', '0', '1', '3']
2020-05-03 21:55:42,145 	Raw hypothesis: ['3', '0', '0', '0']
2020-05-03 21:55:42,145 	Source:     0 0 1 3
2020-05-03 21:55:42,146 	Reference:  3 1 0 0
2020-05-03 21:55:42,146 	Hypothesis: 3 0 0 0
2020-05-03 21:55:42,147 Example #3
2020-05-03 21:55:42,147 	Raw source:     ['2', '1', '0', '4']
2020-05-03 21:55:42,147 	Raw hypothesis: ['4', '4', '1', '2']
2020-05-03 21:55:42,147 	Source:     2 1 0 4
2020-05-03 21:55:42,147 	Reference:  4 0 1 2
2020-05-03 21:55:42,148 	Hypothesis: 4 4 1 2
2020-05-03 21:55:42,148 Example #6
2020-05-03 21:55:42,148 	Raw source:     ['3', '2', '3', '4', '0']
2020-05-03 21:55:42,148 	Raw hypothesis: ['0', '4', '3', '2', '3']
2020-05-03 21:55:42,148 	Source:     3 2 3 4 0
2020-05-03 21:55:42,149 	Reference:  0 4 3 2 3
2020-05-03 21:55:42,149 	Hypothesis: 0 4 3 2 3
2020-05-03 21:55:42,149 Validation result (greedy) at epoch   2, step      310: bleu:  50.64, loss: 407.1145, ppl:   1.6842, duration: 0.7838s
2020-05-03 21:55:45,126 Epoch   2 Step:      320 Batch Loss:     5.394456 Tokens per Sec:      138, Lr: 0.001000
2020-05-03 21:55:46,326 Hooray! New best validation result [eval_metric]!
2020-05-03 21:55:46,327 Saving new checkpoint.
2020-05-03 21:55:46,340 Example #0
2020-05-03 21:55:46,340 	Raw source:     ['0', '0', '1', '3']
2020-05-03 21:55:46,340 	Raw hypothesis: ['3', '1', '0', '0']
2020-05-03 21:55:46,340 	Source:     0 0 1 3
2020-05-03 21:55:46,341 	Reference:  3 1 0 0
2020-05-03 21:55:46,341 	Hypothesis: 3 1 0 0
2020-05-03 21:55:46,341 Example #3
2020-05-03 21:55:46,341 	Raw source:     ['2', '1', '0', '4']
2020-05-03 21:55:46,341 	Raw hypothesis: ['4', '0', '1', '2']
2020-05-03 21:55:46,341 	Source:     2 1 0 4
2020-05-03 21:55:46,341 	Reference:  4 0 1 2
2020-05-03 21:55:46,342 	Hypothesis: 4 0 1 2
2020-05-03 21:55:46,342 Example #6
2020-05-03 21:55:46,342 	Raw source:     ['3', '2', '3', '4', '0']
2020-05-03 21:55:46,342 	Raw hypothesis: ['0', '4', '3', '2']
2020-05-03 21:55:46,342 	Source:     3 2 3 4 0
2020-05-03 21:55:46,342 	Reference:  0 4 3 2 3
2020-05-03 21:55:46,342 	Hypothesis: 0 4 3 2
2020-05-03 21:55:46,343 Validation result (greedy) at epoch   2, step      320: bleu:  51.92, loss: 414.1773, ppl:   1.6995, duration: 1.2155s
2020-05-03 21:55:48,912 Epoch   2 Step:      330 Batch Loss:     1.827372 Tokens per Sec:      170, Lr: 0.001000
2020-05-03 21:55:50,111 Hooray! New best validation result [eval_metric]!
2020-05-03 21:55:50,112 Saving new checkpoint.
2020-05-03 21:55:50,119 Example #0
2020-05-03 21:55:50,119 	Raw source:     ['0', '0', '1', '3']
2020-05-03 21:55:50,119 	Raw hypothesis: ['3', '1', '0', '0']
2020-05-03 21:55:50,119 	Source:     0 0 1 3
2020-05-03 21:55:50,119 	Reference:  3 1 0 0
2020-05-03 21:55:50,119 	Hypothesis: 3 1 0 0
2020-05-03 21:55:50,120 Example #3
2020-05-03 21:55:50,120 	Raw source:     ['2', '1', '0', '4']
2020-05-03 21:55:50,120 	Raw hypothesis: ['4', '4', '1', '2']
2020-05-03 21:55:50,120 	Source:     2 1 0 4
2020-05-03 21:55:50,120 	Reference:  4 0 1 2
2020-05-03 21:55:50,120 	Hypothesis: 4 4 1 2
2020-05-03 21:55:50,120 Example #6
2020-05-03 21:55:50,120 	Raw source:     ['3', '2', '3', '4', '0']
2020-05-03 21:55:50,121 	Raw hypothesis: ['0', '4', '3', '2', '3']
2020-05-03 21:55:50,121 	Source:     3 2 3 4 0
2020-05-03 21:55:50,121 	Reference:  0 4 3 2 3
2020-05-03 21:55:50,121 	Hypothesis: 0 4 3 2 3
2020-05-03 21:55:50,121 Validation result (greedy) at epoch   2, step      330: bleu:  61.96, loss: 350.1565, ppl:   1.5657, duration: 1.2082s
2020-05-03 21:55:53,376 Epoch   2 Step:      340 Batch Loss:     0.361140 Tokens per Sec:      108, Lr: 0.001000
2020-05-03 21:55:54,280 Hooray! New best validation result [eval_metric]!
2020-05-03 21:55:54,281 Saving new checkpoint.
2020-05-03 21:55:54,290 Example #0
2020-05-03 21:55:54,290 	Raw source:     ['0', '0', '1', '3']
2020-05-03 21:55:54,290 	Raw hypothesis: ['3', '1', '0', '0']
2020-05-03 21:55:54,290 	Source:     0 0 1 3
2020-05-03 21:55:54,290 	Reference:  3 1 0 0
2020-05-03 21:55:54,291 	Hypothesis: 3 1 0 0
2020-05-03 21:55:54,291 Example #3
2020-05-03 21:55:54,291 	Raw source:     ['2', '1', '0', '4']
2020-05-03 21:55:54,291 	Raw hypothesis: ['4', '4', '1', '2']
2020-05-03 21:55:54,291 	Source:     2 1 0 4
2020-05-03 21:55:54,291 	Reference:  4 0 1 2
2020-05-03 21:55:54,291 	Hypothesis: 4 4 1 2
2020-05-03 21:55:54,291 Example #6
2020-05-03 21:55:54,291 	Raw source:     ['3', '2', '3', '4', '0']
2020-05-03 21:55:54,292 	Raw hypothesis: ['0', '4', '3', '3', '3']
2020-05-03 21:55:54,292 	Source:     3 2 3 4 0
2020-05-03 21:55:54,292 	Reference:  0 4 3 2 3
2020-05-03 21:55:54,292 	Hypothesis: 0 4 3 3 3
2020-05-03 21:55:54,292 Validation result (greedy) at epoch   2, step      340: bleu:  64.01, loss: 323.7128, ppl:   1.5136, duration: 0.9139s
2020-05-03 21:55:57,850 Epoch   2 Step:      350 Batch Loss:     4.448314 Tokens per Sec:      124, Lr: 0.001000
2020-05-03 21:55:59,107 Hooray! New best validation result [eval_metric]!
2020-05-03 21:55:59,108 Saving new checkpoint.
2020-05-03 21:55:59,116 Example #0
2020-05-03 21:55:59,116 	Raw source:     ['0', '0', '1', '3']
2020-05-03 21:55:59,116 	Raw hypothesis: ['3', '1', '0', '0']
2020-05-03 21:55:59,116 	Source:     0 0 1 3
2020-05-03 21:55:59,117 	Reference:  3 1 0 0
2020-05-03 21:55:59,117 	Hypothesis: 3 1 0 0
2020-05-03 21:55:59,117 Example #3
2020-05-03 21:55:59,117 	Raw source:     ['2', '1', '0', '4']
2020-05-03 21:55:59,117 	Raw hypothesis: ['4', '0', '1', '2']
2020-05-03 21:55:59,117 	Source:     2 1 0 4
2020-05-03 21:55:59,117 	Reference:  4 0 1 2
2020-05-03 21:55:59,118 	Hypothesis: 4 0 1 2
2020-05-03 21:55:59,118 Example #6
2020-05-03 21:55:59,118 	Raw source:     ['3', '2', '3', '4', '0']
2020-05-03 21:55:59,118 	Raw hypothesis: ['0', '4', '3', '2', '3']
2020-05-03 21:55:59,118 	Source:     3 2 3 4 0
2020-05-03 21:55:59,118 	Reference:  0 4 3 2 3
2020-05-03 21:55:59,118 	Hypothesis: 0 4 3 2 3
2020-05-03 21:55:59,118 Validation result (greedy) at epoch   2, step      350: bleu:  78.92, loss: 277.9126, ppl:   1.4274, duration: 1.2677s
2020-05-03 21:56:02,264 Epoch   2 Step:      360 Batch Loss:     1.365617 Tokens per Sec:      130, Lr: 0.001000
2020-05-03 21:56:03,388 Hooray! New best validation result [eval_metric]!
2020-05-03 21:56:03,390 Saving new checkpoint.
2020-05-03 21:56:03,402 Example #0
2020-05-03 21:56:03,402 	Raw source:     ['0', '0', '1', '3']
2020-05-03 21:56:03,402 	Raw hypothesis: ['3', '1', '0', '0']
2020-05-03 21:56:03,402 	Source:     0 0 1 3
2020-05-03 21:56:03,404 	Reference:  3 1 0 0
2020-05-03 21:56:03,404 	Hypothesis: 3 1 0 0
2020-05-03 21:56:03,404 Example #3
2020-05-03 21:56:03,404 	Raw source:     ['2', '1', '0', '4']
2020-05-03 21:56:03,404 	Raw hypothesis: ['4', '0', '1', '2']
2020-05-03 21:56:03,404 	Source:     2 1 0 4
2020-05-03 21:56:03,404 	Reference:  4 0 1 2
2020-05-03 21:56:03,405 	Hypothesis: 4 0 1 2
2020-05-03 21:56:03,405 Example #6
2020-05-03 21:56:03,405 	Raw source:     ['3', '2', '3', '4', '0']
2020-05-03 21:56:03,405 	Raw hypothesis: ['0', '4', '3', '2', '3']
2020-05-03 21:56:03,405 	Source:     3 2 3 4 0
2020-05-03 21:56:03,405 	Reference:  0 4 3 2 3
2020-05-03 21:56:03,405 	Hypothesis: 0 4 3 2 3
2020-05-03 21:56:03,405 Validation result (greedy) at epoch   2, step      360: bleu:  81.88, loss: 255.7879, ppl:   1.3875, duration: 1.1375s
2020-05-03 21:56:06,078 Epoch   2 Step:      370 Batch Loss:     0.203720 Tokens per Sec:      119, Lr: 0.001000
2020-05-03 21:56:06,936 Hooray! New best validation result [eval_metric]!
2020-05-03 21:56:06,937 Saving new checkpoint.
2020-05-03 21:56:06,957 Example #0
2020-05-03 21:56:06,958 	Raw source:     ['0', '0', '1', '3']
2020-05-03 21:56:06,958 	Raw hypothesis: ['3', '1', '0', '0']
2020-05-03 21:56:06,958 	Source:     0 0 1 3
2020-05-03 21:56:06,958 	Reference:  3 1 0 0
2020-05-03 21:56:06,958 	Hypothesis: 3 1 0 0
2020-05-03 21:56:06,958 Example #3
2020-05-03 21:56:06,958 	Raw source:     ['2', '1', '0', '4']
2020-05-03 21:56:06,959 	Raw hypothesis: ['4', '0', '1', '2']
2020-05-03 21:56:06,959 	Source:     2 1 0 4
2020-05-03 21:56:06,959 	Reference:  4 0 1 2
2020-05-03 21:56:06,959 	Hypothesis: 4 0 1 2
2020-05-03 21:56:06,959 Example #6
2020-05-03 21:56:06,959 	Raw source:     ['3', '2', '3', '4', '0']
2020-05-03 21:56:06,959 	Raw hypothesis: ['0', '4', '3', '2', '3']
2020-05-03 21:56:06,959 	Source:     3 2 3 4 0
2020-05-03 21:56:06,960 	Reference:  0 4 3 2 3
2020-05-03 21:56:06,960 	Hypothesis: 0 4 3 2 3
2020-05-03 21:56:06,960 Validation result (greedy) at epoch   2, step      370: bleu:  86.48, loss: 232.6265, ppl:   1.3470, duration: 0.8808s
2020-05-03 21:56:10,105 Epoch   2 Step:      380 Batch Loss:     2.013359 Tokens per Sec:      130, Lr: 0.001000
2020-05-03 21:56:11,090 Hooray! New best validation result [eval_metric]!
2020-05-03 21:56:11,091 Saving new checkpoint.
2020-05-03 21:56:11,097 Example #0
2020-05-03 21:56:11,098 	Raw source:     ['0', '0', '1', '3']
2020-05-03 21:56:11,098 	Raw hypothesis: ['3', '1', '0', '0']
2020-05-03 21:56:11,098 	Source:     0 0 1 3
2020-05-03 21:56:11,098 	Reference:  3 1 0 0
2020-05-03 21:56:11,098 	Hypothesis: 3 1 0 0
2020-05-03 21:56:11,098 Example #3
2020-05-03 21:56:11,098 	Raw source:     ['2', '1', '0', '4']
2020-05-03 21:56:11,098 	Raw hypothesis: ['4', '0', '1', '2']
2020-05-03 21:56:11,098 	Source:     2 1 0 4
2020-05-03 21:56:11,098 	Reference:  4 0 1 2
2020-05-03 21:56:11,098 	Hypothesis: 4 0 1 2
2020-05-03 21:56:11,099 Example #6
2020-05-03 21:56:11,099 	Raw source:     ['3', '2', '3', '4', '0']
2020-05-03 21:56:11,099 	Raw hypothesis: ['0', '4', '3', '2', '3']
2020-05-03 21:56:11,099 	Source:     3 2 3 4 0
2020-05-03 21:56:11,099 	Reference:  0 4 3 2 3
2020-05-03 21:56:11,099 	Hypothesis: 0 4 3 2 3
2020-05-03 21:56:11,099 Validation result (greedy) at epoch   2, step      380: bleu:  87.71, loss: 205.8723, ppl:   1.3016, duration: 0.9936s
2020-05-03 21:56:13,859 Epoch   2 Step:      390 Batch Loss:     1.565224 Tokens per Sec:      145, Lr: 0.001000
2020-05-03 21:56:14,791 Example #0
2020-05-03 21:56:14,792 	Raw source:     ['0', '0', '1', '3']
2020-05-03 21:56:14,792 	Raw hypothesis: ['3', '1', '0', '0']
2020-05-03 21:56:14,792 	Source:     0 0 1 3
2020-05-03 21:56:14,792 	Reference:  3 1 0 0
2020-05-03 21:56:14,792 	Hypothesis: 3 1 0 0
2020-05-03 21:56:14,792 Example #3
2020-05-03 21:56:14,792 	Raw source:     ['2', '1', '0', '4']
2020-05-03 21:56:14,792 	Raw hypothesis: ['4', '0', '1', '2']
2020-05-03 21:56:14,792 	Source:     2 1 0 4
2020-05-03 21:56:14,793 	Reference:  4 0 1 2
2020-05-03 21:56:14,793 	Hypothesis: 4 0 1 2
2020-05-03 21:56:14,793 Example #6
2020-05-03 21:56:14,793 	Raw source:     ['3', '2', '3', '4', '0']
2020-05-03 21:56:14,793 	Raw hypothesis: ['0', '4', '3', '3', '2', '3']
2020-05-03 21:56:14,793 	Source:     3 2 3 4 0
2020-05-03 21:56:14,793 	Reference:  0 4 3 2 3
2020-05-03 21:56:14,794 	Hypothesis: 0 4 3 3 2 3
2020-05-03 21:56:14,794 Validation result (greedy) at epoch   2, step      390: bleu:  78.52, loss: 229.2910, ppl:   1.3412, duration: 0.9338s
2020-05-03 21:56:18,465 Epoch   2 Step:      400 Batch Loss:     0.947301 Tokens per Sec:      131, Lr: 0.001000
2020-05-03 21:56:19,506 Hooray! New best validation result [eval_metric]!
2020-05-03 21:56:19,507 Saving new checkpoint.
2020-05-03 21:56:19,514 Example #0
2020-05-03 21:56:19,515 	Raw source:     ['0', '0', '1', '3']
2020-05-03 21:56:19,515 	Raw hypothesis: ['3', '1', '0', '0']
2020-05-03 21:56:19,515 	Source:     0 0 1 3
2020-05-03 21:56:19,515 	Reference:  3 1 0 0
2020-05-03 21:56:19,515 	Hypothesis: 3 1 0 0
2020-05-03 21:56:19,515 Example #3
2020-05-03 21:56:19,515 	Raw source:     ['2', '1', '0', '4']
2020-05-03 21:56:19,516 	Raw hypothesis: ['4', '0', '1', '2']
2020-05-03 21:56:19,516 	Source:     2 1 0 4
2020-05-03 21:56:19,516 	Reference:  4 0 1 2
2020-05-03 21:56:19,516 	Hypothesis: 4 0 1 2
2020-05-03 21:56:19,516 Example #6
2020-05-03 21:56:19,516 	Raw source:     ['3', '2', '3', '4', '0']
2020-05-03 21:56:19,516 	Raw hypothesis: ['0', '4', '3', '2', '3']
2020-05-03 21:56:19,516 	Source:     3 2 3 4 0
2020-05-03 21:56:19,517 	Reference:  0 4 3 2 3
2020-05-03 21:56:19,517 	Hypothesis: 0 4 3 2 3
2020-05-03 21:56:19,517 Validation result (greedy) at epoch   2, step      400: bleu:  93.63, loss: 161.5889, ppl:   1.2299, duration: 1.0484s
2020-05-03 21:56:21,432 Epoch   2: total training loss 534.99
2020-05-03 21:56:21,432 EPOCH 3
2020-05-03 21:56:22,314 Epoch   3 Step:      410 Batch Loss:     0.854228 Tokens per Sec:      511, Lr: 0.001000
2020-05-03 21:56:23,384 Example #0
2020-05-03 21:56:23,384 	Raw source:     ['0', '0', '1', '3']
2020-05-03 21:56:23,384 	Raw hypothesis: ['3', '1', '0', '0']
2020-05-03 21:56:23,384 	Source:     0 0 1 3
2020-05-03 21:56:23,384 	Reference:  3 1 0 0
2020-05-03 21:56:23,384 	Hypothesis: 3 1 0 0
2020-05-03 21:56:23,384 Example #3
2020-05-03 21:56:23,385 	Raw source:     ['2', '1', '0', '4']
2020-05-03 21:56:23,385 	Raw hypothesis: ['4', '0', '1', '2']
2020-05-03 21:56:23,385 	Source:     2 1 0 4
2020-05-03 21:56:23,385 	Reference:  4 0 1 2
2020-05-03 21:56:23,385 	Hypothesis: 4 0 1 2
2020-05-03 21:56:23,385 Example #6
2020-05-03 21:56:23,385 	Raw source:     ['3', '2', '3', '4', '0']
2020-05-03 21:56:23,385 	Raw hypothesis: ['0', '4', '3', '2', '3']
2020-05-03 21:56:23,385 	Source:     3 2 3 4 0
2020-05-03 21:56:23,385 	Reference:  0 4 3 2 3
2020-05-03 21:56:23,386 	Hypothesis: 0 4 3 2 3
2020-05-03 21:56:23,386 Validation result (greedy) at epoch   3, step      410: bleu:  91.77, loss: 156.7797, ppl:   1.2223, duration: 1.0710s
2020-05-03 21:56:26,697 Epoch   3 Step:      420 Batch Loss:     0.801336 Tokens per Sec:      117, Lr: 0.001000
2020-05-03 21:56:28,060 Example #0
2020-05-03 21:56:28,060 	Raw source:     ['0', '0', '1', '3']
2020-05-03 21:56:28,061 	Raw hypothesis: ['3', '1', '0', '0']
2020-05-03 21:56:28,061 	Source:     0 0 1 3
2020-05-03 21:56:28,061 	Reference:  3 1 0 0
2020-05-03 21:56:28,061 	Hypothesis: 3 1 0 0
2020-05-03 21:56:28,062 Example #3
2020-05-03 21:56:28,062 	Raw source:     ['2', '1', '0', '4']
2020-05-03 21:56:28,063 	Raw hypothesis: ['4', '0', '1', '2']
2020-05-03 21:56:28,063 	Source:     2 1 0 4
2020-05-03 21:56:28,063 	Reference:  4 0 1 2
2020-05-03 21:56:28,064 	Hypothesis: 4 0 1 2
2020-05-03 21:56:28,064 Example #6
2020-05-03 21:56:28,064 	Raw source:     ['3', '2', '3', '4', '0']
2020-05-03 21:56:28,065 	Raw hypothesis: ['0', '4', '3', '2', '3']
2020-05-03 21:56:28,065 	Source:     3 2 3 4 0
2020-05-03 21:56:28,066 	Reference:  0 4 3 2 3
2020-05-03 21:56:28,067 	Hypothesis: 0 4 3 2 3
2020-05-03 21:56:28,067 Validation result (greedy) at epoch   3, step      420: bleu:  88.78, loss: 166.3898, ppl:   1.2374, duration: 1.3693s
2020-05-03 21:56:31,184 Epoch   3 Step:      430 Batch Loss:     0.158856 Tokens per Sec:      136, Lr: 0.001000
2020-05-03 21:56:32,178 Hooray! New best validation result [eval_metric]!
2020-05-03 21:56:32,178 Saving new checkpoint.
2020-05-03 21:56:32,192 Example #0
2020-05-03 21:56:32,192 	Raw source:     ['0', '0', '1', '3']
2020-05-03 21:56:32,192 	Raw hypothesis: ['3', '1', '0', '0']
2020-05-03 21:56:32,193 	Source:     0 0 1 3
2020-05-03 21:56:32,193 	Reference:  3 1 0 0
2020-05-03 21:56:32,193 	Hypothesis: 3 1 0 0
2020-05-03 21:56:32,194 Example #3
2020-05-03 21:56:32,194 	Raw source:     ['2', '1', '0', '4']
2020-05-03 21:56:32,194 	Raw hypothesis: ['4', '0', '1', '2']
2020-05-03 21:56:32,194 	Source:     2 1 0 4
2020-05-03 21:56:32,195 	Reference:  4 0 1 2
2020-05-03 21:56:32,195 	Hypothesis: 4 0 1 2
2020-05-03 21:56:32,195 Example #6
2020-05-03 21:56:32,196 	Raw source:     ['3', '2', '3', '4', '0']
2020-05-03 21:56:32,196 	Raw hypothesis: ['0', '4', '3', '2', '3']
2020-05-03 21:56:32,196 	Source:     3 2 3 4 0
2020-05-03 21:56:32,196 	Reference:  0 4 3 2 3
2020-05-03 21:56:32,197 	Hypothesis: 0 4 3 2 3
2020-05-03 21:56:32,197 Validation result (greedy) at epoch   3, step      430: bleu:  94.46, loss: 129.4426, ppl:   1.1803, duration: 1.0107s
2020-05-03 21:56:35,033 Epoch   3 Step:      440 Batch Loss:     0.117034 Tokens per Sec:      173, Lr: 0.001000
2020-05-03 21:56:36,275 Example #0
2020-05-03 21:56:36,275 	Raw source:     ['0', '0', '1', '3']
2020-05-03 21:56:36,275 	Raw hypothesis: ['3', '1', '0', '0']
2020-05-03 21:56:36,275 	Source:     0 0 1 3
2020-05-03 21:56:36,275 	Reference:  3 1 0 0
2020-05-03 21:56:36,275 	Hypothesis: 3 1 0 0
2020-05-03 21:56:36,275 Example #3
2020-05-03 21:56:36,276 	Raw source:     ['2', '1', '0', '4']
2020-05-03 21:56:36,276 	Raw hypothesis: ['4', '0', '1', '2']
2020-05-03 21:56:36,276 	Source:     2 1 0 4
2020-05-03 21:56:36,276 	Reference:  4 0 1 2
2020-05-03 21:56:36,276 	Hypothesis: 4 0 1 2
2020-05-03 21:56:36,276 Example #6
2020-05-03 21:56:36,276 	Raw source:     ['3', '2', '3', '4', '0']
2020-05-03 21:56:36,277 	Raw hypothesis: ['0', '4', '3', '2', '3']
2020-05-03 21:56:36,277 	Source:     3 2 3 4 0
2020-05-03 21:56:36,277 	Reference:  0 4 3 2 3
2020-05-03 21:56:36,277 	Hypothesis: 0 4 3 2 3
2020-05-03 21:56:36,277 Validation result (greedy) at epoch   3, step      440: bleu:  90.60, loss: 134.5861, ppl:   1.1881, duration: 1.2432s
2020-05-03 21:56:39,058 Epoch   3 Step:      450 Batch Loss:     0.456243 Tokens per Sec:      144, Lr: 0.001000
2020-05-03 21:56:40,315 Hooray! New best validation result [eval_metric]!
2020-05-03 21:56:40,315 Saving new checkpoint.
2020-05-03 21:56:40,321 Example #0
2020-05-03 21:56:40,321 	Raw source:     ['0', '0', '1', '3']
2020-05-03 21:56:40,321 	Raw hypothesis: ['3', '1', '0', '0']
2020-05-03 21:56:40,321 	Source:     0 0 1 3
2020-05-03 21:56:40,321 	Reference:  3 1 0 0
2020-05-03 21:56:40,321 	Hypothesis: 3 1 0 0
2020-05-03 21:56:40,321 Example #3
2020-05-03 21:56:40,322 	Raw source:     ['2', '1', '0', '4']
2020-05-03 21:56:40,322 	Raw hypothesis: ['4', '0', '1', '2']
2020-05-03 21:56:40,322 	Source:     2 1 0 4
2020-05-03 21:56:40,322 	Reference:  4 0 1 2
2020-05-03 21:56:40,322 	Hypothesis: 4 0 1 2
2020-05-03 21:56:40,322 Example #6
2020-05-03 21:56:40,322 	Raw source:     ['3', '2', '3', '4', '0']
2020-05-03 21:56:40,322 	Raw hypothesis: ['0', '4', '3', '2', '3']
2020-05-03 21:56:40,322 	Source:     3 2 3 4 0
2020-05-03 21:56:40,322 	Reference:  0 4 3 2 3
2020-05-03 21:56:40,322 	Hypothesis: 0 4 3 2 3
2020-05-03 21:56:40,323 Validation result (greedy) at epoch   3, step      450: bleu:  98.99, loss:  95.6651, ppl:   1.1303, duration: 1.2632s
2020-05-03 21:56:43,213 Epoch   3 Step:      460 Batch Loss:     0.367098 Tokens per Sec:      138, Lr: 0.001000
2020-05-03 21:56:44,504 Example #0
2020-05-03 21:56:44,504 	Raw source:     ['0', '0', '1', '3']
2020-05-03 21:56:44,504 	Raw hypothesis: ['3', '1', '0', '0']
2020-05-03 21:56:44,504 	Source:     0 0 1 3
2020-05-03 21:56:44,505 	Reference:  3 1 0 0
2020-05-03 21:56:44,506 	Hypothesis: 3 1 0 0
2020-05-03 21:56:44,506 Example #3
2020-05-03 21:56:44,506 	Raw source:     ['2', '1', '0', '4']
2020-05-03 21:56:44,506 	Raw hypothesis: ['4', '0', '1', '2']
2020-05-03 21:56:44,506 	Source:     2 1 0 4
2020-05-03 21:56:44,506 	Reference:  4 0 1 2
2020-05-03 21:56:44,506 	Hypothesis: 4 0 1 2
2020-05-03 21:56:44,506 Example #6
2020-05-03 21:56:44,507 	Raw source:     ['3', '2', '3', '4', '0']
2020-05-03 21:56:44,507 	Raw hypothesis: ['0', '4', '3', '2', '3']
2020-05-03 21:56:44,507 	Source:     3 2 3 4 0
2020-05-03 21:56:44,507 	Reference:  0 4 3 2 3
2020-05-03 21:56:44,507 	Hypothesis: 0 4 3 2 3
2020-05-03 21:56:44,507 Validation result (greedy) at epoch   3, step      460: bleu:  98.54, loss:  83.9041, ppl:   1.1134, duration: 1.2894s
2020-05-03 21:56:47,680 Epoch   3 Step:      470 Batch Loss:     1.386002 Tokens per Sec:      120, Lr: 0.001000
2020-05-03 21:56:48,858 Hooray! New best validation result [eval_metric]!
2020-05-03 21:56:48,858 Saving new checkpoint.
2020-05-03 21:56:48,865 Example #0
2020-05-03 21:56:48,865 	Raw source:     ['0', '0', '1', '3']
2020-05-03 21:56:48,865 	Raw hypothesis: ['3', '1', '0', '0']
2020-05-03 21:56:48,865 	Source:     0 0 1 3
2020-05-03 21:56:48,865 	Reference:  3 1 0 0
2020-05-03 21:56:48,865 	Hypothesis: 3 1 0 0
2020-05-03 21:56:48,865 Example #3
2020-05-03 21:56:48,866 	Raw source:     ['2', '1', '0', '4']
2020-05-03 21:56:48,866 	Raw hypothesis: ['4', '0', '1', '2']
2020-05-03 21:56:48,866 	Source:     2 1 0 4
2020-05-03 21:56:48,866 	Reference:  4 0 1 2
2020-05-03 21:56:48,866 	Hypothesis: 4 0 1 2
2020-05-03 21:56:48,866 Example #6
2020-05-03 21:56:48,866 	Raw source:     ['3', '2', '3', '4', '0']
2020-05-03 21:56:48,866 	Raw hypothesis: ['0', '4', '3', '2', '3']
2020-05-03 21:56:48,866 	Source:     3 2 3 4 0
2020-05-03 21:56:48,866 	Reference:  0 4 3 2 3
2020-05-03 21:56:48,867 	Hypothesis: 0 4 3 2 3
2020-05-03 21:56:48,867 Validation result (greedy) at epoch   3, step      470: bleu:  99.38, loss:  74.2366, ppl:   1.0997, duration: 1.1861s
2020-05-03 21:56:52,314 Epoch   3 Step:      480 Batch Loss:     0.090893 Tokens per Sec:      101, Lr: 0.001000
2020-05-03 21:56:53,347 Example #0
2020-05-03 21:56:53,347 	Raw source:     ['0', '0', '1', '3']
2020-05-03 21:56:53,348 	Raw hypothesis: ['3', '1', '0', '0']
2020-05-03 21:56:53,348 	Source:     0 0 1 3
2020-05-03 21:56:53,348 	Reference:  3 1 0 0
2020-05-03 21:56:53,348 	Hypothesis: 3 1 0 0
2020-05-03 21:56:53,348 Example #3
2020-05-03 21:56:53,348 	Raw source:     ['2', '1', '0', '4']
2020-05-03 21:56:53,348 	Raw hypothesis: ['4', '0', '1', '2']
2020-05-03 21:56:53,348 	Source:     2 1 0 4
2020-05-03 21:56:53,348 	Reference:  4 0 1 2
2020-05-03 21:56:53,348 	Hypothesis: 4 0 1 2
2020-05-03 21:56:53,348 Example #6
2020-05-03 21:56:53,349 	Raw source:     ['3', '2', '3', '4', '0']
2020-05-03 21:56:53,349 	Raw hypothesis: ['0', '4', '3', '2', '3']
2020-05-03 21:56:53,349 	Source:     3 2 3 4 0
2020-05-03 21:56:53,349 	Reference:  0 4 3 2 3
2020-05-03 21:56:53,349 	Hypothesis: 0 4 3 2 3
2020-05-03 21:56:53,349 Validation result (greedy) at epoch   3, step      480: bleu:  97.84, loss:  71.4542, ppl:   1.0958, duration: 1.0346s
2020-05-03 21:56:56,240 Epoch   3 Step:      490 Batch Loss:     0.183135 Tokens per Sec:      139, Lr: 0.001000
2020-05-03 21:56:57,603 Example #0
2020-05-03 21:56:57,604 	Raw source:     ['0', '0', '1', '3']
2020-05-03 21:56:57,604 	Raw hypothesis: ['3', '1', '0', '0']
2020-05-03 21:56:57,604 	Source:     0 0 1 3
2020-05-03 21:56:57,604 	Reference:  3 1 0 0
2020-05-03 21:56:57,604 	Hypothesis: 3 1 0 0
2020-05-03 21:56:57,604 Example #3
2020-05-03 21:56:57,604 	Raw source:     ['2', '1', '0', '4']
2020-05-03 21:56:57,604 	Raw hypothesis: ['4', '0', '1', '2']
2020-05-03 21:56:57,604 	Source:     2 1 0 4
2020-05-03 21:56:57,605 	Reference:  4 0 1 2
2020-05-03 21:56:57,605 	Hypothesis: 4 0 1 2
2020-05-03 21:56:57,605 Example #6
2020-05-03 21:56:57,605 	Raw source:     ['3', '2', '3', '4', '0']
2020-05-03 21:56:57,605 	Raw hypothesis: ['0', '4', '3', '2', '3']
2020-05-03 21:56:57,605 	Source:     3 2 3 4 0
2020-05-03 21:56:57,605 	Reference:  0 4 3 2 3
2020-05-03 21:56:57,605 	Hypothesis: 0 4 3 2 3
2020-05-03 21:56:57,606 Validation result (greedy) at epoch   3, step      490: bleu:  98.81, loss:  60.2100, ppl:   1.0801, duration: 1.3647s
