2020-05-04 20:26:15,093 Hello! This is Joey-NMT.
2020-05-04 20:26:21,722 Total params: 18984
2020-05-04 20:26:21,723 Trainable parameters: ['decoder.att_vector_layer.bias', 'decoder.att_vector_layer.weight', 'decoder.attention.key_layer.weight', 'decoder.bridge_layer.bias', 'decoder.bridge_layer.weight', 'decoder.output_layer.weight', 'decoder.rnn.bias_hh_l0', 'decoder.rnn.bias_ih_l0', 'decoder.rnn.weight_hh_l0', 'decoder.rnn.weight_ih_l0', 'encoder.rnn.bias_hh_l0', 'encoder.rnn.bias_hh_l0_reverse', 'encoder.rnn.bias_ih_l0', 'encoder.rnn.bias_ih_l0_reverse', 'encoder.rnn.weight_hh_l0', 'encoder.rnn.weight_hh_l0_reverse', 'encoder.rnn.weight_ih_l0', 'encoder.rnn.weight_ih_l0_reverse', 'src_embed.lut.weight', 'trg_embed.lut.weight']
2020-05-04 20:26:21,726 cfg.name                           : mini_reverse_100_20_20_5_5
2020-05-04 20:26:21,726 cfg.data.src                       : src
2020-05-04 20:26:21,726 cfg.data.trg                       : trg
2020-05-04 20:26:21,726 cfg.data.train                     : test/data/mini_reverse_100_20_20_5_5/train
2020-05-04 20:26:21,726 cfg.data.dev                       : test/data/mini_reverse_100_20_20_5_5/dev
2020-05-04 20:26:21,726 cfg.data.test                      : test/data/mini_reverse_100_20_20_5_5/test
2020-05-04 20:26:21,726 cfg.data.level                     : word
2020-05-04 20:26:21,727 cfg.data.lowercase                 : False
2020-05-04 20:26:21,727 cfg.data.max_sent_length           : 25
2020-05-04 20:26:21,727 cfg.data.src_voc_min_freq          : 0
2020-05-04 20:26:21,727 cfg.data.src_voc_limit             : 100
2020-05-04 20:26:21,727 cfg.data.trg_voc_min_freq          : 0
2020-05-04 20:26:21,728 cfg.data.trg_voc_limit             : 100
2020-05-04 20:26:21,728 cfg.testing.beam_size              : 1
2020-05-04 20:26:21,728 cfg.testing.alpha                  : 1.0
2020-05-04 20:26:21,728 cfg.training.random_seed           : 60
2020-05-04 20:26:21,728 cfg.training.optimizer             : adam
2020-05-04 20:26:21,729 cfg.training.learning_rate         : 0.01
2020-05-04 20:26:21,729 cfg.training.learning_rate_min     : 2e-05
2020-05-04 20:26:21,729 cfg.training.weight_decay          : 0.0
2020-05-04 20:26:21,729 cfg.training.clip_grad_norm        : 1.0
2020-05-04 20:26:21,730 cfg.training.batch_size            : 10
2020-05-04 20:26:21,730 cfg.training.batch_type            : sentence
2020-05-04 20:26:21,730 cfg.training.scheduling            : plateau
2020-05-04 20:26:21,730 cfg.training.patience              : 5
2020-05-04 20:26:21,730 cfg.training.decrease_factor       : 0.5
2020-05-04 20:26:21,730 cfg.training.early_stopping_metric : eval_metric
2020-05-04 20:26:21,730 cfg.training.epochs                : 50
2020-05-04 20:26:21,730 cfg.training.validation_freq       : 10
2020-05-04 20:26:21,730 cfg.training.logging_freq          : 10
2020-05-04 20:26:21,731 cfg.training.eval_metric           : bleu
2020-05-04 20:26:21,731 cfg.training.model_dir             : mini_reverse_100_20_20_5_5_model
2020-05-04 20:26:21,731 cfg.training.overwrite             : True
2020-05-04 20:26:21,731 cfg.training.shuffle               : True
2020-05-04 20:26:21,732 cfg.training.use_cuda              : False
2020-05-04 20:26:21,732 cfg.training.max_output_length     : 10
2020-05-04 20:26:21,732 cfg.training.print_valid_sents     : [0, 3, 6]
2020-05-04 20:26:21,732 cfg.training.keep_last_ckpts       : 2
2020-05-04 20:26:21,732 cfg.model.initializer              : xavier
2020-05-04 20:26:21,733 cfg.model.embed_initializer        : normal
2020-05-04 20:26:21,733 cfg.model.embed_init_weight        : 0.1
2020-05-04 20:26:21,733 cfg.model.bias_initializer         : zeros
2020-05-04 20:26:21,733 cfg.model.init_rnn_orthogonal      : False
2020-05-04 20:26:21,734 cfg.model.lstm_forget_gate         : 0.0
2020-05-04 20:26:21,734 cfg.model.encoder.rnn_type         : lstm
2020-05-04 20:26:21,734 cfg.model.encoder.embeddings.embedding_dim : 16
2020-05-04 20:26:21,734 cfg.model.encoder.embeddings.scale : False
2020-05-04 20:26:21,734 cfg.model.encoder.hidden_size      : 24
2020-05-04 20:26:21,735 cfg.model.encoder.bidirectional    : True
2020-05-04 20:26:21,735 cfg.model.encoder.dropout          : 0.1
2020-05-04 20:26:21,735 cfg.model.encoder.num_layers       : 1
2020-05-04 20:26:21,735 cfg.model.decoder.rnn_type         : lstm
2020-05-04 20:26:21,735 cfg.model.decoder.embeddings.embedding_dim : 16
2020-05-04 20:26:21,735 cfg.model.decoder.embeddings.scale : False
2020-05-04 20:26:21,736 cfg.model.decoder.hidden_size      : 24
2020-05-04 20:26:21,736 cfg.model.decoder.dropout          : 0.1
2020-05-04 20:26:21,736 cfg.model.decoder.hidden_dropout   : 0.1
2020-05-04 20:26:21,736 cfg.model.decoder.num_layers       : 1
2020-05-04 20:26:21,736 cfg.model.decoder.input_feeding    : True
2020-05-04 20:26:21,736 cfg.model.decoder.init_hidden      : bridge
2020-05-04 20:26:21,737 cfg.model.decoder.attention        : luong
2020-05-04 20:26:21,737 cfg.dqn.epochs                     : 20000
2020-05-04 20:26:21,737 cfg.dqn.sample_size                : 256
2020-05-04 20:26:21,737 cfg.dqn.lr                         : 0.0001
2020-05-04 20:26:21,737 cfg.dqn.egreed_max                 : 0.9
2020-05-04 20:26:21,737 cfg.dqn.egreed_min                 : 0.001
2020-05-04 20:26:21,738 cfg.dqn.gamma                      : 0.99
2020-05-04 20:26:21,738 cfg.dqn.nu_iter                    : 100
2020-05-04 20:26:21,738 cfg.dqn.mem_cap                    : 5000
2020-05-04 20:26:21,738 cfg.dqn.beam_min                   : 1
2020-05-04 20:26:21,738 cfg.dqn.beam_max                   : 50
2020-05-04 20:26:21,738 cfg.dqn.state_type                 : hidden
2020-05-04 20:26:21,738 cfg.dqn.reward_type                : bleu_batch
2020-05-04 20:26:21,738 cfg.dqn.nu_pretrain                : 0
2020-05-04 20:26:21,739 cfg.dqn.N_layers                   : 4
2020-05-04 20:26:21,739 cfg.dqn.batch_size                 : 32
2020-05-04 20:26:21,739 cfg.dqn.non_stop                   : False
2020-05-04 20:26:21,739 cfg.dqn.test_variable              : lr
2020-05-04 20:26:21,739 cfg.dqn.test_range                 : [0.001, 0.0001, 1e-05]
2020-05-04 20:26:21,739 cfg.dqn.other_descrip              : lr_var
2020-05-04 20:26:21,739 Data set sizes: 
	train 100,
	valid 20,
	test 20
2020-05-04 20:26:21,739 First training example:
	[SRC] 4 2 4 4
	[TRG] 4 4 2 4
2020-05-04 20:26:21,740 First 10 words (src): (0) <unk> (1) <pad> (2) <s> (3) </s> (4) 3 (5) 0 (6) 2 (7) 1 (8) 4
2020-05-04 20:26:21,740 First 10 words (trg): (0) <unk> (1) <pad> (2) <s> (3) </s> (4) 3 (5) 0 (6) 2 (7) 1 (8) 4
2020-05-04 20:26:21,741 Number of Src words (types): 9
2020-05-04 20:26:21,742 Number of Trg words (types): 9
2020-05-04 20:26:21,743 Model(
	encoder=RecurrentEncoder(LSTM(16, 24, batch_first=True, bidirectional=True)),
	decoder=RecurrentDecoder(rnn=LSTM(40, 24, batch_first=True), attention=LuongAttention),
	src_embed=Embeddings(embedding_dim=16, vocab_size=9),
	trg_embed=Embeddings(embedding_dim=16, vocab_size=9))
2020-05-04 20:26:21,745 EPOCH 1
2020-05-04 20:26:22,317 Epoch   1 Step:       10 Batch Loss:     8.582514 Tokens per Sec:      685, Lr: 0.010000
2020-05-04 20:26:22,381 Hooray! New best validation result [eval_metric]!
2020-05-04 20:26:22,382 Saving new checkpoint.
2020-05-04 20:26:22,392 Example #0
2020-05-04 20:26:22,392 	Raw source:     ['4']
2020-05-04 20:26:22,392 	Raw hypothesis: ['1', '1']
2020-05-04 20:26:22,392 	Source:     4
2020-05-04 20:26:22,393 	Reference:  4
2020-05-04 20:26:22,393 	Hypothesis: 1 1
2020-05-04 20:26:22,393 Example #3
2020-05-04 20:26:22,393 	Raw source:     ['3', '4', '0', '3', '4']
2020-05-04 20:26:22,393 	Raw hypothesis: ['3', '3']
2020-05-04 20:26:22,393 	Source:     3 4 0 3 4
2020-05-04 20:26:22,394 	Reference:  4 3 0 4 3
2020-05-04 20:26:22,394 	Hypothesis: 3 3
2020-05-04 20:26:22,394 Example #6
2020-05-04 20:26:22,394 	Raw source:     ['1', '4']
2020-05-04 20:26:22,394 	Raw hypothesis: ['1', '1']
2020-05-04 20:26:22,394 	Source:     1 4
2020-05-04 20:26:22,395 	Reference:  4 1
2020-05-04 20:26:22,395 	Hypothesis: 1 1
2020-05-04 20:26:22,395 Validation result (greedy) at epoch   1, step       10: bleu:  20.91, loss: 135.5386, ppl:   5.3298, duration: 0.0772s
2020-05-04 20:26:23,701 Epoch   1: total training loss 76.51
2020-05-04 20:26:23,703 EPOCH 2
2020-05-04 20:26:23,940 Epoch   2 Step:       20 Batch Loss:     7.108252 Tokens per Sec:     1667, Lr: 0.010000
2020-05-04 20:26:23,982 Example #0
2020-05-04 20:26:23,982 	Raw source:     ['4']
2020-05-04 20:26:23,982 	Raw hypothesis: ['4', '4']
2020-05-04 20:26:23,982 	Source:     4
2020-05-04 20:26:23,982 	Reference:  4
2020-05-04 20:26:23,982 	Hypothesis: 4 4
2020-05-04 20:26:23,983 Example #3
2020-05-04 20:26:23,983 	Raw source:     ['3', '4', '0', '3', '4']
2020-05-04 20:26:23,983 	Raw hypothesis: ['3', '3', '3']
2020-05-04 20:26:23,983 	Source:     3 4 0 3 4
2020-05-04 20:26:23,983 	Reference:  4 3 0 4 3
2020-05-04 20:26:23,983 	Hypothesis: 3 3 3
2020-05-04 20:26:23,983 Example #6
2020-05-04 20:26:23,983 	Raw source:     ['1', '4']
2020-05-04 20:26:23,983 	Raw hypothesis: ['4', '4', '4']
2020-05-04 20:26:23,984 	Source:     1 4
2020-05-04 20:26:23,984 	Reference:  4 1
2020-05-04 20:26:23,984 	Hypothesis: 4 4 4
2020-05-04 20:26:23,984 Validation result (greedy) at epoch   2, step       20: bleu:   0.00, loss: 115.2398, ppl:   4.1484, duration: 0.0438s
2020-05-04 20:26:25,140 Epoch   2: total training loss 59.34
2020-05-04 20:26:25,143 EPOCH 3
2020-05-04 20:26:25,338 Epoch   3 Step:       30 Batch Loss:     2.173707 Tokens per Sec:     1999, Lr: 0.010000
2020-05-04 20:26:25,385 Example #0
2020-05-04 20:26:25,385 	Raw source:     ['4']
2020-05-04 20:26:25,385 	Raw hypothesis: ['4']
2020-05-04 20:26:25,386 	Source:     4
2020-05-04 20:26:25,386 	Reference:  4
2020-05-04 20:26:25,386 	Hypothesis: 4
2020-05-04 20:26:25,386 Example #3
2020-05-04 20:26:25,386 	Raw source:     ['3', '4', '0', '3', '4']
2020-05-04 20:26:25,387 	Raw hypothesis: ['3', '3', '3', '3']
2020-05-04 20:26:25,387 	Source:     3 4 0 3 4
2020-05-04 20:26:25,387 	Reference:  4 3 0 4 3
2020-05-04 20:26:25,387 	Hypothesis: 3 3 3 3
2020-05-04 20:26:25,387 Example #6
2020-05-04 20:26:25,387 	Raw source:     ['1', '4']
2020-05-04 20:26:25,387 	Raw hypothesis: ['1']
2020-05-04 20:26:25,387 	Source:     1 4
2020-05-04 20:26:25,387 	Reference:  4 1
2020-05-04 20:26:25,388 	Hypothesis: 1
2020-05-04 20:26:25,388 Validation result (greedy) at epoch   3, step       30: bleu:  17.10, loss:  97.2524, ppl:   3.3223, duration: 0.0491s
2020-05-04 20:26:26,500 Epoch   3: total training loss 48.50
2020-05-04 20:26:26,501 EPOCH 4
2020-05-04 20:26:26,679 Epoch   4 Step:       40 Batch Loss:     0.746261 Tokens per Sec:     2192, Lr: 0.010000
2020-05-04 20:26:26,736 Example #0
2020-05-04 20:26:26,736 	Raw source:     ['4']
2020-05-04 20:26:26,736 	Raw hypothesis: ['4']
2020-05-04 20:26:26,736 	Source:     4
2020-05-04 20:26:26,736 	Reference:  4
2020-05-04 20:26:26,736 	Hypothesis: 4
2020-05-04 20:26:26,737 Example #3
2020-05-04 20:26:26,737 	Raw source:     ['3', '4', '0', '3', '4']
2020-05-04 20:26:26,737 	Raw hypothesis: ['4', '3', '3', '3', '3']
2020-05-04 20:26:26,737 	Source:     3 4 0 3 4
2020-05-04 20:26:26,737 	Reference:  4 3 0 4 3
2020-05-04 20:26:26,737 	Hypothesis: 4 3 3 3 3
2020-05-04 20:26:26,737 Example #6
2020-05-04 20:26:26,738 	Raw source:     ['1', '4']
2020-05-04 20:26:26,738 	Raw hypothesis: ['4', '1']
2020-05-04 20:26:26,738 	Source:     1 4
2020-05-04 20:26:26,738 	Reference:  4 1
2020-05-04 20:26:26,738 	Hypothesis: 4 1
2020-05-04 20:26:26,738 Validation result (greedy) at epoch   4, step       40: bleu:  18.88, loss:  77.3051, ppl:   2.5971, duration: 0.0586s
2020-05-04 20:26:28,052 Epoch   4: total training loss 39.10
2020-05-04 20:26:28,056 EPOCH 5
2020-05-04 20:26:28,238 Epoch   5 Step:       50 Batch Loss:     4.510752 Tokens per Sec:     2139, Lr: 0.010000
2020-05-04 20:26:28,293 Example #0
2020-05-04 20:26:28,293 	Raw source:     ['4']
2020-05-04 20:26:28,293 	Raw hypothesis: ['4']
2020-05-04 20:26:28,293 	Source:     4
2020-05-04 20:26:28,293 	Reference:  4
2020-05-04 20:26:28,293 	Hypothesis: 4
2020-05-04 20:26:28,293 Example #3
2020-05-04 20:26:28,293 	Raw source:     ['3', '4', '0', '3', '4']
2020-05-04 20:26:28,294 	Raw hypothesis: ['4', '3', '3', '3']
2020-05-04 20:26:28,294 	Source:     3 4 0 3 4
2020-05-04 20:26:28,294 	Reference:  4 3 0 4 3
2020-05-04 20:26:28,294 	Hypothesis: 4 3 3 3
2020-05-04 20:26:28,294 Example #6
2020-05-04 20:26:28,294 	Raw source:     ['1', '4']
2020-05-04 20:26:28,294 	Raw hypothesis: ['4', '1']
2020-05-04 20:26:28,294 	Source:     1 4
2020-05-04 20:26:28,294 	Reference:  4 1
2020-05-04 20:26:28,294 	Hypothesis: 4 1
2020-05-04 20:26:28,294 Validation result (greedy) at epoch   5, step       50: bleu:   0.00, loss:  88.9602, ppl:   2.9990, duration: 0.0556s
2020-05-04 20:26:29,538 Epoch   5: total training loss 31.97
2020-05-04 20:26:29,541 EPOCH 6
2020-05-04 20:26:29,728 Epoch   6 Step:       60 Batch Loss:     3.008734 Tokens per Sec:     2097, Lr: 0.010000
2020-05-04 20:26:29,760 Hooray! New best validation result [eval_metric]!
2020-05-04 20:26:29,761 Saving new checkpoint.
2020-05-04 20:26:29,773 Example #0
2020-05-04 20:26:29,773 	Raw source:     ['4']
2020-05-04 20:26:29,773 	Raw hypothesis: ['4', '4']
2020-05-04 20:26:29,773 	Source:     4
2020-05-04 20:26:29,774 	Reference:  4
2020-05-04 20:26:29,775 	Hypothesis: 4 4
2020-05-04 20:26:29,780 Example #3
2020-05-04 20:26:29,781 	Raw source:     ['3', '4', '0', '3', '4']
2020-05-04 20:26:29,781 	Raw hypothesis: ['4', '3', '4', '3']
2020-05-04 20:26:29,781 	Source:     3 4 0 3 4
2020-05-04 20:26:29,781 	Reference:  4 3 0 4 3
2020-05-04 20:26:29,782 	Hypothesis: 4 3 4 3
2020-05-04 20:26:29,782 Example #6
2020-05-04 20:26:29,782 	Raw source:     ['1', '4']
2020-05-04 20:26:29,782 	Raw hypothesis: ['4', '1']
2020-05-04 20:26:29,783 	Source:     1 4
2020-05-04 20:26:29,783 	Reference:  4 1
2020-05-04 20:26:29,783 	Hypothesis: 4 1
2020-05-04 20:26:29,783 Validation result (greedy) at epoch   6, step       60: bleu:  27.27, loss:  60.6614, ppl:   2.1147, duration: 0.0550s
2020-05-04 20:26:30,994 Epoch   6: total training loss 33.95
2020-05-04 20:26:30,997 EPOCH 7
2020-05-04 20:26:31,202 Epoch   7 Step:       70 Batch Loss:     5.584099 Tokens per Sec:     1903, Lr: 0.010000
2020-05-04 20:26:31,249 Hooray! New best validation result [eval_metric]!
2020-05-04 20:26:31,250 Saving new checkpoint.
2020-05-04 20:26:31,254 Example #0
2020-05-04 20:26:31,254 	Raw source:     ['4']
2020-05-04 20:26:31,255 	Raw hypothesis: ['4']
2020-05-04 20:26:31,255 	Source:     4
2020-05-04 20:26:31,255 	Reference:  4
2020-05-04 20:26:31,255 	Hypothesis: 4
2020-05-04 20:26:31,255 Example #3
2020-05-04 20:26:31,255 	Raw source:     ['3', '4', '0', '3', '4']
2020-05-04 20:26:31,255 	Raw hypothesis: ['4', '3', '0', '0', '3']
2020-05-04 20:26:31,256 	Source:     3 4 0 3 4
2020-05-04 20:26:31,256 	Reference:  4 3 0 4 3
2020-05-04 20:26:31,256 	Hypothesis: 4 3 0 0 3
2020-05-04 20:26:31,256 Example #6
2020-05-04 20:26:31,256 	Raw source:     ['1', '4']
2020-05-04 20:26:31,256 	Raw hypothesis: ['4', '1']
2020-05-04 20:26:31,256 	Source:     1 4
2020-05-04 20:26:31,256 	Reference:  4 1
2020-05-04 20:26:31,256 	Hypothesis: 4 1
2020-05-04 20:26:31,256 Validation result (greedy) at epoch   7, step       70: bleu:  39.12, loss:  51.1905, ppl:   1.8813, duration: 0.0536s
2020-05-04 20:26:32,724 Epoch   7: total training loss 24.83
2020-05-04 20:26:32,730 EPOCH 8
2020-05-04 20:26:32,916 Epoch   8 Step:       80 Batch Loss:     3.364234 Tokens per Sec:     2098, Lr: 0.010000
2020-05-04 20:26:32,957 Hooray! New best validation result [eval_metric]!
2020-05-04 20:26:32,958 Saving new checkpoint.
2020-05-04 20:26:32,964 Example #0
2020-05-04 20:26:32,964 	Raw source:     ['4']
2020-05-04 20:26:32,964 	Raw hypothesis: ['4']
2020-05-04 20:26:32,964 	Source:     4
2020-05-04 20:26:32,964 	Reference:  4
2020-05-04 20:26:32,965 	Hypothesis: 4
2020-05-04 20:26:32,965 Example #3
2020-05-04 20:26:32,965 	Raw source:     ['3', '4', '0', '3', '4']
2020-05-04 20:26:32,965 	Raw hypothesis: ['4', '4', '0', '4']
2020-05-04 20:26:32,965 	Source:     3 4 0 3 4
2020-05-04 20:26:32,965 	Reference:  4 3 0 4 3
2020-05-04 20:26:32,965 	Hypothesis: 4 4 0 4
2020-05-04 20:26:32,966 Example #6
2020-05-04 20:26:32,966 	Raw source:     ['1', '4']
2020-05-04 20:26:32,966 	Raw hypothesis: ['4', '1']
2020-05-04 20:26:32,966 	Source:     1 4
2020-05-04 20:26:32,966 	Reference:  4 1
2020-05-04 20:26:32,966 	Hypothesis: 4 1
2020-05-04 20:26:32,966 Validation result (greedy) at epoch   8, step       80: bleu:  54.41, loss:  41.9625, ppl:   1.6788, duration: 0.0498s
2020-05-04 20:26:34,181 Epoch   8: total training loss 23.52
2020-05-04 20:26:34,183 EPOCH 9
2020-05-04 20:26:34,365 Epoch   9 Step:       90 Batch Loss:     3.971469 Tokens per Sec:     2155, Lr: 0.010000
2020-05-04 20:26:34,413 Example #0
2020-05-04 20:26:34,413 	Raw source:     ['4']
2020-05-04 20:26:34,414 	Raw hypothesis: ['4']
2020-05-04 20:26:34,414 	Source:     4
2020-05-04 20:26:34,414 	Reference:  4
2020-05-04 20:26:34,414 	Hypothesis: 4
2020-05-04 20:26:34,414 Example #3
2020-05-04 20:26:34,414 	Raw source:     ['3', '4', '0', '3', '4']
2020-05-04 20:26:34,414 	Raw hypothesis: ['4', '3', '0', '4', '3']
2020-05-04 20:26:34,414 	Source:     3 4 0 3 4
2020-05-04 20:26:34,414 	Reference:  4 3 0 4 3
2020-05-04 20:26:34,414 	Hypothesis: 4 3 0 4 3
2020-05-04 20:26:34,415 Example #6
2020-05-04 20:26:34,415 	Raw source:     ['1', '4']
2020-05-04 20:26:34,415 	Raw hypothesis: ['4', '1']
2020-05-04 20:26:34,415 	Source:     1 4
2020-05-04 20:26:34,415 	Reference:  4 1
2020-05-04 20:26:34,415 	Hypothesis: 4 1
2020-05-04 20:26:34,415 Validation result (greedy) at epoch   9, step       90: bleu:  40.24, loss:  44.5457, ppl:   1.7332, duration: 0.0499s
2020-05-04 20:26:35,632 Epoch   9: total training loss 23.22
2020-05-04 20:26:35,635 EPOCH 10
2020-05-04 20:26:35,812 Epoch  10 Step:      100 Batch Loss:     0.138542 Tokens per Sec:     2205, Lr: 0.010000
2020-05-04 20:26:35,854 Example #0
2020-05-04 20:26:35,854 	Raw source:     ['4']
2020-05-04 20:26:35,854 	Raw hypothesis: ['4']
2020-05-04 20:26:35,854 	Source:     4
2020-05-04 20:26:35,854 	Reference:  4
2020-05-04 20:26:35,854 	Hypothesis: 4
2020-05-04 20:26:35,855 Example #3
2020-05-04 20:26:35,855 	Raw source:     ['3', '4', '0', '3', '4']
2020-05-04 20:26:35,855 	Raw hypothesis: ['4', '3', '4', '4', '3']
2020-05-04 20:26:35,855 	Source:     3 4 0 3 4
2020-05-04 20:26:35,855 	Reference:  4 3 0 4 3
2020-05-04 20:26:35,855 	Hypothesis: 4 3 4 4 3
2020-05-04 20:26:35,855 Example #6
2020-05-04 20:26:35,855 	Raw source:     ['1', '4']
2020-05-04 20:26:35,855 	Raw hypothesis: ['4', '1']
2020-05-04 20:26:35,856 	Source:     1 4
2020-05-04 20:26:35,856 	Reference:  4 1
2020-05-04 20:26:35,856 	Hypothesis: 4 1
2020-05-04 20:26:35,856 Validation result (greedy) at epoch  10, step      100: bleu:  43.85, loss:  39.0498, ppl:   1.6195, duration: 0.0434s
2020-05-04 20:26:37,035 Epoch  10: total training loss 20.54
2020-05-04 20:26:37,039 EPOCH 11
2020-05-04 20:26:37,220 Epoch  11 Step:      110 Batch Loss:     4.055939 Tokens per Sec:     2165, Lr: 0.010000
2020-05-04 20:26:37,248 Hooray! New best validation result [eval_metric]!
2020-05-04 20:26:37,248 Saving new checkpoint.
2020-05-04 20:26:37,254 Example #0
2020-05-04 20:26:37,255 	Raw source:     ['4']
2020-05-04 20:26:37,255 	Raw hypothesis: ['4']
2020-05-04 20:26:37,255 	Source:     4
2020-05-04 20:26:37,255 	Reference:  4
2020-05-04 20:26:37,255 	Hypothesis: 4
2020-05-04 20:26:37,256 Example #3
2020-05-04 20:26:37,256 	Raw source:     ['3', '4', '0', '3', '4']
2020-05-04 20:26:37,256 	Raw hypothesis: ['4', '3', '0', '3']
2020-05-04 20:26:37,256 	Source:     3 4 0 3 4
2020-05-04 20:26:37,257 	Reference:  4 3 0 4 3
2020-05-04 20:26:37,257 	Hypothesis: 4 3 0 3
2020-05-04 20:26:37,257 Example #6
2020-05-04 20:26:37,257 	Raw source:     ['1', '4']
2020-05-04 20:26:37,257 	Raw hypothesis: ['4', '1']
2020-05-04 20:26:37,258 	Source:     1 4
2020-05-04 20:26:37,258 	Reference:  4 1
2020-05-04 20:26:37,258 	Hypothesis: 4 1
2020-05-04 20:26:37,258 Validation result (greedy) at epoch  11, step      110: bleu:  64.48, loss:  34.1245, ppl:   1.5239, duration: 0.0375s
2020-05-04 20:26:38,419 Epoch  11: total training loss 16.66
2020-05-04 20:26:38,421 EPOCH 12
2020-05-04 20:26:38,607 Epoch  12 Step:      120 Batch Loss:     2.238636 Tokens per Sec:     2108, Lr: 0.010000
2020-05-04 20:26:38,657 Hooray! New best validation result [eval_metric]!
2020-05-04 20:26:38,658 Saving new checkpoint.
2020-05-04 20:26:38,662 Example #0
2020-05-04 20:26:38,662 	Raw source:     ['4']
2020-05-04 20:26:38,662 	Raw hypothesis: ['4']
2020-05-04 20:26:38,663 	Source:     4
2020-05-04 20:26:38,663 	Reference:  4
2020-05-04 20:26:38,663 	Hypothesis: 4
2020-05-04 20:26:38,663 Example #3
2020-05-04 20:26:38,663 	Raw source:     ['3', '4', '0', '3', '4']
2020-05-04 20:26:38,663 	Raw hypothesis: ['4', '3', '0', '4', '3']
2020-05-04 20:26:38,663 	Source:     3 4 0 3 4
2020-05-04 20:26:38,663 	Reference:  4 3 0 4 3
2020-05-04 20:26:38,664 	Hypothesis: 4 3 0 4 3
2020-05-04 20:26:38,664 Example #6
2020-05-04 20:26:38,664 	Raw source:     ['1', '4']
2020-05-04 20:26:38,664 	Raw hypothesis: ['4']
2020-05-04 20:26:38,664 	Source:     1 4
2020-05-04 20:26:38,664 	Reference:  4 1
2020-05-04 20:26:38,664 	Hypothesis: 4
2020-05-04 20:26:38,664 Validation result (greedy) at epoch  12, step      120: bleu:  84.11, loss:  23.1379, ppl:   1.3306, duration: 0.0570s
2020-05-04 20:26:39,978 Epoch  12: total training loss 15.78
2020-05-04 20:26:39,981 EPOCH 13
2020-05-04 20:26:40,188 Epoch  13 Step:      130 Batch Loss:     0.022031 Tokens per Sec:     1893, Lr: 0.010000
2020-05-04 20:26:40,235 Example #0
2020-05-04 20:26:40,236 	Raw source:     ['4']
2020-05-04 20:26:40,236 	Raw hypothesis: ['4']
2020-05-04 20:26:40,236 	Source:     4
2020-05-04 20:26:40,236 	Reference:  4
2020-05-04 20:26:40,236 	Hypothesis: 4
2020-05-04 20:26:40,236 Example #3
2020-05-04 20:26:40,237 	Raw source:     ['3', '4', '0', '3', '4']
2020-05-04 20:26:40,237 	Raw hypothesis: ['4', '3', '4', '3']
2020-05-04 20:26:40,237 	Source:     3 4 0 3 4
2020-05-04 20:26:40,237 	Reference:  4 3 0 4 3
2020-05-04 20:26:40,237 	Hypothesis: 4 3 4 3
2020-05-04 20:26:40,237 Example #6
2020-05-04 20:26:40,237 	Raw source:     ['1', '4']
2020-05-04 20:26:40,237 	Raw hypothesis: ['4', '1']
2020-05-04 20:26:40,237 	Source:     1 4
2020-05-04 20:26:40,237 	Reference:  4 1
2020-05-04 20:26:40,238 	Hypothesis: 4 1
2020-05-04 20:26:40,238 Validation result (greedy) at epoch  13, step      130: bleu:  53.49, loss:  45.6868, ppl:   1.7577, duration: 0.0502s
2020-05-04 20:26:41,761 Epoch  13: total training loss 19.86
2020-05-04 20:26:41,769 EPOCH 14
2020-05-04 20:26:41,965 Epoch  14 Step:      140 Batch Loss:     0.254090 Tokens per Sec:     2002, Lr: 0.010000
2020-05-04 20:26:42,008 Example #0
2020-05-04 20:26:42,008 	Raw source:     ['4']
2020-05-04 20:26:42,008 	Raw hypothesis: ['4']
2020-05-04 20:26:42,008 	Source:     4
2020-05-04 20:26:42,008 	Reference:  4
2020-05-04 20:26:42,009 	Hypothesis: 4
2020-05-04 20:26:42,009 Example #3
2020-05-04 20:26:42,009 	Raw source:     ['3', '4', '0', '3', '4']
2020-05-04 20:26:42,009 	Raw hypothesis: ['4', '3', '0', '3', '3']
2020-05-04 20:26:42,009 	Source:     3 4 0 3 4
2020-05-04 20:26:42,010 	Reference:  4 3 0 4 3
2020-05-04 20:26:42,011 	Hypothesis: 4 3 0 3 3
2020-05-04 20:26:42,013 Example #6
2020-05-04 20:26:42,014 	Raw source:     ['1', '4']
2020-05-04 20:26:42,014 	Raw hypothesis: ['4', '1']
2020-05-04 20:26:42,014 	Source:     1 4
2020-05-04 20:26:42,015 	Reference:  4 1
2020-05-04 20:26:42,015 	Hypothesis: 4 1
2020-05-04 20:26:42,015 Validation result (greedy) at epoch  14, step      140: bleu:  69.64, loss:  18.1807, ppl:   1.2516, duration: 0.0498s
2020-05-04 20:26:43,252 Epoch  14: total training loss 13.80
2020-05-04 20:26:43,254 EPOCH 15
2020-05-04 20:26:43,432 Epoch  15 Step:      150 Batch Loss:     0.614358 Tokens per Sec:     2195, Lr: 0.010000
2020-05-04 20:26:43,469 Example #0
2020-05-04 20:26:43,469 	Raw source:     ['4']
2020-05-04 20:26:43,469 	Raw hypothesis: ['4']
2020-05-04 20:26:43,469 	Source:     4
2020-05-04 20:26:43,469 	Reference:  4
2020-05-04 20:26:43,469 	Hypothesis: 4
2020-05-04 20:26:43,469 Example #3
2020-05-04 20:26:43,469 	Raw source:     ['3', '4', '0', '3', '4']
2020-05-04 20:26:43,469 	Raw hypothesis: ['4', '3', '0', '3']
2020-05-04 20:26:43,469 	Source:     3 4 0 3 4
2020-05-04 20:26:43,470 	Reference:  4 3 0 4 3
2020-05-04 20:26:43,470 	Hypothesis: 4 3 0 3
2020-05-04 20:26:43,470 Example #6
2020-05-04 20:26:43,470 	Raw source:     ['1', '4']
2020-05-04 20:26:43,470 	Raw hypothesis: ['4', '1']
2020-05-04 20:26:43,470 	Source:     1 4
2020-05-04 20:26:43,470 	Reference:  4 1
2020-05-04 20:26:43,470 	Hypothesis: 4 1
2020-05-04 20:26:43,470 Validation result (greedy) at epoch  15, step      150: bleu:  74.82, loss:  26.5776, ppl:   1.3884, duration: 0.0382s
2020-05-04 20:26:44,617 Epoch  15: total training loss 8.96
2020-05-04 20:26:44,620 EPOCH 16
2020-05-04 20:26:44,819 Epoch  16 Step:      160 Batch Loss:     1.188674 Tokens per Sec:     1962, Lr: 0.010000
2020-05-04 20:26:44,863 Example #0
2020-05-04 20:26:44,863 	Raw source:     ['4']
2020-05-04 20:26:44,863 	Raw hypothesis: ['4']
2020-05-04 20:26:44,863 	Source:     4
2020-05-04 20:26:44,864 	Reference:  4
2020-05-04 20:26:44,864 	Hypothesis: 4
2020-05-04 20:26:44,864 Example #3
2020-05-04 20:26:44,864 	Raw source:     ['3', '4', '0', '3', '4']
2020-05-04 20:26:44,864 	Raw hypothesis: ['4', '3', '0', '3']
2020-05-04 20:26:44,864 	Source:     3 4 0 3 4
2020-05-04 20:26:44,864 	Reference:  4 3 0 4 3
2020-05-04 20:26:44,864 	Hypothesis: 4 3 0 3
2020-05-04 20:26:44,868 Example #6
2020-05-04 20:26:44,868 	Raw source:     ['1', '4']
2020-05-04 20:26:44,869 	Raw hypothesis: ['4', '1']
2020-05-04 20:26:44,869 	Source:     1 4
2020-05-04 20:26:44,869 	Reference:  4 1
2020-05-04 20:26:44,869 	Hypothesis: 4 1
2020-05-04 20:26:44,869 Validation result (greedy) at epoch  16, step      160: bleu:  63.87, loss:  26.8679, ppl:   1.3933, duration: 0.0500s
2020-05-04 20:26:45,980 Epoch  16: total training loss 9.36
2020-05-04 20:26:45,982 EPOCH 17
2020-05-04 20:26:46,152 Epoch  17 Step:      170 Batch Loss:     1.245924 Tokens per Sec:     2292, Lr: 0.010000
2020-05-04 20:26:46,199 Hooray! New best validation result [eval_metric]!
2020-05-04 20:26:46,200 Saving new checkpoint.
2020-05-04 20:26:46,204 Example #0
2020-05-04 20:26:46,205 	Raw source:     ['4']
2020-05-04 20:26:46,205 	Raw hypothesis: ['4']
2020-05-04 20:26:46,205 	Source:     4
2020-05-04 20:26:46,205 	Reference:  4
2020-05-04 20:26:46,205 	Hypothesis: 4
2020-05-04 20:26:46,205 Example #3
2020-05-04 20:26:46,206 	Raw source:     ['3', '4', '0', '3', '4']
2020-05-04 20:26:46,206 	Raw hypothesis: ['4', '3', '0', '4', '3']
2020-05-04 20:26:46,206 	Source:     3 4 0 3 4
2020-05-04 20:26:46,206 	Reference:  4 3 0 4 3
2020-05-04 20:26:46,206 	Hypothesis: 4 3 0 4 3
2020-05-04 20:26:46,206 Example #6
2020-05-04 20:26:46,206 	Raw source:     ['1', '4']
2020-05-04 20:26:46,207 	Raw hypothesis: ['4', '1']
2020-05-04 20:26:46,207 	Source:     1 4
2020-05-04 20:26:46,207 	Reference:  4 1
2020-05-04 20:26:46,207 	Hypothesis: 4 1
2020-05-04 20:26:46,207 Validation result (greedy) at epoch  17, step      170: bleu:  98.35, loss:   5.3336, ppl:   1.0681, duration: 0.0545s
2020-05-04 20:26:47,531 Epoch  17: total training loss 5.39
2020-05-04 20:26:47,534 EPOCH 18
2020-05-04 20:26:47,716 Epoch  18 Step:      180 Batch Loss:     1.293886 Tokens per Sec:     2149, Lr: 0.010000
2020-05-04 20:26:47,749 Example #0
2020-05-04 20:26:47,749 	Raw source:     ['4']
2020-05-04 20:26:47,750 	Raw hypothesis: ['4']
2020-05-04 20:26:47,750 	Source:     4
2020-05-04 20:26:47,750 	Reference:  4
2020-05-04 20:26:47,750 	Hypothesis: 4
2020-05-04 20:26:47,750 Example #3
2020-05-04 20:26:47,750 	Raw source:     ['3', '4', '0', '3', '4']
2020-05-04 20:26:47,750 	Raw hypothesis: ['4', '3', '0', '3']
2020-05-04 20:26:47,750 	Source:     3 4 0 3 4
2020-05-04 20:26:47,750 	Reference:  4 3 0 4 3
2020-05-04 20:26:47,750 	Hypothesis: 4 3 0 3
2020-05-04 20:26:47,750 Example #6
2020-05-04 20:26:47,751 	Raw source:     ['1', '4']
2020-05-04 20:26:47,751 	Raw hypothesis: ['4', '1']
2020-05-04 20:26:47,751 	Source:     1 4
2020-05-04 20:26:47,751 	Reference:  4 1
2020-05-04 20:26:47,751 	Hypothesis: 4 1
2020-05-04 20:26:47,752 Validation result (greedy) at epoch  18, step      180: bleu:  73.07, loss:  38.9008, ppl:   1.6165, duration: 0.0355s
2020-05-04 20:26:48,863 Epoch  18: total training loss 4.58
2020-05-04 20:26:48,865 EPOCH 19
2020-05-04 20:26:49,048 Epoch  19 Step:      190 Batch Loss:     1.273333 Tokens per Sec:     2145, Lr: 0.010000
2020-05-04 20:26:49,086 Hooray! New best validation result [eval_metric]!
2020-05-04 20:26:49,087 Saving new checkpoint.
2020-05-04 20:26:49,092 Example #0
2020-05-04 20:26:49,092 	Raw source:     ['4']
2020-05-04 20:26:49,092 	Raw hypothesis: ['4']
2020-05-04 20:26:49,092 	Source:     4
2020-05-04 20:26:49,092 	Reference:  4
2020-05-04 20:26:49,092 	Hypothesis: 4
2020-05-04 20:26:49,093 Example #3
2020-05-04 20:26:49,093 	Raw source:     ['3', '4', '0', '3', '4']
2020-05-04 20:26:49,093 	Raw hypothesis: ['4', '3', '0', '4', '3']
2020-05-04 20:26:49,093 	Source:     3 4 0 3 4
2020-05-04 20:26:49,093 	Reference:  4 3 0 4 3
2020-05-04 20:26:49,093 	Hypothesis: 4 3 0 4 3
2020-05-04 20:26:49,093 Example #6
2020-05-04 20:26:49,093 	Raw source:     ['1', '4']
2020-05-04 20:26:49,093 	Raw hypothesis: ['4', '1']
2020-05-04 20:26:49,093 	Source:     1 4
2020-05-04 20:26:49,093 	Reference:  4 1
2020-05-04 20:26:49,094 	Hypothesis: 4 1
2020-05-04 20:26:49,094 Validation result (greedy) at epoch  19, step      190: bleu: 100.00, loss:   3.8489, ppl:   1.0487, duration: 0.0457s
2020-05-04 20:26:50,281 Epoch  19: total training loss 6.03
2020-05-04 20:26:50,283 EPOCH 20
2020-05-04 20:26:50,472 Epoch  20 Step:      200 Batch Loss:     2.707382 Tokens per Sec:     2071, Lr: 0.010000
2020-05-04 20:26:50,514 Example #0
2020-05-04 20:26:50,514 	Raw source:     ['4']
2020-05-04 20:26:50,514 	Raw hypothesis: ['4']
2020-05-04 20:26:50,514 	Source:     4
2020-05-04 20:26:50,514 	Reference:  4
2020-05-04 20:26:50,514 	Hypothesis: 4
2020-05-04 20:26:50,514 Example #3
2020-05-04 20:26:50,514 	Raw source:     ['3', '4', '0', '3', '4']
2020-05-04 20:26:50,515 	Raw hypothesis: ['4', '3', '0', '4']
2020-05-04 20:26:50,515 	Source:     3 4 0 3 4
2020-05-04 20:26:50,515 	Reference:  4 3 0 4 3
2020-05-04 20:26:50,515 	Hypothesis: 4 3 0 4
2020-05-04 20:26:50,515 Example #6
2020-05-04 20:26:50,515 	Raw source:     ['1', '4']
2020-05-04 20:26:50,515 	Raw hypothesis: ['4', '1']
2020-05-04 20:26:50,515 	Source:     1 4
2020-05-04 20:26:50,515 	Reference:  4 1
2020-05-04 20:26:50,515 	Hypothesis: 4 1
2020-05-04 20:26:50,515 Validation result (greedy) at epoch  20, step      200: bleu:  91.46, loss:   6.2807, ppl:   1.0806, duration: 0.0427s
2020-05-04 20:26:51,608 Epoch  20: total training loss 10.04
2020-05-04 20:26:51,610 EPOCH 21
2020-05-04 20:26:51,781 Epoch  21 Step:      210 Batch Loss:     0.105413 Tokens per Sec:     2291, Lr: 0.010000
2020-05-04 20:26:51,817 Example #0
2020-05-04 20:26:51,817 	Raw source:     ['4']
2020-05-04 20:26:51,817 	Raw hypothesis: ['4']
2020-05-04 20:26:51,817 	Source:     4
2020-05-04 20:26:51,817 	Reference:  4
2020-05-04 20:26:51,817 	Hypothesis: 4
2020-05-04 20:26:51,818 Example #3
2020-05-04 20:26:51,818 	Raw source:     ['3', '4', '0', '3', '4']
2020-05-04 20:26:51,818 	Raw hypothesis: ['4', '3', '0', '4', '3']
2020-05-04 20:26:51,818 	Source:     3 4 0 3 4
2020-05-04 20:26:51,818 	Reference:  4 3 0 4 3
2020-05-04 20:26:51,819 	Hypothesis: 4 3 0 4 3
2020-05-04 20:26:51,819 Example #6
2020-05-04 20:26:51,819 	Raw source:     ['1', '4']
2020-05-04 20:26:51,819 	Raw hypothesis: ['4', '1']
2020-05-04 20:26:51,819 	Source:     1 4
2020-05-04 20:26:51,819 	Reference:  4 1
2020-05-04 20:26:51,819 	Hypothesis: 4 1
2020-05-04 20:26:51,819 Validation result (greedy) at epoch  21, step      210: bleu: 100.00, loss:   2.6740, ppl:   1.0336, duration: 0.0380s
2020-05-04 20:26:52,986 Epoch  21: total training loss 4.38
2020-05-04 20:26:52,988 EPOCH 22
2020-05-04 20:26:53,157 Epoch  22 Step:      220 Batch Loss:     0.056978 Tokens per Sec:     2302, Lr: 0.010000
2020-05-04 20:26:53,205 Example #0
2020-05-04 20:26:53,205 	Raw source:     ['4']
2020-05-04 20:26:53,205 	Raw hypothesis: ['4']
2020-05-04 20:26:53,205 	Source:     4
2020-05-04 20:26:53,206 	Reference:  4
2020-05-04 20:26:53,206 	Hypothesis: 4
2020-05-04 20:26:53,206 Example #3
2020-05-04 20:26:53,206 	Raw source:     ['3', '4', '0', '3', '4']
2020-05-04 20:26:53,206 	Raw hypothesis: ['4', '3', '0', '4', '3']
2020-05-04 20:26:53,206 	Source:     3 4 0 3 4
2020-05-04 20:26:53,206 	Reference:  4 3 0 4 3
2020-05-04 20:26:53,206 	Hypothesis: 4 3 0 4 3
2020-05-04 20:26:53,206 Example #6
2020-05-04 20:26:53,207 	Raw source:     ['1', '4']
2020-05-04 20:26:53,207 	Raw hypothesis: ['4', '1']
2020-05-04 20:26:53,207 	Source:     1 4
2020-05-04 20:26:53,207 	Reference:  4 1
2020-05-04 20:26:53,207 	Hypothesis: 4 1
2020-05-04 20:26:53,207 Validation result (greedy) at epoch  22, step      220: bleu:  96.17, loss:   3.3402, ppl:   1.0421, duration: 0.0489s
2020-05-04 20:26:54,492 Epoch  22: total training loss 7.62
2020-05-04 20:26:54,494 EPOCH 23
2020-05-04 20:26:54,674 Epoch  23 Step:      230 Batch Loss:     0.005401 Tokens per Sec:     2168, Lr: 0.010000
2020-05-04 20:26:54,723 Example #0
2020-05-04 20:26:54,723 	Raw source:     ['4']
2020-05-04 20:26:54,723 	Raw hypothesis: ['4']
2020-05-04 20:26:54,723 	Source:     4
2020-05-04 20:26:54,723 	Reference:  4
2020-05-04 20:26:54,723 	Hypothesis: 4
2020-05-04 20:26:54,723 Example #3
2020-05-04 20:26:54,724 	Raw source:     ['3', '4', '0', '3', '4']
2020-05-04 20:26:54,724 	Raw hypothesis: ['4', '3', '0', '4', '3']
2020-05-04 20:26:54,724 	Source:     3 4 0 3 4
2020-05-04 20:26:54,724 	Reference:  4 3 0 4 3
2020-05-04 20:26:54,724 	Hypothesis: 4 3 0 4 3
2020-05-04 20:26:54,724 Example #6
2020-05-04 20:26:54,724 	Raw source:     ['1', '4']
2020-05-04 20:26:54,724 	Raw hypothesis: ['4', '1']
2020-05-04 20:26:54,724 	Source:     1 4
2020-05-04 20:26:54,725 	Reference:  4 1
2020-05-04 20:26:54,725 	Hypothesis: 4 1
2020-05-04 20:26:54,725 Validation result (greedy) at epoch  23, step      230: bleu:  98.35, loss:   3.0250, ppl:   1.0381, duration: 0.0503s
2020-05-04 20:26:55,886 Epoch  23: total training loss 3.81
2020-05-04 20:26:55,888 EPOCH 24
2020-05-04 20:26:56,067 Epoch  24 Step:      240 Batch Loss:     0.705858 Tokens per Sec:     2188, Lr: 0.010000
2020-05-04 20:26:56,120 Example #0
2020-05-04 20:26:56,120 	Raw source:     ['4']
2020-05-04 20:26:56,120 	Raw hypothesis: ['4']
2020-05-04 20:26:56,120 	Source:     4
2020-05-04 20:26:56,120 	Reference:  4
2020-05-04 20:26:56,120 	Hypothesis: 4
2020-05-04 20:26:56,120 Example #3
2020-05-04 20:26:56,121 	Raw source:     ['3', '4', '0', '3', '4']
2020-05-04 20:26:56,121 	Raw hypothesis: ['4', '3', '0', '4', '3']
2020-05-04 20:26:56,121 	Source:     3 4 0 3 4
2020-05-04 20:26:56,121 	Reference:  4 3 0 4 3
2020-05-04 20:26:56,121 	Hypothesis: 4 3 0 4 3
2020-05-04 20:26:56,121 Example #6
2020-05-04 20:26:56,121 	Raw source:     ['1', '4']
2020-05-04 20:26:56,121 	Raw hypothesis: ['4', '1']
2020-05-04 20:26:56,121 	Source:     1 4
2020-05-04 20:26:56,121 	Reference:  4 1
2020-05-04 20:26:56,121 	Hypothesis: 4 1
2020-05-04 20:26:56,121 Validation result (greedy) at epoch  24, step      240: bleu: 100.00, loss:   2.8301, ppl:   1.0356, duration: 0.0541s
2020-05-04 20:26:57,275 Epoch  24: total training loss 3.57
2020-05-04 20:26:57,277 EPOCH 25
2020-05-04 20:26:57,455 Epoch  25 Step:      250 Batch Loss:     0.064907 Tokens per Sec:     2198, Lr: 0.010000
2020-05-04 20:26:57,492 Example #0
2020-05-04 20:26:57,492 	Raw source:     ['4']
2020-05-04 20:26:57,492 	Raw hypothesis: ['4']
2020-05-04 20:26:57,492 	Source:     4
2020-05-04 20:26:57,492 	Reference:  4
2020-05-04 20:26:57,492 	Hypothesis: 4
2020-05-04 20:26:57,493 Example #3
2020-05-04 20:26:57,493 	Raw source:     ['3', '4', '0', '3', '4']
2020-05-04 20:26:57,493 	Raw hypothesis: ['4', '3', '0', '4', '3']
2020-05-04 20:26:57,493 	Source:     3 4 0 3 4
2020-05-04 20:26:57,493 	Reference:  4 3 0 4 3
2020-05-04 20:26:57,493 	Hypothesis: 4 3 0 4 3
2020-05-04 20:26:57,493 Example #6
2020-05-04 20:26:57,493 	Raw source:     ['1', '4']
2020-05-04 20:26:57,493 	Raw hypothesis: ['4', '1']
2020-05-04 20:26:57,493 	Source:     1 4
2020-05-04 20:26:57,494 	Reference:  4 1
2020-05-04 20:26:57,494 	Hypothesis: 4 1
2020-05-04 20:26:57,494 Validation result (greedy) at epoch  25, step      250: bleu:  84.42, loss:   7.4598, ppl:   1.0965, duration: 0.0386s
2020-05-04 20:26:58,653 Epoch  25: total training loss 4.75
2020-05-04 20:26:58,655 EPOCH 26
2020-05-04 20:26:58,820 Epoch  26 Step:      260 Batch Loss:     0.128636 Tokens per Sec:     2368, Lr: 0.005000
2020-05-04 20:26:58,858 Example #0
2020-05-04 20:26:58,858 	Raw source:     ['4']
2020-05-04 20:26:58,858 	Raw hypothesis: ['4']
2020-05-04 20:26:58,858 	Source:     4
2020-05-04 20:26:58,858 	Reference:  4
2020-05-04 20:26:58,859 	Hypothesis: 4
2020-05-04 20:26:58,860 Example #3
2020-05-04 20:26:58,860 	Raw source:     ['3', '4', '0', '3', '4']
2020-05-04 20:26:58,861 	Raw hypothesis: ['4', '3', '0', '4', '3']
2020-05-04 20:26:58,861 	Source:     3 4 0 3 4
2020-05-04 20:26:58,861 	Reference:  4 3 0 4 3
2020-05-04 20:26:58,861 	Hypothesis: 4 3 0 4 3
2020-05-04 20:26:58,861 Example #6
2020-05-04 20:26:58,861 	Raw source:     ['1', '4']
2020-05-04 20:26:58,862 	Raw hypothesis: ['4', '1']
2020-05-04 20:26:58,862 	Source:     1 4
2020-05-04 20:26:58,862 	Reference:  4 1
2020-05-04 20:26:58,862 	Hypothesis: 4 1
2020-05-04 20:26:58,862 Validation result (greedy) at epoch  26, step      260: bleu:  98.35, loss:   2.0985, ppl:   1.0262, duration: 0.0419s
2020-05-04 20:27:00,107 Epoch  26: total training loss 1.51
2020-05-04 20:27:00,109 EPOCH 27
2020-05-04 20:27:00,316 Epoch  27 Step:      270 Batch Loss:     0.364332 Tokens per Sec:     1888, Lr: 0.005000
2020-05-04 20:27:00,361 Example #0
2020-05-04 20:27:00,362 	Raw source:     ['4']
2020-05-04 20:27:00,362 	Raw hypothesis: ['4']
2020-05-04 20:27:00,362 	Source:     4
2020-05-04 20:27:00,362 	Reference:  4
2020-05-04 20:27:00,363 	Hypothesis: 4
2020-05-04 20:27:00,363 Example #3
2020-05-04 20:27:00,363 	Raw source:     ['3', '4', '0', '3', '4']
2020-05-04 20:27:00,363 	Raw hypothesis: ['4', '3', '0', '4', '3']
2020-05-04 20:27:00,363 	Source:     3 4 0 3 4
2020-05-04 20:27:00,363 	Reference:  4 3 0 4 3
2020-05-04 20:27:00,363 	Hypothesis: 4 3 0 4 3
2020-05-04 20:27:00,364 Example #6
2020-05-04 20:27:00,364 	Raw source:     ['1', '4']
2020-05-04 20:27:00,364 	Raw hypothesis: ['4', '1']
2020-05-04 20:27:00,364 	Source:     1 4
2020-05-04 20:27:00,364 	Reference:  4 1
2020-05-04 20:27:00,364 	Hypothesis: 4 1
2020-05-04 20:27:00,364 Validation result (greedy) at epoch  27, step      270: bleu: 100.00, loss:   0.5540, ppl:   1.0069, duration: 0.0479s
2020-05-04 20:27:01,770 Epoch  27: total training loss 1.60
2020-05-04 20:27:01,773 EPOCH 28
2020-05-04 20:27:01,982 Epoch  28 Step:      280 Batch Loss:     0.191933 Tokens per Sec:     1873, Lr: 0.005000
2020-05-04 20:27:02,022 Example #0
2020-05-04 20:27:02,022 	Raw source:     ['4']
2020-05-04 20:27:02,023 	Raw hypothesis: ['4']
2020-05-04 20:27:02,023 	Source:     4
2020-05-04 20:27:02,023 	Reference:  4
2020-05-04 20:27:02,023 	Hypothesis: 4
2020-05-04 20:27:02,026 Example #3
2020-05-04 20:27:02,028 	Raw source:     ['3', '4', '0', '3', '4']
2020-05-04 20:27:02,029 	Raw hypothesis: ['4', '3', '0', '4', '3']
2020-05-04 20:27:02,029 	Source:     3 4 0 3 4
2020-05-04 20:27:02,029 	Reference:  4 3 0 4 3
2020-05-04 20:27:02,029 	Hypothesis: 4 3 0 4 3
2020-05-04 20:27:02,030 Example #6
2020-05-04 20:27:02,030 	Raw source:     ['1', '4']
2020-05-04 20:27:02,030 	Raw hypothesis: ['4', '1']
2020-05-04 20:27:02,030 	Source:     1 4
2020-05-04 20:27:02,030 	Reference:  4 1
2020-05-04 20:27:02,030 	Hypothesis: 4 1
2020-05-04 20:27:02,030 Validation result (greedy) at epoch  28, step      280: bleu:  94.96, loss:   6.5863, ppl:   1.0847, duration: 0.0480s
2020-05-04 20:27:03,251 Epoch  28: total training loss 5.30
2020-05-04 20:27:03,253 EPOCH 29
2020-05-04 20:27:03,438 Epoch  29 Step:      290 Batch Loss:     0.127865 Tokens per Sec:     2111, Lr: 0.005000
2020-05-04 20:27:03,481 Example #0
2020-05-04 20:27:03,481 	Raw source:     ['4']
2020-05-04 20:27:03,481 	Raw hypothesis: ['4']
2020-05-04 20:27:03,481 	Source:     4
2020-05-04 20:27:03,481 	Reference:  4
2020-05-04 20:27:03,481 	Hypothesis: 4
2020-05-04 20:27:03,481 Example #3
2020-05-04 20:27:03,481 	Raw source:     ['3', '4', '0', '3', '4']
2020-05-04 20:27:03,481 	Raw hypothesis: ['4', '3', '0', '4', '3']
2020-05-04 20:27:03,481 	Source:     3 4 0 3 4
2020-05-04 20:27:03,482 	Reference:  4 3 0 4 3
2020-05-04 20:27:03,482 	Hypothesis: 4 3 0 4 3
2020-05-04 20:27:03,482 Example #6
2020-05-04 20:27:03,482 	Raw source:     ['1', '4']
2020-05-04 20:27:03,482 	Raw hypothesis: ['4', '1']
2020-05-04 20:27:03,482 	Source:     1 4
2020-05-04 20:27:03,482 	Reference:  4 1
2020-05-04 20:27:03,482 	Hypothesis: 4 1
2020-05-04 20:27:03,482 Validation result (greedy) at epoch  29, step      290: bleu:  96.35, loss:   2.8598, ppl:   1.0359, duration: 0.0434s
2020-05-04 20:27:04,690 Epoch  29: total training loss 1.70
2020-05-04 20:27:04,692 EPOCH 30
2020-05-04 20:27:04,889 Epoch  30 Step:      300 Batch Loss:     0.015202 Tokens per Sec:     1976, Lr: 0.005000
2020-05-04 20:27:04,926 Example #0
2020-05-04 20:27:04,926 	Raw source:     ['4']
2020-05-04 20:27:04,926 	Raw hypothesis: ['4']
2020-05-04 20:27:04,926 	Source:     4
2020-05-04 20:27:04,926 	Reference:  4
2020-05-04 20:27:04,926 	Hypothesis: 4
2020-05-04 20:27:04,927 Example #3
2020-05-04 20:27:04,927 	Raw source:     ['3', '4', '0', '3', '4']
2020-05-04 20:27:04,927 	Raw hypothesis: ['4', '3', '0', '4']
2020-05-04 20:27:04,927 	Source:     3 4 0 3 4
2020-05-04 20:27:04,927 	Reference:  4 3 0 4 3
2020-05-04 20:27:04,927 	Hypothesis: 4 3 0 4
2020-05-04 20:27:04,927 Example #6
2020-05-04 20:27:04,927 	Raw source:     ['1', '4']
2020-05-04 20:27:04,928 	Raw hypothesis: ['4', '1']
2020-05-04 20:27:04,928 	Source:     1 4
2020-05-04 20:27:04,928 	Reference:  4 1
2020-05-04 20:27:04,928 	Hypothesis: 4 1
2020-05-04 20:27:04,928 Validation result (greedy) at epoch  30, step      300: bleu:  91.46, loss:  11.5539, ppl:   1.1533, duration: 0.0384s
2020-05-04 20:27:06,053 Epoch  30: total training loss 2.03
2020-05-04 20:27:06,055 EPOCH 31
2020-05-04 20:27:06,240 Epoch  31 Step:      310 Batch Loss:     0.019966 Tokens per Sec:     2115, Lr: 0.005000
2020-05-04 20:27:06,281 Example #0
2020-05-04 20:27:06,281 	Raw source:     ['4']
2020-05-04 20:27:06,281 	Raw hypothesis: ['4']
2020-05-04 20:27:06,282 	Source:     4
2020-05-04 20:27:06,282 	Reference:  4
2020-05-04 20:27:06,282 	Hypothesis: 4
2020-05-04 20:27:06,282 Example #3
2020-05-04 20:27:06,282 	Raw source:     ['3', '4', '0', '3', '4']
2020-05-04 20:27:06,282 	Raw hypothesis: ['4', '3', '0', '4', '3']
2020-05-04 20:27:06,282 	Source:     3 4 0 3 4
2020-05-04 20:27:06,282 	Reference:  4 3 0 4 3
2020-05-04 20:27:06,283 	Hypothesis: 4 3 0 4 3
2020-05-04 20:27:06,283 Example #6
2020-05-04 20:27:06,283 	Raw source:     ['1', '4']
2020-05-04 20:27:06,283 	Raw hypothesis: ['4', '1']
2020-05-04 20:27:06,284 	Source:     1 4
2020-05-04 20:27:06,285 	Reference:  4 1
2020-05-04 20:27:06,286 	Hypothesis: 4 1
2020-05-04 20:27:06,286 Validation result (greedy) at epoch  31, step      310: bleu: 100.00, loss:   0.7898, ppl:   1.0098, duration: 0.0457s
2020-05-04 20:27:07,516 Epoch  31: total training loss 6.52
2020-05-04 20:27:07,518 EPOCH 32
2020-05-04 20:27:07,708 Epoch  32 Step:      320 Batch Loss:     0.531272 Tokens per Sec:     2056, Lr: 0.002500
2020-05-04 20:27:07,741 Example #0
2020-05-04 20:27:07,741 	Raw source:     ['4']
2020-05-04 20:27:07,741 	Raw hypothesis: ['4']
2020-05-04 20:27:07,741 	Source:     4
2020-05-04 20:27:07,742 	Reference:  4
2020-05-04 20:27:07,742 	Hypothesis: 4
2020-05-04 20:27:07,742 Example #3
2020-05-04 20:27:07,742 	Raw source:     ['3', '4', '0', '3', '4']
2020-05-04 20:27:07,742 	Raw hypothesis: ['4', '3', '0', '4', '3']
2020-05-04 20:27:07,742 	Source:     3 4 0 3 4
2020-05-04 20:27:07,742 	Reference:  4 3 0 4 3
2020-05-04 20:27:07,743 	Hypothesis: 4 3 0 4 3
2020-05-04 20:27:07,743 Example #6
2020-05-04 20:27:07,743 	Raw source:     ['1', '4']
2020-05-04 20:27:07,743 	Raw hypothesis: ['4', '1']
2020-05-04 20:27:07,743 	Source:     1 4
2020-05-04 20:27:07,743 	Reference:  4 1
2020-05-04 20:27:07,743 	Hypothesis: 4 1
2020-05-04 20:27:07,743 Validation result (greedy) at epoch  32, step      320: bleu:  96.67, loss:   2.6267, ppl:   1.0330, duration: 0.0347s
2020-05-04 20:27:08,938 Epoch  32: total training loss 2.24
2020-05-04 20:27:08,941 EPOCH 33
2020-05-04 20:27:09,117 Epoch  33 Step:      330 Batch Loss:     0.043867 Tokens per Sec:     2224, Lr: 0.002500
2020-05-04 20:27:09,166 Example #0
2020-05-04 20:27:09,167 	Raw source:     ['4']
2020-05-04 20:27:09,167 	Raw hypothesis: ['4']
2020-05-04 20:27:09,167 	Source:     4
2020-05-04 20:27:09,167 	Reference:  4
2020-05-04 20:27:09,167 	Hypothesis: 4
2020-05-04 20:27:09,167 Example #3
2020-05-04 20:27:09,167 	Raw source:     ['3', '4', '0', '3', '4']
2020-05-04 20:27:09,167 	Raw hypothesis: ['4', '3', '0', '4', '3']
2020-05-04 20:27:09,167 	Source:     3 4 0 3 4
2020-05-04 20:27:09,167 	Reference:  4 3 0 4 3
2020-05-04 20:27:09,168 	Hypothesis: 4 3 0 4 3
2020-05-04 20:27:09,168 Example #6
2020-05-04 20:27:09,168 	Raw source:     ['1', '4']
2020-05-04 20:27:09,168 	Raw hypothesis: ['4', '1']
2020-05-04 20:27:09,168 	Source:     1 4
2020-05-04 20:27:09,168 	Reference:  4 1
2020-05-04 20:27:09,168 	Hypothesis: 4 1
2020-05-04 20:27:09,168 Validation result (greedy) at epoch  33, step      330: bleu: 100.00, loss:   0.9673, ppl:   1.0120, duration: 0.0504s
2020-05-04 20:27:10,494 Epoch  33: total training loss 0.72
2020-05-04 20:27:10,497 EPOCH 34
2020-05-04 20:27:10,686 Epoch  34 Step:      340 Batch Loss:     0.020722 Tokens per Sec:     2071, Lr: 0.002500
2020-05-04 20:27:10,722 Example #0
2020-05-04 20:27:10,722 	Raw source:     ['4']
2020-05-04 20:27:10,722 	Raw hypothesis: ['4']
2020-05-04 20:27:10,723 	Source:     4
2020-05-04 20:27:10,723 	Reference:  4
2020-05-04 20:27:10,723 	Hypothesis: 4
2020-05-04 20:27:10,723 Example #3
2020-05-04 20:27:10,723 	Raw source:     ['3', '4', '0', '3', '4']
2020-05-04 20:27:10,723 	Raw hypothesis: ['4', '3', '0', '4', '3']
2020-05-04 20:27:10,723 	Source:     3 4 0 3 4
2020-05-04 20:27:10,723 	Reference:  4 3 0 4 3
2020-05-04 20:27:10,724 	Hypothesis: 4 3 0 4 3
2020-05-04 20:27:10,724 Example #6
2020-05-04 20:27:10,724 	Raw source:     ['1', '4']
2020-05-04 20:27:10,724 	Raw hypothesis: ['4', '1']
2020-05-04 20:27:10,724 	Source:     1 4
2020-05-04 20:27:10,724 	Reference:  4 1
2020-05-04 20:27:10,724 	Hypothesis: 4 1
2020-05-04 20:27:10,725 Validation result (greedy) at epoch  34, step      340: bleu: 100.00, loss:   0.5604, ppl:   1.0069, duration: 0.0383s
2020-05-04 20:27:11,912 Epoch  34: total training loss 0.70
2020-05-04 20:27:11,914 EPOCH 35
2020-05-04 20:27:12,096 Epoch  35 Step:      350 Batch Loss:     0.099891 Tokens per Sec:     2155, Lr: 0.002500
2020-05-04 20:27:12,131 Example #0
2020-05-04 20:27:12,132 	Raw source:     ['4']
2020-05-04 20:27:12,132 	Raw hypothesis: ['4']
2020-05-04 20:27:12,132 	Source:     4
2020-05-04 20:27:12,132 	Reference:  4
2020-05-04 20:27:12,132 	Hypothesis: 4
2020-05-04 20:27:12,132 Example #3
2020-05-04 20:27:12,132 	Raw source:     ['3', '4', '0', '3', '4']
2020-05-04 20:27:12,132 	Raw hypothesis: ['4', '3', '0', '4', '3']
2020-05-04 20:27:12,132 	Source:     3 4 0 3 4
2020-05-04 20:27:12,133 	Reference:  4 3 0 4 3
2020-05-04 20:27:12,134 	Hypothesis: 4 3 0 4 3
2020-05-04 20:27:12,134 Example #6
2020-05-04 20:27:12,134 	Raw source:     ['1', '4']
2020-05-04 20:27:12,134 	Raw hypothesis: ['4', '1']
2020-05-04 20:27:12,134 	Source:     1 4
2020-05-04 20:27:12,134 	Reference:  4 1
2020-05-04 20:27:12,134 	Hypothesis: 4 1
2020-05-04 20:27:12,134 Validation result (greedy) at epoch  35, step      350: bleu: 100.00, loss:   0.5121, ppl:   1.0063, duration: 0.0384s
2020-05-04 20:27:13,310 Epoch  35: total training loss 0.38
2020-05-04 20:27:13,312 EPOCH 36
2020-05-04 20:27:13,497 Epoch  36 Step:      360 Batch Loss:     0.105290 Tokens per Sec:     2122, Lr: 0.002500
2020-05-04 20:27:13,536 Example #0
2020-05-04 20:27:13,536 	Raw source:     ['4']
2020-05-04 20:27:13,537 	Raw hypothesis: ['4']
2020-05-04 20:27:13,537 	Source:     4
2020-05-04 20:27:13,537 	Reference:  4
2020-05-04 20:27:13,537 	Hypothesis: 4
2020-05-04 20:27:13,537 Example #3
2020-05-04 20:27:13,537 	Raw source:     ['3', '4', '0', '3', '4']
2020-05-04 20:27:13,539 	Raw hypothesis: ['4', '3', '0', '4', '3']
2020-05-04 20:27:13,539 	Source:     3 4 0 3 4
2020-05-04 20:27:13,540 	Reference:  4 3 0 4 3
2020-05-04 20:27:13,541 	Hypothesis: 4 3 0 4 3
2020-05-04 20:27:13,541 Example #6
2020-05-04 20:27:13,541 	Raw source:     ['1', '4']
2020-05-04 20:27:13,541 	Raw hypothesis: ['4', '1']
2020-05-04 20:27:13,541 	Source:     1 4
2020-05-04 20:27:13,541 	Reference:  4 1
2020-05-04 20:27:13,541 	Hypothesis: 4 1
2020-05-04 20:27:13,541 Validation result (greedy) at epoch  36, step      360: bleu: 100.00, loss:   1.1333, ppl:   1.0141, duration: 0.0440s
2020-05-04 20:27:14,708 Epoch  36: total training loss 0.31
2020-05-04 20:27:14,711 EPOCH 37
2020-05-04 20:27:14,897 Epoch  37 Step:      370 Batch Loss:     0.013834 Tokens per Sec:     2100, Lr: 0.002500
2020-05-04 20:27:14,943 Example #0
2020-05-04 20:27:14,943 	Raw source:     ['4']
2020-05-04 20:27:14,944 	Raw hypothesis: ['4']
2020-05-04 20:27:14,944 	Source:     4
2020-05-04 20:27:14,944 	Reference:  4
2020-05-04 20:27:14,944 	Hypothesis: 4
2020-05-04 20:27:14,944 Example #3
2020-05-04 20:27:14,944 	Raw source:     ['3', '4', '0', '3', '4']
2020-05-04 20:27:14,944 	Raw hypothesis: ['4', '3', '0', '4', '3']
2020-05-04 20:27:14,945 	Source:     3 4 0 3 4
2020-05-04 20:27:14,945 	Reference:  4 3 0 4 3
2020-05-04 20:27:14,945 	Hypothesis: 4 3 0 4 3
2020-05-04 20:27:14,945 Example #6
2020-05-04 20:27:14,945 	Raw source:     ['1', '4']
2020-05-04 20:27:14,945 	Raw hypothesis: ['4', '1']
2020-05-04 20:27:14,945 	Source:     1 4
2020-05-04 20:27:14,946 	Reference:  4 1
2020-05-04 20:27:14,946 	Hypothesis: 4 1
2020-05-04 20:27:14,946 Validation result (greedy) at epoch  37, step      370: bleu: 100.00, loss:   0.6964, ppl:   1.0086, duration: 0.0488s
2020-05-04 20:27:16,135 Epoch  37: total training loss 0.57
2020-05-04 20:27:16,138 EPOCH 38
2020-05-04 20:27:16,319 Epoch  38 Step:      380 Batch Loss:     0.003749 Tokens per Sec:     2163, Lr: 0.001250
2020-05-04 20:27:16,358 Example #0
2020-05-04 20:27:16,358 	Raw source:     ['4']
2020-05-04 20:27:16,358 	Raw hypothesis: ['4']
2020-05-04 20:27:16,358 	Source:     4
2020-05-04 20:27:16,358 	Reference:  4
2020-05-04 20:27:16,359 	Hypothesis: 4
2020-05-04 20:27:16,359 Example #3
2020-05-04 20:27:16,359 	Raw source:     ['3', '4', '0', '3', '4']
2020-05-04 20:27:16,359 	Raw hypothesis: ['4', '3', '0', '4', '3']
2020-05-04 20:27:16,359 	Source:     3 4 0 3 4
2020-05-04 20:27:16,359 	Reference:  4 3 0 4 3
2020-05-04 20:27:16,359 	Hypothesis: 4 3 0 4 3
2020-05-04 20:27:16,360 Example #6
2020-05-04 20:27:16,360 	Raw source:     ['1', '4']
2020-05-04 20:27:16,360 	Raw hypothesis: ['4', '1']
2020-05-04 20:27:16,360 	Source:     1 4
2020-05-04 20:27:16,360 	Reference:  4 1
2020-05-04 20:27:16,360 	Hypothesis: 4 1
2020-05-04 20:27:16,360 Validation result (greedy) at epoch  38, step      380: bleu: 100.00, loss:   0.7019, ppl:   1.0087, duration: 0.0412s
2020-05-04 20:27:17,741 Epoch  38: total training loss 1.47
2020-05-04 20:27:17,743 EPOCH 39
2020-05-04 20:27:17,924 Epoch  39 Step:      390 Batch Loss:     0.317694 Tokens per Sec:     2154, Lr: 0.001250
2020-05-04 20:27:17,968 Example #0
2020-05-04 20:27:17,968 	Raw source:     ['4']
2020-05-04 20:27:17,968 	Raw hypothesis: ['4']
2020-05-04 20:27:17,969 	Source:     4
2020-05-04 20:27:17,969 	Reference:  4
2020-05-04 20:27:17,969 	Hypothesis: 4
2020-05-04 20:27:17,969 Example #3
2020-05-04 20:27:17,969 	Raw source:     ['3', '4', '0', '3', '4']
2020-05-04 20:27:17,969 	Raw hypothesis: ['4', '3', '0', '4', '3']
2020-05-04 20:27:17,969 	Source:     3 4 0 3 4
2020-05-04 20:27:17,969 	Reference:  4 3 0 4 3
2020-05-04 20:27:17,969 	Hypothesis: 4 3 0 4 3
2020-05-04 20:27:17,969 Example #6
2020-05-04 20:27:17,969 	Raw source:     ['1', '4']
2020-05-04 20:27:17,969 	Raw hypothesis: ['4', '1']
2020-05-04 20:27:17,969 	Source:     1 4
2020-05-04 20:27:17,970 	Reference:  4 1
2020-05-04 20:27:17,970 	Hypothesis: 4 1
2020-05-04 20:27:17,970 Validation result (greedy) at epoch  39, step      390: bleu:  98.35, loss:   1.9984, ppl:   1.0250, duration: 0.0450s
2020-05-04 20:27:19,133 Epoch  39: total training loss 0.52
2020-05-04 20:27:19,135 EPOCH 40
2020-05-04 20:27:19,312 Epoch  40 Step:      400 Batch Loss:     0.008029 Tokens per Sec:     2209, Lr: 0.001250
2020-05-04 20:27:19,356 Example #0
2020-05-04 20:27:19,356 	Raw source:     ['4']
2020-05-04 20:27:19,356 	Raw hypothesis: ['4']
2020-05-04 20:27:19,356 	Source:     4
2020-05-04 20:27:19,356 	Reference:  4
2020-05-04 20:27:19,356 	Hypothesis: 4
2020-05-04 20:27:19,356 Example #3
2020-05-04 20:27:19,357 	Raw source:     ['3', '4', '0', '3', '4']
2020-05-04 20:27:19,357 	Raw hypothesis: ['4', '3', '0', '4', '3']
2020-05-04 20:27:19,357 	Source:     3 4 0 3 4
2020-05-04 20:27:19,357 	Reference:  4 3 0 4 3
2020-05-04 20:27:19,357 	Hypothesis: 4 3 0 4 3
2020-05-04 20:27:19,357 Example #6
2020-05-04 20:27:19,357 	Raw source:     ['1', '4']
2020-05-04 20:27:19,357 	Raw hypothesis: ['4', '1']
2020-05-04 20:27:19,357 	Source:     1 4
2020-05-04 20:27:19,357 	Reference:  4 1
2020-05-04 20:27:19,357 	Hypothesis: 4 1
2020-05-04 20:27:19,358 Validation result (greedy) at epoch  40, step      400: bleu:  96.35, loss:   1.0463, ppl:   1.0130, duration: 0.0449s
2020-05-04 20:27:20,530 Epoch  40: total training loss 0.43
2020-05-04 20:27:20,532 EPOCH 41
2020-05-04 20:27:20,715 Epoch  41 Step:      410 Batch Loss:     0.006614 Tokens per Sec:     2134, Lr: 0.001250
2020-05-04 20:27:20,759 Example #0
2020-05-04 20:27:20,759 	Raw source:     ['4']
2020-05-04 20:27:20,759 	Raw hypothesis: ['4']
2020-05-04 20:27:20,759 	Source:     4
2020-05-04 20:27:20,759 	Reference:  4
2020-05-04 20:27:20,759 	Hypothesis: 4
2020-05-04 20:27:20,760 Example #3
2020-05-04 20:27:20,760 	Raw source:     ['3', '4', '0', '3', '4']
2020-05-04 20:27:20,760 	Raw hypothesis: ['4', '3', '0', '4', '3']
2020-05-04 20:27:20,760 	Source:     3 4 0 3 4
2020-05-04 20:27:20,760 	Reference:  4 3 0 4 3
2020-05-04 20:27:20,760 	Hypothesis: 4 3 0 4 3
2020-05-04 20:27:20,760 Example #6
2020-05-04 20:27:20,761 	Raw source:     ['1', '4']
2020-05-04 20:27:20,761 	Raw hypothesis: ['4', '1']
2020-05-04 20:27:20,761 	Source:     1 4
2020-05-04 20:27:20,761 	Reference:  4 1
2020-05-04 20:27:20,761 	Hypothesis: 4 1
2020-05-04 20:27:20,761 Validation result (greedy) at epoch  41, step      410: bleu: 100.00, loss:   0.5761, ppl:   1.0071, duration: 0.0461s
2020-05-04 20:27:21,934 Epoch  41: total training loss 0.56
2020-05-04 20:27:21,936 EPOCH 42
2020-05-04 20:27:22,116 Epoch  42 Step:      420 Batch Loss:     0.012470 Tokens per Sec:     2177, Lr: 0.001250
2020-05-04 20:27:22,156 Example #0
2020-05-04 20:27:22,157 	Raw source:     ['4']
2020-05-04 20:27:22,158 	Raw hypothesis: ['4']
2020-05-04 20:27:22,159 	Source:     4
2020-05-04 20:27:22,159 	Reference:  4
2020-05-04 20:27:22,159 	Hypothesis: 4
2020-05-04 20:27:22,159 Example #3
2020-05-04 20:27:22,159 	Raw source:     ['3', '4', '0', '3', '4']
2020-05-04 20:27:22,160 	Raw hypothesis: ['4', '3', '0', '4', '3']
2020-05-04 20:27:22,160 	Source:     3 4 0 3 4
2020-05-04 20:27:22,160 	Reference:  4 3 0 4 3
2020-05-04 20:27:22,160 	Hypothesis: 4 3 0 4 3
2020-05-04 20:27:22,160 Example #6
2020-05-04 20:27:22,161 	Raw source:     ['1', '4']
2020-05-04 20:27:22,161 	Raw hypothesis: ['4', '1']
2020-05-04 20:27:22,161 	Source:     1 4
2020-05-04 20:27:22,162 	Reference:  4 1
2020-05-04 20:27:22,162 	Hypothesis: 4 1
2020-05-04 20:27:22,162 Validation result (greedy) at epoch  42, step      420: bleu: 100.00, loss:   1.3177, ppl:   1.0164, duration: 0.0461s
2020-05-04 20:27:23,365 Epoch  42: total training loss 0.19
2020-05-04 20:27:23,367 EPOCH 43
2020-05-04 20:27:23,549 Epoch  43 Step:      430 Batch Loss:     0.024293 Tokens per Sec:     2151, Lr: 0.001250
2020-05-04 20:27:23,582 Example #0
2020-05-04 20:27:23,582 	Raw source:     ['4']
2020-05-04 20:27:23,582 	Raw hypothesis: ['4']
2020-05-04 20:27:23,582 	Source:     4
2020-05-04 20:27:23,582 	Reference:  4
2020-05-04 20:27:23,582 	Hypothesis: 4
2020-05-04 20:27:23,582 Example #3
2020-05-04 20:27:23,582 	Raw source:     ['3', '4', '0', '3', '4']
2020-05-04 20:27:23,583 	Raw hypothesis: ['4', '3', '0', '4', '3']
2020-05-04 20:27:23,583 	Source:     3 4 0 3 4
2020-05-04 20:27:23,583 	Reference:  4 3 0 4 3
2020-05-04 20:27:23,583 	Hypothesis: 4 3 0 4 3
2020-05-04 20:27:23,583 Example #6
2020-05-04 20:27:23,584 	Raw source:     ['1', '4']
2020-05-04 20:27:23,584 	Raw hypothesis: ['4', '1']
2020-05-04 20:27:23,584 	Source:     1 4
2020-05-04 20:27:23,584 	Reference:  4 1
2020-05-04 20:27:23,584 	Hypothesis: 4 1
2020-05-04 20:27:23,584 Validation result (greedy) at epoch  43, step      430: bleu: 100.00, loss:   0.6521, ppl:   1.0081, duration: 0.0345s
2020-05-04 20:27:24,961 Epoch  43: total training loss 0.64
2020-05-04 20:27:24,963 EPOCH 44
2020-05-04 20:27:25,144 Epoch  44 Step:      440 Batch Loss:     0.006177 Tokens per Sec:     2156, Lr: 0.000625
2020-05-04 20:27:25,188 Example #0
2020-05-04 20:27:25,188 	Raw source:     ['4']
2020-05-04 20:27:25,188 	Raw hypothesis: ['4']
2020-05-04 20:27:25,188 	Source:     4
2020-05-04 20:27:25,188 	Reference:  4
2020-05-04 20:27:25,189 	Hypothesis: 4
2020-05-04 20:27:25,189 Example #3
2020-05-04 20:27:25,189 	Raw source:     ['3', '4', '0', '3', '4']
2020-05-04 20:27:25,189 	Raw hypothesis: ['4', '3', '0', '4', '3']
2020-05-04 20:27:25,189 	Source:     3 4 0 3 4
2020-05-04 20:27:25,189 	Reference:  4 3 0 4 3
2020-05-04 20:27:25,189 	Hypothesis: 4 3 0 4 3
2020-05-04 20:27:25,189 Example #6
2020-05-04 20:27:25,189 	Raw source:     ['1', '4']
2020-05-04 20:27:25,189 	Raw hypothesis: ['4', '1']
2020-05-04 20:27:25,189 	Source:     1 4
2020-05-04 20:27:25,190 	Reference:  4 1
2020-05-04 20:27:25,190 	Hypothesis: 4 1
2020-05-04 20:27:25,190 Validation result (greedy) at epoch  44, step      440: bleu: 100.00, loss:   0.4770, ppl:   1.0059, duration: 0.0452s
2020-05-04 20:27:26,387 Epoch  44: total training loss 0.15
2020-05-04 20:27:26,389 EPOCH 45
2020-05-04 20:27:26,580 Epoch  45 Step:      450 Batch Loss:     0.011599 Tokens per Sec:     2051, Lr: 0.000625
2020-05-04 20:27:26,633 Example #0
2020-05-04 20:27:26,633 	Raw source:     ['4']
2020-05-04 20:27:26,633 	Raw hypothesis: ['4']
2020-05-04 20:27:26,634 	Source:     4
2020-05-04 20:27:26,634 	Reference:  4
2020-05-04 20:27:26,634 	Hypothesis: 4
2020-05-04 20:27:26,634 Example #3
2020-05-04 20:27:26,634 	Raw source:     ['3', '4', '0', '3', '4']
2020-05-04 20:27:26,634 	Raw hypothesis: ['4', '3', '0', '4', '3']
2020-05-04 20:27:26,634 	Source:     3 4 0 3 4
2020-05-04 20:27:26,634 	Reference:  4 3 0 4 3
2020-05-04 20:27:26,635 	Hypothesis: 4 3 0 4 3
2020-05-04 20:27:26,635 Example #6
2020-05-04 20:27:26,635 	Raw source:     ['1', '4']
2020-05-04 20:27:26,635 	Raw hypothesis: ['4', '1']
2020-05-04 20:27:26,635 	Source:     1 4
2020-05-04 20:27:26,635 	Reference:  4 1
2020-05-04 20:27:26,636 	Hypothesis: 4 1
2020-05-04 20:27:26,636 Validation result (greedy) at epoch  45, step      450: bleu: 100.00, loss:   0.4006, ppl:   1.0050, duration: 0.0552s
2020-05-04 20:27:27,823 Epoch  45: total training loss 0.13
2020-05-04 20:27:27,825 EPOCH 46
2020-05-04 20:27:28,011 Epoch  46 Step:      460 Batch Loss:     0.005200 Tokens per Sec:     2105, Lr: 0.000625
2020-05-04 20:27:28,054 Example #0
2020-05-04 20:27:28,054 	Raw source:     ['4']
2020-05-04 20:27:28,055 	Raw hypothesis: ['4']
2020-05-04 20:27:28,055 	Source:     4
2020-05-04 20:27:28,055 	Reference:  4
2020-05-04 20:27:28,055 	Hypothesis: 4
2020-05-04 20:27:28,055 Example #3
2020-05-04 20:27:28,055 	Raw source:     ['3', '4', '0', '3', '4']
2020-05-04 20:27:28,055 	Raw hypothesis: ['4', '3', '0', '4', '3']
2020-05-04 20:27:28,055 	Source:     3 4 0 3 4
2020-05-04 20:27:28,055 	Reference:  4 3 0 4 3
2020-05-04 20:27:28,056 	Hypothesis: 4 3 0 4 3
2020-05-04 20:27:28,056 Example #6
2020-05-04 20:27:28,056 	Raw source:     ['1', '4']
2020-05-04 20:27:28,056 	Raw hypothesis: ['4', '1']
2020-05-04 20:27:28,056 	Source:     1 4
2020-05-04 20:27:28,056 	Reference:  4 1
2020-05-04 20:27:28,056 	Hypothesis: 4 1
2020-05-04 20:27:28,056 Validation result (greedy) at epoch  46, step      460: bleu: 100.00, loss:   0.3512, ppl:   1.0043, duration: 0.0455s
2020-05-04 20:27:29,427 Epoch  46: total training loss 0.45
2020-05-04 20:27:29,430 EPOCH 47
2020-05-04 20:27:29,678 Epoch  47 Step:      470 Batch Loss:     0.077444 Tokens per Sec:     1571, Lr: 0.000625
2020-05-04 20:27:29,728 Example #0
2020-05-04 20:27:29,729 	Raw source:     ['4']
2020-05-04 20:27:29,729 	Raw hypothesis: ['4']
2020-05-04 20:27:29,729 	Source:     4
2020-05-04 20:27:29,729 	Reference:  4
2020-05-04 20:27:29,729 	Hypothesis: 4
2020-05-04 20:27:29,729 Example #3
2020-05-04 20:27:29,730 	Raw source:     ['3', '4', '0', '3', '4']
2020-05-04 20:27:29,730 	Raw hypothesis: ['4', '3', '0', '4', '3']
2020-05-04 20:27:29,730 	Source:     3 4 0 3 4
2020-05-04 20:27:29,730 	Reference:  4 3 0 4 3
2020-05-04 20:27:29,730 	Hypothesis: 4 3 0 4 3
2020-05-04 20:27:29,731 Example #6
2020-05-04 20:27:29,731 	Raw source:     ['1', '4']
2020-05-04 20:27:29,731 	Raw hypothesis: ['4', '1']
2020-05-04 20:27:29,731 	Source:     1 4
2020-05-04 20:27:29,731 	Reference:  4 1
2020-05-04 20:27:29,731 	Hypothesis: 4 1
2020-05-04 20:27:29,731 Validation result (greedy) at epoch  47, step      470: bleu: 100.00, loss:   0.3703, ppl:   1.0046, duration: 0.0527s
2020-05-04 20:27:31,779 Epoch  47: total training loss 0.18
2020-05-04 20:27:31,784 EPOCH 48
2020-05-04 20:27:32,245 Epoch  48 Step:      480 Batch Loss:     0.031391 Tokens per Sec:      847, Lr: 0.000625
2020-05-04 20:27:32,336 Example #0
2020-05-04 20:27:32,343 	Raw source:     ['4']
2020-05-04 20:27:32,344 	Raw hypothesis: ['4']
2020-05-04 20:27:32,344 	Source:     4
2020-05-04 20:27:32,344 	Reference:  4
2020-05-04 20:27:32,345 	Hypothesis: 4
2020-05-04 20:27:32,345 Example #3
2020-05-04 20:27:32,345 	Raw source:     ['3', '4', '0', '3', '4']
2020-05-04 20:27:32,345 	Raw hypothesis: ['4', '3', '0', '4', '3']
2020-05-04 20:27:32,346 	Source:     3 4 0 3 4
2020-05-04 20:27:32,346 	Reference:  4 3 0 4 3
2020-05-04 20:27:32,346 	Hypothesis: 4 3 0 4 3
2020-05-04 20:27:32,346 Example #6
2020-05-04 20:27:32,346 	Raw source:     ['1', '4']
2020-05-04 20:27:32,347 	Raw hypothesis: ['4', '1']
2020-05-04 20:27:32,347 	Source:     1 4
2020-05-04 20:27:32,348 	Reference:  4 1
2020-05-04 20:27:32,348 	Hypothesis: 4 1
2020-05-04 20:27:32,351 Validation result (greedy) at epoch  48, step      480: bleu: 100.00, loss:   0.4174, ppl:   1.0052, duration: 0.1057s
2020-05-04 20:27:34,602 Epoch  48: total training loss 0.29
2020-05-04 20:27:34,604 EPOCH 49
2020-05-04 20:27:34,786 Epoch  49 Step:      490 Batch Loss:     0.012219 Tokens per Sec:     2152, Lr: 0.000625
2020-05-04 20:27:34,830 Example #0
2020-05-04 20:27:34,830 	Raw source:     ['4']
2020-05-04 20:27:34,830 	Raw hypothesis: ['4']
2020-05-04 20:27:34,830 	Source:     4
2020-05-04 20:27:34,830 	Reference:  4
2020-05-04 20:27:34,830 	Hypothesis: 4
2020-05-04 20:27:34,831 Example #3
2020-05-04 20:27:34,831 	Raw source:     ['3', '4', '0', '3', '4']
2020-05-04 20:27:34,831 	Raw hypothesis: ['4', '3', '0', '4', '3']
2020-05-04 20:27:34,831 	Source:     3 4 0 3 4
2020-05-04 20:27:34,831 	Reference:  4 3 0 4 3
2020-05-04 20:27:34,831 	Hypothesis: 4 3 0 4 3
2020-05-04 20:27:34,831 Example #6
2020-05-04 20:27:34,831 	Raw source:     ['1', '4']
2020-05-04 20:27:34,832 	Raw hypothesis: ['4', '1']
2020-05-04 20:27:34,832 	Source:     1 4
2020-05-04 20:27:34,832 	Reference:  4 1
2020-05-04 20:27:34,832 	Hypothesis: 4 1
2020-05-04 20:27:34,833 Validation result (greedy) at epoch  49, step      490: bleu: 100.00, loss:   0.3156, ppl:   1.0039, duration: 0.0461s
2020-05-04 20:27:36,009 Epoch  49: total training loss 0.14
2020-05-04 20:27:36,012 EPOCH 50
2020-05-04 20:27:36,190 Epoch  50 Step:      500 Batch Loss:     0.015046 Tokens per Sec:     2193, Lr: 0.000313
2020-05-04 20:27:36,229 Example #0
2020-05-04 20:27:36,230 	Raw source:     ['4']
2020-05-04 20:27:36,230 	Raw hypothesis: ['4']
2020-05-04 20:27:36,230 	Source:     4
2020-05-04 20:27:36,230 	Reference:  4
2020-05-04 20:27:36,230 	Hypothesis: 4
2020-05-04 20:27:36,230 Example #3
2020-05-04 20:27:36,230 	Raw source:     ['3', '4', '0', '3', '4']
2020-05-04 20:27:36,230 	Raw hypothesis: ['4', '3', '0', '4', '3']
2020-05-04 20:27:36,230 	Source:     3 4 0 3 4
2020-05-04 20:27:36,231 	Reference:  4 3 0 4 3
2020-05-04 20:27:36,231 	Hypothesis: 4 3 0 4 3
2020-05-04 20:27:36,231 Example #6
2020-05-04 20:27:36,231 	Raw source:     ['1', '4']
2020-05-04 20:27:36,231 	Raw hypothesis: ['4', '1']
2020-05-04 20:27:36,231 	Source:     1 4
2020-05-04 20:27:36,231 	Reference:  4 1
2020-05-04 20:27:36,231 	Hypothesis: 4 1
2020-05-04 20:27:36,231 Validation result (greedy) at epoch  50, step      500: bleu: 100.00, loss:   0.3216, ppl:   1.0040, duration: 0.0404s
2020-05-04 20:27:37,425 Epoch  50: total training loss 0.18
2020-05-04 20:27:37,429 Training ended after  50 epochs.
2020-05-04 20:27:37,429 Best validation result (greedy) at step      190: 100.00 eval_metric.
2020-05-04 20:27:37,515  dev bleu: 100.00 [Greedy decoding]
2020-05-04 20:27:37,521 Translations saved to: mini_reverse_100_20_20_5_5_model/00000190.hyps.dev
2020-05-04 20:27:37,569 test bleu:  89.93 [Greedy decoding]
2020-05-04 20:27:37,569 Translations saved to: mini_reverse_100_20_20_5_5_model/00000190.hyps.test
