2020-04-25 11:14:54,077 Hello! This is Joey-NMT.
2020-04-25 11:14:54,077 cfg.name                           : reverse_experiment
2020-04-25 11:14:54,077 cfg.data.src                       : src
2020-04-25 11:14:54,077 cfg.data.trg                       : trg
2020-04-25 11:14:54,078 cfg.data.train                     : test/data/mini_reverse/train
2020-04-25 11:14:54,078 cfg.data.dev                       : test/data/mini_reverse/dev
2020-04-25 11:14:54,078 cfg.data.test                      : test/data/mini_reverse/test
2020-04-25 11:14:54,078 cfg.data.level                     : word
2020-04-25 11:14:54,078 cfg.data.lowercase                 : False
2020-04-25 11:14:54,078 cfg.data.max_sent_length           : 25
2020-04-25 11:14:54,078 cfg.data.src_voc_min_freq          : 0
2020-04-25 11:14:54,079 cfg.data.src_voc_limit             : 100
2020-04-25 11:14:54,081 cfg.data.trg_voc_min_freq          : 0
2020-04-25 11:14:54,081 cfg.data.trg_voc_limit             : 100
2020-04-25 11:14:54,082 cfg.testing.beam_size              : 1
2020-04-25 11:14:54,082 cfg.testing.alpha                  : 1.0
2020-04-25 11:14:54,083 cfg.training.random_seed           : 42
2020-04-25 11:14:54,084 cfg.training.optimizer             : adam
2020-04-25 11:14:54,084 cfg.training.learning_rate         : 0.001
2020-04-25 11:14:54,084 cfg.training.learning_rate_min     : 0.0002
2020-04-25 11:14:54,084 cfg.training.weight_decay          : 0.0
2020-04-25 11:14:54,084 cfg.training.clip_grad_norm        : 1.0
2020-04-25 11:14:54,084 cfg.training.batch_size            : 10
2020-04-25 11:14:54,084 cfg.training.batch_type            : sentence
2020-04-25 11:14:54,084 cfg.training.scheduling            : plateau
2020-04-25 11:14:54,085 cfg.training.patience              : 5
2020-04-25 11:14:54,085 cfg.training.decrease_factor       : 0.5
2020-04-25 11:14:54,085 cfg.training.early_stopping_metric : eval_metric
2020-04-25 11:14:54,085 cfg.training.epochs                : 10
2020-04-25 11:14:54,085 cfg.training.validation_freq       : 10
2020-04-25 11:14:54,085 cfg.training.logging_freq          : 10
2020-04-25 11:14:54,085 cfg.training.eval_metric           : bleu
2020-04-25 11:14:54,085 cfg.training.model_dir             : mini_reverse_model
2020-04-25 11:14:54,086 cfg.training.overwrite             : True
2020-04-25 11:14:54,086 cfg.training.shuffle               : True
2020-04-25 11:14:54,086 cfg.training.use_cuda              : False
2020-04-25 11:14:54,086 cfg.training.max_output_length     : 10
2020-04-25 11:14:54,086 cfg.training.print_valid_sents     : [0, 3, 6]
2020-04-25 11:14:54,086 cfg.training.keep_last_ckpts       : 2
2020-04-25 11:14:54,086 cfg.model.initializer              : xavier
2020-04-25 11:14:54,086 cfg.model.embed_initializer        : normal
2020-04-25 11:14:54,086 cfg.model.embed_init_weight        : 0.1
2020-04-25 11:14:54,087 cfg.model.bias_initializer         : zeros
2020-04-25 11:14:54,087 cfg.model.init_rnn_orthogonal      : False
2020-04-25 11:14:54,087 cfg.model.lstm_forget_gate         : 0.0
2020-04-25 11:14:54,087 cfg.model.encoder.rnn_type         : lstm
2020-04-25 11:14:54,087 cfg.model.encoder.embeddings.embedding_dim : 16
2020-04-25 11:14:54,087 cfg.model.encoder.embeddings.scale : False
2020-04-25 11:14:54,087 cfg.model.encoder.hidden_size      : 24
2020-04-25 11:14:54,087 cfg.model.encoder.bidirectional    : True
2020-04-25 11:14:54,087 cfg.model.encoder.dropout          : 0.1
2020-04-25 11:14:54,088 cfg.model.encoder.num_layers       : 1
2020-04-25 11:14:54,088 cfg.model.decoder.rnn_type         : lstm
2020-04-25 11:14:54,088 cfg.model.decoder.embeddings.embedding_dim : 16
2020-04-25 11:14:54,088 cfg.model.decoder.embeddings.scale : False
2020-04-25 11:14:54,088 cfg.model.decoder.hidden_size      : 24
2020-04-25 11:14:54,088 cfg.model.decoder.dropout          : 0.1
2020-04-25 11:14:54,088 cfg.model.decoder.hidden_dropout   : 0.1
2020-04-25 11:14:54,088 cfg.model.decoder.num_layers       : 1
2020-04-25 11:14:54,088 cfg.model.decoder.input_feeding    : True
2020-04-25 11:14:54,089 cfg.model.decoder.init_hidden      : bridge
2020-04-25 11:14:54,089 cfg.model.decoder.attention        : luong
2020-04-25 11:14:54,089 cfg.dqn.epochs                     : 500
2020-04-25 11:14:54,089 cfg.dqn.sample_size                : 256
2020-04-25 11:14:54,089 cfg.dqn.lr                         : 5e-05
2020-04-25 11:14:54,089 cfg.dqn.egreed_max                 : 0.9
2020-04-25 11:14:54,089 cfg.dqn.egreed_min                 : 0.001
2020-04-25 11:14:54,089 cfg.dqn.gamma_max                  : 0.9
2020-04-25 11:14:54,090 cfg.dqn.gamma_min                  : 0.3
2020-04-25 11:14:54,090 cfg.dqn.nu_iter                    : 300
2020-04-25 11:14:54,090 cfg.dqn.mem_cap                    : 5000
2020-04-25 11:14:54,090 cfg.dqn.beam_min                   : 1
2020-04-25 11:14:54,090 cfg.dqn.beam_max                   : 50
2020-04-25 11:14:54,090 cfg.dqn.state_type                 : attention
2020-04-25 11:14:54,090 cfg.dqn.reward_type                : bleu_batch
2020-04-25 11:14:54,090 cfg.dqn.nu_pretrain                : 0
2020-04-25 11:14:54,091 cfg.dqn.other_descrip              : _100_LSTM_
2020-04-25 11:14:54,091 We are using the reward named: bleu_batch
2020-04-25 11:14:54,092 EPOCH 1
2020-04-25 11:14:54,093  beam_dqn : 1, egreed: 0.90, gamma:  0.84
2020-04-25 11:14:54,106 batch_size: 10
2020-04-25 11:14:54,161 batch_size: 10
2020-04-25 11:14:54,216 batch_size: 10
2020-04-25 11:14:54,266 batch_size: 10
2020-04-25 11:14:54,318 batch_size: 10
2020-04-25 11:14:54,358 batch_size: 10
2020-04-25 11:14:54,400 batch_size: 10
2020-04-25 11:14:54,423 batch_size: 10
2020-04-25 11:14:54,451 batch_size: 10
2020-04-25 11:14:54,494 batch_size: 10
2020-04-25 11:14:54,547 batch_size: 10
2020-04-25 11:14:54,613 batch_size: 10
2020-04-25 11:14:54,678 batch_size: 10
2020-04-25 11:14:54,724 batch_size: 10
2020-04-25 11:14:54,778 batch_size: 10
2020-04-25 11:14:54,818 batch_size: 10
2020-04-25 11:14:54,862 batch_size: 10
2020-04-25 11:14:54,914 batch_size: 10
2020-04-25 11:14:54,950 batch_size: 10
2020-04-25 11:14:54,996 batch_size: 10
2020-04-25 11:14:55,036 batch_size: 10
2020-04-25 11:14:55,090 batch_size: 10
2020-04-25 11:14:55,125 batch_size: 10
2020-04-25 11:14:55,157 batch_size: 10
2020-04-25 11:14:55,194 batch_size: 10
2020-04-25 11:14:55,236 batch_size: 10
2020-04-25 11:14:55,287 batch_size: 10
2020-04-25 11:14:55,323 batch_size: 10
2020-04-25 11:14:55,359 batch_size: 10
2020-04-25 11:14:55,394 batch_size: 10
2020-04-25 11:14:55,452 batch_size: 10
2020-04-25 11:14:55,513 batch_size: 10
2020-04-25 11:14:55,554 batch_size: 10
2020-04-25 11:14:55,607 batch_size: 10
2020-04-25 11:14:55,641 batch_size: 10
2020-04-25 11:14:55,685 batch_size: 10
2020-04-25 11:14:55,744 batch_size: 10
2020-04-25 11:14:55,794 batch_size: 10
2020-04-25 11:14:55,834 batch_size: 10
2020-04-25 11:14:55,866 batch_size: 10
2020-04-25 11:14:55,919 batch_size: 10
2020-04-25 11:14:55,967 batch_size: 10
2020-04-25 11:14:56,023 batch_size: 10
2020-04-25 11:14:56,054 batch_size: 10
2020-04-25 11:14:56,109 batch_size: 10
2020-04-25 11:14:56,161 batch_size: 10
2020-04-25 11:14:56,221 batch_size: 10
2020-04-25 11:14:56,254 batch_size: 10
2020-04-25 11:14:56,286 batch_size: 10
2020-04-25 11:14:56,332 batch_size: 10
2020-04-25 11:14:56,377 batch_size: 10
2020-04-25 11:14:56,410 batch_size: 10
2020-04-25 11:14:56,455 batch_size: 10
2020-04-25 11:14:56,508 batch_size: 10
2020-04-25 11:14:56,559 batch_size: 10
2020-04-25 11:14:56,591 batch_size: 10
2020-04-25 11:14:56,628 batch_size: 10
2020-04-25 11:14:56,660 batch_size: 10
2020-04-25 11:14:56,704 batch_size: 10
2020-04-25 11:14:56,734 batch_size: 10
2020-04-25 11:14:56,769 batch_size: 10
2020-04-25 11:14:56,812 batch_size: 10
2020-04-25 11:14:56,859 batch_size: 10
2020-04-25 11:14:56,896 batch_size: 10
2020-04-25 11:14:56,932 batch_size: 10
2020-04-25 11:14:56,983 batch_size: 10
2020-04-25 11:14:57,025 batch_size: 10
2020-04-25 11:14:57,096 batch_size: 10
2020-04-25 11:14:57,131 batch_size: 10
2020-04-25 11:14:57,167 batch_size: 10
2020-04-25 11:14:57,200 batch_size: 10
2020-04-25 11:14:57,240 batch_size: 10
2020-04-25 11:14:57,303 batch_size: 10
2020-04-25 11:14:57,357 batch_size: 10
2020-04-25 11:14:57,400 batch_size: 10
2020-04-25 11:14:57,444 batch_size: 10
2020-04-25 11:14:57,499 batch_size: 10
2020-04-25 11:14:57,536 batch_size: 10
2020-04-25 11:14:57,586 batch_size: 10
2020-04-25 11:14:57,639 batch_size: 10
2020-04-25 11:14:57,685 batch_size: 10
2020-04-25 11:14:57,725 batch_size: 10
2020-04-25 11:14:57,773 batch_size: 10
2020-04-25 11:14:57,810 batch_size: 10
2020-04-25 11:14:57,859 batch_size: 10
2020-04-25 11:14:57,895 batch_size: 10
2020-04-25 11:14:57,945 batch_size: 10
2020-04-25 11:14:57,995 batch_size: 10
2020-04-25 11:14:58,041 batch_size: 10
2020-04-25 11:14:58,098 batch_size: 10
2020-04-25 11:14:58,129 batch_size: 10
2020-04-25 11:14:58,165 batch_size: 10
2020-04-25 11:14:58,206 batch_size: 10
2020-04-25 11:14:58,249 batch_size: 10
2020-04-25 11:14:58,284 batch_size: 10
2020-04-25 11:14:58,329 batch_size: 10
2020-04-25 11:14:58,363 batch_size: 10
2020-04-25 11:14:58,403 batch_size: 10
2020-04-25 11:14:58,441 batch_size: 10
2020-04-25 11:14:58,480 batch_size: 10
2020-04-25 11:14:58,514 EPOCH 2
2020-04-25 11:14:58,515  beam_dqn : 1, egreed: 0.90, gamma:  0.84
2020-04-25 11:14:58,524 batch_size: 10
2020-04-25 11:14:58,571 batch_size: 10
2020-04-25 11:14:58,605 batch_size: 10
2020-04-25 11:14:58,650 batch_size: 10
2020-04-25 11:14:58,694 batch_size: 10
2020-04-25 11:14:58,725 batch_size: 10
2020-04-25 11:14:58,767 batch_size: 10
2020-04-25 11:14:58,798 batch_size: 10
2020-04-25 11:14:58,833 batch_size: 10
2020-04-25 11:14:58,868 batch_size: 10
2020-04-25 11:14:58,913 batch_size: 10
2020-04-25 11:14:58,963 batch_size: 10
2020-04-25 11:14:59,012 batch_size: 10
2020-04-25 11:14:59,044 batch_size: 10
2020-04-25 11:14:59,115 batch_size: 10
2020-04-25 11:14:59,153 batch_size: 10
2020-04-25 11:14:59,202 batch_size: 10
2020-04-25 11:14:59,259 batch_size: 10
2020-04-25 11:14:59,297 batch_size: 10
2020-04-25 11:14:59,340 batch_size: 10
2020-04-25 11:14:59,375 batch_size: 10
2020-04-25 11:14:59,420 batch_size: 10
2020-04-25 11:14:59,454 batch_size: 10
2020-04-25 11:14:59,486 batch_size: 10
2020-04-25 11:14:59,522 batch_size: 10
2020-04-25 11:14:59,561 batch_size: 10
2020-04-25 11:14:59,604 batch_size: 10
2020-04-25 11:14:59,636 batch_size: 10
2020-04-25 11:14:59,668 batch_size: 10
2020-04-25 11:14:59,705 batch_size: 10
2020-04-25 11:14:59,745 batch_size: 10
2020-04-25 11:14:59,789 batch_size: 10
2020-04-25 11:14:59,831 batch_size: 10
2020-04-25 11:14:59,895 batch_size: 10
2020-04-25 11:14:59,939 batch_size: 10
2020-04-25 11:14:59,985 batch_size: 10
2020-04-25 11:15:00,035 batch_size: 10
2020-04-25 11:15:00,095 batch_size: 10
2020-04-25 11:15:00,164 batch_size: 10
2020-04-25 11:15:00,197 batch_size: 10
2020-04-25 11:15:00,241 batch_size: 10
2020-04-25 11:15:00,271 batch_size: 10
2020-04-25 11:15:00,312 batch_size: 10
2020-04-25 11:15:00,348 batch_size: 10
2020-04-25 11:15:00,385 batch_size: 10
2020-04-25 11:15:00,421 batch_size: 10
2020-04-25 11:15:00,477 batch_size: 10
2020-04-25 11:15:00,521 batch_size: 10
2020-04-25 11:15:00,562 batch_size: 10
2020-04-25 11:15:00,611 batch_size: 10
2020-04-25 11:15:00,663 batch_size: 10
2020-04-25 11:15:00,698 batch_size: 10
2020-04-25 11:15:00,749 batch_size: 10
2020-04-25 11:15:00,795 batch_size: 10
2020-04-25 11:15:00,853 batch_size: 10
2020-04-25 11:15:00,890 batch_size: 10
2020-04-25 11:15:00,923 batch_size: 10
2020-04-25 11:15:00,961 batch_size: 10
2020-04-25 11:15:01,004 batch_size: 10
2020-04-25 11:15:01,038 batch_size: 10
2020-04-25 11:15:01,072 batch_size: 10
2020-04-25 11:15:01,137 batch_size: 10
2020-04-25 11:15:01,186 batch_size: 10
2020-04-25 11:15:01,223 batch_size: 10
2020-04-25 11:15:01,254 batch_size: 10
2020-04-25 11:15:01,298 batch_size: 10
2020-04-25 11:15:01,338 batch_size: 10
2020-04-25 11:15:01,388 batch_size: 10
2020-04-25 11:15:01,423 batch_size: 10
2020-04-25 11:15:01,459 batch_size: 10
2020-04-25 11:15:01,493 batch_size: 10
2020-04-25 11:15:01,528 batch_size: 10
2020-04-25 11:15:01,577 batch_size: 10
2020-04-25 11:15:01,623 batch_size: 10
2020-04-25 11:15:01,659 batch_size: 10
2020-04-25 11:15:01,708 batch_size: 10
2020-04-25 11:15:01,751 batch_size: 10
2020-04-25 11:15:01,785 batch_size: 10
2020-04-25 11:15:01,880 batch_size: 10
2020-04-25 11:15:01,932 batch_size: 10
2020-04-25 11:15:01,979 batch_size: 10
2020-04-25 11:15:02,020 batch_size: 10
2020-04-25 11:15:02,087 batch_size: 10
2020-04-25 11:15:02,128 batch_size: 10
2020-04-25 11:15:02,174 batch_size: 10
2020-04-25 11:15:02,204 batch_size: 10
2020-04-25 11:15:02,259 batch_size: 10
2020-04-25 11:15:02,305 batch_size: 10
2020-04-25 11:15:02,352 batch_size: 10
2020-04-25 11:15:02,395 batch_size: 10
2020-04-25 11:15:02,433 batch_size: 10
2020-04-25 11:15:02,473 batch_size: 10
2020-04-25 11:15:02,509 batch_size: 10
2020-04-25 11:15:02,560 batch_size: 10
2020-04-25 11:15:02,613 batch_size: 10
2020-04-25 11:15:02,656 batch_size: 10
2020-04-25 11:15:02,686 batch_size: 10
2020-04-25 11:15:02,720 batch_size: 10
2020-04-25 11:15:02,758 batch_size: 10
2020-04-25 11:15:02,791 batch_size: 10
2020-04-25 11:15:02,831 EPOCH 3
2020-04-25 11:15:02,831  beam_dqn : 1, egreed: 0.90, gamma:  0.84
2020-04-25 11:15:02,843 batch_size: 10
2020-04-25 11:15:02,894 batch_size: 10
2020-04-25 11:15:02,945 batch_size: 10
2020-04-25 11:15:03,021 batch_size: 10
2020-04-25 11:15:03,083 batch_size: 10
2020-04-25 11:15:03,122 batch_size: 10
2020-04-25 11:15:03,156 batch_size: 10
2020-04-25 11:15:03,196 batch_size: 10
2020-04-25 11:15:03,232 batch_size: 10
2020-04-25 11:15:03,274 batch_size: 10
2020-04-25 11:15:03,312 batch_size: 10
2020-04-25 11:15:03,351 batch_size: 10
2020-04-25 11:15:03,408 batch_size: 10
2020-04-25 11:15:03,452 batch_size: 10
2020-04-25 11:15:03,499 batch_size: 10
2020-04-25 11:15:03,538 batch_size: 10
2020-04-25 11:15:03,594 batch_size: 10
2020-04-25 11:15:03,651 batch_size: 10
2020-04-25 11:15:03,709 batch_size: 10
2020-04-25 11:15:03,753 batch_size: 10
2020-04-25 11:15:03,786 batch_size: 10
2020-04-25 11:15:03,832 batch_size: 10
2020-04-25 11:15:03,860 batch_size: 10
2020-04-25 11:15:03,893 batch_size: 10
2020-04-25 11:15:03,928 batch_size: 10
2020-04-25 11:15:03,962 batch_size: 10
2020-04-25 11:15:04,009 batch_size: 10
2020-04-25 11:15:04,041 batch_size: 10
2020-04-25 11:15:04,068 batch_size: 10
2020-04-25 11:15:04,104 batch_size: 10
2020-04-25 11:15:04,144 batch_size: 10
2020-04-25 11:15:04,185 batch_size: 10
2020-04-25 11:15:04,218 batch_size: 10
2020-04-25 11:15:04,269 batch_size: 10
2020-04-25 11:15:04,313 batch_size: 10
2020-04-25 11:15:04,364 batch_size: 10
2020-04-25 11:15:04,409 batch_size: 10
2020-04-25 11:15:04,454 batch_size: 10
2020-04-25 11:15:04,495 batch_size: 10
2020-04-25 11:15:04,534 batch_size: 10
2020-04-25 11:15:04,582 batch_size: 10
2020-04-25 11:15:04,614 batch_size: 10
2020-04-25 11:15:04,661 batch_size: 10
2020-04-25 11:15:04,695 batch_size: 10
2020-04-25 11:15:04,728 batch_size: 10
2020-04-25 11:15:04,765 batch_size: 10
2020-04-25 11:15:04,811 batch_size: 10
2020-04-25 11:15:04,845 batch_size: 10
2020-04-25 11:15:04,893 batch_size: 10
2020-04-25 11:15:04,935 batch_size: 10
2020-04-25 11:15:04,976 batch_size: 10
2020-04-25 11:15:05,008 batch_size: 10
2020-04-25 11:15:05,047 batch_size: 10
2020-04-25 11:15:05,092 batch_size: 10
2020-04-25 11:15:05,131 batch_size: 10
2020-04-25 11:15:05,164 batch_size: 10
2020-04-25 11:15:05,194 batch_size: 10
2020-04-25 11:15:05,228 batch_size: 10
2020-04-25 11:15:05,271 batch_size: 10
2020-04-25 11:15:05,298 batch_size: 10
2020-04-25 11:15:05,337 batch_size: 10
2020-04-25 11:15:05,386 batch_size: 10
2020-04-25 11:15:05,431 batch_size: 10
2020-04-25 11:15:05,469 batch_size: 10
2020-04-25 11:15:05,501 batch_size: 10
2020-04-25 11:15:05,541 batch_size: 10
2020-04-25 11:15:05,576 batch_size: 10
2020-04-25 11:15:05,619 batch_size: 10
2020-04-25 11:15:05,656 batch_size: 10
2020-04-25 11:15:05,689 batch_size: 10
2020-04-25 11:15:05,723 batch_size: 10
2020-04-25 11:15:05,752 batch_size: 10
2020-04-25 11:15:05,793 batch_size: 10
2020-04-25 11:15:05,831 batch_size: 10
2020-04-25 11:15:05,865 batch_size: 10
2020-04-25 11:15:05,905 batch_size: 10
2020-04-25 11:15:05,951 batch_size: 10
2020-04-25 11:15:05,994 batch_size: 10
2020-04-25 11:15:06,057 batch_size: 10
2020-04-25 11:15:06,090 batch_size: 10
2020-04-25 11:15:06,127 batch_size: 10
2020-04-25 11:15:06,159 batch_size: 10
2020-04-25 11:15:06,200 batch_size: 10
2020-04-25 11:15:06,233 batch_size: 10
2020-04-25 11:15:06,273 batch_size: 10
2020-04-25 11:15:06,307 batch_size: 10
2020-04-25 11:15:06,348 batch_size: 10
2020-04-25 11:15:06,386 batch_size: 10
2020-04-25 11:15:06,430 batch_size: 10
2020-04-25 11:15:06,467 batch_size: 10
2020-04-25 11:15:06,495 batch_size: 10
2020-04-25 11:15:06,524 batch_size: 10
2020-04-25 11:15:06,555 batch_size: 10
2020-04-25 11:15:06,601 batch_size: 10
2020-04-25 11:15:06,636 batch_size: 10
2020-04-25 11:15:06,679 batch_size: 10
2020-04-25 11:15:06,709 batch_size: 10
2020-04-25 11:15:06,742 batch_size: 10
2020-04-25 11:15:06,776 batch_size: 10
2020-04-25 11:15:06,816 batch_size: 10
2020-04-25 11:15:06,858 EPOCH 4
2020-04-25 11:15:06,858  beam_dqn : 1, egreed: 0.90, gamma:  0.84
2020-04-25 11:15:06,869 batch_size: 10
2020-04-25 11:15:06,905 batch_size: 10
2020-04-25 11:15:06,947 batch_size: 10
2020-04-25 11:15:06,988 batch_size: 10
2020-04-25 11:15:07,025 batch_size: 10
2020-04-25 11:15:07,060 batch_size: 10
2020-04-25 11:15:07,091 batch_size: 10
2020-04-25 11:15:07,130 batch_size: 10
2020-04-25 11:15:07,174 batch_size: 10
2020-04-25 11:15:07,232 batch_size: 10
2020-04-25 11:15:07,277 batch_size: 10
2020-04-25 11:15:07,322 batch_size: 10
2020-04-25 11:15:07,361 batch_size: 10
2020-04-25 11:15:07,392 batch_size: 10
2020-04-25 11:15:07,434 batch_size: 10
2020-04-25 11:15:07,468 batch_size: 10
2020-04-25 11:15:07,519 batch_size: 10
2020-04-25 11:15:07,566 batch_size: 10
2020-04-25 11:15:07,598 batch_size: 10
2020-04-25 11:15:07,636 batch_size: 10
2020-04-25 11:15:07,668 batch_size: 10
2020-04-25 11:15:07,712 batch_size: 10
2020-04-25 11:15:07,746 batch_size: 10
2020-04-25 11:15:07,788 batch_size: 10
2020-04-25 11:15:07,825 batch_size: 10
2020-04-25 11:15:07,862 batch_size: 10
2020-04-25 11:15:07,911 batch_size: 10
2020-04-25 11:15:07,943 batch_size: 10
2020-04-25 11:15:07,976 batch_size: 10
2020-04-25 11:15:08,017 batch_size: 10
2020-04-25 11:15:08,065 batch_size: 10
2020-04-25 11:15:08,108 batch_size: 10
2020-04-25 11:15:08,139 batch_size: 10
2020-04-25 11:15:08,181 batch_size: 10
2020-04-25 11:15:08,215 batch_size: 10
2020-04-25 11:15:08,251 batch_size: 10
2020-04-25 11:15:08,297 batch_size: 10
2020-04-25 11:15:08,340 batch_size: 10
2020-04-25 11:15:08,399 batch_size: 10
2020-04-25 11:15:08,435 batch_size: 10
2020-04-25 11:15:08,477 batch_size: 10
2020-04-25 11:15:08,515 batch_size: 10
2020-04-25 11:15:08,550 batch_size: 10
2020-04-25 11:15:08,583 batch_size: 10
2020-04-25 11:15:08,616 batch_size: 10
2020-04-25 11:15:08,650 batch_size: 10
2020-04-25 11:15:08,692 batch_size: 10
2020-04-25 11:15:08,726 batch_size: 10
2020-04-25 11:15:08,761 batch_size: 10
2020-04-25 11:15:08,809 batch_size: 10
2020-04-25 11:15:08,859 batch_size: 10
2020-04-25 11:15:08,892 batch_size: 10
2020-04-25 11:15:08,935 batch_size: 10
2020-04-25 11:15:08,983 batch_size: 10
2020-04-25 11:15:09,032 batch_size: 10
2020-04-25 11:15:09,067 batch_size: 10
2020-04-25 11:15:09,098 batch_size: 10
2020-04-25 11:15:09,134 batch_size: 10
2020-04-25 11:15:09,175 batch_size: 10
2020-04-25 11:15:09,213 batch_size: 10
2020-04-25 11:15:09,248 batch_size: 10
2020-04-25 11:15:09,293 batch_size: 10
2020-04-25 11:15:09,340 batch_size: 10
2020-04-25 11:15:09,374 batch_size: 10
2020-04-25 11:15:09,406 batch_size: 10
2020-04-25 11:15:09,447 batch_size: 10
2020-04-25 11:15:09,481 batch_size: 10
2020-04-25 11:15:09,534 batch_size: 10
2020-04-25 11:15:09,572 batch_size: 10
2020-04-25 11:15:09,609 batch_size: 10
2020-04-25 11:15:09,642 batch_size: 10
2020-04-25 11:15:09,676 batch_size: 10
2020-04-25 11:15:09,716 batch_size: 10
2020-04-25 11:15:09,758 batch_size: 10
2020-04-25 11:15:09,794 batch_size: 10
2020-04-25 11:15:09,841 batch_size: 10
2020-04-25 11:15:09,890 batch_size: 10
2020-04-25 11:15:09,926 batch_size: 10
2020-04-25 11:15:09,973 batch_size: 10
2020-04-25 11:15:10,028 batch_size: 10
2020-04-25 11:15:10,077 batch_size: 10
2020-04-25 11:15:10,133 batch_size: 10
2020-04-25 11:15:10,201 batch_size: 10
2020-04-25 11:15:10,233 batch_size: 10
2020-04-25 11:15:10,274 batch_size: 10
2020-04-25 11:15:10,308 batch_size: 10
2020-04-25 11:15:10,350 batch_size: 10
2020-04-25 11:15:10,398 batch_size: 10
2020-04-25 11:15:10,447 batch_size: 10
2020-04-25 11:15:10,487 batch_size: 10
2020-04-25 11:15:10,519 batch_size: 10
2020-04-25 11:15:10,551 batch_size: 10
2020-04-25 11:15:10,587 batch_size: 10
2020-04-25 11:15:10,629 batch_size: 10
2020-04-25 11:15:10,665 batch_size: 10
2020-04-25 11:15:10,721 batch_size: 10
2020-04-25 11:15:10,761 batch_size: 10
2020-04-25 11:15:10,797 batch_size: 10
2020-04-25 11:15:10,834 batch_size: 10
2020-04-25 11:15:10,860 batch_size: 10
2020-04-25 11:15:10,897 EPOCH 5
2020-04-25 11:15:10,897  beam_dqn : 1, egreed: 0.90, gamma:  0.84
2020-04-25 11:15:10,906 batch_size: 10
2020-04-25 11:15:10,947 batch_size: 10
2020-04-25 11:15:10,994 batch_size: 10
2020-04-25 11:15:11,041 batch_size: 10
2020-04-25 11:15:11,096 batch_size: 10
2020-04-25 11:15:11,119 batch_size: 10
2020-04-25 11:15:11,148 batch_size: 10
2020-04-25 11:15:11,174 batch_size: 10
2020-04-25 11:15:11,206 batch_size: 10
2020-04-25 11:15:11,246 batch_size: 10
2020-04-25 11:15:11,281 batch_size: 10
2020-04-25 11:15:11,330 batch_size: 10
2020-04-25 11:15:11,379 batch_size: 10
2020-04-25 11:15:11,415 batch_size: 10
2020-04-25 11:15:11,462 batch_size: 10
2020-04-25 11:15:11,498 batch_size: 10
2020-04-25 11:15:11,543 batch_size: 10
2020-04-25 11:15:11,585 batch_size: 10
2020-04-25 11:15:11,617 batch_size: 10
2020-04-25 11:15:11,664 batch_size: 10
2020-04-25 11:15:11,701 batch_size: 10
2020-04-25 11:15:11,758 batch_size: 10
2020-04-25 11:15:11,791 batch_size: 10
2020-04-25 11:15:11,825 batch_size: 10
2020-04-25 11:15:11,851 batch_size: 10
2020-04-25 11:15:11,890 batch_size: 10
2020-04-25 11:15:11,934 batch_size: 10
2020-04-25 11:15:11,977 batch_size: 10
2020-04-25 11:15:12,015 batch_size: 10
2020-04-25 11:15:12,057 batch_size: 10
2020-04-25 11:15:12,100 batch_size: 10
2020-04-25 11:15:12,139 batch_size: 10
2020-04-25 11:15:12,172 batch_size: 10
2020-04-25 11:15:12,214 batch_size: 10
2020-04-25 11:15:12,250 batch_size: 10
2020-04-25 11:15:12,307 batch_size: 10
2020-04-25 11:15:12,350 batch_size: 10
2020-04-25 11:15:12,390 batch_size: 10
2020-04-25 11:15:12,424 batch_size: 10
2020-04-25 11:15:12,458 batch_size: 10
2020-04-25 11:15:12,496 batch_size: 10
2020-04-25 11:15:12,532 batch_size: 10
2020-04-25 11:15:12,577 batch_size: 10
2020-04-25 11:15:12,610 batch_size: 10
2020-04-25 11:15:12,641 batch_size: 10
2020-04-25 11:15:12,673 batch_size: 10
2020-04-25 11:15:12,711 batch_size: 10
2020-04-25 11:15:12,753 batch_size: 10
2020-04-25 11:15:12,782 batch_size: 10
2020-04-25 11:15:12,823 batch_size: 10
2020-04-25 11:15:12,867 batch_size: 10
2020-04-25 11:15:12,903 batch_size: 10
2020-04-25 11:15:12,952 batch_size: 10
2020-04-25 11:15:12,994 batch_size: 10
2020-04-25 11:15:13,040 batch_size: 10
2020-04-25 11:15:13,070 batch_size: 10
2020-04-25 11:15:13,101 batch_size: 10
2020-04-25 11:15:13,137 batch_size: 10
2020-04-25 11:15:13,191 batch_size: 10
2020-04-25 11:15:13,230 batch_size: 10
2020-04-25 11:15:13,262 batch_size: 10
2020-04-25 11:15:13,303 batch_size: 10
2020-04-25 11:15:13,340 batch_size: 10
2020-04-25 11:15:13,370 batch_size: 10
2020-04-25 11:15:13,399 batch_size: 10
2020-04-25 11:15:13,433 batch_size: 10
2020-04-25 11:15:13,461 batch_size: 10
2020-04-25 11:15:13,505 batch_size: 10
2020-04-25 11:15:13,546 batch_size: 10
2020-04-25 11:15:13,581 batch_size: 10
2020-04-25 11:15:13,609 batch_size: 10
2020-04-25 11:15:13,646 batch_size: 10
2020-04-25 11:15:13,689 batch_size: 10
2020-04-25 11:15:13,729 batch_size: 10
2020-04-25 11:15:13,770 batch_size: 10
2020-04-25 11:15:13,821 batch_size: 10
2020-04-25 11:15:13,862 batch_size: 10
2020-04-25 11:15:13,897 batch_size: 10
2020-04-25 11:15:13,940 batch_size: 10
2020-04-25 11:15:13,987 batch_size: 10
2020-04-25 11:15:14,034 batch_size: 10
2020-04-25 11:15:14,069 batch_size: 10
2020-04-25 11:15:14,109 batch_size: 10
2020-04-25 11:15:14,142 batch_size: 10
2020-04-25 11:15:14,175 batch_size: 10
2020-04-25 11:15:14,202 batch_size: 10
2020-04-25 11:15:14,242 batch_size: 10
2020-04-25 11:15:14,280 batch_size: 10
2020-04-25 11:15:14,319 batch_size: 10
2020-04-25 11:15:14,365 batch_size: 10
2020-04-25 11:15:14,402 batch_size: 10
2020-04-25 11:15:14,431 batch_size: 10
2020-04-25 11:15:14,457 batch_size: 10
2020-04-25 11:15:14,490 batch_size: 10
2020-04-25 11:15:14,530 batch_size: 10
2020-04-25 11:15:14,578 batch_size: 10
2020-04-25 11:15:14,615 batch_size: 10
2020-04-25 11:15:14,657 batch_size: 10
2020-04-25 11:15:14,695 batch_size: 10
2020-04-25 11:15:14,733 batch_size: 10
2020-04-25 11:15:14,772 EPOCH 6
2020-04-25 11:15:14,773  beam_dqn : 1, egreed: 0.89, gamma:  0.84
2020-04-25 11:15:14,782 batch_size: 10
2020-04-25 11:15:14,829 batch_size: 10
2020-04-25 11:15:14,872 batch_size: 10
2020-04-25 11:15:14,910 batch_size: 10
2020-04-25 11:15:14,963 batch_size: 10
2020-04-25 11:15:14,995 batch_size: 10
2020-04-25 11:15:15,034 batch_size: 10
2020-04-25 11:15:15,069 batch_size: 10
2020-04-25 11:15:15,102 batch_size: 10
2020-04-25 11:15:15,150 batch_size: 10
2020-04-25 11:15:15,196 batch_size: 10
2020-04-25 11:15:15,238 batch_size: 10
2020-04-25 11:15:15,279 batch_size: 10
2020-04-25 11:15:15,309 batch_size: 10
2020-04-25 11:15:15,353 batch_size: 10
2020-04-25 11:15:15,388 batch_size: 10
2020-04-25 11:15:15,430 batch_size: 10
2020-04-25 11:15:15,477 batch_size: 10
2020-04-25 11:15:15,521 batch_size: 10
2020-04-25 11:15:15,571 batch_size: 10
2020-04-25 11:15:15,617 batch_size: 10
2020-04-25 11:15:15,659 batch_size: 10
2020-04-25 11:15:15,692 batch_size: 10
2020-04-25 11:15:15,722 batch_size: 10
2020-04-25 11:15:15,760 batch_size: 10
2020-04-25 11:15:15,800 batch_size: 10
2020-04-25 11:15:15,840 batch_size: 10
2020-04-25 11:15:15,873 batch_size: 10
2020-04-25 11:15:15,907 batch_size: 10
2020-04-25 11:15:15,932 batch_size: 10
2020-04-25 11:15:15,976 batch_size: 10
2020-04-25 11:15:16,027 batch_size: 10
2020-04-25 11:15:16,064 batch_size: 10
2020-04-25 11:15:16,113 batch_size: 10
2020-04-25 11:15:16,149 batch_size: 10
2020-04-25 11:15:16,201 batch_size: 10
2020-04-25 11:15:16,249 batch_size: 10
2020-04-25 11:15:16,293 batch_size: 10
2020-04-25 11:15:16,336 batch_size: 10
2020-04-25 11:15:16,370 batch_size: 10
2020-04-25 11:15:16,412 batch_size: 10
2020-04-25 11:15:16,446 batch_size: 10
2020-04-25 11:15:16,487 batch_size: 10
2020-04-25 11:15:16,522 batch_size: 10
2020-04-25 11:15:16,555 batch_size: 10
2020-04-25 11:15:16,593 batch_size: 10
2020-04-25 11:15:16,638 batch_size: 10
2020-04-25 11:15:16,674 batch_size: 10
2020-04-25 11:15:16,710 batch_size: 10
2020-04-25 11:15:16,756 batch_size: 10
2020-04-25 11:15:16,807 batch_size: 10
2020-04-25 11:15:16,845 batch_size: 10
2020-04-25 11:15:16,885 batch_size: 10
2020-04-25 11:15:16,928 batch_size: 10
2020-04-25 11:15:16,976 batch_size: 10
2020-04-25 11:15:17,010 batch_size: 10
2020-04-25 11:15:17,045 batch_size: 10
2020-04-25 11:15:17,080 batch_size: 10
2020-04-25 11:15:17,122 batch_size: 10
2020-04-25 11:15:17,156 batch_size: 10
2020-04-25 11:15:17,188 batch_size: 10
2020-04-25 11:15:17,234 batch_size: 10
2020-04-25 11:15:17,279 batch_size: 10
2020-04-25 11:15:17,310 batch_size: 10
2020-04-25 11:15:17,342 batch_size: 10
2020-04-25 11:15:17,401 batch_size: 10
2020-04-25 11:15:17,435 batch_size: 10
2020-04-25 11:15:17,476 batch_size: 10
2020-04-25 11:15:17,511 batch_size: 10
2020-04-25 11:15:17,540 batch_size: 10
2020-04-25 11:15:17,575 batch_size: 10
2020-04-25 11:15:17,607 batch_size: 10
2020-04-25 11:15:17,643 batch_size: 10
2020-04-25 11:15:17,677 batch_size: 10
2020-04-25 11:15:17,707 batch_size: 10
2020-04-25 11:15:17,747 batch_size: 10
2020-04-25 11:15:17,783 batch_size: 10
2020-04-25 11:15:17,814 batch_size: 10
2020-04-25 11:15:17,853 batch_size: 10
2020-04-25 11:15:17,892 batch_size: 10
2020-04-25 11:15:17,927 batch_size: 10
2020-04-25 11:15:17,965 batch_size: 10
2020-04-25 11:15:18,027 batch_size: 10
2020-04-25 11:15:18,061 batch_size: 10
2020-04-25 11:15:18,101 batch_size: 10
2020-04-25 11:15:18,130 batch_size: 10
2020-04-25 11:15:18,173 batch_size: 10
2020-04-25 11:15:18,216 batch_size: 10
2020-04-25 11:15:18,261 batch_size: 10
2020-04-25 11:15:18,300 batch_size: 10
2020-04-25 11:15:18,329 batch_size: 10
2020-04-25 11:15:18,362 batch_size: 10
2020-04-25 11:15:18,392 batch_size: 10
2020-04-25 11:15:18,433 batch_size: 10
2020-04-25 11:15:18,459 batch_size: 10
2020-04-25 11:15:18,497 batch_size: 10
2020-04-25 11:15:18,526 batch_size: 10
2020-04-25 11:15:18,564 batch_size: 10
2020-04-25 11:15:18,628 batch_size: 10
2020-04-25 11:15:18,660 batch_size: 10
2020-04-25 11:15:18,704 EPOCH 7
2020-04-25 11:15:18,705  beam_dqn : 1, egreed: 0.89, gamma:  0.84
2020-04-25 11:15:18,714 batch_size: 10
2020-04-25 11:15:18,755 batch_size: 10
2020-04-25 11:15:18,815 batch_size: 10
2020-04-25 11:15:18,860 batch_size: 10
2020-04-25 11:15:18,911 batch_size: 10
2020-04-25 11:15:18,943 batch_size: 10
2020-04-25 11:15:18,982 batch_size: 10
2020-04-25 11:15:19,017 batch_size: 10
2020-04-25 11:15:19,048 batch_size: 10
2020-04-25 11:15:19,087 batch_size: 10
2020-04-25 11:15:19,133 batch_size: 10
2020-04-25 11:15:19,190 batch_size: 10
2020-04-25 11:15:19,246 batch_size: 10
2020-04-25 11:15:19,280 batch_size: 10
2020-04-25 11:15:19,324 batch_size: 10
2020-04-25 11:15:19,362 batch_size: 10
2020-04-25 11:15:19,401 batch_size: 10
2020-04-25 11:15:19,447 batch_size: 10
2020-04-25 11:15:19,480 batch_size: 10
2020-04-25 11:15:19,527 batch_size: 10
2020-04-25 11:15:19,559 batch_size: 10
2020-04-25 11:15:19,605 batch_size: 10
2020-04-25 11:15:19,642 batch_size: 10
2020-04-25 11:15:19,676 batch_size: 10
2020-04-25 11:15:19,711 batch_size: 10
2020-04-25 11:15:19,744 batch_size: 10
2020-04-25 11:15:19,790 batch_size: 10
2020-04-25 11:15:19,824 batch_size: 10
2020-04-25 11:15:19,859 batch_size: 10
2020-04-25 11:15:19,892 batch_size: 10
2020-04-25 11:15:19,938 batch_size: 10
2020-04-25 11:15:19,980 batch_size: 10
2020-04-25 11:15:20,011 batch_size: 10
2020-04-25 11:15:20,051 batch_size: 10
2020-04-25 11:15:20,084 batch_size: 10
2020-04-25 11:15:20,124 batch_size: 10
2020-04-25 11:15:20,166 batch_size: 10
2020-04-25 11:15:20,210 batch_size: 10
2020-04-25 11:15:20,253 batch_size: 10
2020-04-25 11:15:20,286 batch_size: 10
2020-04-25 11:15:20,331 batch_size: 10
2020-04-25 11:15:20,365 batch_size: 10
2020-04-25 11:15:20,422 batch_size: 10
2020-04-25 11:15:20,457 batch_size: 10
2020-04-25 11:15:20,489 batch_size: 10
2020-04-25 11:15:20,523 batch_size: 10
2020-04-25 11:15:20,569 batch_size: 10
2020-04-25 11:15:20,604 batch_size: 10
2020-04-25 11:15:20,638 batch_size: 10
2020-04-25 11:15:20,686 batch_size: 10
2020-04-25 11:15:20,732 batch_size: 10
2020-04-25 11:15:20,768 batch_size: 10
2020-04-25 11:15:20,808 batch_size: 10
2020-04-25 11:15:20,859 batch_size: 10
2020-04-25 11:15:20,922 batch_size: 10
2020-04-25 11:15:20,995 batch_size: 10
2020-04-25 11:15:21,030 batch_size: 10
2020-04-25 11:15:21,062 batch_size: 10
2020-04-25 11:15:21,096 batch_size: 10
2020-04-25 11:15:21,126 batch_size: 10
2020-04-25 11:15:21,162 batch_size: 10
2020-04-25 11:15:21,204 batch_size: 10
2020-04-25 11:15:21,250 batch_size: 10
2020-04-25 11:15:21,283 batch_size: 10
2020-04-25 11:15:21,317 batch_size: 10
2020-04-25 11:15:21,359 batch_size: 10
2020-04-25 11:15:21,398 batch_size: 10
2020-04-25 11:15:21,439 batch_size: 10
2020-04-25 11:15:21,473 batch_size: 10
2020-04-25 11:15:21,503 batch_size: 10
2020-04-25 11:15:21,540 batch_size: 10
2020-04-25 11:15:21,604 batch_size: 10
2020-04-25 11:15:21,656 batch_size: 10
2020-04-25 11:15:21,707 batch_size: 10
2020-04-25 11:15:21,738 batch_size: 10
2020-04-25 11:15:21,778 batch_size: 10
2020-04-25 11:15:21,821 batch_size: 10
2020-04-25 11:15:21,852 batch_size: 10
2020-04-25 11:15:21,893 batch_size: 10
2020-04-25 11:15:21,932 batch_size: 10
2020-04-25 11:15:21,984 batch_size: 10
2020-04-25 11:15:22,033 batch_size: 10
2020-04-25 11:15:22,080 batch_size: 10
2020-04-25 11:15:22,115 batch_size: 10
2020-04-25 11:15:22,153 batch_size: 10
2020-04-25 11:15:22,187 batch_size: 10
2020-04-25 11:15:22,228 batch_size: 10
2020-04-25 11:15:22,285 batch_size: 10
2020-04-25 11:15:22,334 batch_size: 10
2020-04-25 11:15:22,371 batch_size: 10
2020-04-25 11:15:22,401 batch_size: 10
2020-04-25 11:15:22,432 batch_size: 10
2020-04-25 11:15:22,466 batch_size: 10
2020-04-25 11:15:22,508 batch_size: 10
2020-04-25 11:15:22,539 batch_size: 10
2020-04-25 11:15:22,582 batch_size: 10
2020-04-25 11:15:22,614 batch_size: 10
2020-04-25 11:15:22,643 batch_size: 10
2020-04-25 11:15:22,672 batch_size: 10
2020-04-25 11:15:22,702 batch_size: 10
2020-04-25 11:15:22,737 EPOCH 8
2020-04-25 11:15:22,738  beam_dqn : 1, egreed: 0.89, gamma:  0.84
2020-04-25 11:15:22,748 batch_size: 10
2020-04-25 11:15:22,785 batch_size: 10
2020-04-25 11:15:22,826 batch_size: 10
2020-04-25 11:15:22,880 batch_size: 10
2020-04-25 11:15:22,925 batch_size: 10
2020-04-25 11:15:22,957 batch_size: 10
2020-04-25 11:15:22,991 batch_size: 10
2020-04-25 11:15:23,021 batch_size: 10
2020-04-25 11:15:23,051 batch_size: 10
2020-04-25 11:15:23,110 batch_size: 10
2020-04-25 11:15:23,168 batch_size: 10
2020-04-25 11:15:23,220 batch_size: 10
2020-04-25 11:15:23,276 batch_size: 10
2020-04-25 11:15:23,316 batch_size: 10
2020-04-25 11:15:23,367 batch_size: 10
2020-04-25 11:15:23,409 batch_size: 10
2020-04-25 11:15:23,460 batch_size: 10
2020-04-25 11:15:23,521 batch_size: 10
2020-04-25 11:15:23,559 batch_size: 10
2020-04-25 11:15:23,612 batch_size: 10
2020-04-25 11:15:23,654 batch_size: 10
2020-04-25 11:15:23,702 batch_size: 10
2020-04-25 11:15:23,741 batch_size: 10
2020-04-25 11:15:23,781 batch_size: 10
2020-04-25 11:15:23,827 batch_size: 10
2020-04-25 11:15:23,869 batch_size: 10
2020-04-25 11:15:23,933 batch_size: 10
2020-04-25 11:15:23,969 batch_size: 10
2020-04-25 11:15:24,004 batch_size: 10
2020-04-25 11:15:24,046 batch_size: 10
2020-04-25 11:15:24,112 batch_size: 10
2020-04-25 11:15:24,176 batch_size: 10
2020-04-25 11:15:24,221 batch_size: 10
2020-04-25 11:15:24,273 batch_size: 10
2020-04-25 11:15:24,319 batch_size: 10
2020-04-25 11:15:24,377 batch_size: 10
2020-04-25 11:15:24,432 batch_size: 10
2020-04-25 11:15:24,485 batch_size: 10
2020-04-25 11:15:24,534 batch_size: 10
2020-04-25 11:15:24,586 batch_size: 10
2020-04-25 11:15:24,632 batch_size: 10
2020-04-25 11:15:24,669 batch_size: 10
2020-04-25 11:15:24,727 batch_size: 10
2020-04-25 11:15:24,772 batch_size: 10
2020-04-25 11:15:24,816 batch_size: 10
2020-04-25 11:15:24,856 batch_size: 10
2020-04-25 11:15:24,906 batch_size: 10
2020-04-25 11:15:24,941 batch_size: 10
2020-04-25 11:15:24,983 batch_size: 10
2020-04-25 11:15:25,043 batch_size: 10
2020-04-25 11:15:25,101 batch_size: 10
2020-04-25 11:15:25,141 batch_size: 10
2020-04-25 11:15:25,188 batch_size: 10
2020-04-25 11:15:25,235 batch_size: 10
2020-04-25 11:15:25,284 batch_size: 10
2020-04-25 11:15:25,329 batch_size: 10
2020-04-25 11:15:25,378 batch_size: 10
2020-04-25 11:15:25,420 batch_size: 10
2020-04-25 11:15:25,468 batch_size: 10
2020-04-25 11:15:25,538 batch_size: 10
2020-04-25 11:15:25,576 batch_size: 10
2020-04-25 11:15:25,637 batch_size: 10
2020-04-25 11:15:25,686 batch_size: 10
2020-04-25 11:15:25,722 batch_size: 10
2020-04-25 11:15:25,760 batch_size: 10
2020-04-25 11:15:25,805 batch_size: 10
2020-04-25 11:15:25,840 batch_size: 10
2020-04-25 11:15:25,937 batch_size: 10
2020-04-25 11:15:25,976 batch_size: 10
2020-04-25 11:15:26,016 batch_size: 10
2020-04-25 11:15:26,060 batch_size: 10
2020-04-25 11:15:26,103 batch_size: 10
2020-04-25 11:15:26,152 batch_size: 10
2020-04-25 11:15:26,198 batch_size: 10
2020-04-25 11:15:26,256 batch_size: 10
2020-04-25 11:15:26,358 batch_size: 10
2020-04-25 11:15:26,483 batch_size: 10
2020-04-25 11:15:26,590 batch_size: 10
2020-04-25 11:15:26,711 batch_size: 10
2020-04-25 11:15:26,934 batch_size: 10
2020-04-25 11:15:27,092 batch_size: 10
2020-04-25 11:15:27,198 batch_size: 10
2020-04-25 11:15:27,349 batch_size: 10
2020-04-25 11:15:27,431 batch_size: 10
2020-04-25 11:15:27,538 batch_size: 10
2020-04-25 11:15:27,619 batch_size: 10
2020-04-25 11:15:27,713 batch_size: 10
2020-04-25 11:15:27,827 batch_size: 10
2020-04-25 11:15:27,935 batch_size: 10
2020-04-25 11:15:28,055 batch_size: 10
2020-04-25 11:15:28,135 batch_size: 10
2020-04-25 11:15:28,205 batch_size: 10
2020-04-25 11:15:28,283 batch_size: 10
2020-04-25 11:15:28,367 batch_size: 10
2020-04-25 11:15:28,430 batch_size: 10
2020-04-25 11:15:28,512 batch_size: 10
2020-04-25 11:15:28,600 batch_size: 10
2020-04-25 11:15:28,671 batch_size: 10
2020-04-25 11:15:28,737 batch_size: 10
2020-04-25 11:15:28,821 batch_size: 10
2020-04-25 11:15:28,901 EPOCH 9
2020-04-25 11:15:28,909  beam_dqn : 1, egreed: 0.89, gamma:  0.84
2020-04-25 11:15:28,931 batch_size: 10
2020-04-25 11:15:29,024 batch_size: 10
2020-04-25 11:15:29,137 batch_size: 10
2020-04-25 11:15:29,214 batch_size: 10
2020-04-25 11:15:29,291 batch_size: 10
2020-04-25 11:15:29,340 batch_size: 10
2020-04-25 11:15:29,384 batch_size: 10
2020-04-25 11:15:29,437 batch_size: 10
2020-04-25 11:15:29,490 batch_size: 10
2020-04-25 11:15:29,555 batch_size: 10
2020-04-25 11:15:29,619 batch_size: 10
2020-04-25 11:15:29,675 batch_size: 10
2020-04-25 11:15:29,756 batch_size: 10
2020-04-25 11:15:29,811 batch_size: 10
2020-04-25 11:15:29,876 batch_size: 10
2020-04-25 11:15:29,933 batch_size: 10
2020-04-25 11:15:29,997 batch_size: 10
2020-04-25 11:15:30,065 batch_size: 10
2020-04-25 11:15:30,125 batch_size: 10
2020-04-25 11:15:30,201 batch_size: 10
2020-04-25 11:15:30,251 batch_size: 10
2020-04-25 11:15:30,331 batch_size: 10
2020-04-25 11:15:30,430 batch_size: 10
2020-04-25 11:15:30,489 batch_size: 10
2020-04-25 11:15:30,554 batch_size: 10
2020-04-25 11:15:30,620 batch_size: 10
2020-04-25 11:15:30,707 batch_size: 10
2020-04-25 11:15:30,771 batch_size: 10
2020-04-25 11:15:30,846 batch_size: 10
2020-04-25 11:15:30,913 batch_size: 10
2020-04-25 11:15:31,013 batch_size: 10
2020-04-25 11:15:31,090 batch_size: 10
2020-04-25 11:15:31,158 batch_size: 10
2020-04-25 11:15:31,239 batch_size: 10
2020-04-25 11:15:31,301 batch_size: 10
2020-04-25 11:15:31,369 batch_size: 10
2020-04-25 11:15:31,423 batch_size: 10
2020-04-25 11:15:31,479 batch_size: 10
2020-04-25 11:15:31,541 batch_size: 10
2020-04-25 11:15:31,596 batch_size: 10
2020-04-25 11:15:31,668 batch_size: 10
2020-04-25 11:15:31,723 batch_size: 10
2020-04-25 11:15:31,784 batch_size: 10
2020-04-25 11:15:31,830 batch_size: 10
2020-04-25 11:15:31,876 batch_size: 10
2020-04-25 11:15:31,924 batch_size: 10
2020-04-25 11:15:31,982 batch_size: 10
2020-04-25 11:15:32,037 batch_size: 10
2020-04-25 11:15:32,091 batch_size: 10
2020-04-25 11:15:32,151 batch_size: 10
2020-04-25 11:15:32,216 batch_size: 10
2020-04-25 11:15:32,278 batch_size: 10
2020-04-25 11:15:32,347 batch_size: 10
2020-04-25 11:15:32,401 batch_size: 10
2020-04-25 11:15:32,456 batch_size: 10
2020-04-25 11:15:32,497 batch_size: 10
2020-04-25 11:15:32,535 batch_size: 10
2020-04-25 11:15:32,572 batch_size: 10
2020-04-25 11:15:32,629 batch_size: 10
2020-04-25 11:15:32,672 batch_size: 10
2020-04-25 11:15:32,715 batch_size: 10
2020-04-25 11:15:32,770 batch_size: 10
2020-04-25 11:15:32,826 batch_size: 10
2020-04-25 11:15:32,867 batch_size: 10
2020-04-25 11:15:32,907 batch_size: 10
2020-04-25 11:15:32,961 batch_size: 10
2020-04-25 11:15:33,012 batch_size: 10
2020-04-25 11:15:33,071 batch_size: 10
2020-04-25 11:15:33,108 batch_size: 10
2020-04-25 11:15:33,145 batch_size: 10
2020-04-25 11:15:33,192 batch_size: 10
2020-04-25 11:15:33,238 batch_size: 10
2020-04-25 11:15:33,290 batch_size: 10
2020-04-25 11:15:33,352 batch_size: 10
2020-04-25 11:15:33,397 batch_size: 10
2020-04-25 11:15:33,459 batch_size: 10
2020-04-25 11:15:33,547 batch_size: 10
2020-04-25 11:15:33,602 batch_size: 10
2020-04-25 11:15:33,675 batch_size: 10
2020-04-25 11:15:33,732 batch_size: 10
2020-04-25 11:15:33,822 batch_size: 10
2020-04-25 11:15:33,868 batch_size: 10
2020-04-25 11:15:33,944 batch_size: 10
2020-04-25 11:15:34,020 batch_size: 10
2020-04-25 11:15:34,086 batch_size: 10
2020-04-25 11:15:34,155 batch_size: 10
2020-04-25 11:15:34,220 batch_size: 10
2020-04-25 11:15:34,285 batch_size: 10
2020-04-25 11:15:34,387 batch_size: 10
2020-04-25 11:15:34,459 batch_size: 10
2020-04-25 11:15:34,508 batch_size: 10
2020-04-25 11:15:34,551 batch_size: 10
2020-04-25 11:15:34,612 batch_size: 10
2020-04-25 11:15:34,684 batch_size: 10
2020-04-25 11:15:34,733 batch_size: 10
2020-04-25 11:15:34,796 batch_size: 10
2020-04-25 11:15:34,845 batch_size: 10
2020-04-25 11:15:34,894 batch_size: 10
2020-04-25 11:15:34,953 batch_size: 10
2020-04-25 11:15:35,017 batch_size: 10
2020-04-25 11:15:35,075 EPOCH 10
2020-04-25 11:15:35,077  beam_dqn : 1, egreed: 0.89, gamma:  0.84
2020-04-25 11:15:35,089 batch_size: 10
2020-04-25 11:15:35,158 batch_size: 10
2020-04-25 11:15:35,219 batch_size: 10
2020-04-25 11:15:35,283 batch_size: 10
2020-04-25 11:15:35,339 batch_size: 10
2020-04-25 11:15:35,394 batch_size: 10
2020-04-25 11:15:35,450 batch_size: 10
2020-04-25 11:15:35,490 batch_size: 10
2020-04-25 11:15:35,533 batch_size: 10
2020-04-25 11:15:35,596 batch_size: 10
2020-04-25 11:15:35,663 batch_size: 10
2020-04-25 11:15:35,738 batch_size: 10
2020-04-25 11:15:35,818 batch_size: 10
2020-04-25 11:15:35,869 batch_size: 10
2020-04-25 11:15:35,933 batch_size: 10
2020-04-25 11:15:35,991 batch_size: 10
2020-04-25 11:15:36,058 batch_size: 10
2020-04-25 11:15:36,150 batch_size: 10
2020-04-25 11:15:36,199 batch_size: 10
2020-04-25 11:15:36,263 batch_size: 10
2020-04-25 11:15:36,320 batch_size: 10
2020-04-25 11:15:36,383 batch_size: 10
2020-04-25 11:15:36,425 batch_size: 10
2020-04-25 11:15:36,466 batch_size: 10
2020-04-25 11:15:36,501 batch_size: 10
2020-04-25 11:15:36,537 batch_size: 10
2020-04-25 11:15:36,606 batch_size: 10
2020-04-25 11:15:36,642 batch_size: 10
2020-04-25 11:15:36,682 batch_size: 10
2020-04-25 11:15:36,721 batch_size: 10
2020-04-25 11:15:36,791 batch_size: 10
2020-04-25 11:15:36,846 batch_size: 10
2020-04-25 11:15:36,887 batch_size: 10
2020-04-25 11:15:36,935 batch_size: 10
2020-04-25 11:15:36,977 batch_size: 10
2020-04-25 11:15:37,036 batch_size: 10
2020-04-25 11:15:37,088 batch_size: 10
2020-04-25 11:15:37,138 batch_size: 10
2020-04-25 11:15:37,186 batch_size: 10
2020-04-25 11:15:37,221 batch_size: 10
2020-04-25 11:15:37,294 batch_size: 10
2020-04-25 11:15:37,334 batch_size: 10
2020-04-25 11:15:37,407 batch_size: 10
2020-04-25 11:15:37,471 batch_size: 10
2020-04-25 11:15:37,511 batch_size: 10
2020-04-25 11:15:37,554 batch_size: 10
2020-04-25 11:15:37,612 batch_size: 10
2020-04-25 11:15:37,664 batch_size: 10
2020-04-25 11:15:37,705 batch_size: 10
2020-04-25 11:15:37,759 batch_size: 10
2020-04-25 11:15:37,820 batch_size: 10
2020-04-25 11:15:37,864 batch_size: 10
2020-04-25 11:15:37,949 batch_size: 10
2020-04-25 11:15:38,007 batch_size: 10
2020-04-25 11:15:38,071 batch_size: 10
2020-04-25 11:15:38,109 batch_size: 10
2020-04-25 11:15:38,161 batch_size: 10
2020-04-25 11:15:38,204 batch_size: 10
2020-04-25 11:15:38,266 batch_size: 10
2020-04-25 11:15:38,312 batch_size: 10
2020-04-25 11:15:38,355 batch_size: 10
2020-04-25 11:15:38,414 batch_size: 10
2020-04-25 11:15:38,472 batch_size: 10
2020-04-25 11:15:38,534 batch_size: 10
2020-04-25 11:15:38,573 batch_size: 10
2020-04-25 11:15:38,633 batch_size: 10
2020-04-25 11:15:38,677 batch_size: 10
2020-04-25 11:15:38,740 batch_size: 10
2020-04-25 11:15:38,788 batch_size: 10
2020-04-25 11:15:38,832 batch_size: 10
2020-04-25 11:15:38,873 batch_size: 10
2020-04-25 11:15:38,923 batch_size: 10
2020-04-25 11:15:38,983 batch_size: 10
2020-04-25 11:15:39,046 batch_size: 10
2020-04-25 11:15:39,091 batch_size: 10
2020-04-25 11:15:39,146 batch_size: 10
2020-04-25 11:15:39,200 batch_size: 10
2020-04-25 11:15:39,244 batch_size: 10
2020-04-25 11:15:39,299 batch_size: 10
2020-04-25 11:15:39,354 batch_size: 10
2020-04-25 11:15:39,418 batch_size: 10
2020-04-25 11:15:39,463 batch_size: 10
2020-04-25 11:15:39,520 batch_size: 10
2020-04-25 11:15:39,568 batch_size: 10
2020-04-25 11:15:39,624 batch_size: 10
2020-04-25 11:15:39,670 batch_size: 10
2020-04-25 11:15:39,729 batch_size: 10
2020-04-25 11:15:39,783 batch_size: 10
2020-04-25 11:15:39,837 batch_size: 10
2020-04-25 11:15:39,899 batch_size: 10
2020-04-25 11:15:39,944 batch_size: 10
2020-04-25 11:15:39,992 batch_size: 10
2020-04-25 11:15:40,038 batch_size: 10
2020-04-25 11:15:40,103 batch_size: 10
2020-04-25 11:15:40,144 batch_size: 10
2020-04-25 11:15:40,205 batch_size: 10
2020-04-25 11:15:40,258 batch_size: 10
2020-04-25 11:15:40,300 batch_size: 10
2020-04-25 11:15:40,345 batch_size: 10
2020-04-25 11:15:40,385 batch_size: 10
2020-04-25 11:15:40,436 EPOCH 11
2020-04-25 11:15:40,437  beam_dqn : 1, egreed: 0.89, gamma:  0.84
2020-04-25 11:15:40,453 batch_size: 10
2020-04-25 11:15:40,530 batch_size: 10
2020-04-25 11:15:40,590 batch_size: 10
2020-04-25 11:15:40,644 batch_size: 10
2020-04-25 11:15:40,703 batch_size: 10
2020-04-25 11:15:40,754 batch_size: 10
2020-04-25 11:15:40,808 batch_size: 10
2020-04-25 11:15:40,856 batch_size: 10
2020-04-25 11:15:40,904 batch_size: 10
2020-04-25 11:15:40,963 batch_size: 10
2020-04-25 11:15:41,020 batch_size: 10
2020-04-25 11:15:41,072 batch_size: 10
2020-04-25 11:15:41,138 batch_size: 10
2020-04-25 11:15:41,182 batch_size: 10
2020-04-25 11:15:41,239 batch_size: 10
2020-04-25 11:15:41,311 batch_size: 10
2020-04-25 11:15:41,356 batch_size: 10
2020-04-25 11:15:41,402 batch_size: 10
2020-04-25 11:15:41,436 batch_size: 10
2020-04-25 11:15:41,487 batch_size: 10
2020-04-25 11:15:41,531 batch_size: 10
2020-04-25 11:15:41,609 batch_size: 10
2020-04-25 11:15:41,657 batch_size: 10
2020-04-25 11:15:41,691 batch_size: 10
2020-04-25 11:15:41,727 batch_size: 10
2020-04-25 11:15:41,787 batch_size: 10
2020-04-25 11:15:41,848 batch_size: 10
2020-04-25 11:15:41,883 batch_size: 10
2020-04-25 11:15:41,919 batch_size: 10
2020-04-25 11:15:41,968 batch_size: 10
2020-04-25 11:15:42,018 batch_size: 10
2020-04-25 11:15:42,065 batch_size: 10
2020-04-25 11:15:42,098 batch_size: 10
2020-04-25 11:15:42,139 batch_size: 10
2020-04-25 11:15:42,171 batch_size: 10
2020-04-25 11:15:42,219 batch_size: 10
2020-04-25 11:15:42,259 batch_size: 10
2020-04-25 11:15:42,301 batch_size: 10
2020-04-25 11:15:42,359 batch_size: 10
2020-04-25 11:15:42,399 batch_size: 10
2020-04-25 11:15:42,455 batch_size: 10
2020-04-25 11:15:42,509 batch_size: 10
2020-04-25 11:15:42,570 batch_size: 10
2020-04-25 11:15:42,608 batch_size: 10
2020-04-25 11:15:42,652 batch_size: 10
2020-04-25 11:15:42,697 batch_size: 10
2020-04-25 11:15:42,751 batch_size: 10
2020-04-25 11:15:42,791 batch_size: 10
2020-04-25 11:15:42,830 batch_size: 10
2020-04-25 11:15:42,889 batch_size: 10
2020-04-25 11:15:42,943 batch_size: 10
2020-04-25 11:15:43,001 batch_size: 10
2020-04-25 11:15:43,071 batch_size: 10
2020-04-25 11:15:43,125 batch_size: 10
2020-04-25 11:15:43,180 batch_size: 10
2020-04-25 11:15:43,221 batch_size: 10
2020-04-25 11:15:43,267 batch_size: 10
2020-04-25 11:15:43,312 batch_size: 10
2020-04-25 11:15:43,370 batch_size: 10
2020-04-25 11:15:43,413 batch_size: 10
2020-04-25 11:15:43,455 batch_size: 10
2020-04-25 11:15:43,509 batch_size: 10
2020-04-25 11:15:43,568 batch_size: 10
2020-04-25 11:15:43,610 batch_size: 10
2020-04-25 11:15:43,658 batch_size: 10
2020-04-25 11:15:43,716 batch_size: 10
2020-04-25 11:15:43,771 batch_size: 10
2020-04-25 11:15:43,827 batch_size: 10
2020-04-25 11:15:43,866 batch_size: 10
2020-04-25 11:15:43,908 batch_size: 10
2020-04-25 11:15:43,948 batch_size: 10
2020-04-25 11:15:43,994 batch_size: 10
2020-04-25 11:15:44,061 batch_size: 10
2020-04-25 11:15:44,107 batch_size: 10
2020-04-25 11:15:44,151 batch_size: 10
2020-04-25 11:15:44,198 batch_size: 10
2020-04-25 11:15:44,256 batch_size: 10
2020-04-25 11:15:44,297 batch_size: 10
2020-04-25 11:15:44,340 batch_size: 10
2020-04-25 11:15:44,385 batch_size: 10
2020-04-25 11:15:44,442 batch_size: 10
2020-04-25 11:15:44,482 batch_size: 10
2020-04-25 11:15:44,535 batch_size: 10
2020-04-25 11:15:44,581 batch_size: 10
2020-04-25 11:15:44,674 batch_size: 10
2020-04-25 11:15:44,709 batch_size: 10
2020-04-25 11:15:44,755 batch_size: 10
2020-04-25 11:15:44,829 batch_size: 10
2020-04-25 11:15:44,887 batch_size: 10
2020-04-25 11:15:44,936 batch_size: 10
2020-04-25 11:15:44,978 batch_size: 10
2020-04-25 11:15:45,028 batch_size: 10
2020-04-25 11:15:45,072 batch_size: 10
2020-04-25 11:15:45,165 batch_size: 10
2020-04-25 11:15:45,204 batch_size: 10
2020-04-25 11:15:45,287 batch_size: 10
2020-04-25 11:15:45,331 batch_size: 10
2020-04-25 11:15:45,374 batch_size: 10
2020-04-25 11:15:45,433 batch_size: 10
2020-04-25 11:15:45,486 batch_size: 10
2020-04-25 11:15:45,561 EPOCH 12
2020-04-25 11:15:45,563  beam_dqn : 1, egreed: 0.89, gamma:  0.84
2020-04-25 11:15:45,581 batch_size: 10
2020-04-25 11:15:45,646 batch_size: 10
2020-04-25 11:15:45,715 batch_size: 10
2020-04-25 11:15:45,788 batch_size: 10
2020-04-25 11:15:45,855 batch_size: 10
2020-04-25 11:15:45,914 batch_size: 10
2020-04-25 11:15:46,066 batch_size: 10
2020-04-25 11:15:46,184 batch_size: 10
2020-04-25 11:15:46,230 batch_size: 10
2020-04-25 11:15:46,290 batch_size: 10
2020-04-25 11:15:46,359 batch_size: 10
2020-04-25 11:15:46,434 batch_size: 10
2020-04-25 11:15:46,514 batch_size: 10
2020-04-25 11:15:46,574 batch_size: 10
2020-04-25 11:15:46,645 batch_size: 10
2020-04-25 11:15:46,702 batch_size: 10
2020-04-25 11:15:46,775 batch_size: 10
2020-04-25 11:15:46,848 batch_size: 10
2020-04-25 11:15:46,905 batch_size: 10
2020-04-25 11:15:46,972 batch_size: 10
2020-04-25 11:15:47,032 batch_size: 10
2020-04-25 11:15:47,097 batch_size: 10
2020-04-25 11:15:47,150 batch_size: 10
2020-04-25 11:15:47,206 batch_size: 10
2020-04-25 11:15:47,269 batch_size: 10
2020-04-25 11:15:47,323 batch_size: 10
2020-04-25 11:15:47,398 batch_size: 10
2020-04-25 11:15:47,445 batch_size: 10
2020-04-25 11:15:47,496 batch_size: 10
2020-04-25 11:15:47,548 batch_size: 10
2020-04-25 11:15:47,623 batch_size: 10
2020-04-25 11:15:47,689 batch_size: 10
2020-04-25 11:15:47,745 batch_size: 10
2020-04-25 11:15:47,818 batch_size: 10
2020-04-25 11:15:47,872 batch_size: 10
2020-04-25 11:15:47,939 batch_size: 10
2020-04-25 11:15:48,020 batch_size: 10
2020-04-25 11:15:48,110 batch_size: 10
2020-04-25 11:15:48,184 batch_size: 10
2020-04-25 11:15:48,238 batch_size: 10
2020-04-25 11:15:48,290 batch_size: 10
2020-04-25 11:15:48,351 batch_size: 10
2020-04-25 11:15:48,418 batch_size: 10
2020-04-25 11:15:48,465 batch_size: 10
2020-04-25 11:15:48,536 batch_size: 10
2020-04-25 11:15:48,603 batch_size: 10
2020-04-25 11:15:48,688 batch_size: 10
2020-04-25 11:15:48,742 batch_size: 10
2020-04-25 11:15:48,799 batch_size: 10
2020-04-25 11:15:48,873 batch_size: 10
2020-04-25 11:15:48,955 batch_size: 10
2020-04-25 11:15:49,037 batch_size: 10
2020-04-25 11:15:49,175 batch_size: 10
2020-04-25 11:15:49,244 batch_size: 10
2020-04-25 11:15:49,318 batch_size: 10
2020-04-25 11:15:49,361 batch_size: 10
2020-04-25 11:15:49,403 batch_size: 10
2020-04-25 11:15:49,458 batch_size: 10
2020-04-25 11:15:49,521 batch_size: 10
2020-04-25 11:15:49,575 batch_size: 10
2020-04-25 11:15:49,622 batch_size: 10
2020-04-25 11:15:49,710 batch_size: 10
2020-04-25 11:15:49,753 batch_size: 10
2020-04-25 11:15:49,802 batch_size: 10
2020-04-25 11:15:49,848 batch_size: 10
2020-04-25 11:15:49,900 batch_size: 10
2020-04-25 11:15:49,934 batch_size: 10
2020-04-25 11:15:49,980 batch_size: 10
2020-04-25 11:15:50,015 batch_size: 10
2020-04-25 11:15:50,057 batch_size: 10
2020-04-25 11:15:50,104 batch_size: 10
2020-04-25 11:15:50,145 batch_size: 10
2020-04-25 11:15:50,210 batch_size: 10
2020-04-25 11:15:50,281 batch_size: 10
2020-04-25 11:15:50,343 batch_size: 10
2020-04-25 11:15:50,409 batch_size: 10
2020-04-25 11:15:50,480 batch_size: 10
2020-04-25 11:15:50,549 batch_size: 10
2020-04-25 11:15:50,625 batch_size: 10
2020-04-25 11:15:50,707 batch_size: 10
2020-04-25 11:15:50,786 batch_size: 10
2020-04-25 11:15:50,839 batch_size: 10
2020-04-25 11:15:50,913 batch_size: 10
2020-04-25 11:15:50,964 batch_size: 10
2020-04-25 11:15:51,028 batch_size: 10
2020-04-25 11:15:51,082 batch_size: 10
2020-04-25 11:15:51,146 batch_size: 10
2020-04-25 11:15:51,209 batch_size: 10
2020-04-25 11:15:51,276 batch_size: 10
2020-04-25 11:15:51,348 batch_size: 10
2020-04-25 11:15:51,401 batch_size: 10
2020-04-25 11:15:51,453 batch_size: 10
2020-04-25 11:15:51,511 batch_size: 10
2020-04-25 11:15:51,613 batch_size: 10
2020-04-25 11:15:51,675 batch_size: 10
2020-04-25 11:15:51,762 batch_size: 10
2020-04-25 11:15:51,803 batch_size: 10
2020-04-25 11:15:51,842 batch_size: 10
2020-04-25 11:15:51,883 batch_size: 10
2020-04-25 11:15:51,937 batch_size: 10
2020-04-25 11:15:51,991 EPOCH 13
2020-04-25 11:15:51,991  beam_dqn : 1, egreed: 0.89, gamma:  0.84
2020-04-25 11:15:52,002 batch_size: 10
2020-04-25 11:15:52,072 batch_size: 10
2020-04-25 11:15:52,124 batch_size: 10
2020-04-25 11:15:52,182 batch_size: 10
2020-04-25 11:15:52,234 batch_size: 10
2020-04-25 11:15:52,303 batch_size: 10
2020-04-25 11:15:52,362 batch_size: 10
2020-04-25 11:15:52,407 batch_size: 10
2020-04-25 11:15:52,467 batch_size: 10
2020-04-25 11:15:52,532 batch_size: 10
2020-04-25 11:15:52,593 batch_size: 10
2020-04-25 11:15:52,674 batch_size: 10
2020-04-25 11:15:52,754 batch_size: 10
2020-04-25 11:15:52,803 batch_size: 10
2020-04-25 11:15:52,870 batch_size: 10
2020-04-25 11:15:52,929 batch_size: 10
2020-04-25 11:15:53,005 batch_size: 10
2020-04-25 11:15:53,069 batch_size: 10
2020-04-25 11:15:53,142 batch_size: 10
2020-04-25 11:15:53,215 batch_size: 10
2020-04-25 11:15:53,266 batch_size: 10
2020-04-25 11:15:53,335 batch_size: 10
2020-04-25 11:15:53,386 batch_size: 10
2020-04-25 11:15:53,429 batch_size: 10
2020-04-25 11:15:53,502 batch_size: 10
2020-04-25 11:15:53,578 batch_size: 10
2020-04-25 11:15:53,644 batch_size: 10
2020-04-25 11:15:53,717 batch_size: 10
2020-04-25 11:15:53,770 batch_size: 10
2020-04-25 11:15:53,821 batch_size: 10
2020-04-25 11:15:53,896 batch_size: 10
2020-04-25 11:15:53,969 batch_size: 10
2020-04-25 11:15:54,015 batch_size: 10
2020-04-25 11:15:54,078 batch_size: 10
2020-04-25 11:15:54,128 batch_size: 10
2020-04-25 11:15:54,199 batch_size: 10
2020-04-25 11:15:54,263 batch_size: 10
2020-04-25 11:15:54,342 batch_size: 10
2020-04-25 11:15:54,426 batch_size: 10
2020-04-25 11:15:54,472 batch_size: 10
2020-04-25 11:15:54,561 batch_size: 10
2020-04-25 11:15:54,618 batch_size: 10
2020-04-25 11:15:54,683 batch_size: 10
2020-04-25 11:15:54,728 batch_size: 10
2020-04-25 11:15:54,779 batch_size: 10
2020-04-25 11:15:54,837 batch_size: 10
2020-04-25 11:15:54,908 batch_size: 10
2020-04-25 11:15:54,966 batch_size: 10
2020-04-25 11:15:55,018 batch_size: 10
2020-04-25 11:15:55,089 batch_size: 10
2020-04-25 11:15:55,166 batch_size: 10
2020-04-25 11:15:55,216 batch_size: 10
2020-04-25 11:15:55,289 batch_size: 10
2020-04-25 11:15:55,350 batch_size: 10
2020-04-25 11:15:55,419 batch_size: 10
2020-04-25 11:15:55,470 batch_size: 10
2020-04-25 11:15:55,532 batch_size: 10
2020-04-25 11:15:55,595 batch_size: 10
2020-04-25 11:15:55,691 batch_size: 10
2020-04-25 11:15:55,743 batch_size: 10
2020-04-25 11:15:55,787 batch_size: 10
2020-04-25 11:15:55,861 batch_size: 10
2020-04-25 11:15:55,923 batch_size: 10
2020-04-25 11:15:55,969 batch_size: 10
2020-04-25 11:15:56,046 batch_size: 10
2020-04-25 11:15:56,118 batch_size: 10
2020-04-25 11:15:56,185 batch_size: 10
2020-04-25 11:15:56,259 batch_size: 10
2020-04-25 11:15:56,318 batch_size: 10
2020-04-25 11:15:56,410 batch_size: 10
2020-04-25 11:15:56,619 batch_size: 10
2020-04-25 11:15:56,731 batch_size: 10
2020-04-25 11:15:56,867 batch_size: 10
2020-04-25 11:15:57,022 batch_size: 10
2020-04-25 11:15:57,143 batch_size: 10
2020-04-25 11:15:57,263 batch_size: 10
2020-04-25 11:15:57,359 batch_size: 10
2020-04-25 11:15:57,460 batch_size: 10
2020-04-25 11:15:57,602 batch_size: 10
2020-04-25 11:15:57,693 batch_size: 10
2020-04-25 11:15:57,788 batch_size: 10
2020-04-25 11:15:57,872 batch_size: 10
2020-04-25 11:15:57,966 batch_size: 10
2020-04-25 11:15:58,042 batch_size: 10
2020-04-25 11:15:58,148 batch_size: 10
2020-04-25 11:15:58,231 batch_size: 10
2020-04-25 11:15:58,317 batch_size: 10
2020-04-25 11:15:58,386 batch_size: 10
2020-04-25 11:15:58,471 batch_size: 10
2020-04-25 11:15:58,536 batch_size: 10
2020-04-25 11:15:58,585 batch_size: 10
2020-04-25 11:15:58,636 batch_size: 10
2020-04-25 11:15:58,677 batch_size: 10
2020-04-25 11:15:58,744 batch_size: 10
2020-04-25 11:15:58,800 batch_size: 10
2020-04-25 11:15:58,870 batch_size: 10
2020-04-25 11:15:58,928 batch_size: 10
2020-04-25 11:15:58,980 batch_size: 10
2020-04-25 11:15:59,044 batch_size: 10
2020-04-25 11:15:59,104 batch_size: 10
2020-04-25 11:15:59,169 EPOCH 14
2020-04-25 11:15:59,170  beam_dqn : 1, egreed: 0.89, gamma:  0.84
2020-04-25 11:15:59,182 batch_size: 10
2020-04-25 11:15:59,248 batch_size: 10
2020-04-25 11:15:59,304 batch_size: 10
2020-04-25 11:15:59,400 batch_size: 10
2020-04-25 11:15:59,466 batch_size: 10
2020-04-25 11:15:59,511 batch_size: 10
2020-04-25 11:15:59,551 batch_size: 10
2020-04-25 11:15:59,593 batch_size: 10
2020-04-25 11:15:59,634 batch_size: 10
2020-04-25 11:15:59,692 batch_size: 10
2020-04-25 11:15:59,739 batch_size: 10
2020-04-25 11:15:59,805 batch_size: 10
2020-04-25 11:15:59,865 batch_size: 10
2020-04-25 11:15:59,906 batch_size: 10
2020-04-25 11:15:59,965 batch_size: 10
2020-04-25 11:16:00,007 batch_size: 10
2020-04-25 11:16:00,090 batch_size: 10
2020-04-25 11:16:00,152 batch_size: 10
2020-04-25 11:16:00,195 batch_size: 10
2020-04-25 11:16:00,247 batch_size: 10
2020-04-25 11:16:00,291 batch_size: 10
2020-04-25 11:16:00,338 batch_size: 10
2020-04-25 11:16:00,380 batch_size: 10
2020-04-25 11:16:00,467 batch_size: 10
2020-04-25 11:16:00,534 batch_size: 10
2020-04-25 11:16:00,587 batch_size: 10
2020-04-25 11:16:00,658 batch_size: 10
2020-04-25 11:16:00,705 batch_size: 10
2020-04-25 11:16:00,781 batch_size: 10
2020-04-25 11:16:00,836 batch_size: 10
2020-04-25 11:16:00,916 batch_size: 10
2020-04-25 11:16:00,991 batch_size: 10
2020-04-25 11:16:01,057 batch_size: 10
2020-04-25 11:16:01,119 batch_size: 10
2020-04-25 11:16:01,190 batch_size: 10
2020-04-25 11:16:01,246 batch_size: 10
2020-04-25 11:16:01,312 batch_size: 10
2020-04-25 11:16:01,379 batch_size: 10
2020-04-25 11:16:01,448 batch_size: 10
2020-04-25 11:16:01,508 batch_size: 10
2020-04-25 11:16:01,584 batch_size: 10
2020-04-25 11:16:01,637 batch_size: 10
2020-04-25 11:16:01,705 batch_size: 10
2020-04-25 11:16:01,750 batch_size: 10
2020-04-25 11:16:01,830 batch_size: 10
2020-04-25 11:16:01,876 batch_size: 10
2020-04-25 11:16:01,929 batch_size: 10
2020-04-25 11:16:01,985 batch_size: 10
2020-04-25 11:16:02,031 batch_size: 10
2020-04-25 11:16:02,104 batch_size: 10
2020-04-25 11:16:02,183 batch_size: 10
2020-04-25 11:16:02,245 batch_size: 10
2020-04-25 11:16:02,327 batch_size: 10
2020-04-25 11:16:02,394 batch_size: 10
2020-04-25 11:16:02,491 batch_size: 10
2020-04-25 11:16:02,536 batch_size: 10
2020-04-25 11:16:02,621 batch_size: 10
2020-04-25 11:16:02,687 batch_size: 10
2020-04-25 11:16:02,759 batch_size: 10
2020-04-25 11:16:02,803 batch_size: 10
2020-04-25 11:16:02,851 batch_size: 10
2020-04-25 11:16:02,921 batch_size: 10
2020-04-25 11:16:02,990 batch_size: 10
2020-04-25 11:16:03,049 batch_size: 10
2020-04-25 11:16:03,115 batch_size: 10
2020-04-25 11:16:03,196 batch_size: 10
2020-04-25 11:16:03,237 batch_size: 10
2020-04-25 11:16:03,304 batch_size: 10
2020-04-25 11:16:03,350 batch_size: 10
2020-04-25 11:16:03,392 batch_size: 10
2020-04-25 11:16:03,445 batch_size: 10
2020-04-25 11:16:03,490 batch_size: 10
2020-04-25 11:16:03,560 batch_size: 10
2020-04-25 11:16:03,627 batch_size: 10
2020-04-25 11:16:03,672 batch_size: 10
2020-04-25 11:16:03,734 batch_size: 10
2020-04-25 11:16:03,782 batch_size: 10
2020-04-25 11:16:03,858 batch_size: 10
2020-04-25 11:16:03,929 batch_size: 10
2020-04-25 11:16:03,980 batch_size: 10
2020-04-25 11:16:04,060 batch_size: 10
2020-04-25 11:16:04,103 batch_size: 10
2020-04-25 11:16:04,147 batch_size: 10
2020-04-25 11:16:04,244 batch_size: 10
2020-04-25 11:16:04,346 batch_size: 10
2020-04-25 11:16:04,386 batch_size: 10
2020-04-25 11:16:04,463 batch_size: 10
2020-04-25 11:16:04,523 batch_size: 10
2020-04-25 11:16:04,569 batch_size: 10
2020-04-25 11:16:04,645 batch_size: 10
