2020-04-30 20:12:08,758 Hello! This is Joey-NMT.
2020-04-30 20:12:08,758 cfg.name                           : reverse_experiment
2020-04-30 20:12:08,758 cfg.data.src                       : src
2020-04-30 20:12:08,759 cfg.data.trg                       : trg
2020-04-30 20:12:08,759 cfg.data.train                     : test/data/mini_reverse_0/train
2020-04-30 20:12:08,759 cfg.data.dev                       : test/data/mini_reverse_0/dev
2020-04-30 20:12:08,759 cfg.data.test                      : test/data/mini_reverse_0/test
2020-04-30 20:12:08,759 cfg.data.level                     : word
2020-04-30 20:12:08,759 cfg.data.lowercase                 : False
2020-04-30 20:12:08,760 cfg.data.max_sent_length           : 25
2020-04-30 20:12:08,760 cfg.data.src_voc_min_freq          : 0
2020-04-30 20:12:08,760 cfg.data.src_voc_limit             : 100
2020-04-30 20:12:08,760 cfg.data.trg_voc_min_freq          : 0
2020-04-30 20:12:08,760 cfg.data.trg_voc_limit             : 100
2020-04-30 20:12:08,760 cfg.testing.beam_size              : 1
2020-04-30 20:12:08,761 cfg.testing.alpha                  : 1.0
2020-04-30 20:12:08,761 cfg.training.random_seed           : 42
2020-04-30 20:12:08,761 cfg.training.optimizer             : adam
2020-04-30 20:12:08,761 cfg.training.learning_rate         : 0.001
2020-04-30 20:12:08,761 cfg.training.learning_rate_min     : 0.0002
2020-04-30 20:12:08,761 cfg.training.weight_decay          : 0.0
2020-04-30 20:12:08,762 cfg.training.clip_grad_norm        : 1.0
2020-04-30 20:12:08,762 cfg.training.batch_size            : 10
2020-04-30 20:12:08,762 cfg.training.batch_type            : sentence
2020-04-30 20:12:08,762 cfg.training.scheduling            : plateau
2020-04-30 20:12:08,762 cfg.training.patience              : 5
2020-04-30 20:12:08,763 cfg.training.decrease_factor       : 0.5
2020-04-30 20:12:08,763 cfg.training.early_stopping_metric : eval_metric
2020-04-30 20:12:08,763 cfg.training.epochs                : 10
2020-04-30 20:12:08,763 cfg.training.validation_freq       : 10
2020-04-30 20:12:08,763 cfg.training.logging_freq          : 10
2020-04-30 20:12:08,763 cfg.training.eval_metric           : bleu
2020-04-30 20:12:08,764 cfg.training.model_dir             : mini_reverse_model_0
2020-04-30 20:12:08,764 cfg.training.overwrite             : True
2020-04-30 20:12:08,764 cfg.training.shuffle               : True
2020-04-30 20:12:08,764 cfg.training.use_cuda              : False
2020-04-30 20:12:08,764 cfg.training.max_output_length     : 10
2020-04-30 20:12:08,764 cfg.training.print_valid_sents     : [0, 3, 6]
2020-04-30 20:12:08,764 cfg.training.keep_last_ckpts       : 2
2020-04-30 20:12:08,764 cfg.model.initializer              : xavier
2020-04-30 20:12:08,765 cfg.model.embed_initializer        : normal
2020-04-30 20:12:08,765 cfg.model.embed_init_weight        : 0.1
2020-04-30 20:12:08,765 cfg.model.bias_initializer         : zeros
2020-04-30 20:12:08,765 cfg.model.init_rnn_orthogonal      : False
2020-04-30 20:12:08,765 cfg.model.lstm_forget_gate         : 0.0
2020-04-30 20:12:08,766 cfg.model.encoder.rnn_type         : lstm
2020-04-30 20:12:08,766 cfg.model.encoder.embeddings.embedding_dim : 16
2020-04-30 20:12:08,766 cfg.model.encoder.embeddings.scale : False
2020-04-30 20:12:08,766 cfg.model.encoder.hidden_size      : 24
2020-04-30 20:12:08,766 cfg.model.encoder.bidirectional    : True
2020-04-30 20:12:08,766 cfg.model.encoder.dropout          : 0.1
2020-04-30 20:12:08,766 cfg.model.encoder.num_layers       : 1
2020-04-30 20:12:08,766 cfg.model.decoder.rnn_type         : lstm
2020-04-30 20:12:08,766 cfg.model.decoder.embeddings.embedding_dim : 16
2020-04-30 20:12:08,767 cfg.model.decoder.embeddings.scale : False
2020-04-30 20:12:08,767 cfg.model.decoder.hidden_size      : 24
2020-04-30 20:12:08,767 cfg.model.decoder.dropout          : 0.1
2020-04-30 20:12:08,767 cfg.model.decoder.hidden_dropout   : 0.1
2020-04-30 20:12:08,767 cfg.model.decoder.num_layers       : 1
2020-04-30 20:12:08,767 cfg.model.decoder.input_feeding    : True
2020-04-30 20:12:08,767 cfg.model.decoder.init_hidden      : bridge
2020-04-30 20:12:08,767 cfg.model.decoder.attention        : luong
2020-04-30 20:12:08,767 cfg.dqn.epochs                     : 2000
2020-04-30 20:12:08,767 cfg.dqn.sample_size                : 256
2020-04-30 20:12:08,768 cfg.dqn.lr                         : 0.0001
2020-04-30 20:12:08,768 cfg.dqn.egreed_max                 : 0.9
2020-04-30 20:12:08,768 cfg.dqn.egreed_min                 : 0.001
2020-04-30 20:12:08,768 cfg.dqn.gamma_max                  : 0.9
2020-04-30 20:12:08,768 cfg.dqn.gamma_min                  : 0.3
2020-04-30 20:12:08,768 cfg.dqn.nu_iter                    : 10
2020-04-30 20:12:08,769 cfg.dqn.mem_cap                    : 4000
2020-04-30 20:12:08,769 cfg.dqn.beam_min                   : 1
2020-04-30 20:12:08,770 cfg.dqn.beam_max                   : 50
2020-04-30 20:12:08,770 cfg.dqn.state_type                 : hidden
2020-04-30 20:12:08,770 cfg.dqn.reward_type                : bleu_batch
2020-04-30 20:12:08,770 cfg.dqn.nu_pretrain                : 40
2020-04-30 20:12:08,770 cfg.dqn.N_layers                   : 4
2020-04-30 20:12:08,770 cfg.dqn.other_descrip              : _mini_reverse_with_batch
2020-04-30 20:12:08,770 We are using the reward named: bleu_batch
2020-04-30 20:12:08,771 As states we set the : hidden
2020-04-30 20:12:08,771 EPOCH 1
2020-04-30 20:12:08,772  beam_dqn : 1, egreed: 0.90, gamma:  0.60
2020-04-30 20:12:10,255 EPOCH 2
2020-04-30 20:12:10,255  beam_dqn : 1, egreed: 0.90, gamma:  0.60
2020-04-30 20:12:11,011  As referece this first test on dev data. Is maded with the Q networks, initialized randomly : 
2020-04-30 20:12:11,125 Currently on the prediction.
2020-04-30 20:12:14,864 Optimal reward is: 100000.00
2020-04-30 20:12:14,877 On train
2020-04-30 20:12:14,878 valid_references 	 vs 	 predicted_hypotheses
2020-04-30 20:12:14,878  3	 vs 3 0 4 4 4 4 4 4 4 4	
2020-04-30 20:12:14,878  2	 vs 4 4 4 4 4 4 4 4 4 4	
2020-04-30 20:12:14,878  1 0	 vs <unk> 4 4 4 4 4 4 4 4 4	
2020-04-30 20:12:14,878  1	 vs 4 4 4 4 4 4 4 4 4 4	
2020-04-30 20:12:14,879  2	 vs 4 4 4 4 4 4 4 4 4 4	
2020-04-30 20:12:14,879  4	 vs <unk> 4 4 4 4 4 4 4 4 4	
2020-04-30 20:12:14,879  4 2	 vs <unk> 4 4 4 4 4 4 4 4 4	
2020-04-30 20:12:14,879  1 3	 vs <unk> 4 4 4 4 4 4 4 4 4	
2020-04-30 20:12:14,879  4 3	 vs 4 4 4 4 4 4 4 4 4 4	
2020-04-30 20:12:14,880  3	 vs 4 4 4 4 4 4 4 4 4 4	
2020-04-30 20:12:14,950 r_total: 4193.83 
2020-04-30 20:12:14,951 bleu score: 0.00
2020-04-30 20:12:14,952 Hooray! New best validation result [0.000000]!
2020-04-30 20:12:15,433  Copying the Q-Val on Q-tar on step: 1 
