2020-05-02 12:51:28,619 Hello! This is Joey-NMT.
2020-05-02 12:51:28,620 cfg.name                           : reverse_experiment
2020-05-02 12:51:28,620 cfg.data.src                       : src
2020-05-02 12:51:28,621 cfg.data.trg                       : trg
2020-05-02 12:51:28,621 cfg.data.train                     : test/data/mini_reverse_0/train
2020-05-02 12:51:28,621 cfg.data.dev                       : test/data/mini_reverse_0/dev
2020-05-02 12:51:28,622 cfg.data.test                      : test/data/mini_reverse_0/test
2020-05-02 12:51:28,622 cfg.data.level                     : word
2020-05-02 12:51:28,622 cfg.data.lowercase                 : False
2020-05-02 12:51:28,622 cfg.data.max_sent_length           : 25
2020-05-02 12:51:28,623 cfg.data.src_voc_min_freq          : 0
2020-05-02 12:51:28,623 cfg.data.src_voc_limit             : 100
2020-05-02 12:51:28,623 cfg.data.trg_voc_min_freq          : 0
2020-05-02 12:51:28,624 cfg.data.trg_voc_limit             : 100
2020-05-02 12:51:28,624 cfg.testing.beam_size              : 1
2020-05-02 12:51:28,624 cfg.testing.alpha                  : 1.0
2020-05-02 12:51:28,624 cfg.training.random_seed           : 42
2020-05-02 12:51:28,625 cfg.training.optimizer             : adam
2020-05-02 12:51:28,625 cfg.training.learning_rate         : 0.001
2020-05-02 12:51:28,625 cfg.training.learning_rate_min     : 0.0002
2020-05-02 12:51:28,625 cfg.training.weight_decay          : 0.0
2020-05-02 12:51:28,626 cfg.training.clip_grad_norm        : 1.0
2020-05-02 12:51:28,626 cfg.training.batch_size            : 10
2020-05-02 12:51:28,627 cfg.training.batch_type            : sentence
2020-05-02 12:51:28,629 cfg.training.scheduling            : plateau
2020-05-02 12:51:28,629 cfg.training.patience              : 5
2020-05-02 12:51:28,629 cfg.training.decrease_factor       : 0.5
2020-05-02 12:51:28,630 cfg.training.early_stopping_metric : eval_metric
2020-05-02 12:51:28,630 cfg.training.epochs                : 10
2020-05-02 12:51:28,631 cfg.training.validation_freq       : 10
2020-05-02 12:51:28,631 cfg.training.logging_freq          : 10
2020-05-02 12:51:28,636 cfg.training.eval_metric           : bleu
2020-05-02 12:51:28,636 cfg.training.model_dir             : mini_reverse_model_0
2020-05-02 12:51:28,637 cfg.training.overwrite             : True
2020-05-02 12:51:28,637 cfg.training.shuffle               : True
2020-05-02 12:51:28,637 cfg.training.use_cuda              : False
2020-05-02 12:51:28,638 cfg.training.max_output_length     : 10
2020-05-02 12:51:28,638 cfg.training.print_valid_sents     : [0, 3, 6]
2020-05-02 12:51:28,638 cfg.training.keep_last_ckpts       : 2
2020-05-02 12:51:28,638 cfg.model.initializer              : xavier
2020-05-02 12:51:28,639 cfg.model.embed_initializer        : normal
2020-05-02 12:51:28,639 cfg.model.embed_init_weight        : 0.1
2020-05-02 12:51:28,639 cfg.model.bias_initializer         : zeros
2020-05-02 12:51:28,640 cfg.model.init_rnn_orthogonal      : False
2020-05-02 12:51:28,640 cfg.model.lstm_forget_gate         : 0.0
2020-05-02 12:51:28,641 cfg.model.encoder.rnn_type         : lstm
2020-05-02 12:51:28,641 cfg.model.encoder.embeddings.embedding_dim : 16
2020-05-02 12:51:28,641 cfg.model.encoder.embeddings.scale : False
2020-05-02 12:51:28,641 cfg.model.encoder.hidden_size      : 24
2020-05-02 12:51:28,642 cfg.model.encoder.bidirectional    : True
2020-05-02 12:51:28,642 cfg.model.encoder.dropout          : 0.1
2020-05-02 12:51:28,642 cfg.model.encoder.num_layers       : 1
2020-05-02 12:51:28,643 cfg.model.decoder.rnn_type         : lstm
2020-05-02 12:51:28,643 cfg.model.decoder.embeddings.embedding_dim : 16
2020-05-02 12:51:28,643 cfg.model.decoder.embeddings.scale : False
2020-05-02 12:51:28,644 cfg.model.decoder.hidden_size      : 24
2020-05-02 12:51:28,644 cfg.model.decoder.dropout          : 0.1
2020-05-02 12:51:28,644 cfg.model.decoder.hidden_dropout   : 0.1
2020-05-02 12:51:28,645 cfg.model.decoder.num_layers       : 1
2020-05-02 12:51:28,645 cfg.model.decoder.input_feeding    : True
2020-05-02 12:51:28,645 cfg.model.decoder.init_hidden      : bridge
2020-05-02 12:51:28,645 cfg.model.decoder.attention        : luong
2020-05-02 12:51:28,646 cfg.dqn.epochs                     : 2000
2020-05-02 12:51:28,646 cfg.dqn.sample_size                : 256
2020-05-02 12:51:28,646 cfg.dqn.lr                         : 5e-05
2020-05-02 12:51:28,647 cfg.dqn.egreed_max                 : 0.9
2020-05-02 12:51:28,647 cfg.dqn.egreed_min                 : 0.001
2020-05-02 12:51:28,647 cfg.dqn.gamma_max                  : 0.9
2020-05-02 12:51:28,648 cfg.dqn.gamma_min                  : 0.3
2020-05-02 12:51:28,648 cfg.dqn.nu_iter                    : 10
2020-05-02 12:51:28,648 cfg.dqn.mem_cap                    : 4000
2020-05-02 12:51:28,648 cfg.dqn.beam_min                   : 1
2020-05-02 12:51:28,649 cfg.dqn.beam_max                   : 50
2020-05-02 12:51:28,649 cfg.dqn.state_type                 : hidden
2020-05-02 12:51:28,649 cfg.dqn.reward_type                : bleu_batch
2020-05-02 12:51:28,650 cfg.dqn.nu_pretrain                : 40
2020-05-02 12:51:28,650 cfg.dqn.N_layers                   : 4
2020-05-02 12:51:28,650 cfg.dqn.batch_size                 : 10
2020-05-02 12:51:28,650 cfg.dqn.other_descrip              : _mini_reverse_with_batch
2020-05-02 12:51:28,651 We are using the reward named: bleu_batch
2020-05-02 12:51:28,651 As states we set the : hidden
