2020-04-25 00:06:13,635 Hello! This is Joey-NMT.
2020-04-25 00:06:13,635 cfg.name                           : reverse_experiment
2020-04-25 00:06:13,635 cfg.data.src                       : src
2020-04-25 00:06:13,635 cfg.data.trg                       : trg
2020-04-25 00:06:13,635 cfg.data.train                     : test/data/mini_reverse/train
2020-04-25 00:06:13,635 cfg.data.dev                       : test/data/mini_reverse/dev
2020-04-25 00:06:13,635 cfg.data.test                      : test/data/mini_reverse/test
2020-04-25 00:06:13,635 cfg.data.level                     : word
2020-04-25 00:06:13,636 cfg.data.lowercase                 : False
2020-04-25 00:06:13,636 cfg.data.max_sent_length           : 25
2020-04-25 00:06:13,636 cfg.data.src_voc_min_freq          : 0
2020-04-25 00:06:13,636 cfg.data.src_voc_limit             : 100
2020-04-25 00:06:13,636 cfg.data.trg_voc_min_freq          : 0
2020-04-25 00:06:13,636 cfg.data.trg_voc_limit             : 100
2020-04-25 00:06:13,636 cfg.testing.beam_size              : 1
2020-04-25 00:06:13,636 cfg.testing.alpha                  : 1.0
2020-04-25 00:06:13,636 cfg.training.random_seed           : 42
2020-04-25 00:06:13,636 cfg.training.optimizer             : adam
2020-04-25 00:06:13,636 cfg.training.learning_rate         : 0.001
2020-04-25 00:06:13,636 cfg.training.learning_rate_min     : 0.0002
2020-04-25 00:06:13,636 cfg.training.weight_decay          : 0.0
2020-04-25 00:06:13,637 cfg.training.clip_grad_norm        : 1.0
2020-04-25 00:06:13,637 cfg.training.batch_size            : 10
2020-04-25 00:06:13,637 cfg.training.batch_type            : sentence
2020-04-25 00:06:13,637 cfg.training.scheduling            : plateau
2020-04-25 00:06:13,637 cfg.training.patience              : 10
2020-04-25 00:06:13,637 cfg.training.decrease_factor       : 0.5
2020-04-25 00:06:13,637 cfg.training.early_stopping_metric : eval_metric
2020-04-25 00:06:13,637 cfg.training.epochs                : 20
2020-04-25 00:06:13,637 cfg.training.validation_freq       : 10
2020-04-25 00:06:13,637 cfg.training.logging_freq          : 10
2020-04-25 00:06:13,637 cfg.training.eval_metric           : bleu
2020-04-25 00:06:13,637 cfg.training.model_dir             : mini_reverse_model
2020-04-25 00:06:13,637 cfg.training.overwrite             : True
2020-04-25 00:06:13,637 cfg.training.shuffle               : True
2020-04-25 00:06:13,637 cfg.training.use_cuda              : False
2020-04-25 00:06:13,638 cfg.training.max_output_length     : 10
2020-04-25 00:06:13,638 cfg.training.print_valid_sents     : [0, 3, 6]
2020-04-25 00:06:13,638 cfg.training.keep_last_ckpts       : 2
2020-04-25 00:06:13,638 cfg.model.initializer              : xavier
2020-04-25 00:06:13,638 cfg.model.embed_initializer        : normal
2020-04-25 00:06:13,638 cfg.model.embed_init_weight        : 0.1
2020-04-25 00:06:13,638 cfg.model.bias_initializer         : zeros
2020-04-25 00:06:13,638 cfg.model.init_rnn_orthogonal      : False
2020-04-25 00:06:13,638 cfg.model.lstm_forget_gate         : 0.0
2020-04-25 00:06:13,638 cfg.model.encoder.rnn_type         : lstm
2020-04-25 00:06:13,638 cfg.model.encoder.embeddings.embedding_dim : 16
2020-04-25 00:06:13,638 cfg.model.encoder.embeddings.scale : False
2020-04-25 00:06:13,638 cfg.model.encoder.hidden_size      : 24
2020-04-25 00:06:13,638 cfg.model.encoder.bidirectional    : True
2020-04-25 00:06:13,638 cfg.model.encoder.dropout          : 0.1
2020-04-25 00:06:13,639 cfg.model.encoder.num_layers       : 1
2020-04-25 00:06:13,639 cfg.model.decoder.rnn_type         : lstm
2020-04-25 00:06:13,639 cfg.model.decoder.embeddings.embedding_dim : 16
2020-04-25 00:06:13,639 cfg.model.decoder.embeddings.scale : False
2020-04-25 00:06:13,639 cfg.model.decoder.hidden_size      : 24
2020-04-25 00:06:13,639 cfg.model.decoder.dropout          : 0.1
2020-04-25 00:06:13,639 cfg.model.decoder.hidden_dropout   : 0.1
2020-04-25 00:06:13,639 cfg.model.decoder.num_layers       : 1
2020-04-25 00:06:13,639 cfg.model.decoder.input_feeding    : True
2020-04-25 00:06:13,639 cfg.model.decoder.init_hidden      : zero
2020-04-25 00:06:13,639 cfg.model.decoder.attention        : luong
2020-04-25 00:06:13,639 cfg.dqn.epochs                     : 500
2020-04-25 00:06:13,639 cfg.dqn.sample_size                : 256
2020-04-25 00:06:13,639 cfg.dqn.lr                         : 5e-05
2020-04-25 00:06:13,639 cfg.dqn.egreed_max                 : 0.9
2020-04-25 00:06:13,640 cfg.dqn.egreed_min                 : 0.001
2020-04-25 00:06:13,640 cfg.dqn.gamma_max                  : 0.9
2020-04-25 00:06:13,640 cfg.dqn.gamma_min                  : 0.3
2020-04-25 00:06:13,640 cfg.dqn.nu_iter                    : 300
2020-04-25 00:06:13,640 cfg.dqn.mem_cap                    : 5000
2020-04-25 00:06:13,640 cfg.dqn.beam_min                   : 1
2020-04-25 00:06:13,640 cfg.dqn.beam_max                   : 50
2020-04-25 00:06:13,640 cfg.dqn.state_type                 : attention
2020-04-25 00:06:13,640 cfg.dqn.reward_type                : bleu_batch
2020-04-25 00:06:13,640 cfg.dqn.nu_pretrain                : 0
2020-04-25 00:06:13,640 cfg.dqn.other_descrip              : _init_hidden_zero
2020-04-25 00:06:13,640 We are using the reward named: bleu_batch
2020-04-25 00:06:13,640 EPOCH 1
2020-04-25 00:06:13,641  beam_dqn : 1, egreed: 0.90, gamma:  0.84
2020-04-25 00:06:17,276 EPOCH 2
2020-04-25 00:06:17,277  beam_dqn : 1, egreed: 0.90, gamma:  0.84
2020-04-25 00:06:20,933 EPOCH 3
2020-04-25 00:06:20,934  beam_dqn : 1, egreed: 0.90, gamma:  0.84
2020-04-25 00:06:25,202 EPOCH 4
2020-04-25 00:06:25,204  beam_dqn : 1, egreed: 0.90, gamma:  0.84
2020-04-25 00:06:28,070 EPOCH 5
2020-04-25 00:06:28,070  beam_dqn : 1, egreed: 0.90, gamma:  0.84
2020-04-25 00:06:30,840 EPOCH 6
2020-04-25 00:06:30,841  beam_dqn : 1, egreed: 0.89, gamma:  0.84
2020-04-25 00:06:33,783 EPOCH 7
2020-04-25 00:06:33,783  beam_dqn : 1, egreed: 0.89, gamma:  0.84
2020-04-25 00:06:36,997 EPOCH 8
2020-04-25 00:06:36,998  beam_dqn : 1, egreed: 0.89, gamma:  0.84
2020-04-25 00:06:40,858 EPOCH 9
2020-04-25 00:06:40,858  beam_dqn : 1, egreed: 0.89, gamma:  0.84
2020-04-25 00:06:44,995 EPOCH 10
2020-04-25 00:06:44,996  beam_dqn : 1, egreed: 0.89, gamma:  0.84
2020-04-25 00:06:48,820 EPOCH 11
2020-04-25 00:06:48,820  beam_dqn : 1, egreed: 0.89, gamma:  0.84
2020-04-25 00:06:52,365 EPOCH 12
2020-04-25 00:06:52,366  beam_dqn : 1, egreed: 0.89, gamma:  0.84
2020-04-25 00:06:55,668 EPOCH 13
2020-04-25 00:06:55,668  beam_dqn : 1, egreed: 0.89, gamma:  0.84
2020-04-25 00:06:58,984 EPOCH 14
2020-04-25 00:06:58,991  beam_dqn : 1, egreed: 0.89, gamma:  0.84
2020-04-25 00:07:02,164 EPOCH 15
2020-04-25 00:07:02,165  beam_dqn : 1, egreed: 0.89, gamma:  0.84
2020-04-25 00:07:05,102 EPOCH 16
2020-04-25 00:07:05,103  beam_dqn : 1, egreed: 0.89, gamma:  0.84
2020-04-25 00:07:07,777 EPOCH 17
2020-04-25 00:07:07,778  beam_dqn : 1, egreed: 0.88, gamma:  0.84
2020-04-25 00:07:10,016  As referece this first test on dev data. Is maded with the Q networks, initialized randomly : 
2020-04-25 00:07:10,138 Currently on the prediction.
2020-04-25 00:07:13,150 Optimal reward is: 99493.00
2020-04-25 00:07:13,161 On train
2020-04-25 00:07:13,161 valid_references 	 vs 	 predicted_hypotheses
2020-04-25 00:07:13,161  3	 vs 1 1 1 1 1 1 1 1 1 1	
2020-04-25 00:07:13,161  2	 vs 1 1 1 1 1 1 1 1 1 1	
2020-04-25 00:07:13,161  1 0	 vs 1 1 1 1 1 1 1 1 1 1	
2020-04-25 00:07:13,162  1	 vs 1 1 1 1 1 1 1 1 1 1	
2020-04-25 00:07:13,162  2	 vs 1 1 1 1 1 1 1 1 1 1	
2020-04-25 00:07:13,162  4	 vs 1 1 1 1 1 1 1 1 1 1	
2020-04-25 00:07:13,162  4 2	 vs 1 1 1 1 1 1 1 1 1 1	
2020-04-25 00:07:13,162  1 3	 vs 1 1 1 1 1 1 1 1 1 1	
2020-04-25 00:07:13,162  4 3	 vs 1 1 1 1 1 1 1 1 1 1	
2020-04-25 00:07:13,162  3	 vs 1 1 1 1 1 1 1 1 1 1	
2020-04-25 00:07:13,222 r_total: 0.00 
2020-04-25 00:07:13,222 bleu score: 0.00
2020-04-25 00:07:15,552 EPOCH 18
2020-04-25 00:07:15,553  beam_dqn : 1, egreed: 0.88, gamma:  0.84
2020-04-25 00:07:21,968 EPOCH 19
2020-04-25 00:07:21,969  beam_dqn : 1, egreed: 0.88, gamma:  0.84
2020-04-25 00:07:30,767 EPOCH 20
2020-04-25 00:07:30,767  beam_dqn : 1, egreed: 0.88, gamma:  0.84
2020-04-25 00:07:35,903  Copying the Q-Val on Q-tar on step: 1 
2020-04-25 00:07:36,048 Currently on the prediction.
2020-04-25 00:07:38,423 On train
2020-04-25 00:07:38,423 valid_references 	 vs 	 predicted_hypotheses
2020-04-25 00:07:38,423  3	 vs 1 3 3 3 3 3 3 3 3 3	
2020-04-25 00:07:38,423  2	 vs 1 1 3 3 3 3 3 3 3 3	
2020-04-25 00:07:38,424  1 0	 vs 1 3 3 3 3 3 3 3 3 3	
2020-04-25 00:07:38,424  1	 vs 1 3 3 3 3 3 3 3 3 3	
2020-04-25 00:07:38,424  2	 vs 1 3 3 3 3 3 3 3 3 3	
2020-04-25 00:07:38,424  4	 vs 1 3 3 3 3 3 3 3 3 3	
2020-04-25 00:07:38,424  4 2	 vs 1 3 3 3 3 3 3 3 3 3	
2020-04-25 00:07:38,424  1 3	 vs 1 3 3 3 3 3 3 3 3 3	
2020-04-25 00:07:38,424  4 3	 vs 1 3 3 3 3 3 3 3 3 3	
2020-04-25 00:07:38,424  3	 vs 1 3 3 3 3 3 3 3 3 3	
2020-04-25 00:07:38,500 r_total: 0.00 
2020-04-25 00:07:38,500 bleu score: 0.00
2020-04-25 00:07:40,613 EPOCH 21
2020-04-25 00:07:40,614  beam_dqn : 1, egreed: 0.88, gamma:  0.84
2020-04-25 00:07:47,745 EPOCH 22
2020-04-25 00:07:47,746  beam_dqn : 1, egreed: 0.88, gamma:  0.84
2020-04-25 00:07:56,083 EPOCH 23
2020-04-25 00:07:56,085  beam_dqn : 1, egreed: 0.88, gamma:  0.84
2020-04-25 00:08:01,170  Copying the Q-Val on Q-tar on step: 2 
2020-04-25 00:08:01,254 Currently on the prediction.
2020-04-25 00:08:03,723 On train
2020-04-25 00:08:03,723 valid_references 	 vs 	 predicted_hypotheses
2020-04-25 00:08:03,723  3	 vs 1 1 1 1 1 1 1 1 1 1	
2020-04-25 00:08:03,723  2	 vs 1 1 1 1 1 1 1 1 1 1	
2020-04-25 00:08:03,723  1 0	 vs 1 1 1 1 1 1 1 1 1 1	
2020-04-25 00:08:03,724  1	 vs 1 1 1 1 1 1 1 1 1 1	
2020-04-25 00:08:03,724  2	 vs 1 1 1 1 1 1 1 1 1 1	
2020-04-25 00:08:03,724  4	 vs 1 1 1 1 1 1 1 1 1 1	
2020-04-25 00:08:03,724  4 2	 vs 1 1 1 1 1 1 1 1 1 1	
2020-04-25 00:08:03,724  1 3	 vs 1 1 1 1 1 1 1 1 1 1	
2020-04-25 00:08:03,724  4 3	 vs 1 1 1 1 1 1 1 1 1 1	
2020-04-25 00:08:03,724  3	 vs 1 1 1 1 1 1 1 1 1 1	
2020-04-25 00:08:03,809 r_total: 0.00 
2020-04-25 00:08:03,815 bleu score: 0.00
2020-04-25 00:08:06,168 EPOCH 24
2020-04-25 00:08:06,169  beam_dqn : 1, egreed: 0.88, gamma:  0.84
2020-04-25 00:08:12,851 EPOCH 25
2020-04-25 00:08:12,857  beam_dqn : 1, egreed: 0.88, gamma:  0.84
2020-04-25 00:08:19,204 EPOCH 26
2020-04-25 00:08:19,205  beam_dqn : 1, egreed: 0.88, gamma:  0.84
2020-04-25 00:08:24,436  Copying the Q-Val on Q-tar on step: 3 
2020-04-25 00:08:24,608 Currently on the prediction.
2020-04-25 00:08:27,764 On train
2020-04-25 00:08:27,764 valid_references 	 vs 	 predicted_hypotheses
2020-04-25 00:08:27,764  3	 vs 1 3 3 3 3 3 3 3 3 3	
2020-04-25 00:08:27,764  2	 vs 4 4 3 3 3 3 3 3 3 3	
2020-04-25 00:08:27,764  1 0	 vs 1 3 3 3 3 3 3 3 3 3	
2020-04-25 00:08:27,764  1	 vs 4 3 3 3 3 3 3 3 3 3	
2020-04-25 00:08:27,764  2	 vs 3 3 3 3 3 3 3 3 3 3	
2020-04-25 00:08:27,765  4	 vs 4 3 3 3 3 3 3 3 3 3	
2020-04-25 00:08:27,765  4 2	 vs 1 3 3 3 3 3 3 3 3 3	
2020-04-25 00:08:27,765  1 3	 vs 4 3 3 3 3 3 3 3 3 3	
2020-04-25 00:08:27,765  4 3	 vs 4 3 3 3 3 3 3 3 3 3	
2020-04-25 00:08:27,765  3	 vs 3 3 3 3 3 3 3 3 3 3	
2020-04-25 00:08:27,859 r_total: 0.00 
2020-04-25 00:08:27,859 bleu score: 0.00
2020-04-25 00:08:30,437 EPOCH 27
2020-04-25 00:08:30,439  beam_dqn : 1, egreed: 0.88, gamma:  0.84
2020-04-25 00:08:38,526 EPOCH 28
2020-04-25 00:08:38,526  beam_dqn : 1, egreed: 0.88, gamma:  0.84
2020-04-25 00:08:47,184 EPOCH 29
2020-04-25 00:08:47,184  beam_dqn : 1, egreed: 0.87, gamma:  0.84
2020-04-25 00:08:53,148  Copying the Q-Val on Q-tar on step: 4 
2020-04-25 00:08:53,188 Currently on the prediction.
2020-04-25 00:08:55,054 On train
2020-04-25 00:08:55,054 valid_references 	 vs 	 predicted_hypotheses
2020-04-25 00:08:55,054  3	 vs 1 1	
2020-04-25 00:08:55,054  2	 vs 4 4	
2020-04-25 00:08:55,055  1 0	 vs 4 1	
2020-04-25 00:08:55,055  1	 vs 4 4	
2020-04-25 00:08:55,055  2	 vs 4	
2020-04-25 00:08:55,055  4	 vs 4 4	
2020-04-25 00:08:55,055  4 2	 vs 1	
2020-04-25 00:08:55,055  1 3	 vs 4 4	
2020-04-25 00:08:55,055  4 3	 vs 4	
2020-04-25 00:08:55,055  3	 vs 4	
2020-04-25 00:08:55,123 r_total: 7391.02 
2020-04-25 00:08:55,123 bleu score: 6.16
2020-04-25 00:08:57,926 EPOCH 30
2020-04-25 00:08:57,926  beam_dqn : 1, egreed: 0.87, gamma:  0.84
2020-04-25 00:09:06,612 EPOCH 31
2020-04-25 00:09:06,612  beam_dqn : 1, egreed: 0.87, gamma:  0.84
2020-04-25 00:09:14,260 EPOCH 32
2020-04-25 00:09:14,261  beam_dqn : 1, egreed: 0.87, gamma:  0.84
2020-04-25 00:09:19,724  Copying the Q-Val on Q-tar on step: 5 
2020-04-25 00:09:19,763 Currently on the prediction.
2020-04-25 00:09:21,479 On train
2020-04-25 00:09:21,480 valid_references 	 vs 	 predicted_hypotheses
2020-04-25 00:09:21,480  3	 vs 1 4	
2020-04-25 00:09:21,480  2	 vs 4 4 4	
2020-04-25 00:09:21,480  1 0	 vs 4 4	
2020-04-25 00:09:21,480  1	 vs 4 4	
2020-04-25 00:09:21,480  2	 vs 4	
2020-04-25 00:09:21,480  4	 vs 4 4	
2020-04-25 00:09:21,480  4 2	 vs 4	
2020-04-25 00:09:21,480  1 3	 vs 4 4	
2020-04-25 00:09:21,480  4 3	 vs 4 4	
2020-04-25 00:09:21,481  3	 vs 4	
2020-04-25 00:09:21,528 r_total: -983.48 
2020-04-25 00:09:21,529 bleu score: 0.00
2020-04-25 00:09:23,985 EPOCH 33
2020-04-25 00:09:23,986  beam_dqn : 1, egreed: 0.87, gamma:  0.84
2020-04-25 00:09:33,062 EPOCH 34
2020-04-25 00:09:33,063  beam_dqn : 1, egreed: 0.87, gamma:  0.84
2020-04-25 00:09:41,492 EPOCH 35
2020-04-25 00:09:41,493  beam_dqn : 1, egreed: 0.87, gamma:  0.84
2020-04-25 00:09:46,305  Copying the Q-Val on Q-tar on step: 6 
2020-04-25 00:09:46,347 Currently on the prediction.
2020-04-25 00:09:47,472 On train
2020-04-25 00:09:47,472 valid_references 	 vs 	 predicted_hypotheses
2020-04-25 00:09:47,472  3	 vs 1 0	
2020-04-25 00:09:47,472  2	 vs 4 4	
2020-04-25 00:09:47,472  1 0	 vs 4 0	
2020-04-25 00:09:47,473  1	 vs 4 4	
2020-04-25 00:09:47,473  2	 vs 4	
2020-04-25 00:09:47,473  4	 vs 4	
2020-04-25 00:09:47,473  4 2	 vs 1	
2020-04-25 00:09:47,473  1 3	 vs 4	
2020-04-25 00:09:47,473  4 3	 vs 4	
2020-04-25 00:09:47,473  3	 vs 4	
2020-04-25 00:09:47,503 r_total: 11061.92 
2020-04-25 00:09:47,503 bleu score: 9.22
2020-04-25 00:09:49,580 EPOCH 36
2020-04-25 00:09:49,581  beam_dqn : 1, egreed: 0.87, gamma:  0.84
2020-04-25 00:09:58,003 EPOCH 37
2020-04-25 00:09:58,004  beam_dqn : 1, egreed: 0.87, gamma:  0.84
2020-04-25 00:10:06,029 EPOCH 38
2020-04-25 00:10:06,030  beam_dqn : 1, egreed: 0.87, gamma:  0.84
2020-04-25 00:10:10,512  Copying the Q-Val on Q-tar on step: 7 
2020-04-25 00:10:10,570 Currently on the prediction.
2020-04-25 00:10:11,850 On train
2020-04-25 00:10:11,851 valid_references 	 vs 	 predicted_hypotheses
2020-04-25 00:10:11,851  3	 vs 2 0	
2020-04-25 00:10:11,851  2	 vs 4 4	
2020-04-25 00:10:11,851  1 0	 vs 4 4	
2020-04-25 00:10:11,851  1	 vs 4 4	
2020-04-25 00:10:11,851  2	 vs 4	
2020-04-25 00:10:11,852  4	 vs 4 4	
2020-04-25 00:10:11,852  4 2	 vs 2	
2020-04-25 00:10:11,852  1 3	 vs 4 4	
2020-04-25 00:10:11,852  4 3	 vs 4 4	
2020-04-25 00:10:11,852  3	 vs 4	
2020-04-25 00:10:11,899 r_total: 1531.32 
2020-04-25 00:10:11,899 bleu score: 0.00
2020-04-25 00:10:14,346 EPOCH 39
2020-04-25 00:10:14,347  beam_dqn : 1, egreed: 0.87, gamma:  0.84
2020-04-25 00:10:21,285 EPOCH 40
2020-04-25 00:10:21,286  beam_dqn : 1, egreed: 0.86, gamma:  0.84
2020-04-25 00:10:29,202 EPOCH 41
2020-04-25 00:10:29,203  beam_dqn : 1, egreed: 0.86, gamma:  0.84
2020-04-25 00:10:33,695  Copying the Q-Val on Q-tar on step: 8 
2020-04-25 00:10:33,726 Currently on the prediction.
2020-04-25 00:10:34,909 On train
2020-04-25 00:10:34,909 valid_references 	 vs 	 predicted_hypotheses
2020-04-25 00:10:34,909  3	 vs 2 2	
2020-04-25 00:10:34,909  2	 vs 2 2	
2020-04-25 00:10:34,909  1 0	 vs 2	
2020-04-25 00:10:34,909  1	 vs 2	
2020-04-25 00:10:34,909  2	 vs 2	
2020-04-25 00:10:34,909  4	 vs 2	
2020-04-25 00:10:34,910  4 2	 vs 2	
2020-04-25 00:10:34,910  1 3	 vs 2	
2020-04-25 00:10:34,910  4 3	 vs 2	
2020-04-25 00:10:34,910  3	 vs 2	
2020-04-25 00:10:34,942 r_total: 3142.14 
2020-04-25 00:10:34,942 bleu score: 5.52
2020-04-25 00:10:37,271 EPOCH 42
2020-04-25 00:10:37,274  beam_dqn : 1, egreed: 0.86, gamma:  0.84
2020-04-25 00:10:44,415 EPOCH 43
2020-04-25 00:10:44,416  beam_dqn : 1, egreed: 0.86, gamma:  0.84
2020-04-25 00:10:51,082 EPOCH 44
2020-04-25 00:10:51,083  beam_dqn : 1, egreed: 0.86, gamma:  0.84
2020-04-25 00:10:56,577  Copying the Q-Val on Q-tar on step: 9 
2020-04-25 00:10:56,659 Currently on the prediction.
2020-04-25 00:10:58,338 On train
2020-04-25 00:10:58,338 valid_references 	 vs 	 predicted_hypotheses
2020-04-25 00:10:58,338  3	 vs 2 2	
2020-04-25 00:10:58,339  2	 vs 2 2 2 2	
2020-04-25 00:10:58,339  1 0	 vs 2 2	
2020-04-25 00:10:58,339  1	 vs 2 2	
2020-04-25 00:10:58,339  2	 vs 2	
2020-04-25 00:10:58,339  4	 vs 2 2	
2020-04-25 00:10:58,339  4 2	 vs 2 2	
2020-04-25 00:10:58,340  1 3	 vs 2 2	
2020-04-25 00:10:58,340  4 3	 vs 2 2	
2020-04-25 00:10:58,340  3	 vs 2	
2020-04-25 00:10:58,383 r_total: -2562.00 
2020-04-25 00:10:58,383 bleu score: 0.00
2020-04-25 00:11:00,726 EPOCH 45
2020-04-25 00:11:00,730  beam_dqn : 1, egreed: 0.86, gamma:  0.84
2020-04-25 00:11:08,087 EPOCH 46
2020-04-25 00:11:08,089  beam_dqn : 1, egreed: 0.86, gamma:  0.84
2020-04-25 00:11:15,222 EPOCH 47
2020-04-25 00:11:15,222  beam_dqn : 1, egreed: 0.86, gamma:  0.84
2020-04-25 00:11:20,037  Copying the Q-Val on Q-tar on step: 10 
2020-04-25 00:11:20,067 Currently on the prediction.
2020-04-25 00:11:21,287 On train
2020-04-25 00:11:21,288 valid_references 	 vs 	 predicted_hypotheses
2020-04-25 00:11:21,288  3	 vs 4 4	
2020-04-25 00:11:21,288  2	 vs 4 4	
2020-04-25 00:11:21,288  1 0	 vs 4	
2020-04-25 00:11:21,288  1	 vs 4 4	
2020-04-25 00:11:21,288  2	 vs 4	
2020-04-25 00:11:21,289  4	 vs 4	
2020-04-25 00:11:21,289  4 2	 vs 4	
2020-04-25 00:11:21,289  1 3	 vs 4	
2020-04-25 00:11:21,289  4 3	 vs 4	
2020-04-25 00:11:21,289  3	 vs 4	
2020-04-25 00:11:21,326 r_total: 1903.90 
2020-04-25 00:11:21,327 bleu score: 6.38
2020-04-25 00:11:23,320 EPOCH 48
2020-04-25 00:11:23,321  beam_dqn : 1, egreed: 0.86, gamma:  0.84
2020-04-25 00:11:31,205 EPOCH 49
2020-04-25 00:11:31,206  beam_dqn : 1, egreed: 0.86, gamma:  0.84
2020-04-25 00:11:37,988 EPOCH 50
2020-04-25 00:11:37,989  beam_dqn : 1, egreed: 0.86, gamma:  0.84
2020-04-25 00:11:43,585  Copying the Q-Val on Q-tar on step: 11 
2020-04-25 00:11:43,634 Currently on the prediction.
2020-04-25 00:11:45,011 On train
2020-04-25 00:11:45,011 valid_references 	 vs 	 predicted_hypotheses
2020-04-25 00:11:45,011  3	 vs 4 4 0	
2020-04-25 00:11:45,011  2	 vs 4 4	
2020-04-25 00:11:45,011  1 0	 vs 4 4	
2020-04-25 00:11:45,011  1	 vs 4 4	
2020-04-25 00:11:45,012  2	 vs 4 0	
2020-04-25 00:11:45,012  4	 vs 4 4	
2020-04-25 00:11:45,012  4 2	 vs 4 4	
2020-04-25 00:11:45,012  1 3	 vs 4 4	
2020-04-25 00:11:45,012  4 3	 vs 4 4	
2020-04-25 00:11:45,012  3	 vs 4 0	
2020-04-25 00:11:45,058 r_total: -718.00 
2020-04-25 00:11:45,058 bleu score: 0.00
2020-04-25 00:11:47,768 EPOCH 51
2020-04-25 00:11:47,769  beam_dqn : 1, egreed: 0.86, gamma:  0.84
2020-04-25 00:11:55,881 EPOCH 52
2020-04-25 00:11:55,882  beam_dqn : 1, egreed: 0.85, gamma:  0.84
2020-04-25 00:12:03,514 EPOCH 53
2020-04-25 00:12:03,514  beam_dqn : 1, egreed: 0.85, gamma:  0.84
2020-04-25 00:12:08,385  Copying the Q-Val on Q-tar on step: 12 
2020-04-25 00:12:08,423 Currently on the prediction.
2020-04-25 00:12:09,596 On train
2020-04-25 00:12:09,596 valid_references 	 vs 	 predicted_hypotheses
2020-04-25 00:12:09,596  3	 vs 1	
2020-04-25 00:12:09,596  2	 vs 4 4	
2020-04-25 00:12:09,596  1 0	 vs 2	
2020-04-25 00:12:09,597  1	 vs 4	
2020-04-25 00:12:09,597  2	 vs 	
2020-04-25 00:12:09,597  4	 vs 4	
2020-04-25 00:12:09,597  4 2	 vs 1	
2020-04-25 00:12:09,597  1 3	 vs 4	
2020-04-25 00:12:09,597  4 3	 vs 	
2020-04-25 00:12:09,597  3	 vs 	
2020-04-25 00:12:09,627 r_total: 5491.00 
2020-04-25 00:12:09,627 bleu score: 3.43
2020-04-25 00:12:12,173 EPOCH 54
2020-04-25 00:12:12,174  beam_dqn : 1, egreed: 0.85, gamma:  0.84
2020-04-25 00:12:19,223 EPOCH 55
2020-04-25 00:12:19,223  beam_dqn : 1, egreed: 0.85, gamma:  0.84
2020-04-25 00:12:27,159 EPOCH 56
2020-04-25 00:12:27,160  beam_dqn : 1, egreed: 0.85, gamma:  0.84
2020-04-25 00:12:31,768  Copying the Q-Val on Q-tar on step: 13 
2020-04-25 00:12:31,801 Currently on the prediction.
2020-04-25 00:12:32,999 On train
2020-04-25 00:12:32,999 valid_references 	 vs 	 predicted_hypotheses
2020-04-25 00:12:32,999  3	 vs 1 1	
2020-04-25 00:12:33,000  2	 vs 4 4	
2020-04-25 00:12:33,000  1 0	 vs 4	
2020-04-25 00:12:33,000  1	 vs 4	
2020-04-25 00:12:33,000  2	 vs 	
2020-04-25 00:12:33,000  4	 vs 4	
2020-04-25 00:12:33,000  4 2	 vs 1	
2020-04-25 00:12:33,000  1 3	 vs 4	
2020-04-25 00:12:33,000  4 3	 vs 4	
2020-04-25 00:12:33,000  3	 vs 	
2020-04-25 00:12:33,035 r_total: 7200.82 
2020-04-25 00:12:33,035 bleu score: 6.76
2020-04-25 00:12:35,310 EPOCH 57
2020-04-25 00:12:35,310  beam_dqn : 1, egreed: 0.85, gamma:  0.84
2020-04-25 00:12:42,041 EPOCH 58
2020-04-25 00:12:42,042  beam_dqn : 1, egreed: 0.85, gamma:  0.84
2020-04-25 00:12:49,069 EPOCH 59
2020-04-25 00:12:49,069  beam_dqn : 1, egreed: 0.85, gamma:  0.84
2020-04-25 00:12:53,447  Copying the Q-Val on Q-tar on step: 14 
2020-04-25 00:12:53,517 Currently on the prediction.
2020-04-25 00:12:55,593 On train
2020-04-25 00:12:55,593 valid_references 	 vs 	 predicted_hypotheses
2020-04-25 00:12:55,594  3	 vs 4 1	
2020-04-25 00:12:55,594  2	 vs 4 4 4	
2020-04-25 00:12:55,594  1 0	 vs 4 4	
2020-04-25 00:12:55,594  1	 vs 4 4	
2020-04-25 00:12:55,594  2	 vs 4	
2020-04-25 00:12:55,594  4	 vs 4 4	
2020-04-25 00:12:55,594  4 2	 vs 4 1	
2020-04-25 00:12:55,595  1 3	 vs 4 4	
2020-04-25 00:12:55,595  4 3	 vs 4 4	
2020-04-25 00:12:55,595  3	 vs 4	
2020-04-25 00:12:55,637 r_total: 526.35 
2020-04-25 00:12:55,637 bleu score: 0.00
2020-04-25 00:12:57,994 EPOCH 60
2020-04-25 00:12:57,994  beam_dqn : 1, egreed: 0.85, gamma:  0.84
2020-04-25 00:13:05,002 EPOCH 61
2020-04-25 00:13:05,003  beam_dqn : 1, egreed: 0.85, gamma:  0.84
2020-04-25 00:13:12,666 EPOCH 62
2020-04-25 00:13:12,667  beam_dqn : 1, egreed: 0.85, gamma:  0.84
2020-04-25 00:13:17,434  Copying the Q-Val on Q-tar on step: 15 
2020-04-25 00:13:17,472 Currently on the prediction.
2020-04-25 00:13:18,666 On train
2020-04-25 00:13:18,666 valid_references 	 vs 	 predicted_hypotheses
2020-04-25 00:13:18,666  3	 vs 2 2	
2020-04-25 00:13:18,666  2	 vs 2 2	
2020-04-25 00:13:18,666  1 0	 vs 2	
2020-04-25 00:13:18,666  1	 vs 2	
2020-04-25 00:13:18,666  2	 vs 2	
2020-04-25 00:13:18,666  4	 vs 2	
2020-04-25 00:13:18,667  4 2	 vs 2	
2020-04-25 00:13:18,667  1 3	 vs 2	
2020-04-25 00:13:18,667  4 3	 vs 2	
2020-04-25 00:13:18,667  3	 vs 2	
2020-04-25 00:13:18,700 r_total: 3117.84 
2020-04-25 00:13:18,700 bleu score: 5.45
2020-04-25 00:13:20,981 EPOCH 63
2020-04-25 00:13:20,982  beam_dqn : 1, egreed: 0.85, gamma:  0.84
2020-04-25 00:13:29,401 EPOCH 64
2020-04-25 00:13:29,404  beam_dqn : 1, egreed: 0.84, gamma:  0.84
2020-04-25 00:13:36,395 EPOCH 65
2020-04-25 00:13:36,396  beam_dqn : 1, egreed: 0.84, gamma:  0.84
2020-04-25 00:13:41,461  Copying the Q-Val on Q-tar on step: 16 
2020-04-25 00:13:41,608 Currently on the prediction.
2020-04-25 00:13:44,075 On train
2020-04-25 00:13:44,075 valid_references 	 vs 	 predicted_hypotheses
2020-04-25 00:13:44,075  3	 vs 2 2 0 0 0 0 0 0 0 0	
2020-04-25 00:13:44,075  2	 vs 2 2 2 0 0 0 0 0 0 0	
2020-04-25 00:13:44,075  1 0	 vs 2 2 0 0 0 0 0 0 0 0	
2020-04-25 00:13:44,076  1	 vs 2 2 0 0 0 0 0 0 0 0	
2020-04-25 00:13:44,076  2	 vs 2 0 0 0 0 0 0 0 0 0	
2020-04-25 00:13:44,076  4	 vs 2 2 0 0 0 0 0 0 0 0	
2020-04-25 00:13:44,076  4 2	 vs 2 2 0 0 0 0 0 0 0 0	
2020-04-25 00:13:44,076  1 3	 vs 2 2 0 0 0 0 0 0 0 0	
2020-04-25 00:13:44,076  4 3	 vs 2 2 0 0 0 0 0 0 0 0	
2020-04-25 00:13:44,076  3	 vs 2 0 0 0 0 0 0 0 0 0	
2020-04-25 00:13:44,146 r_total: 0.00 
2020-04-25 00:13:44,146 bleu score: 0.00
2020-04-25 00:13:46,283 EPOCH 66
2020-04-25 00:13:46,285  beam_dqn : 1, egreed: 0.84, gamma:  0.84
2020-04-25 00:13:52,638 EPOCH 67
2020-04-25 00:13:52,639  beam_dqn : 1, egreed: 0.84, gamma:  0.84
2020-04-25 00:14:00,508 EPOCH 68
2020-04-25 00:14:00,508  beam_dqn : 1, egreed: 0.84, gamma:  0.84
2020-04-25 00:14:06,497  Copying the Q-Val on Q-tar on step: 17 
2020-04-25 00:14:06,549 Currently on the prediction.
2020-04-25 00:14:08,196 On train
2020-04-25 00:14:08,196 valid_references 	 vs 	 predicted_hypotheses
2020-04-25 00:14:08,196  3	 vs 4 4	
2020-04-25 00:14:08,197  2	 vs 4 4	
2020-04-25 00:14:08,197  1 0	 vs 4 4	
2020-04-25 00:14:08,197  1	 vs 4 4	
2020-04-25 00:14:08,197  2	 vs 4	
2020-04-25 00:14:08,197  4	 vs 4 4	
2020-04-25 00:14:08,197  4 2	 vs 4	
2020-04-25 00:14:08,197  1 3	 vs 4 4	
2020-04-25 00:14:08,198  4 3	 vs 4	
2020-04-25 00:14:08,198  3	 vs 4	
2020-04-25 00:14:08,252 r_total: 1835.41 
2020-04-25 00:14:08,252 bleu score: 5.58
2020-04-25 00:14:10,901 EPOCH 69
2020-04-25 00:14:10,902  beam_dqn : 1, egreed: 0.84, gamma:  0.84
2020-04-25 00:14:18,719 EPOCH 70
2020-04-25 00:14:18,720  beam_dqn : 1, egreed: 0.84, gamma:  0.84
2020-04-25 00:14:26,021 EPOCH 71
2020-04-25 00:14:26,022  beam_dqn : 1, egreed: 0.84, gamma:  0.84
2020-04-25 00:14:30,452  Copying the Q-Val on Q-tar on step: 18 
2020-04-25 00:14:30,546 Currently on the prediction.
2020-04-25 00:14:32,251 On train
2020-04-25 00:14:32,251 valid_references 	 vs 	 predicted_hypotheses
2020-04-25 00:14:32,251  3	 vs 4 4	
2020-04-25 00:14:32,251  2	 vs 4 4 4 4 4 4 4 4 4 4	
2020-04-25 00:14:32,252  1 0	 vs 4 4	
2020-04-25 00:14:32,252  1	 vs 4 4	
2020-04-25 00:14:32,252  2	 vs 4 4	
2020-04-25 00:14:32,252  4	 vs 4 4	
2020-04-25 00:14:32,252  4 2	 vs 4 4	
2020-04-25 00:14:32,252  1 3	 vs 4 4	
2020-04-25 00:14:32,252  4 3	 vs 4 4	
2020-04-25 00:14:32,252  3	 vs 4 4	
2020-04-25 00:14:32,315 r_total: -3684.00 
2020-04-25 00:14:32,315 bleu score: 0.00
2020-04-25 00:14:34,774 EPOCH 72
2020-04-25 00:14:34,775  beam_dqn : 1, egreed: 0.84, gamma:  0.84
2020-04-25 00:14:41,276 EPOCH 73
2020-04-25 00:14:41,277  beam_dqn : 1, egreed: 0.84, gamma:  0.84
2020-04-25 00:14:47,542 EPOCH 74
2020-04-25 00:14:47,543  beam_dqn : 1, egreed: 0.84, gamma:  0.84
2020-04-25 00:14:52,006  Copying the Q-Val on Q-tar on step: 19 
2020-04-25 00:14:52,048 Currently on the prediction.
2020-04-25 00:14:53,248 On train
2020-04-25 00:14:53,249 valid_references 	 vs 	 predicted_hypotheses
2020-04-25 00:14:53,249  3	 vs 1 1	
2020-04-25 00:14:53,249  2	 vs 1 1 1	
2020-04-25 00:14:53,249  1 0	 vs 1 1	
2020-04-25 00:14:53,249  1	 vs 1 1	
2020-04-25 00:14:53,249  2	 vs 1	
2020-04-25 00:14:53,249  4	 vs 1 1	
2020-04-25 00:14:53,249  4 2	 vs 1 1	
2020-04-25 00:14:53,250  1 3	 vs 1 1	
2020-04-25 00:14:53,250  4 3	 vs 1 1	
2020-04-25 00:14:53,250  3	 vs 1	
2020-04-25 00:14:53,291 r_total: 1156.03 
2020-04-25 00:14:53,291 bleu score: 0.00
2020-04-25 00:14:55,892 EPOCH 75
2020-04-25 00:14:55,893  beam_dqn : 1, egreed: 0.83, gamma:  0.84
2020-04-25 00:15:02,118 EPOCH 76
2020-04-25 00:15:02,119  beam_dqn : 1, egreed: 0.83, gamma:  0.84
2020-04-25 00:15:08,083 EPOCH 77
2020-04-25 00:15:08,084  beam_dqn : 1, egreed: 0.83, gamma:  0.84
2020-04-25 00:15:12,160  Copying the Q-Val on Q-tar on step: 20 
2020-04-25 00:15:12,184 Currently on the prediction.
2020-04-25 00:15:13,218 On train
2020-04-25 00:15:13,219 valid_references 	 vs 	 predicted_hypotheses
2020-04-25 00:15:13,219  3	 vs 2 0	
2020-04-25 00:15:13,219  2	 vs 2 2	
2020-04-25 00:15:13,219  1 0	 vs 2 0	
2020-04-25 00:15:13,219  1	 vs 2 0	
2020-04-25 00:15:13,219  2	 vs 0	
2020-04-25 00:15:13,219  4	 vs 2 0	
2020-04-25 00:15:13,219  4 2	 vs 2	
2020-04-25 00:15:13,220  1 3	 vs 2 0	
2020-04-25 00:15:13,220  4 3	 vs 2	
2020-04-25 00:15:13,220  3	 vs 0	
2020-04-25 00:15:13,250 r_total: 2915.54 
2020-04-25 00:15:13,251 bleu score: 5.46
2020-04-25 00:15:15,326 EPOCH 78
2020-04-25 00:15:15,327  beam_dqn : 1, egreed: 0.83, gamma:  0.84
2020-04-25 00:15:21,763 EPOCH 79
2020-04-25 00:15:21,763  beam_dqn : 1, egreed: 0.83, gamma:  0.84
2020-04-25 00:15:29,035 EPOCH 80
2020-04-25 00:15:29,036  beam_dqn : 1, egreed: 0.83, gamma:  0.84
2020-04-25 00:15:33,138  Copying the Q-Val on Q-tar on step: 21 
2020-04-25 00:15:33,183 Currently on the prediction.
2020-04-25 00:15:34,218 On train
2020-04-25 00:15:34,218 valid_references 	 vs 	 predicted_hypotheses
2020-04-25 00:15:34,218  3	 vs 2	
2020-04-25 00:15:34,218  2	 vs 2 2	
2020-04-25 00:15:34,218  1 0	 vs 2	
2020-04-25 00:15:34,219  1	 vs 2	
2020-04-25 00:15:34,219  2	 vs 2	
2020-04-25 00:15:34,219  4	 vs 2	
2020-04-25 00:15:34,219  4 2	 vs 2	
2020-04-25 00:15:34,219  1 3	 vs 2	
2020-04-25 00:15:34,219  4 3	 vs 2	
2020-04-25 00:15:34,219  3	 vs 2	
2020-04-25 00:15:34,248 r_total: 3098.13 
2020-04-25 00:15:34,248 bleu score: 5.52
2020-04-25 00:15:36,169 EPOCH 81
2020-04-25 00:15:36,170  beam_dqn : 1, egreed: 0.83, gamma:  0.84
2020-04-25 00:15:42,154 EPOCH 82
2020-04-25 00:15:42,154  beam_dqn : 1, egreed: 0.83, gamma:  0.84
2020-04-25 00:15:48,315 EPOCH 83
2020-04-25 00:15:48,315  beam_dqn : 1, egreed: 0.83, gamma:  0.84
2020-04-25 00:15:52,614  Copying the Q-Val on Q-tar on step: 22 
2020-04-25 00:15:52,723 Currently on the prediction.
2020-04-25 00:15:55,322 On train
2020-04-25 00:15:55,322 valid_references 	 vs 	 predicted_hypotheses
2020-04-25 00:15:55,328  3	 vs 2 2	
2020-04-25 00:15:55,328  2	 vs 4 4 3 3 3 3 3 3 3 3	
2020-04-25 00:15:55,328  1 0	 vs 2 3	
2020-04-25 00:15:55,328  1	 vs 4 2 3	
2020-04-25 00:15:55,329  2	 vs 2 3	
2020-04-25 00:15:55,329  4	 vs 2 2 3 3 3 3 3 3 3 3	
2020-04-25 00:15:55,329  4 2	 vs 2 3	
2020-04-25 00:15:55,329  1 3	 vs 2 2 3 3 3 3 3 3 3 3	
2020-04-25 00:15:55,329  4 3	 vs 4 2 3 3 3 3 3 3 3 3	
2020-04-25 00:15:55,329  3	 vs 2 3	
2020-04-25 00:15:55,419 r_total: -4423.00 
2020-04-25 00:15:55,419 bleu score: 0.00
2020-04-25 00:15:57,455 EPOCH 84
2020-04-25 00:15:57,456  beam_dqn : 1, egreed: 0.83, gamma:  0.84
2020-04-25 00:16:03,810 EPOCH 85
2020-04-25 00:16:03,811  beam_dqn : 1, egreed: 0.83, gamma:  0.84
2020-04-25 00:16:09,922 EPOCH 86
2020-04-25 00:16:09,925  beam_dqn : 1, egreed: 0.83, gamma:  0.84
2020-04-25 00:16:14,186  Copying the Q-Val on Q-tar on step: 23 
2020-04-25 00:16:14,216 Currently on the prediction.
2020-04-25 00:16:15,409 On train
2020-04-25 00:16:15,409 valid_references 	 vs 	 predicted_hypotheses
2020-04-25 00:16:15,410  3	 vs 4 4	
2020-04-25 00:16:15,410  2	 vs 4 4	
2020-04-25 00:16:15,410  1 0	 vs 4 4	
2020-04-25 00:16:15,410  1	 vs 4 4	
2020-04-25 00:16:15,410  2	 vs 4	
2020-04-25 00:16:15,410  4	 vs 4 4	
2020-04-25 00:16:15,410  4 2	 vs 4	
2020-04-25 00:16:15,410  1 3	 vs 4 4	
2020-04-25 00:16:15,410  4 3	 vs 4 4	
2020-04-25 00:16:15,410  3	 vs 4	
2020-04-25 00:16:15,446 r_total: 1696.62 
2020-04-25 00:16:15,447 bleu score: 5.44
2020-04-25 00:16:17,535 EPOCH 87
2020-04-25 00:16:17,536  beam_dqn : 1, egreed: 0.82, gamma:  0.84
2020-04-25 00:16:23,482 EPOCH 88
2020-04-25 00:16:23,483  beam_dqn : 1, egreed: 0.82, gamma:  0.84
2020-04-25 00:16:30,379 EPOCH 89
2020-04-25 00:16:30,380  beam_dqn : 1, egreed: 0.82, gamma:  0.84
2020-04-25 00:16:35,209  Copying the Q-Val on Q-tar on step: 24 
2020-04-25 00:16:35,244 Currently on the prediction.
2020-04-25 00:16:36,337 On train
2020-04-25 00:16:36,337 valid_references 	 vs 	 predicted_hypotheses
2020-04-25 00:16:36,337  3	 vs 4 1	
2020-04-25 00:16:36,337  2	 vs 4 4	
2020-04-25 00:16:36,337  1 0	 vs 4 0	
2020-04-25 00:16:36,337  1	 vs 4 4	
2020-04-25 00:16:36,337  2	 vs 4	
2020-04-25 00:16:36,337  4	 vs 4	
2020-04-25 00:16:36,337  4 2	 vs 4	
2020-04-25 00:16:36,337  1 3	 vs 4	
2020-04-25 00:16:36,338  4 3	 vs 4	
2020-04-25 00:16:36,338  3	 vs 4	
2020-04-25 00:16:36,366 r_total: 6094.95 
2020-04-25 00:16:36,366 bleu score: 7.03
2020-04-25 00:16:38,580 EPOCH 90
2020-04-25 00:16:38,581  beam_dqn : 1, egreed: 0.82, gamma:  0.84
2020-04-25 00:16:44,836 EPOCH 91
2020-04-25 00:16:44,839  beam_dqn : 1, egreed: 0.82, gamma:  0.84
2020-04-25 00:16:51,430 EPOCH 92
2020-04-25 00:16:51,431  beam_dqn : 1, egreed: 0.82, gamma:  0.84
2020-04-25 00:16:56,193  Copying the Q-Val on Q-tar on step: 25 
2020-04-25 00:16:56,286 Currently on the prediction.
2020-04-25 00:16:58,270 On train
2020-04-25 00:16:58,270 valid_references 	 vs 	 predicted_hypotheses
2020-04-25 00:16:58,271  3	 vs 4 3 0 0 0 0 0 0 0 0	
2020-04-25 00:16:58,271  2	 vs 4 4 0 0 0 0 0 0 0 0	
2020-04-25 00:16:58,271  1 0	 vs 4 3 0 0 0 0 0 0 0 0	
2020-04-25 00:16:58,271  1	 vs 4 4 0 0 0 0 0 0 0 0	
2020-04-25 00:16:58,271  2	 vs 4 0 0 0 0 0 0 0 0 0	
2020-04-25 00:16:58,271  4	 vs 4 4 0 0 0 0 0 0 0 0	
2020-04-25 00:16:58,271  4 2	 vs 4 3 0 0 0 0 0 0 0 0	
2020-04-25 00:16:58,271  1 3	 vs 4 4 0 0 0 0 0 0 0 0	
2020-04-25 00:16:58,272  4 3	 vs 4 3 0 0 0 0 0 0 0 0	
2020-04-25 00:16:58,272  3	 vs 4 0 0 0 0 0 0 0 0 0	
2020-04-25 00:16:58,341 r_total: 0.00 
2020-04-25 00:16:58,341 bleu score: 0.00
2020-04-25 00:17:00,582 EPOCH 93
2020-04-25 00:17:00,582  beam_dqn : 1, egreed: 0.82, gamma:  0.84
2020-04-25 00:17:07,258 EPOCH 94
2020-04-25 00:17:07,259  beam_dqn : 1, egreed: 0.82, gamma:  0.84
2020-04-25 00:17:14,089 EPOCH 95
2020-04-25 00:17:14,090  beam_dqn : 1, egreed: 0.82, gamma:  0.84
2020-04-25 00:17:18,392  Copying the Q-Val on Q-tar on step: 26 
2020-04-25 00:17:18,435 Currently on the prediction.
2020-04-25 00:17:19,559 On train
2020-04-25 00:17:19,559 valid_references 	 vs 	 predicted_hypotheses
2020-04-25 00:17:19,560  3	 vs 4 4	
2020-04-25 00:17:19,560  2	 vs 4 4 4	
2020-04-25 00:17:19,560  1 0	 vs 4 4	
2020-04-25 00:17:19,560  1	 vs 4 4	
2020-04-25 00:17:19,560  2	 vs 4	
2020-04-25 00:17:19,560  4	 vs 4 4	
2020-04-25 00:17:19,560  4 2	 vs 4 4	
2020-04-25 00:17:19,561  1 3	 vs 4 4	
2020-04-25 00:17:19,561  4 3	 vs 4 4	
2020-04-25 00:17:19,561  3	 vs 4	
2020-04-25 00:17:19,593 r_total: -662.00 
2020-04-25 00:17:19,593 bleu score: 0.00
2020-04-25 00:17:21,969 EPOCH 96
2020-04-25 00:17:21,970  beam_dqn : 1, egreed: 0.82, gamma:  0.84
2020-04-25 00:17:29,275 EPOCH 97
2020-04-25 00:17:29,276  beam_dqn : 1, egreed: 0.82, gamma:  0.84
2020-04-25 00:17:35,744 EPOCH 98
2020-04-25 00:17:35,745  beam_dqn : 1, egreed: 0.82, gamma:  0.84
2020-04-25 00:17:40,061  Copying the Q-Val on Q-tar on step: 27 
2020-04-25 00:17:40,107 Currently on the prediction.
2020-04-25 00:17:41,464 On train
2020-04-25 00:17:41,464 valid_references 	 vs 	 predicted_hypotheses
2020-04-25 00:17:41,464  3	 vs 2 1	
2020-04-25 00:17:41,464  2	 vs 2 2 0	
2020-04-25 00:17:41,465  1 0	 vs 2 1	
2020-04-25 00:17:41,465  1	 vs 2 2	
2020-04-25 00:17:41,465  2	 vs 2 0	
2020-04-25 00:17:41,465  4	 vs 2 2	
2020-04-25 00:17:41,465  4 2	 vs 2 0	
2020-04-25 00:17:41,465  1 3	 vs 2 2	
2020-04-25 00:17:41,465  4 3	 vs 2 1	
2020-04-25 00:17:41,465  3	 vs 2 0	
2020-04-25 00:17:41,502 r_total: -513.00 
2020-04-25 00:17:41,502 bleu score: 0.00
2020-04-25 00:17:43,608 EPOCH 99
2020-04-25 00:17:43,609  beam_dqn : 1, egreed: 0.82, gamma:  0.84
2020-04-25 00:17:49,488 EPOCH 100
2020-04-25 00:17:49,489  beam_dqn : 1, egreed: 0.81, gamma:  0.84
2020-04-25 00:17:56,301 EPOCH 101
2020-04-25 00:17:56,302  beam_dqn : 1, egreed: 0.81, gamma:  0.84
2020-04-25 00:18:00,897  Copying the Q-Val on Q-tar on step: 28 
2020-04-25 00:18:00,935 Currently on the prediction.
2020-04-25 00:18:02,047 On train
2020-04-25 00:18:02,047 valid_references 	 vs 	 predicted_hypotheses
2020-04-25 00:18:02,053  3	 vs 1 1	
2020-04-25 00:18:02,054  2	 vs 1 1	
2020-04-25 00:18:02,054  1 0	 vs 1 1	
2020-04-25 00:18:02,054  1	 vs 1 1	
2020-04-25 00:18:02,054  2	 vs 1	
2020-04-25 00:18:02,054  4	 vs 1 1	
2020-04-25 00:18:02,057  4 2	 vs 1	
2020-04-25 00:18:02,057  1 3	 vs 1 1	
2020-04-25 00:18:02,058  4 3	 vs 1	
2020-04-25 00:18:02,058  3	 vs 1	
2020-04-25 00:18:02,089 r_total: 3364.11 
2020-04-25 00:18:02,090 bleu score: 6.03
2020-04-25 00:18:04,230 EPOCH 102
2020-04-25 00:18:04,230  beam_dqn : 1, egreed: 0.81, gamma:  0.84
2020-04-25 00:18:10,742 EPOCH 103
2020-04-25 00:18:10,744  beam_dqn : 1, egreed: 0.81, gamma:  0.84
2020-04-25 00:18:16,958 EPOCH 104
2020-04-25 00:18:16,958  beam_dqn : 1, egreed: 0.81, gamma:  0.84
