2020-04-25 12:23:30,608 Hello! This is Joey-NMT.
2020-04-25 12:23:30,609 cfg.name                           : reverse_experiment
2020-04-25 12:23:30,609 cfg.data.src                       : src
2020-04-25 12:23:30,609 cfg.data.trg                       : trg
2020-04-25 12:23:30,610 cfg.data.train                     : test/data/mini_reverse/train
2020-04-25 12:23:30,610 cfg.data.dev                       : test/data/mini_reverse/dev
2020-04-25 12:23:30,610 cfg.data.test                      : test/data/mini_reverse/test
2020-04-25 12:23:30,610 cfg.data.level                     : word
2020-04-25 12:23:30,610 cfg.data.lowercase                 : False
2020-04-25 12:23:30,611 cfg.data.max_sent_length           : 25
2020-04-25 12:23:30,611 cfg.data.src_voc_min_freq          : 0
2020-04-25 12:23:30,611 cfg.data.src_voc_limit             : 100
2020-04-25 12:23:30,611 cfg.data.trg_voc_min_freq          : 0
2020-04-25 12:23:30,611 cfg.data.trg_voc_limit             : 100
2020-04-25 12:23:30,612 cfg.testing.beam_size              : 1
2020-04-25 12:23:30,612 cfg.testing.alpha                  : 1.0
2020-04-25 12:23:30,612 cfg.training.random_seed           : 42
2020-04-25 12:23:30,612 cfg.training.optimizer             : adam
2020-04-25 12:23:30,612 cfg.training.learning_rate         : 0.001
2020-04-25 12:23:30,613 cfg.training.learning_rate_min     : 0.0002
2020-04-25 12:23:30,613 cfg.training.weight_decay          : 0.0
2020-04-25 12:23:30,613 cfg.training.clip_grad_norm        : 1.0
2020-04-25 12:23:30,613 cfg.training.batch_size            : 10
2020-04-25 12:23:30,613 cfg.training.batch_type            : sentence
2020-04-25 12:23:30,614 cfg.training.scheduling            : plateau
2020-04-25 12:23:30,614 cfg.training.patience              : 5
2020-04-25 12:23:30,614 cfg.training.decrease_factor       : 0.5
2020-04-25 12:23:30,614 cfg.training.early_stopping_metric : eval_metric
2020-04-25 12:23:30,614 cfg.training.epochs                : 10
2020-04-25 12:23:30,615 cfg.training.validation_freq       : 10
2020-04-25 12:23:30,615 cfg.training.logging_freq          : 10
2020-04-25 12:23:30,615 cfg.training.eval_metric           : bleu
2020-04-25 12:23:30,615 cfg.training.model_dir             : mini_reverse_model
2020-04-25 12:23:30,616 cfg.training.overwrite             : True
2020-04-25 12:23:30,616 cfg.training.shuffle               : True
2020-04-25 12:23:30,616 cfg.training.use_cuda              : False
2020-04-25 12:23:30,616 cfg.training.max_output_length     : 10
2020-04-25 12:23:30,616 cfg.training.print_valid_sents     : [0, 3, 6]
2020-04-25 12:23:30,617 cfg.training.keep_last_ckpts       : 2
2020-04-25 12:23:30,617 cfg.model.initializer              : xavier
2020-04-25 12:23:30,617 cfg.model.embed_initializer        : normal
2020-04-25 12:23:30,617 cfg.model.embed_init_weight        : 0.1
2020-04-25 12:23:30,617 cfg.model.bias_initializer         : zeros
2020-04-25 12:23:30,618 cfg.model.init_rnn_orthogonal      : False
2020-04-25 12:23:30,618 cfg.model.lstm_forget_gate         : 0.0
2020-04-25 12:23:30,618 cfg.model.encoder.rnn_type         : lstm
2020-04-25 12:23:30,618 cfg.model.encoder.embeddings.embedding_dim : 16
2020-04-25 12:23:30,618 cfg.model.encoder.embeddings.scale : False
2020-04-25 12:23:30,619 cfg.model.encoder.hidden_size      : 24
2020-04-25 12:23:30,619 cfg.model.encoder.bidirectional    : True
2020-04-25 12:23:30,619 cfg.model.encoder.dropout          : 0.1
2020-04-25 12:23:30,619 cfg.model.encoder.num_layers       : 1
2020-04-25 12:23:30,620 cfg.model.decoder.rnn_type         : lstm
2020-04-25 12:23:30,620 cfg.model.decoder.embeddings.embedding_dim : 16
2020-04-25 12:23:30,620 cfg.model.decoder.embeddings.scale : False
2020-04-25 12:23:30,620 cfg.model.decoder.hidden_size      : 24
2020-04-25 12:23:30,620 cfg.model.decoder.dropout          : 0.1
2020-04-25 12:23:30,621 cfg.model.decoder.hidden_dropout   : 0.1
2020-04-25 12:23:30,621 cfg.model.decoder.num_layers       : 1
2020-04-25 12:23:30,621 cfg.model.decoder.input_feeding    : True
2020-04-25 12:23:30,621 cfg.model.decoder.init_hidden      : bridge
2020-04-25 12:23:30,621 cfg.model.decoder.attention        : luong
2020-04-25 12:23:30,622 cfg.dqn.epochs                     : 500
2020-04-25 12:23:30,622 cfg.dqn.sample_size                : 256
2020-04-25 12:23:30,622 cfg.dqn.lr                         : 5e-05
2020-04-25 12:23:30,622 cfg.dqn.egreed_max                 : 0.9
2020-04-25 12:23:30,623 cfg.dqn.egreed_min                 : 0.001
2020-04-25 12:23:30,623 cfg.dqn.gamma_max                  : 0.9
2020-04-25 12:23:30,623 cfg.dqn.gamma_min                  : 0.3
2020-04-25 12:23:30,623 cfg.dqn.nu_iter                    : 300
2020-04-25 12:23:30,624 cfg.dqn.mem_cap                    : 5000
2020-04-25 12:23:30,624 cfg.dqn.beam_min                   : 1
2020-04-25 12:23:30,624 cfg.dqn.beam_max                   : 50
2020-04-25 12:23:30,624 cfg.dqn.state_type                 : hidden
2020-04-25 12:23:30,624 cfg.dqn.reward_type                : bleu_batch
2020-04-25 12:23:30,625 cfg.dqn.nu_pretrain                : 0
2020-04-25 12:23:30,625 cfg.dqn.other_descrip              : _100_LSTM_
2020-04-25 12:23:30,625 We are using the reward named: bleu_batch
2020-04-25 12:23:30,625 As states we set the : hidden
2020-04-25 12:23:30,626 EPOCH 1
2020-04-25 12:23:30,627  beam_dqn : 1, egreed: 0.90, gamma:  0.84
