2020-04-25 13:05:36,663 Hello! This is Joey-NMT.
2020-04-25 13:05:36,664 cfg.name                           : reverse_experiment
2020-04-25 13:05:36,664 cfg.data.src                       : src
2020-04-25 13:05:36,664 cfg.data.trg                       : trg
2020-04-25 13:05:36,665 cfg.data.train                     : test/data/mini_reverse/train
2020-04-25 13:05:36,665 cfg.data.dev                       : test/data/mini_reverse/dev
2020-04-25 13:05:36,665 cfg.data.test                      : test/data/mini_reverse/test
2020-04-25 13:05:36,666 cfg.data.level                     : word
2020-04-25 13:05:36,666 cfg.data.lowercase                 : False
2020-04-25 13:05:36,670 cfg.data.max_sent_length           : 25
2020-04-25 13:05:36,670 cfg.data.src_voc_min_freq          : 0
2020-04-25 13:05:36,671 cfg.data.src_voc_limit             : 100
2020-04-25 13:05:36,671 cfg.data.trg_voc_min_freq          : 0
2020-04-25 13:05:36,672 cfg.data.trg_voc_limit             : 100
2020-04-25 13:05:36,672 cfg.testing.beam_size              : 1
2020-04-25 13:05:36,672 cfg.testing.alpha                  : 1.0
2020-04-25 13:05:36,672 cfg.training.random_seed           : 42
2020-04-25 13:05:36,673 cfg.training.optimizer             : adam
2020-04-25 13:05:36,673 cfg.training.learning_rate         : 0.001
2020-04-25 13:05:36,673 cfg.training.learning_rate_min     : 0.0002
2020-04-25 13:05:36,674 cfg.training.weight_decay          : 0.0
2020-04-25 13:05:36,674 cfg.training.clip_grad_norm        : 1.0
2020-04-25 13:05:36,674 cfg.training.batch_size            : 10
2020-04-25 13:05:36,674 cfg.training.batch_type            : sentence
2020-04-25 13:05:36,675 cfg.training.scheduling            : plateau
2020-04-25 13:05:36,675 cfg.training.patience              : 5
2020-04-25 13:05:36,675 cfg.training.decrease_factor       : 0.5
2020-04-25 13:05:36,675 cfg.training.early_stopping_metric : eval_metric
2020-04-25 13:05:36,676 cfg.training.epochs                : 10
2020-04-25 13:05:36,676 cfg.training.validation_freq       : 10
2020-04-25 13:05:36,681 cfg.training.logging_freq          : 10
2020-04-25 13:05:36,681 cfg.training.eval_metric           : bleu
2020-04-25 13:05:36,681 cfg.training.model_dir             : mini_reverse_model
2020-04-25 13:05:36,682 cfg.training.overwrite             : True
2020-04-25 13:05:36,682 cfg.training.shuffle               : True
2020-04-25 13:05:36,682 cfg.training.use_cuda              : False
2020-04-25 13:05:36,683 cfg.training.max_output_length     : 10
2020-04-25 13:05:36,683 cfg.training.print_valid_sents     : [0, 3, 6]
2020-04-25 13:05:36,683 cfg.training.keep_last_ckpts       : 2
2020-04-25 13:05:36,684 cfg.model.initializer              : xavier
2020-04-25 13:05:36,684 cfg.model.embed_initializer        : normal
2020-04-25 13:05:36,684 cfg.model.embed_init_weight        : 0.1
2020-04-25 13:05:36,686 cfg.model.bias_initializer         : zeros
2020-04-25 13:05:36,686 cfg.model.init_rnn_orthogonal      : False
2020-04-25 13:05:36,689 cfg.model.lstm_forget_gate         : 0.0
2020-04-25 13:05:36,691 cfg.model.encoder.rnn_type         : lstm
2020-04-25 13:05:36,692 cfg.model.encoder.embeddings.embedding_dim : 16
2020-04-25 13:05:36,693 cfg.model.encoder.embeddings.scale : False
2020-04-25 13:05:36,693 cfg.model.encoder.hidden_size      : 24
2020-04-25 13:05:36,694 cfg.model.encoder.bidirectional    : True
2020-04-25 13:05:36,694 cfg.model.encoder.dropout          : 0.1
2020-04-25 13:05:36,694 cfg.model.encoder.num_layers       : 1
2020-04-25 13:05:36,695 cfg.model.decoder.rnn_type         : lstm
2020-04-25 13:05:36,695 cfg.model.decoder.embeddings.embedding_dim : 16
2020-04-25 13:05:36,695 cfg.model.decoder.embeddings.scale : False
2020-04-25 13:05:36,696 cfg.model.decoder.hidden_size      : 24
2020-04-25 13:05:36,697 cfg.model.decoder.dropout          : 0.1
2020-04-25 13:05:36,697 cfg.model.decoder.hidden_dropout   : 0.1
2020-04-25 13:05:36,697 cfg.model.decoder.num_layers       : 1
2020-04-25 13:05:36,698 cfg.model.decoder.input_feeding    : True
2020-04-25 13:05:36,698 cfg.model.decoder.init_hidden      : bridge
2020-04-25 13:05:36,699 cfg.model.decoder.attention        : luong
2020-04-25 13:05:36,699 cfg.dqn.epochs                     : 500
2020-04-25 13:05:36,699 cfg.dqn.sample_size                : 256
2020-04-25 13:05:36,701 cfg.dqn.lr                         : 5e-05
2020-04-25 13:05:36,701 cfg.dqn.egreed_max                 : 0.9
2020-04-25 13:05:36,702 cfg.dqn.egreed_min                 : 0.001
2020-04-25 13:05:36,702 cfg.dqn.gamma_max                  : 0.9
2020-04-25 13:05:36,705 cfg.dqn.gamma_min                  : 0.3
2020-04-25 13:05:36,705 cfg.dqn.nu_iter                    : 300
2020-04-25 13:05:36,706 cfg.dqn.mem_cap                    : 5000
2020-04-25 13:05:36,706 cfg.dqn.beam_min                   : 1
2020-04-25 13:05:36,706 cfg.dqn.beam_max                   : 50
2020-04-25 13:05:36,706 cfg.dqn.state_type                 : hidden
2020-04-25 13:05:36,707 cfg.dqn.reward_type                : bleu_batch
2020-04-25 13:05:36,707 cfg.dqn.nu_pretrain                : 0
2020-04-25 13:05:36,707 cfg.dqn.other_descrip              : _100_LSTM_
2020-04-25 13:05:36,708 We are using the reward named: bleu_batch
2020-04-25 13:05:36,708 As states we set the : hidden
2020-04-25 13:05:36,709 EPOCH 1
2020-04-25 13:05:36,716  beam_dqn : 1, egreed: 0.90, gamma:  0.84
2020-04-25 13:05:42,968 EPOCH 2
2020-04-25 13:05:42,969  beam_dqn : 1, egreed: 0.90, gamma:  0.84
2020-04-25 13:05:48,681 EPOCH 3
2020-04-25 13:05:48,683  beam_dqn : 1, egreed: 0.90, gamma:  0.84
2020-04-25 13:05:54,382 EPOCH 4
2020-04-25 13:05:54,383  beam_dqn : 1, egreed: 0.90, gamma:  0.84
2020-04-25 13:06:00,694 EPOCH 5
2020-04-25 13:06:00,695  beam_dqn : 1, egreed: 0.90, gamma:  0.84
2020-04-25 13:06:06,840 EPOCH 6
2020-04-25 13:06:06,844  beam_dqn : 1, egreed: 0.89, gamma:  0.84
2020-04-25 13:06:12,254 EPOCH 7
2020-04-25 13:06:12,255  beam_dqn : 1, egreed: 0.89, gamma:  0.84
2020-04-25 13:06:18,370 EPOCH 8
2020-04-25 13:06:18,371  beam_dqn : 1, egreed: 0.89, gamma:  0.84
2020-04-25 13:06:23,488 EPOCH 9
2020-04-25 13:06:23,489  beam_dqn : 1, egreed: 0.89, gamma:  0.84
2020-04-25 13:06:28,043 EPOCH 10
2020-04-25 13:06:28,043  beam_dqn : 1, egreed: 0.89, gamma:  0.84
2020-04-25 13:06:32,718 EPOCH 11
2020-04-25 13:06:32,718  beam_dqn : 1, egreed: 0.89, gamma:  0.84
2020-04-25 13:06:36,687 EPOCH 12
2020-04-25 13:06:36,687  beam_dqn : 1, egreed: 0.89, gamma:  0.84
2020-04-25 13:06:40,444 EPOCH 13
2020-04-25 13:06:40,445  beam_dqn : 1, egreed: 0.89, gamma:  0.84
2020-04-25 13:06:44,852 EPOCH 14
2020-04-25 13:06:44,853  beam_dqn : 1, egreed: 0.89, gamma:  0.84
2020-04-25 13:06:49,246 EPOCH 15
2020-04-25 13:06:49,247  beam_dqn : 1, egreed: 0.89, gamma:  0.84
2020-04-25 13:06:52,823 EPOCH 16
2020-04-25 13:06:52,825  beam_dqn : 1, egreed: 0.89, gamma:  0.84
2020-04-25 13:06:57,010 EPOCH 17
2020-04-25 13:06:57,011  beam_dqn : 1, egreed: 0.88, gamma:  0.84
2020-04-25 13:07:01,638 EPOCH 18
2020-04-25 13:07:01,640  beam_dqn : 1, egreed: 0.88, gamma:  0.84
2020-04-25 13:07:05,762 EPOCH 19
2020-04-25 13:07:05,762  beam_dqn : 1, egreed: 0.88, gamma:  0.84
2020-04-25 13:07:09,579 EPOCH 20
2020-04-25 13:07:09,579  beam_dqn : 1, egreed: 0.88, gamma:  0.84
2020-04-25 13:07:13,455 EPOCH 21
2020-04-25 13:07:13,456  beam_dqn : 1, egreed: 0.88, gamma:  0.84
2020-04-25 13:07:13,502  As referece this first test on dev data. Is maded with the Q networks, initialized randomly : 
2020-04-25 13:07:13,638 Currently on the prediction.
2020-04-25 13:07:17,371 Optimal reward is: 99493.00
2020-04-25 13:07:17,393 On train
2020-04-25 13:07:17,393 valid_references 	 vs 	 predicted_hypotheses
2020-04-25 13:07:17,394  3	 vs <s> 3 <s> <s> <s> <s> <s> <s> <s> <s>	
2020-04-25 13:07:17,394  2	 vs <s> 0 0 <s> <s> <s> <s> <s> <s> <s>	
2020-04-25 13:07:17,394  1 0	 vs <s> <s> <s> <s> <s> <s> <s> <s> <s> <s>	
2020-04-25 13:07:17,394  1	 vs <s> 0 <s> <s> <s> <s> <s> <s> <s> <s>	
2020-04-25 13:07:17,394  2	 vs <s> <s> <s> <s> <s> <s> <s> <s> <s> <s>	
2020-04-25 13:07:17,394  4	 vs 0 0 <s> <s> <s> <s> <s> <s> <s> <s>	
2020-04-25 13:07:17,395  4 2	 vs 0 <s> <s> <s> <s> <s> <s> <s> <s> <s>	
2020-04-25 13:07:17,395  1 3	 vs 0 0 <s> <s> <s> <s> <s> <s> <s> <s>	
2020-04-25 13:07:17,395  4 3	 vs 0 <s> <s> <s> <s> <s> <s> <s> <s> <s>	
2020-04-25 13:07:17,396  3	 vs <s> <s> <s> <s> <s> <s> <s> <s> <s> <s>	
2020-04-25 13:07:17,569 r_total: 0.00 
2020-04-25 13:07:17,569 bleu score: 0.00
2020-04-25 13:07:27,532 EPOCH 22
2020-04-25 13:07:27,533  beam_dqn : 1, egreed: 0.88, gamma:  0.84
2020-04-25 13:07:36,226 EPOCH 23
2020-04-25 13:07:36,227  beam_dqn : 1, egreed: 0.88, gamma:  0.84
2020-04-25 13:07:43,733 EPOCH 24
2020-04-25 13:07:43,734  beam_dqn : 1, egreed: 0.88, gamma:  0.84
2020-04-25 13:07:43,835  Copying the Q-Val on Q-tar on step: 1 
2020-04-25 13:07:43,938 Currently on the prediction.
2020-04-25 13:07:47,772 On train
2020-04-25 13:07:47,772 valid_references 	 vs 	 predicted_hypotheses
2020-04-25 13:07:47,773  3	 vs 0 0 3 3 3 3 3 3 3 3	
2020-04-25 13:07:47,773  2	 vs 0 3 3 3 3 3 3 3 3 3	
2020-04-25 13:07:47,773  1 0	 vs 0 3 3 3 3 3 3 3 3 3	
2020-04-25 13:07:47,773  1	 vs 0 3 3 3 3 3 3 3 3 3	
2020-04-25 13:07:47,773  2	 vs 3 3 3 3 3 3 3 3 3 3	
2020-04-25 13:07:47,773  4	 vs 0 3 3 3 3 3 3 3 3 3	
2020-04-25 13:07:47,773  4 2	 vs 3 3 3 3 3 3 3 3 3 3	
2020-04-25 13:07:47,774  1 3	 vs 0 3 3 3 3 3 3 3 3 3	
2020-04-25 13:07:47,774  4 3	 vs 4 3 3 3 3 3 3 3 3 3	
2020-04-25 13:07:47,774  3	 vs 3 3 3 3 3 3 3 3 3 3	
2020-04-25 13:07:47,908 r_total: -144.00 
2020-04-25 13:07:47,908 bleu score: 0.00
2020-04-25 13:07:58,347 EPOCH 25
2020-04-25 13:07:58,349  beam_dqn : 1, egreed: 0.88, gamma:  0.84
2020-04-25 13:08:08,490 EPOCH 26
2020-04-25 13:08:08,491  beam_dqn : 1, egreed: 0.88, gamma:  0.84
2020-04-25 13:08:17,076 EPOCH 27
2020-04-25 13:08:17,077  beam_dqn : 1, egreed: 0.88, gamma:  0.84
2020-04-25 13:08:17,116  Copying the Q-Val on Q-tar on step: 2 
2020-04-25 13:08:17,170 Currently on the prediction.
2020-04-25 13:08:18,885 On train
2020-04-25 13:08:18,885 valid_references 	 vs 	 predicted_hypotheses
2020-04-25 13:08:18,886  3	 vs 0 0	
2020-04-25 13:08:18,886  2	 vs 4 4	
2020-04-25 13:08:18,886  1 0	 vs 4 4	
2020-04-25 13:08:18,886  1	 vs 4	
2020-04-25 13:08:18,886  2	 vs 4	
2020-04-25 13:08:18,886  4	 vs 0	
2020-04-25 13:08:18,886  4 2	 vs 4	
2020-04-25 13:08:18,887  1 3	 vs 0	
2020-04-25 13:08:18,887  4 3	 vs 4	
2020-04-25 13:08:18,887  3	 vs 4	
2020-04-25 13:08:18,918 r_total: 2930.51 
2020-04-25 13:08:18,918 bleu score: 4.07
2020-04-25 13:08:26,859 EPOCH 28
2020-04-25 13:08:26,860  beam_dqn : 1, egreed: 0.88, gamma:  0.84
2020-04-25 13:08:35,160 EPOCH 29
2020-04-25 13:08:35,163  beam_dqn : 1, egreed: 0.87, gamma:  0.84
2020-04-25 13:08:43,158 EPOCH 30
2020-04-25 13:08:43,159  beam_dqn : 1, egreed: 0.87, gamma:  0.84
2020-04-25 13:08:43,277  Copying the Q-Val on Q-tar on step: 3 
2020-04-25 13:08:43,364 Currently on the prediction.
2020-04-25 13:08:45,226 On train
2020-04-25 13:08:45,226 valid_references 	 vs 	 predicted_hypotheses
2020-04-25 13:08:45,226  3	 vs 0 4	
2020-04-25 13:08:45,226  2	 vs 4 4	
2020-04-25 13:08:45,227  1 0	 vs 4 4	
2020-04-25 13:08:45,227  1	 vs 4 4	
2020-04-25 13:08:45,227  2	 vs 4	
2020-04-25 13:08:45,227  4	 vs 4 4	
2020-04-25 13:08:45,227  4 2	 vs 4 4	
2020-04-25 13:08:45,227  1 3	 vs 4 4	
2020-04-25 13:08:45,228  4 3	 vs 4	
2020-04-25 13:08:45,228  3	 vs 4	
2020-04-25 13:08:45,259 r_total: 9114.20 
2020-04-25 13:08:45,259 bleu score: 8.46
2020-04-25 13:08:53,655 EPOCH 31
2020-04-25 13:08:53,656  beam_dqn : 1, egreed: 0.87, gamma:  0.84
2020-04-25 13:09:02,970 EPOCH 32
2020-04-25 13:09:02,970  beam_dqn : 1, egreed: 0.87, gamma:  0.84
2020-04-25 13:09:11,816 EPOCH 33
2020-04-25 13:09:11,817  beam_dqn : 1, egreed: 0.87, gamma:  0.84
2020-04-25 13:09:11,948  Copying the Q-Val on Q-tar on step: 4 
2020-04-25 13:09:11,997 Currently on the prediction.
2020-04-25 13:09:13,854 On train
2020-04-25 13:09:13,855 valid_references 	 vs 	 predicted_hypotheses
2020-04-25 13:09:13,855  3	 vs 0 0	
2020-04-25 13:09:13,855  2	 vs 4 4	
2020-04-25 13:09:13,855  1 0	 vs 4 4	
2020-04-25 13:09:13,856  1	 vs 4 4	
2020-04-25 13:09:13,856  2	 vs 4	
2020-04-25 13:09:13,856  4	 vs 4 4	
2020-04-25 13:09:13,857  4 2	 vs 4	
2020-04-25 13:09:13,857  1 3	 vs 4 4	
2020-04-25 13:09:13,857  4 3	 vs 4	
2020-04-25 13:09:13,858  3	 vs 4	
2020-04-25 13:09:13,882 r_total: 8657.20 
2020-04-25 13:09:13,882 bleu score: 6.91
2020-04-25 13:09:21,970 EPOCH 34
2020-04-25 13:09:21,971  beam_dqn : 1, egreed: 0.87, gamma:  0.84
2020-04-25 13:09:30,601 EPOCH 35
2020-04-25 13:09:30,603  beam_dqn : 1, egreed: 0.87, gamma:  0.84
2020-04-25 13:09:38,346 EPOCH 36
2020-04-25 13:09:38,348  beam_dqn : 1, egreed: 0.87, gamma:  0.84
2020-04-25 13:09:38,397  Copying the Q-Val on Q-tar on step: 5 
2020-04-25 13:09:38,557 Currently on the prediction.
2020-04-25 13:09:41,922 On train
2020-04-25 13:09:41,923 valid_references 	 vs 	 predicted_hypotheses
2020-04-25 13:09:41,923  3	 vs 4 0 4 4 4 4 4 4 4 4	
2020-04-25 13:09:41,923  2	 vs 4 4 4 4 4 4 4 4 4 4	
2020-04-25 13:09:41,923  1 0	 vs 4 4 4 4 4 4 4 4 4 4	
2020-04-25 13:09:41,923  1	 vs 4 4 4 4 4 4 4 4 4 4	
2020-04-25 13:09:41,923  2	 vs 4 4 4 4 4 4 4 4 4 4	
2020-04-25 13:09:41,924  4	 vs 4 4 4 4 4 4 4 4 4 4	
2020-04-25 13:09:41,924  4 2	 vs 4 4 4	
2020-04-25 13:09:41,924  1 3	 vs 4 4 4 4 4 4 4 4 4 4	
2020-04-25 13:09:41,924  4 3	 vs 4 4	
2020-04-25 13:09:41,924  3	 vs 4 4 4 4 4 4 4 4 4 4	
2020-04-25 13:09:42,014 r_total: -2470.00 
2020-04-25 13:09:42,015 bleu score: 0.00
2020-04-25 13:09:49,796 EPOCH 37
2020-04-25 13:09:49,797  beam_dqn : 1, egreed: 0.87, gamma:  0.84
2020-04-25 13:09:58,554 EPOCH 38
2020-04-25 13:09:58,555  beam_dqn : 1, egreed: 0.87, gamma:  0.84
2020-04-25 13:10:06,238 EPOCH 39
2020-04-25 13:10:06,238  beam_dqn : 1, egreed: 0.87, gamma:  0.84
2020-04-25 13:10:06,307  Copying the Q-Val on Q-tar on step: 6 
2020-04-25 13:10:06,367 Currently on the prediction.
2020-04-25 13:10:08,239 On train
2020-04-25 13:10:08,240 valid_references 	 vs 	 predicted_hypotheses
2020-04-25 13:10:08,240  3	 vs 0 0	
2020-04-25 13:10:08,240  2	 vs 0	
2020-04-25 13:10:08,240  1 0	 vs 0	
2020-04-25 13:10:08,240  1	 vs 0	
2020-04-25 13:10:08,241  2	 vs 0	
2020-04-25 13:10:08,241  4	 vs 0	
2020-04-25 13:10:08,241  4 2	 vs 0	
2020-04-25 13:10:08,242  1 3	 vs 0	
2020-04-25 13:10:08,242  4 3	 vs 	
2020-04-25 13:10:08,242  3	 vs 0	
2020-04-25 13:10:08,310 r_total: 2603.97 
2020-04-25 13:10:08,311 bleu score: 4.22
2020-04-25 13:10:17,044 EPOCH 40
2020-04-25 13:10:17,046  beam_dqn : 1, egreed: 0.86, gamma:  0.84
2020-04-25 13:10:25,625 EPOCH 41
2020-04-25 13:10:25,626  beam_dqn : 1, egreed: 0.86, gamma:  0.84
2020-04-25 13:10:34,486 EPOCH 42
2020-04-25 13:10:34,487  beam_dqn : 1, egreed: 0.86, gamma:  0.84
2020-04-25 13:10:34,540  Copying the Q-Val on Q-tar on step: 7 
2020-04-25 13:10:34,656 Currently on the prediction.
2020-04-25 13:10:36,675 On train
2020-04-25 13:10:36,675 valid_references 	 vs 	 predicted_hypotheses
2020-04-25 13:10:36,675  3	 vs 0 0 2	
2020-04-25 13:10:36,675  2	 vs 0 0 0	
2020-04-25 13:10:36,675  1 0	 vs 0 0 2	
2020-04-25 13:10:36,675  1	 vs 0 0 2	
2020-04-25 13:10:36,676  2	 vs 0 0	
2020-04-25 13:10:36,676  4	 vs 0 0 2	
2020-04-25 13:10:36,676  4 2	 vs 0 0	
2020-04-25 13:10:36,676  1 3	 vs 0 0 2	
2020-04-25 13:10:36,676  4 3	 vs 0 2	
2020-04-25 13:10:36,676  3	 vs 0 0	
2020-04-25 13:10:36,720 r_total: -693.00 
2020-04-25 13:10:36,721 bleu score: 0.00
2020-04-25 13:10:44,268 EPOCH 43
2020-04-25 13:10:44,268  beam_dqn : 1, egreed: 0.86, gamma:  0.84
2020-04-25 13:10:53,083 EPOCH 44
2020-04-25 13:10:53,083  beam_dqn : 1, egreed: 0.86, gamma:  0.84
2020-04-25 13:11:03,779 EPOCH 45
2020-04-25 13:11:03,780  beam_dqn : 1, egreed: 0.86, gamma:  0.84
2020-04-25 13:11:03,873  Copying the Q-Val on Q-tar on step: 8 
2020-04-25 13:11:03,983 Currently on the prediction.
2020-04-25 13:11:06,434 On train
2020-04-25 13:11:06,435 valid_references 	 vs 	 predicted_hypotheses
2020-04-25 13:11:06,435  3	 vs 2 2	
2020-04-25 13:11:06,435  2	 vs 2 2 2	
2020-04-25 13:11:06,435  1 0	 vs 2 2	
2020-04-25 13:11:06,435  1	 vs 2 2	
2020-04-25 13:11:06,436  2	 vs 2 2	
2020-04-25 13:11:06,436  4	 vs 2 2	
2020-04-25 13:11:06,436  4 2	 vs 2 2	
2020-04-25 13:11:06,436  1 3	 vs 2 2	
2020-04-25 13:11:06,436  4 3	 vs 2	
2020-04-25 13:11:06,436  3	 vs 2 2	
2020-04-25 13:11:06,475 r_total: -864.00 
2020-04-25 13:11:06,475 bleu score: 0.00
2020-04-25 13:11:15,426 EPOCH 46
2020-04-25 13:11:15,426  beam_dqn : 1, egreed: 0.86, gamma:  0.84
2020-04-25 13:11:24,280 EPOCH 47
2020-04-25 13:11:24,281  beam_dqn : 1, egreed: 0.86, gamma:  0.84
2020-04-25 13:11:34,137 EPOCH 48
2020-04-25 13:11:34,139  beam_dqn : 1, egreed: 0.86, gamma:  0.84
2020-04-25 13:11:34,273  Copying the Q-Val on Q-tar on step: 9 
2020-04-25 13:11:34,321 Currently on the prediction.
2020-04-25 13:11:37,278 On train
2020-04-25 13:11:37,278 valid_references 	 vs 	 predicted_hypotheses
2020-04-25 13:11:37,284  3	 vs 1 1	
2020-04-25 13:11:37,284  2	 vs 1 1	
2020-04-25 13:11:37,284  1 0	 vs 1 1	
2020-04-25 13:11:37,284  1	 vs 1 1	
2020-04-25 13:11:37,284  2	 vs 1	
2020-04-25 13:11:37,284  4	 vs 1 1	
2020-04-25 13:11:37,285  4 2	 vs 1 1	
2020-04-25 13:11:37,285  1 3	 vs 1 1	
2020-04-25 13:11:37,285  4 3	 vs 1	
2020-04-25 13:11:37,285  3	 vs 1	
2020-04-25 13:11:37,350 r_total: 2820.52 
2020-04-25 13:11:37,351 bleu score: 6.59
2020-04-25 13:11:47,270 EPOCH 49
2020-04-25 13:11:47,271  beam_dqn : 1, egreed: 0.86, gamma:  0.84
2020-04-25 13:11:57,901 EPOCH 50
2020-04-25 13:11:57,902  beam_dqn : 1, egreed: 0.86, gamma:  0.84
2020-04-25 13:12:06,992 EPOCH 51
2020-04-25 13:12:06,992  beam_dqn : 1, egreed: 0.86, gamma:  0.84
2020-04-25 13:12:07,042  Copying the Q-Val on Q-tar on step: 10 
2020-04-25 13:12:07,069 Currently on the prediction.
2020-04-25 13:12:09,575 On train
2020-04-25 13:12:09,575 valid_references 	 vs 	 predicted_hypotheses
2020-04-25 13:12:09,575  3	 vs 4 3	
2020-04-25 13:12:09,575  2	 vs 4 3	
2020-04-25 13:12:09,575  1 0	 vs 4 3	
2020-04-25 13:12:09,575  1	 vs 4 3	
2020-04-25 13:12:09,576  2	 vs 3	
2020-04-25 13:12:09,576  4	 vs 3 3	
2020-04-25 13:12:09,576  4 2	 vs 3	
2020-04-25 13:12:09,576  1 3	 vs 3 3	
2020-04-25 13:12:09,576  4 3	 vs 3	
2020-04-25 13:12:09,576  3	 vs 3	
2020-04-25 13:12:09,640 r_total: 1502.41 
2020-04-25 13:12:09,641 bleu score: 6.38
2020-04-25 13:12:19,472 EPOCH 52
2020-04-25 13:12:19,472  beam_dqn : 1, egreed: 0.85, gamma:  0.84
2020-04-25 13:12:27,344 EPOCH 53
2020-04-25 13:12:27,344  beam_dqn : 1, egreed: 0.85, gamma:  0.84
2020-04-25 13:12:34,195 EPOCH 54
2020-04-25 13:12:34,196  beam_dqn : 1, egreed: 0.85, gamma:  0.84
2020-04-25 13:12:34,329  Copying the Q-Val on Q-tar on step: 11 
2020-04-25 13:12:34,417 Currently on the prediction.
2020-04-25 13:12:36,698 On train
2020-04-25 13:12:36,699 valid_references 	 vs 	 predicted_hypotheses
2020-04-25 13:12:36,699  3	 vs 4 4 4	
2020-04-25 13:12:36,700  2	 vs 4 4 4	
2020-04-25 13:12:36,700  1 0	 vs 4 4 4	
2020-04-25 13:12:36,700  1	 vs 4 4 4	
2020-04-25 13:12:36,701  2	 vs 4 4	
2020-04-25 13:12:36,701  4	 vs 4 4	
2020-04-25 13:12:36,701  4 2	 vs 4 4	
2020-04-25 13:12:36,701  1 3	 vs 4 4	
2020-04-25 13:12:36,702  4 3	 vs 4 4	
2020-04-25 13:12:36,702  3	 vs 4 4	
2020-04-25 13:12:36,734 r_total: -540.00 
2020-04-25 13:12:36,734 bleu score: 0.00
2020-04-25 13:12:44,738 EPOCH 55
2020-04-25 13:12:44,739  beam_dqn : 1, egreed: 0.85, gamma:  0.84
2020-04-25 13:12:52,339 EPOCH 56
2020-04-25 13:12:52,340  beam_dqn : 1, egreed: 0.85, gamma:  0.84
2020-04-25 13:13:01,043 EPOCH 57
2020-04-25 13:13:01,044  beam_dqn : 1, egreed: 0.85, gamma:  0.84
2020-04-25 13:13:01,090  Copying the Q-Val on Q-tar on step: 12 
2020-04-25 13:13:01,161 Currently on the prediction.
2020-04-25 13:13:04,143 On train
2020-04-25 13:13:04,143 valid_references 	 vs 	 predicted_hypotheses
2020-04-25 13:13:04,144  3	 vs 2 2	
2020-04-25 13:13:04,144  2	 vs 2 2 2	
2020-04-25 13:13:04,144  1 0	 vs 2 2	
2020-04-25 13:13:04,145  1	 vs 2 2 2	
2020-04-25 13:13:04,145  2	 vs 2 2	
2020-04-25 13:13:04,145  4	 vs 2 2	
2020-04-25 13:13:04,145  4 2	 vs 2 2	
2020-04-25 13:13:04,146  1 3	 vs 2 2	
2020-04-25 13:13:04,146  4 3	 vs 2 2	
2020-04-25 13:13:04,146  3	 vs 2 2	
2020-04-25 13:13:04,234 r_total: -694.00 
2020-04-25 13:13:04,234 bleu score: 0.00
2020-04-25 13:13:16,047 EPOCH 58
2020-04-25 13:13:16,049  beam_dqn : 1, egreed: 0.85, gamma:  0.84
2020-04-25 13:13:26,449 EPOCH 59
2020-04-25 13:13:26,450  beam_dqn : 1, egreed: 0.85, gamma:  0.84
2020-04-25 13:13:35,497 EPOCH 60
2020-04-25 13:13:35,498  beam_dqn : 1, egreed: 0.85, gamma:  0.84
2020-04-25 13:13:35,564  Copying the Q-Val on Q-tar on step: 13 
2020-04-25 13:13:35,658 Currently on the prediction.
2020-04-25 13:13:37,591 On train
2020-04-25 13:13:37,592 valid_references 	 vs 	 predicted_hypotheses
2020-04-25 13:13:37,592  3	 vs 3 3	
2020-04-25 13:13:37,592  2	 vs 3 3 3	
2020-04-25 13:13:37,592  1 0	 vs 3 3	
2020-04-25 13:13:37,592  1	 vs 3 3	
2020-04-25 13:13:37,592  2	 vs 3 3	
2020-04-25 13:13:37,592  4	 vs 3 3	
2020-04-25 13:13:37,593  4 2	 vs 3 3	
2020-04-25 13:13:37,593  1 3	 vs 3 3	
2020-04-25 13:13:37,593  4 3	 vs 3	
2020-04-25 13:13:37,593  3	 vs 3 3	
2020-04-25 13:13:37,643 r_total: -914.00 
2020-04-25 13:13:37,643 bleu score: 0.00
2020-04-25 13:13:45,279 EPOCH 61
2020-04-25 13:13:45,280  beam_dqn : 1, egreed: 0.85, gamma:  0.84
2020-04-25 13:13:54,811 EPOCH 62
2020-04-25 13:13:54,813  beam_dqn : 1, egreed: 0.85, gamma:  0.84
2020-04-25 13:14:04,109 EPOCH 63
2020-04-25 13:14:04,111  beam_dqn : 1, egreed: 0.85, gamma:  0.84
2020-04-25 13:14:04,304  Copying the Q-Val on Q-tar on step: 14 
2020-04-25 13:14:04,372 Currently on the prediction.
2020-04-25 13:14:06,346 On train
2020-04-25 13:14:06,347 valid_references 	 vs 	 predicted_hypotheses
2020-04-25 13:14:06,347  3	 vs 1 1	
2020-04-25 13:14:06,347  2	 vs 1 1	
2020-04-25 13:14:06,347  1 0	 vs 1 1	
2020-04-25 13:14:06,347  1	 vs 1 1	
2020-04-25 13:14:06,347  2	 vs 1 1	
2020-04-25 13:14:06,347  4	 vs 1 1	
2020-04-25 13:14:06,347  4 2	 vs 1 1	
2020-04-25 13:14:06,348  1 3	 vs 1 1	
2020-04-25 13:14:06,348  4 3	 vs 1	
2020-04-25 13:14:06,348  3	 vs 1 1	
2020-04-25 13:14:06,371 r_total: 2668.62 
2020-04-25 13:14:06,371 bleu score: 6.60
2020-04-25 13:14:16,130 EPOCH 64
2020-04-25 13:14:16,139  beam_dqn : 1, egreed: 0.84, gamma:  0.84
2020-04-25 13:14:26,236 EPOCH 65
2020-04-25 13:14:26,237  beam_dqn : 1, egreed: 0.84, gamma:  0.84
2020-04-25 13:14:36,306 EPOCH 66
2020-04-25 13:14:36,307  beam_dqn : 1, egreed: 0.84, gamma:  0.84
2020-04-25 13:14:36,378  Copying the Q-Val on Q-tar on step: 15 
2020-04-25 13:14:36,415 Currently on the prediction.
2020-04-25 13:14:38,289 On train
2020-04-25 13:14:38,290 valid_references 	 vs 	 predicted_hypotheses
2020-04-25 13:14:38,290  3	 vs 4 3	
2020-04-25 13:14:38,290  2	 vs 4 2	
2020-04-25 13:14:38,290  1 0	 vs 4 3	
2020-04-25 13:14:38,290  1	 vs 4 3	
2020-04-25 13:14:38,290  2	 vs 3 2	
2020-04-25 13:14:38,291  4	 vs 2 2	
2020-04-25 13:14:38,291  4 2	 vs 3 2	
2020-04-25 13:14:38,291  1 3	 vs 2 2	
2020-04-25 13:14:38,291  4 3	 vs 3	
2020-04-25 13:14:38,291  3	 vs 3 2	
2020-04-25 13:14:38,337 r_total: 7978.13 
2020-04-25 13:14:38,337 bleu score: 0.00
2020-04-25 13:14:47,973 EPOCH 67
2020-04-25 13:14:47,973  beam_dqn : 1, egreed: 0.84, gamma:  0.84
2020-04-25 13:14:56,188 EPOCH 68
2020-04-25 13:14:56,192  beam_dqn : 1, egreed: 0.84, gamma:  0.84
2020-04-25 13:15:05,282 EPOCH 69
2020-04-25 13:15:05,282  beam_dqn : 1, egreed: 0.84, gamma:  0.84
2020-04-25 13:15:05,324  Copying the Q-Val on Q-tar on step: 16 
2020-04-25 13:15:05,410 Currently on the prediction.
2020-04-25 13:15:07,824 On train
2020-04-25 13:15:07,825 valid_references 	 vs 	 predicted_hypotheses
2020-04-25 13:15:07,825  3	 vs 3 3	
2020-04-25 13:15:07,825  2	 vs 3 3 3	
2020-04-25 13:15:07,826  1 0	 vs 3 3 3	
2020-04-25 13:15:07,826  1	 vs 3 3	
2020-04-25 13:15:07,826  2	 vs 3 3	
2020-04-25 13:15:07,827  4	 vs 3 3	
2020-04-25 13:15:07,827  4 2	 vs 3 3	
2020-04-25 13:15:07,827  1 3	 vs 3 3	
2020-04-25 13:15:07,828  4 3	 vs 3 3	
2020-04-25 13:15:07,828  3	 vs 3 3	
2020-04-25 13:15:07,925 r_total: -684.00 
2020-04-25 13:15:07,925 bleu score: 0.00
2020-04-25 13:15:15,396 EPOCH 70
2020-04-25 13:15:15,397  beam_dqn : 1, egreed: 0.84, gamma:  0.84
2020-04-25 13:15:26,454 EPOCH 71
2020-04-25 13:15:26,457  beam_dqn : 1, egreed: 0.84, gamma:  0.84
2020-04-25 13:15:35,881 EPOCH 72
2020-04-25 13:15:35,884  beam_dqn : 1, egreed: 0.84, gamma:  0.84
2020-04-25 13:15:36,012  Copying the Q-Val on Q-tar on step: 17 
2020-04-25 13:15:36,103 Currently on the prediction.
2020-04-25 13:15:37,789 On train
2020-04-25 13:15:37,789 valid_references 	 vs 	 predicted_hypotheses
2020-04-25 13:15:37,790  3	 vs 1 1	
2020-04-25 13:15:37,790  2	 vs 1 1	
2020-04-25 13:15:37,790  1 0	 vs 1 1	
2020-04-25 13:15:37,791  1	 vs 1 1	
2020-04-25 13:15:37,791  2	 vs 1 1	
2020-04-25 13:15:37,791  4	 vs 1 1	
2020-04-25 13:15:37,792  4 2	 vs 1 1	
2020-04-25 13:15:37,792  1 3	 vs 1 1	
2020-04-25 13:15:37,792  4 3	 vs 1	
2020-04-25 13:15:37,793  3	 vs 1 1	
2020-04-25 13:15:37,884 r_total: 2671.05 
2020-04-25 13:15:37,884 bleu score: 6.47
2020-04-25 13:15:47,111 EPOCH 73
2020-04-25 13:15:47,113  beam_dqn : 1, egreed: 0.84, gamma:  0.84
2020-04-25 13:15:57,657 EPOCH 74
2020-04-25 13:15:57,661  beam_dqn : 1, egreed: 0.84, gamma:  0.84
2020-04-25 13:16:06,356 EPOCH 75
2020-04-25 13:16:06,356  beam_dqn : 1, egreed: 0.83, gamma:  0.84
2020-04-25 13:16:06,445  Copying the Q-Val on Q-tar on step: 18 
2020-04-25 13:16:06,485 Currently on the prediction.
2020-04-25 13:16:09,161 On train
2020-04-25 13:16:09,162 valid_references 	 vs 	 predicted_hypotheses
2020-04-25 13:16:09,162  3	 vs 4 4	
2020-04-25 13:16:09,162  2	 vs 4 4 2	
2020-04-25 13:16:09,163  1 0	 vs 4 4 2	
2020-04-25 13:16:09,163  1	 vs 4 4 2	
2020-04-25 13:16:09,163  2	 vs 4 2	
2020-04-25 13:16:09,163  4	 vs 4 2	
2020-04-25 13:16:09,164  4 2	 vs 4 2	
2020-04-25 13:16:09,164  1 3	 vs 4 2	
2020-04-25 13:16:09,164  4 3	 vs 4 2	
2020-04-25 13:16:09,165  3	 vs 4 2	
2020-04-25 13:16:09,218 r_total: -624.00 
2020-04-25 13:16:09,218 bleu score: 0.00
2020-04-25 13:16:18,800 EPOCH 76
2020-04-25 13:16:18,800  beam_dqn : 1, egreed: 0.83, gamma:  0.84
2020-04-25 13:16:29,339 EPOCH 77
2020-04-25 13:16:29,340  beam_dqn : 1, egreed: 0.83, gamma:  0.84
2020-04-25 13:16:38,530 EPOCH 78
2020-04-25 13:16:38,531  beam_dqn : 1, egreed: 0.83, gamma:  0.84
2020-04-25 13:16:38,567  Copying the Q-Val on Q-tar on step: 19 
2020-04-25 13:16:38,657 Currently on the prediction.
2020-04-25 13:16:40,770 On train
2020-04-25 13:16:40,770 valid_references 	 vs 	 predicted_hypotheses
2020-04-25 13:16:40,770  3	 vs 4 3	
2020-04-25 13:16:40,770  2	 vs 4 3 3	
2020-04-25 13:16:40,770  1 0	 vs 4 3 3	
2020-04-25 13:16:40,770  1	 vs 4 3 3	
2020-04-25 13:16:40,770  2	 vs 4 3	
2020-04-25 13:16:40,770  4	 vs 4 3	
2020-04-25 13:16:40,770  4 2	 vs 3 3	
2020-04-25 13:16:40,770  1 3	 vs 4 3	
2020-04-25 13:16:40,770  4 3	 vs 4 3	
2020-04-25 13:16:40,771  3	 vs 4 3	
2020-04-25 13:16:40,798 r_total: -624.00 
2020-04-25 13:16:40,799 bleu score: 0.00
2020-04-25 13:16:49,265 EPOCH 79
2020-04-25 13:16:49,266  beam_dqn : 1, egreed: 0.83, gamma:  0.84
2020-04-25 13:16:58,383 EPOCH 80
2020-04-25 13:16:58,384  beam_dqn : 1, egreed: 0.83, gamma:  0.84
2020-04-25 13:17:06,571 EPOCH 81
2020-04-25 13:17:06,571  beam_dqn : 1, egreed: 0.83, gamma:  0.84
2020-04-25 13:17:06,610  Copying the Q-Val on Q-tar on step: 20 
2020-04-25 13:17:06,661 Currently on the prediction.
2020-04-25 13:17:08,647 On train
2020-04-25 13:17:08,647 valid_references 	 vs 	 predicted_hypotheses
2020-04-25 13:17:08,647  3	 vs 1 1	
2020-04-25 13:17:08,647  2	 vs 1 1 2	
2020-04-25 13:17:08,647  1 0	 vs 1 1 2	
2020-04-25 13:17:08,647  1	 vs 1 1	
2020-04-25 13:17:08,648  2	 vs 1 2	
2020-04-25 13:17:08,648  4	 vs 1 2	
2020-04-25 13:17:08,648  4 2	 vs 1 2	
2020-04-25 13:17:08,648  1 3	 vs 1 2	
2020-04-25 13:17:08,648  4 3	 vs 1 2	
2020-04-25 13:17:08,648  3	 vs 1 2	
2020-04-25 13:17:08,677 r_total: -321.69 
2020-04-25 13:17:08,677 bleu score: 0.00
2020-04-25 13:17:16,436 EPOCH 82
2020-04-25 13:17:16,440  beam_dqn : 1, egreed: 0.83, gamma:  0.84
