2020-04-25 13:45:05,206 Hello! This is Joey-NMT.
2020-04-25 13:45:05,207 cfg.name                           : reverse_experiment
2020-04-25 13:45:05,207 cfg.data.src                       : src
2020-04-25 13:45:05,207 cfg.data.trg                       : trg
2020-04-25 13:45:05,208 cfg.data.train                     : test/data/mini_reverse/train
2020-04-25 13:45:05,208 cfg.data.dev                       : test/data/mini_reverse/dev
2020-04-25 13:45:05,208 cfg.data.test                      : test/data/mini_reverse/test
2020-04-25 13:45:05,209 cfg.data.level                     : word
2020-04-25 13:45:05,209 cfg.data.lowercase                 : False
2020-04-25 13:45:05,209 cfg.data.max_sent_length           : 25
2020-04-25 13:45:05,210 cfg.data.src_voc_min_freq          : 0
2020-04-25 13:45:05,210 cfg.data.src_voc_limit             : 100
2020-04-25 13:45:05,210 cfg.data.trg_voc_min_freq          : 0
2020-04-25 13:45:05,210 cfg.data.trg_voc_limit             : 100
2020-04-25 13:45:05,211 cfg.testing.beam_size              : 1
2020-04-25 13:45:05,211 cfg.testing.alpha                  : 1.0
2020-04-25 13:45:05,211 cfg.training.random_seed           : 42
2020-04-25 13:45:05,213 cfg.training.optimizer             : adam
2020-04-25 13:45:05,213 cfg.training.learning_rate         : 0.001
2020-04-25 13:45:05,214 cfg.training.learning_rate_min     : 0.0002
2020-04-25 13:45:05,214 cfg.training.weight_decay          : 0.0
2020-04-25 13:45:05,214 cfg.training.clip_grad_norm        : 1.0
2020-04-25 13:45:05,214 cfg.training.batch_size            : 10
2020-04-25 13:45:05,215 cfg.training.batch_type            : sentence
2020-04-25 13:45:05,215 cfg.training.scheduling            : plateau
2020-04-25 13:45:05,215 cfg.training.patience              : 5
2020-04-25 13:45:05,216 cfg.training.decrease_factor       : 0.5
2020-04-25 13:45:05,216 cfg.training.early_stopping_metric : eval_metric
2020-04-25 13:45:05,217 cfg.training.epochs                : 10
2020-04-25 13:45:05,217 cfg.training.validation_freq       : 10
2020-04-25 13:45:05,217 cfg.training.logging_freq          : 10
2020-04-25 13:45:05,217 cfg.training.eval_metric           : bleu
2020-04-25 13:45:05,218 cfg.training.model_dir             : mini_reverse_model
2020-04-25 13:45:05,218 cfg.training.overwrite             : True
2020-04-25 13:45:05,218 cfg.training.shuffle               : True
2020-04-25 13:45:05,219 cfg.training.use_cuda              : False
2020-04-25 13:45:05,219 cfg.training.max_output_length     : 10
2020-04-25 13:45:05,219 cfg.training.print_valid_sents     : [0, 3, 6]
2020-04-25 13:45:05,219 cfg.training.keep_last_ckpts       : 2
2020-04-25 13:45:05,220 cfg.model.initializer              : xavier
2020-04-25 13:45:05,220 cfg.model.embed_initializer        : normal
2020-04-25 13:45:05,220 cfg.model.embed_init_weight        : 0.1
2020-04-25 13:45:05,220 cfg.model.bias_initializer         : zeros
2020-04-25 13:45:05,221 cfg.model.init_rnn_orthogonal      : False
2020-04-25 13:45:05,221 cfg.model.lstm_forget_gate         : 0.0
2020-04-25 13:45:05,221 cfg.model.encoder.rnn_type         : lstm
2020-04-25 13:45:05,221 cfg.model.encoder.embeddings.embedding_dim : 16
2020-04-25 13:45:05,222 cfg.model.encoder.embeddings.scale : False
2020-04-25 13:45:05,222 cfg.model.encoder.hidden_size      : 24
2020-04-25 13:45:05,222 cfg.model.encoder.bidirectional    : True
2020-04-25 13:45:05,223 cfg.model.encoder.dropout          : 0.1
2020-04-25 13:45:05,223 cfg.model.encoder.num_layers       : 1
2020-04-25 13:45:05,223 cfg.model.decoder.rnn_type         : lstm
2020-04-25 13:45:05,223 cfg.model.decoder.embeddings.embedding_dim : 16
2020-04-25 13:45:05,224 cfg.model.decoder.embeddings.scale : False
2020-04-25 13:45:05,224 cfg.model.decoder.hidden_size      : 24
2020-04-25 13:45:05,224 cfg.model.decoder.dropout          : 0.1
2020-04-25 13:45:05,224 cfg.model.decoder.hidden_dropout   : 0.1
2020-04-25 13:45:05,225 cfg.model.decoder.num_layers       : 1
2020-04-25 13:45:05,225 cfg.model.decoder.input_feeding    : True
2020-04-25 13:45:05,225 cfg.model.decoder.init_hidden      : bridge
2020-04-25 13:45:05,226 cfg.model.decoder.attention        : luong
2020-04-25 13:45:05,226 cfg.dqn.epochs                     : 500
2020-04-25 13:45:05,226 cfg.dqn.sample_size                : 256
2020-04-25 13:45:05,226 cfg.dqn.lr                         : 5e-05
2020-04-25 13:45:05,227 cfg.dqn.egreed_max                 : 0.9
2020-04-25 13:45:05,227 cfg.dqn.egreed_min                 : 0.001
2020-04-25 13:45:05,227 cfg.dqn.gamma_max                  : 0.9
2020-04-25 13:45:05,227 cfg.dqn.gamma_min                  : 0.3
2020-04-25 13:45:05,228 cfg.dqn.nu_iter                    : 300
2020-04-25 13:45:05,228 cfg.dqn.mem_cap                    : 5000
2020-04-25 13:45:05,228 cfg.dqn.beam_min                   : 1
2020-04-25 13:45:05,228 cfg.dqn.beam_max                   : 50
2020-04-25 13:45:05,229 cfg.dqn.state_type                 : hidden
2020-04-25 13:45:05,229 cfg.dqn.reward_type                : bleu_batch
2020-04-25 13:45:05,229 cfg.dqn.nu_pretrain                : 0
2020-04-25 13:45:05,230 cfg.dqn.other_descrip              : _100_LSTM_
2020-04-25 13:45:05,230 We are using the reward named: bleu_batch
2020-04-25 13:45:05,230 As states we set the : hidden
2020-04-25 13:45:05,231 EPOCH 1
2020-04-25 13:45:05,232  beam_dqn : 1, egreed: 0.90, gamma:  0.84
2020-04-25 13:45:11,073 EPOCH 2
2020-04-25 13:45:11,075  beam_dqn : 1, egreed: 0.90, gamma:  0.84
2020-04-25 13:45:15,455 EPOCH 3
2020-04-25 13:45:15,456  beam_dqn : 1, egreed: 0.90, gamma:  0.84
2020-04-25 13:45:15,573  As referece this first test on dev data. Is maded with the Q networks, initialized randomly : 
2020-04-25 13:45:15,706 Currently on the prediction.
2020-04-25 13:45:20,580 Optimal reward is: 99493.00
2020-04-25 13:45:20,592 On train
2020-04-25 13:45:20,593 valid_references 	 vs 	 predicted_hypotheses
2020-04-25 13:45:20,593  3	 vs <s> 3 <s> <s> <s> <s> <s> <s> <s> <s>	
2020-04-25 13:45:20,593  2	 vs <s> 0 0 <s> <s> <s> <s> <s> <s> <s>	
2020-04-25 13:45:20,593  1 0	 vs <s> <s> <s> <s> <s> <s> <s> <s> <s> <s>	
2020-04-25 13:45:20,593  1	 vs <s> 0 <s> <s> <s> <s> <s> <s> <s> <s>	
2020-04-25 13:45:20,593  2	 vs <s> <s> <s> <s> <s> <s> <s> <s> <s> <s>	
2020-04-25 13:45:20,593  4	 vs 0 0 <s> <s> <s> <s> <s> <s> <s> <s>	
2020-04-25 13:45:20,593  4 2	 vs 0 <s> <s> <s> <s> <s> <s> <s> <s> <s>	
2020-04-25 13:45:20,593  1 3	 vs 0 0 <s> <s> <s> <s> <s> <s> <s> <s>	
2020-04-25 13:45:20,594  4 3	 vs 0 <s> <s> <s> <s> <s> <s> <s> <s> <s>	
2020-04-25 13:45:20,594  3	 vs <s> <s> <s> <s> <s> <s> <s> <s> <s> <s>	
2020-04-25 13:45:20,720 r_total: 0.00 
2020-04-25 13:45:20,721 bleu score: 0.00
2020-04-25 13:45:36,489 EPOCH 4
2020-04-25 13:45:36,490  beam_dqn : 1, egreed: 0.90, gamma:  0.84
2020-04-25 13:45:47,997 EPOCH 5
2020-04-25 13:45:47,999  beam_dqn : 1, egreed: 0.90, gamma:  0.84
2020-04-25 13:46:01,746 EPOCH 6
2020-04-25 13:46:01,747  beam_dqn : 1, egreed: 0.89, gamma:  0.84
2020-04-25 13:46:01,809  Copying the Q-Val on Q-tar on step: 1 
2020-04-25 13:46:01,964 Currently on the prediction.
2020-04-25 13:46:05,101 On train
2020-04-25 13:46:05,102 valid_references 	 vs 	 predicted_hypotheses
2020-04-25 13:46:05,102  3	 vs 0 0	
2020-04-25 13:46:05,102  2	 vs 3 3 3 3 3 3 3	
2020-04-25 13:46:05,102  1 0	 vs 3 3 3	
2020-04-25 13:46:05,103  1	 vs 3 3 3 3 3 3 3 3	
2020-04-25 13:46:05,103  2	 vs 3	
2020-04-25 13:46:05,103  4	 vs 0 3	
2020-04-25 13:46:05,103  4 2	 vs 3 3	
2020-04-25 13:46:05,103  1 3	 vs 0 3	
2020-04-25 13:46:05,103  4 3	 vs 3 3	
2020-04-25 13:46:05,103  3	 vs 3	
2020-04-25 13:46:05,152 r_total: -3718.00 
2020-04-25 13:46:05,152 bleu score: 0.00
2020-04-25 13:46:17,518 EPOCH 7
2020-04-25 13:46:17,519  beam_dqn : 1, egreed: 0.89, gamma:  0.84
2020-04-25 13:46:33,163 EPOCH 8
2020-04-25 13:46:33,165  beam_dqn : 1, egreed: 0.89, gamma:  0.84
2020-04-25 13:46:46,732 EPOCH 9
2020-04-25 13:46:46,734  beam_dqn : 1, egreed: 0.89, gamma:  0.84
2020-04-25 13:46:46,849  Copying the Q-Val on Q-tar on step: 2 
2020-04-25 13:46:46,886 Currently on the prediction.
2020-04-25 13:46:49,411 On train
2020-04-25 13:46:49,411 valid_references 	 vs 	 predicted_hypotheses
2020-04-25 13:46:49,412  3	 vs 0 0	
2020-04-25 13:46:49,412  2	 vs 0	
2020-04-25 13:46:49,412  1 0	 vs 0	
2020-04-25 13:46:49,413  1	 vs 4	
2020-04-25 13:46:49,413  2	 vs 	
2020-04-25 13:46:49,413  4	 vs 0	
2020-04-25 13:46:49,414  4 2	 vs 4	
2020-04-25 13:46:49,414  1 3	 vs 0	
2020-04-25 13:46:49,414  4 3	 vs 	
2020-04-25 13:46:49,414  3	 vs 	
2020-04-25 13:46:49,499 r_total: 4637.08 
2020-04-25 13:46:49,499 bleu score: 4.52
2020-04-25 13:47:04,461 EPOCH 10
2020-04-25 13:47:04,462  beam_dqn : 1, egreed: 0.89, gamma:  0.84
2020-04-25 13:47:16,904 EPOCH 11
2020-04-25 13:47:16,904  beam_dqn : 1, egreed: 0.89, gamma:  0.84
2020-04-25 13:47:28,903 EPOCH 12
2020-04-25 13:47:28,903  beam_dqn : 1, egreed: 0.89, gamma:  0.84
2020-04-25 13:47:28,942  Copying the Q-Val on Q-tar on step: 3 
2020-04-25 13:47:28,990 Currently on the prediction.
2020-04-25 13:47:30,447 On train
2020-04-25 13:47:30,447 valid_references 	 vs 	 predicted_hypotheses
2020-04-25 13:47:30,447  3	 vs 0 0	
2020-04-25 13:47:30,448  2	 vs 4 4	
2020-04-25 13:47:30,448  1 0	 vs 4 4	
2020-04-25 13:47:30,448  1	 vs 4 4	
2020-04-25 13:47:30,448  2	 vs 4	
2020-04-25 13:47:30,449  4	 vs 0	
2020-04-25 13:47:30,449  4 2	 vs 4	
2020-04-25 13:47:30,449  1 3	 vs 0	
2020-04-25 13:47:30,449  4 3	 vs 4	
2020-04-25 13:47:30,450  3	 vs 4	
2020-04-25 13:47:30,534 r_total: 11092.24 
2020-04-25 13:47:30,535 bleu score: 9.15
2020-04-25 13:47:43,470 EPOCH 13
2020-04-25 13:47:43,471  beam_dqn : 1, egreed: 0.89, gamma:  0.84
2020-04-25 13:47:57,859 EPOCH 14
2020-04-25 13:47:57,861  beam_dqn : 1, egreed: 0.89, gamma:  0.84
2020-04-25 13:48:09,727 EPOCH 15
2020-04-25 13:48:09,727  beam_dqn : 1, egreed: 0.89, gamma:  0.84
2020-04-25 13:48:09,805  Copying the Q-Val on Q-tar on step: 4 
2020-04-25 13:48:09,863 Currently on the prediction.
2020-04-25 13:48:12,813 On train
2020-04-25 13:48:12,814 valid_references 	 vs 	 predicted_hypotheses
2020-04-25 13:48:12,814  3	 vs 0 0	
2020-04-25 13:48:12,814  2	 vs 4 4 4	
2020-04-25 13:48:12,815  1 0	 vs 4 4 4	
2020-04-25 13:48:12,815  1	 vs 4 4 4	
2020-04-25 13:48:12,815  2	 vs 4 4	
2020-04-25 13:48:12,816  4	 vs 4 4	
2020-04-25 13:48:12,816  4 2	 vs 4 4	
2020-04-25 13:48:12,816  1 3	 vs 4 4	
2020-04-25 13:48:12,817  4 3	 vs 4 4	
2020-04-25 13:48:12,817  3	 vs 4 4	
2020-04-25 13:48:12,916 r_total: -601.00 
2020-04-25 13:48:12,917 bleu score: 0.00
2020-04-25 13:48:25,318 EPOCH 16
2020-04-25 13:48:25,319  beam_dqn : 1, egreed: 0.89, gamma:  0.84
2020-04-25 13:48:39,860 EPOCH 17
2020-04-25 13:48:39,862  beam_dqn : 1, egreed: 0.88, gamma:  0.84
2020-04-25 13:48:54,388 EPOCH 18
2020-04-25 13:48:54,389  beam_dqn : 1, egreed: 0.88, gamma:  0.84
2020-04-25 13:48:54,486  Copying the Q-Val on Q-tar on step: 5 
2020-04-25 13:48:54,562 Currently on the prediction.
2020-04-25 13:48:56,902 On train
2020-04-25 13:48:56,903 valid_references 	 vs 	 predicted_hypotheses
2020-04-25 13:48:56,908  3	 vs 0 0	
2020-04-25 13:48:56,908  2	 vs 0 0	
2020-04-25 13:48:56,908  1 0	 vs 0	
2020-04-25 13:48:56,908  1	 vs 0	
2020-04-25 13:48:56,909  2	 vs 0	
2020-04-25 13:48:56,909  4	 vs 0	
2020-04-25 13:48:56,909  4 2	 vs 0	
2020-04-25 13:48:56,909  1 3	 vs 0	
2020-04-25 13:48:56,909  4 3	 vs 	
2020-04-25 13:48:56,910  3	 vs 0	
2020-04-25 13:48:56,971 r_total: 1953.07 
2020-04-25 13:48:56,971 bleu score: 5.11
2020-04-25 13:49:11,929 EPOCH 19
2020-04-25 13:49:11,930  beam_dqn : 1, egreed: 0.88, gamma:  0.84
2020-04-25 13:49:23,958 EPOCH 20
2020-04-25 13:49:23,958  beam_dqn : 1, egreed: 0.88, gamma:  0.84
2020-04-25 13:49:36,623 EPOCH 21
2020-04-25 13:49:36,632  beam_dqn : 1, egreed: 0.88, gamma:  0.84
2020-04-25 13:49:36,763  Copying the Q-Val on Q-tar on step: 6 
2020-04-25 13:49:36,817 Currently on the prediction.
2020-04-25 13:49:38,433 On train
2020-04-25 13:49:38,433 valid_references 	 vs 	 predicted_hypotheses
2020-04-25 13:49:38,433  3	 vs 0 0	
2020-04-25 13:49:38,433  2	 vs 0 0	
2020-04-25 13:49:38,433  1 0	 vs 0 0	
2020-04-25 13:49:38,433  1	 vs 0 0	
2020-04-25 13:49:38,433  2	 vs 0 0	
2020-04-25 13:49:38,433  4	 vs 0 0	
2020-04-25 13:49:38,433  4 2	 vs 0 0	
2020-04-25 13:49:38,433  1 3	 vs 0 0	
2020-04-25 13:49:38,433  4 3	 vs 0	
2020-04-25 13:49:38,434  3	 vs 0 0	
2020-04-25 13:49:38,470 r_total: 1678.30 
2020-04-25 13:49:38,470 bleu score: 5.61
2020-04-25 13:49:50,598 EPOCH 22
2020-04-25 13:49:50,599  beam_dqn : 1, egreed: 0.88, gamma:  0.84
2020-04-25 13:50:03,860 EPOCH 23
2020-04-25 13:50:03,861  beam_dqn : 1, egreed: 0.88, gamma:  0.84
2020-04-25 13:50:15,724 EPOCH 24
2020-04-25 13:50:15,725  beam_dqn : 1, egreed: 0.88, gamma:  0.84
2020-04-25 13:50:15,832  Copying the Q-Val on Q-tar on step: 7 
2020-04-25 13:50:15,892 Currently on the prediction.
2020-04-25 13:50:17,831 On train
2020-04-25 13:50:17,832 valid_references 	 vs 	 predicted_hypotheses
2020-04-25 13:50:17,837  3	 vs 4 4	
2020-04-25 13:50:17,837  2	 vs 4 1	
2020-04-25 13:50:17,838  1 0	 vs 4 1	
2020-04-25 13:50:17,838  1	 vs 4 1	
2020-04-25 13:50:17,838  2	 vs 4	
2020-04-25 13:50:17,838  4	 vs 4	
2020-04-25 13:50:17,839  4 2	 vs 1	
2020-04-25 13:50:17,839  1 3	 vs 4	
2020-04-25 13:50:17,839  4 3	 vs 4	
2020-04-25 13:50:17,840  3	 vs 4	
2020-04-25 13:50:17,917 r_total: 4388.50 
2020-04-25 13:50:17,917 bleu score: 7.39
2020-04-25 13:50:30,807 EPOCH 25
2020-04-25 13:50:30,808  beam_dqn : 1, egreed: 0.88, gamma:  0.84
2020-04-25 13:50:44,680 EPOCH 26
2020-04-25 13:50:44,682  beam_dqn : 1, egreed: 0.88, gamma:  0.84
2020-04-25 13:50:59,334 EPOCH 27
2020-04-25 13:50:59,336  beam_dqn : 1, egreed: 0.88, gamma:  0.84
2020-04-25 13:50:59,481  Copying the Q-Val on Q-tar on step: 8 
2020-04-25 13:50:59,553 Currently on the prediction.
2020-04-25 13:51:01,853 On train
2020-04-25 13:51:01,853 valid_references 	 vs 	 predicted_hypotheses
2020-04-25 13:51:01,854  3	 vs 4 4 2	
2020-04-25 13:51:01,854  2	 vs 4 4 2	
2020-04-25 13:51:01,854  1 0	 vs 4 4 2	
2020-04-25 13:51:01,854  1	 vs 4 4 2	
2020-04-25 13:51:01,854  2	 vs 4 2	
2020-04-25 13:51:01,855  4	 vs 4 1 2	
2020-04-25 13:51:01,855  4 2	 vs 4 1	
2020-04-25 13:51:01,856  1 3	 vs 4 1 2	
2020-04-25 13:51:01,856  4 3	 vs 4 2	
2020-04-25 13:51:01,856  3	 vs 4 2	
2020-04-25 13:51:01,915 r_total: -752.00 
2020-04-25 13:51:01,916 bleu score: 0.00
2020-04-25 13:51:13,805 EPOCH 28
2020-04-25 13:51:13,808  beam_dqn : 1, egreed: 0.88, gamma:  0.84
2020-04-25 13:51:26,900 EPOCH 29
2020-04-25 13:51:26,901  beam_dqn : 1, egreed: 0.87, gamma:  0.84
2020-04-25 13:51:39,215 EPOCH 30
2020-04-25 13:51:39,216  beam_dqn : 1, egreed: 0.87, gamma:  0.84
2020-04-25 13:51:39,267  Copying the Q-Val on Q-tar on step: 9 
2020-04-25 13:51:39,335 Currently on the prediction.
2020-04-25 13:51:41,378 On train
2020-04-25 13:51:41,379 valid_references 	 vs 	 predicted_hypotheses
2020-04-25 13:51:41,379  3	 vs 4 4	
2020-04-25 13:51:41,379  2	 vs 4 4 1	
2020-04-25 13:51:41,379  1 0	 vs 4 4	
2020-04-25 13:51:41,380  1	 vs 4 4	
2020-04-25 13:51:41,380  2	 vs 4 1	
2020-04-25 13:51:41,380  4	 vs 4 1	
2020-04-25 13:51:41,380  4 2	 vs 4 1	
2020-04-25 13:51:41,380  1 3	 vs 4 1	
2020-04-25 13:51:41,380  4 3	 vs 4	
2020-04-25 13:51:41,380  3	 vs 4 1	
2020-04-25 13:51:41,448 r_total: -930.00 
2020-04-25 13:51:41,448 bleu score: 0.00
2020-04-25 13:51:53,338 EPOCH 31
2020-04-25 13:51:53,340  beam_dqn : 1, egreed: 0.87, gamma:  0.84
2020-04-25 13:52:06,907 EPOCH 32
2020-04-25 13:52:06,907  beam_dqn : 1, egreed: 0.87, gamma:  0.84
2020-04-25 13:52:19,359 EPOCH 33
2020-04-25 13:52:19,360  beam_dqn : 1, egreed: 0.87, gamma:  0.84
2020-04-25 13:52:19,432  Copying the Q-Val on Q-tar on step: 10 
2020-04-25 13:52:19,486 Currently on the prediction.
2020-04-25 13:52:22,112 On train
2020-04-25 13:52:22,112 valid_references 	 vs 	 predicted_hypotheses
2020-04-25 13:52:22,112  3	 vs 4 4	
2020-04-25 13:52:22,113  2	 vs 4 4 3	
2020-04-25 13:52:22,113  1 0	 vs 4 4 3	
2020-04-25 13:52:22,113  1	 vs 4 4 3	
2020-04-25 13:52:22,113  2	 vs 4 3	
2020-04-25 13:52:22,113  4	 vs 4 3	
2020-04-25 13:52:22,113  4 2	 vs 4 3	
2020-04-25 13:52:22,113  1 3	 vs 4 3	
2020-04-25 13:52:22,113  4 3	 vs 4	
2020-04-25 13:52:22,114  3	 vs 4 3	
2020-04-25 13:52:22,157 r_total: -769.00 
2020-04-25 13:52:22,157 bleu score: 0.00
2020-04-25 13:52:35,308 EPOCH 34
2020-04-25 13:52:35,309  beam_dqn : 1, egreed: 0.87, gamma:  0.84
2020-04-25 13:52:48,054 EPOCH 35
2020-04-25 13:52:48,055  beam_dqn : 1, egreed: 0.87, gamma:  0.84
2020-04-25 13:53:01,031 EPOCH 36
2020-04-25 13:53:01,032  beam_dqn : 1, egreed: 0.87, gamma:  0.84
2020-04-25 13:53:01,115  Copying the Q-Val on Q-tar on step: 11 
2020-04-25 13:53:01,184 Currently on the prediction.
2020-04-25 13:53:03,081 On train
2020-04-25 13:53:03,081 valid_references 	 vs 	 predicted_hypotheses
2020-04-25 13:53:03,081  3	 vs 4 4	
2020-04-25 13:53:03,081  2	 vs 4 4 4	
2020-04-25 13:53:03,081  1 0	 vs 4 4	
2020-04-25 13:53:03,081  1	 vs 4 4	
2020-04-25 13:53:03,081  2	 vs 4 4	
2020-04-25 13:53:03,081  4	 vs 4 4	
2020-04-25 13:53:03,081  4 2	 vs 4 4	
2020-04-25 13:53:03,081  1 3	 vs 4 4	
2020-04-25 13:53:03,082  4 3	 vs 4	
2020-04-25 13:53:03,082  3	 vs 4 4	
2020-04-25 13:53:03,143 r_total: -930.00 
2020-04-25 13:53:03,143 bleu score: 0.00
2020-04-25 13:53:16,140 EPOCH 37
2020-04-25 13:53:16,140  beam_dqn : 1, egreed: 0.87, gamma:  0.84
2020-04-25 13:53:31,206 EPOCH 38
2020-04-25 13:53:31,207  beam_dqn : 1, egreed: 0.87, gamma:  0.84
2020-04-25 13:53:44,934 EPOCH 39
2020-04-25 13:53:44,936  beam_dqn : 1, egreed: 0.87, gamma:  0.84
2020-04-25 13:53:45,028  Copying the Q-Val on Q-tar on step: 12 
2020-04-25 13:53:45,080 Currently on the prediction.
2020-04-25 13:53:46,946 On train
2020-04-25 13:53:46,946 valid_references 	 vs 	 predicted_hypotheses
2020-04-25 13:53:46,947  3	 vs 0 0	
2020-04-25 13:53:46,947  2	 vs 0 0	
2020-04-25 13:53:46,947  1 0	 vs 0 0	
2020-04-25 13:53:46,947  1	 vs 0 0	
2020-04-25 13:53:46,947  2	 vs 0	
2020-04-25 13:53:46,947  4	 vs 0	
2020-04-25 13:53:46,947  4 2	 vs 0	
2020-04-25 13:53:46,947  1 3	 vs 0	
2020-04-25 13:53:46,947  4 3	 vs 1	
2020-04-25 13:53:46,948  3	 vs 0	
2020-04-25 13:53:46,989 r_total: 2202.10 
2020-04-25 13:53:46,989 bleu score: 6.16
2020-04-25 13:54:02,388 EPOCH 40
2020-04-25 13:54:02,388  beam_dqn : 1, egreed: 0.86, gamma:  0.84
2020-04-25 13:54:17,688 EPOCH 41
2020-04-25 13:54:17,688  beam_dqn : 1, egreed: 0.86, gamma:  0.84
2020-04-25 13:54:32,211 EPOCH 42
2020-04-25 13:54:32,212  beam_dqn : 1, egreed: 0.86, gamma:  0.84
2020-04-25 13:54:32,290  Copying the Q-Val on Q-tar on step: 13 
2020-04-25 13:54:32,365 Currently on the prediction.
2020-04-25 13:54:35,243 On train
2020-04-25 13:54:35,244 valid_references 	 vs 	 predicted_hypotheses
2020-04-25 13:54:35,251  3	 vs 0 0	
2020-04-25 13:54:35,251  2	 vs 1 1 1	
2020-04-25 13:54:35,252  1 0	 vs 1 1 1	
2020-04-25 13:54:35,252  1	 vs 1 1 1	
2020-04-25 13:54:35,252  2	 vs 1 1	
2020-04-25 13:54:35,253  4	 vs 1 1	
2020-04-25 13:54:35,253  4 2	 vs 1 1	
2020-04-25 13:54:35,253  1 3	 vs 1 1	
2020-04-25 13:54:35,253  4 3	 vs 1 1	
2020-04-25 13:54:35,254  3	 vs 1 1	
2020-04-25 13:54:35,341 r_total: -344.03 
2020-04-25 13:54:35,342 bleu score: 0.00
2020-04-25 13:54:48,446 EPOCH 43
2020-04-25 13:54:48,447  beam_dqn : 1, egreed: 0.86, gamma:  0.84
2020-04-25 13:55:02,315 EPOCH 44
2020-04-25 13:55:02,316  beam_dqn : 1, egreed: 0.86, gamma:  0.84
2020-04-25 13:55:15,627 EPOCH 45
2020-04-25 13:55:15,628  beam_dqn : 1, egreed: 0.86, gamma:  0.84
2020-04-25 13:55:15,681  Copying the Q-Val on Q-tar on step: 14 
2020-04-25 13:55:15,718 Currently on the prediction.
2020-04-25 13:55:18,456 On train
2020-04-25 13:55:18,456 valid_references 	 vs 	 predicted_hypotheses
2020-04-25 13:55:18,457  3	 vs 0 0	
2020-04-25 13:55:18,457  2	 vs 0 0 3	
2020-04-25 13:55:18,457  1 0	 vs 0 0	
2020-04-25 13:55:18,458  1	 vs 0 0	
2020-04-25 13:55:18,458  2	 vs 0 3	
2020-04-25 13:55:18,458  4	 vs 0 3	
2020-04-25 13:55:18,458  4 2	 vs 0 3	
2020-04-25 13:55:18,459  1 3	 vs 0 3	
2020-04-25 13:55:18,459  4 3	 vs 0	
2020-04-25 13:55:18,459  3	 vs 0 3	
2020-04-25 13:55:18,564 r_total: -329.30 
2020-04-25 13:55:18,565 bleu score: 0.00
2020-04-25 13:55:33,775 EPOCH 46
2020-04-25 13:55:33,776  beam_dqn : 1, egreed: 0.86, gamma:  0.84
2020-04-25 13:55:46,424 EPOCH 47
2020-04-25 13:55:46,425  beam_dqn : 1, egreed: 0.86, gamma:  0.84
