2020-04-25 11:10:38,986 Hello! This is Joey-NMT.
2020-04-25 11:10:38,987 cfg.name                           : reverse_experiment
2020-04-25 11:10:38,987 cfg.data.src                       : src
2020-04-25 11:10:38,987 cfg.data.trg                       : trg
2020-04-25 11:10:38,987 cfg.data.train                     : test/data/mini_reverse/train
2020-04-25 11:10:38,988 cfg.data.dev                       : test/data/mini_reverse/dev
2020-04-25 11:10:38,988 cfg.data.test                      : test/data/mini_reverse/test
2020-04-25 11:10:38,988 cfg.data.level                     : word
2020-04-25 11:10:38,988 cfg.data.lowercase                 : False
2020-04-25 11:10:38,988 cfg.data.max_sent_length           : 25
2020-04-25 11:10:38,989 cfg.data.src_voc_min_freq          : 0
2020-04-25 11:10:38,989 cfg.data.src_voc_limit             : 100
2020-04-25 11:10:38,989 cfg.data.trg_voc_min_freq          : 0
2020-04-25 11:10:38,989 cfg.data.trg_voc_limit             : 100
2020-04-25 11:10:38,989 cfg.testing.beam_size              : 1
2020-04-25 11:10:38,989 cfg.testing.alpha                  : 1.0
2020-04-25 11:10:38,990 cfg.training.random_seed           : 42
2020-04-25 11:10:38,990 cfg.training.optimizer             : adam
2020-04-25 11:10:38,990 cfg.training.learning_rate         : 0.001
2020-04-25 11:10:38,990 cfg.training.learning_rate_min     : 0.0002
2020-04-25 11:10:38,990 cfg.training.weight_decay          : 0.0
2020-04-25 11:10:38,991 cfg.training.clip_grad_norm        : 1.0
2020-04-25 11:10:38,991 cfg.training.batch_size            : 10
2020-04-25 11:10:38,991 cfg.training.batch_type            : sentence
2020-04-25 11:10:38,991 cfg.training.scheduling            : plateau
2020-04-25 11:10:38,991 cfg.training.patience              : 5
2020-04-25 11:10:38,992 cfg.training.decrease_factor       : 0.5
2020-04-25 11:10:38,992 cfg.training.early_stopping_metric : eval_metric
2020-04-25 11:10:38,992 cfg.training.epochs                : 10
2020-04-25 11:10:38,992 cfg.training.validation_freq       : 10
2020-04-25 11:10:38,992 cfg.training.logging_freq          : 10
2020-04-25 11:10:38,992 cfg.training.eval_metric           : bleu
2020-04-25 11:10:38,993 cfg.training.model_dir             : mini_reverse_model
2020-04-25 11:10:38,993 cfg.training.overwrite             : True
2020-04-25 11:10:38,993 cfg.training.shuffle               : True
2020-04-25 11:10:38,993 cfg.training.use_cuda              : False
2020-04-25 11:10:38,993 cfg.training.max_output_length     : 10
2020-04-25 11:10:38,993 cfg.training.print_valid_sents     : [0, 3, 6]
2020-04-25 11:10:38,994 cfg.training.keep_last_ckpts       : 2
2020-04-25 11:10:38,994 cfg.model.initializer              : xavier
2020-04-25 11:10:38,994 cfg.model.embed_initializer        : normal
2020-04-25 11:10:38,994 cfg.model.embed_init_weight        : 0.1
2020-04-25 11:10:38,994 cfg.model.bias_initializer         : zeros
2020-04-25 11:10:38,994 cfg.model.init_rnn_orthogonal      : False
2020-04-25 11:10:38,994 cfg.model.lstm_forget_gate         : 0.0
2020-04-25 11:10:38,995 cfg.model.encoder.rnn_type         : lstm
2020-04-25 11:10:38,995 cfg.model.encoder.embeddings.embedding_dim : 16
2020-04-25 11:10:38,995 cfg.model.encoder.embeddings.scale : False
2020-04-25 11:10:38,995 cfg.model.encoder.hidden_size      : 24
2020-04-25 11:10:38,995 cfg.model.encoder.bidirectional    : True
2020-04-25 11:10:38,995 cfg.model.encoder.dropout          : 0.1
2020-04-25 11:10:38,996 cfg.model.encoder.num_layers       : 1
2020-04-25 11:10:38,996 cfg.model.decoder.rnn_type         : lstm
2020-04-25 11:10:38,996 cfg.model.decoder.embeddings.embedding_dim : 16
2020-04-25 11:10:38,996 cfg.model.decoder.embeddings.scale : False
2020-04-25 11:10:38,996 cfg.model.decoder.hidden_size      : 24
2020-04-25 11:10:38,997 cfg.model.decoder.dropout          : 0.1
2020-04-25 11:10:38,997 cfg.model.decoder.hidden_dropout   : 0.1
2020-04-25 11:10:38,997 cfg.model.decoder.num_layers       : 1
2020-04-25 11:10:38,997 cfg.model.decoder.input_feeding    : True
2020-04-25 11:10:38,997 cfg.model.decoder.init_hidden      : bridge
2020-04-25 11:10:38,998 cfg.model.decoder.attention        : luong
2020-04-25 11:10:38,998 cfg.dqn.epochs                     : 500
2020-04-25 11:10:38,998 cfg.dqn.sample_size                : 256
2020-04-25 11:10:38,998 cfg.dqn.lr                         : 5e-05
2020-04-25 11:10:38,998 cfg.dqn.egreed_max                 : 0.9
2020-04-25 11:10:38,998 cfg.dqn.egreed_min                 : 0.001
2020-04-25 11:10:38,999 cfg.dqn.gamma_max                  : 0.9
2020-04-25 11:10:38,999 cfg.dqn.gamma_min                  : 0.3
2020-04-25 11:10:38,999 cfg.dqn.nu_iter                    : 300
2020-04-25 11:10:38,999 cfg.dqn.mem_cap                    : 5000
2020-04-25 11:10:38,999 cfg.dqn.beam_min                   : 1
2020-04-25 11:10:38,999 cfg.dqn.beam_max                   : 50
2020-04-25 11:10:39,000 cfg.dqn.state_type                 : attention
2020-04-25 11:10:39,000 cfg.dqn.reward_type                : bleu_batch
2020-04-25 11:10:39,000 cfg.dqn.nu_pretrain                : 0
2020-04-25 11:10:39,000 cfg.dqn.other_descrip              : _100_LSTM_
2020-04-25 11:10:39,000 We are using the reward named: bleu_batch
2020-04-25 11:10:39,001 EPOCH 1
2020-04-25 11:10:39,002  beam_dqn : 1, egreed: 0.90, gamma:  0.84
2020-04-25 11:10:43,733 EPOCH 2
2020-04-25 11:10:43,735  beam_dqn : 1, egreed: 0.90, gamma:  0.84
2020-04-25 11:10:48,289 EPOCH 3
2020-04-25 11:10:48,290  beam_dqn : 1, egreed: 0.90, gamma:  0.84
2020-04-25 11:10:52,470 EPOCH 4
2020-04-25 11:10:52,475  beam_dqn : 1, egreed: 0.90, gamma:  0.84
2020-04-25 11:10:57,041 EPOCH 5
2020-04-25 11:10:57,042  beam_dqn : 1, egreed: 0.90, gamma:  0.84
2020-04-25 11:11:01,644 EPOCH 6
2020-04-25 11:11:01,645  beam_dqn : 1, egreed: 0.89, gamma:  0.84
2020-04-25 11:11:06,214 EPOCH 7
2020-04-25 11:11:06,214  beam_dqn : 1, egreed: 0.89, gamma:  0.84
2020-04-25 11:11:09,878 EPOCH 8
2020-04-25 11:11:09,879  beam_dqn : 1, egreed: 0.89, gamma:  0.84
2020-04-25 11:11:13,439 EPOCH 9
2020-04-25 11:11:13,441  beam_dqn : 1, egreed: 0.89, gamma:  0.84
2020-04-25 11:11:16,845 EPOCH 10
2020-04-25 11:11:16,845  beam_dqn : 1, egreed: 0.89, gamma:  0.84
2020-04-25 11:11:20,330 EPOCH 11
2020-04-25 11:11:20,331  beam_dqn : 1, egreed: 0.89, gamma:  0.84
2020-04-25 11:11:24,046 EPOCH 12
2020-04-25 11:11:24,047  beam_dqn : 1, egreed: 0.89, gamma:  0.84
2020-04-25 11:11:27,270 EPOCH 13
2020-04-25 11:11:27,271  beam_dqn : 1, egreed: 0.89, gamma:  0.84
2020-04-25 11:11:30,413 EPOCH 14
2020-04-25 11:11:30,413  beam_dqn : 1, egreed: 0.89, gamma:  0.84
2020-04-25 11:11:33,534 EPOCH 15
2020-04-25 11:11:33,535  beam_dqn : 1, egreed: 0.89, gamma:  0.84
2020-04-25 11:11:36,909 EPOCH 16
2020-04-25 11:11:36,909  beam_dqn : 1, egreed: 0.89, gamma:  0.84
2020-04-25 11:11:40,226 EPOCH 17
2020-04-25 11:11:40,227  beam_dqn : 1, egreed: 0.88, gamma:  0.84
2020-04-25 11:11:43,537 EPOCH 18
2020-04-25 11:11:43,538  beam_dqn : 1, egreed: 0.88, gamma:  0.84
2020-04-25 11:11:46,688 EPOCH 19
2020-04-25 11:11:46,689  beam_dqn : 1, egreed: 0.88, gamma:  0.84
2020-04-25 11:11:50,088 EPOCH 20
2020-04-25 11:11:50,088  beam_dqn : 1, egreed: 0.88, gamma:  0.84
2020-04-25 11:11:53,446 EPOCH 21
2020-04-25 11:11:53,446  beam_dqn : 1, egreed: 0.88, gamma:  0.84
2020-04-25 11:11:53,495  As referece this first test on dev data. Is maded with the Q networks, initialized randomly : 
2020-04-25 11:11:53,577 Currently on the prediction.
2020-04-25 11:11:57,303 Optimal reward is: 99493.00
2020-04-25 11:11:57,315 On train
2020-04-25 11:11:57,315 valid_references 	 vs 	 predicted_hypotheses
2020-04-25 11:11:57,316  3	 vs 1 1 1 1 1 1 1 1 1 1	
2020-04-25 11:11:57,316  2	 vs 1 1 1 1 1 1 1 1 1 1	
2020-04-25 11:11:57,316  1 0	 vs 1 1 1 1 1 1 1 1 1 1	
2020-04-25 11:11:57,316  1	 vs 1 1 1 1 1 1 1 1 1 1	
2020-04-25 11:11:57,316  2	 vs 1 1 1 1 1 1 1 1 1 1	
2020-04-25 11:11:57,316  4	 vs 1 1 1 1 1 1 1 1 1 1	
2020-04-25 11:11:57,316  4 2	 vs 1 1 1 1 1 1 1 1 1 1	
2020-04-25 11:11:57,316  1 3	 vs 1 1 1 1 1 1 1 1 1 1	
2020-04-25 11:11:57,316  4 3	 vs 1 1 1 1 1 1 1 1 1 1	
2020-04-25 11:11:57,317  3	 vs 1 1 1 1 1 1 1 1 1 1	
2020-04-25 11:11:57,368 r_total: 0.00 
2020-04-25 11:11:57,368 bleu score: 0.00
2020-04-25 11:12:03,468 EPOCH 22
2020-04-25 11:12:03,469  beam_dqn : 1, egreed: 0.88, gamma:  0.84
2020-04-25 11:12:10,549 EPOCH 23
2020-04-25 11:12:10,550  beam_dqn : 1, egreed: 0.88, gamma:  0.84
2020-04-25 11:12:17,451 EPOCH 24
2020-04-25 11:12:17,455  beam_dqn : 1, egreed: 0.88, gamma:  0.84
2020-04-25 11:12:17,548  Copying the Q-Val on Q-tar on step: 1 
2020-04-25 11:12:17,680 Currently on the prediction.
2020-04-25 11:12:21,214 On train
2020-04-25 11:12:21,215 valid_references 	 vs 	 predicted_hypotheses
2020-04-25 11:12:21,215  3	 vs 3 3 3 3 3 3 3 3 3 3	
2020-04-25 11:12:21,215  2	 vs 1 3 3 3 3 3 3 3 3 3	
2020-04-25 11:12:21,215  1 0	 vs 1 3 3 3 3 3 3 3 3 3	
2020-04-25 11:12:21,215  1	 vs 1 3 3 3 3 3 3 3 3 3	
2020-04-25 11:12:21,216  2	 vs 1 3 3 3 3 3 3 3 3 3	
2020-04-25 11:12:21,216  4	 vs 1 3 3 3 3 3 3 3 3 3	
2020-04-25 11:12:21,216  4 2	 vs 1 3 3 3 3 3 3 3 3 3	
2020-04-25 11:12:21,216  1 3	 vs 1 3 3 3 3 3 3 3 3 3	
2020-04-25 11:12:21,216  4 3	 vs 1 3 3 3 3 3 3 3 3 3	
2020-04-25 11:12:21,216  3	 vs 1 3 3 3 3 3 3 3 3 3	
2020-04-25 11:12:21,315 r_total: 0.00 
2020-04-25 11:12:21,315 bleu score: 0.00
2020-04-25 11:12:26,868 EPOCH 25
2020-04-25 11:12:26,869  beam_dqn : 1, egreed: 0.88, gamma:  0.84
2020-04-25 11:12:32,904 EPOCH 26
2020-04-25 11:12:32,905  beam_dqn : 1, egreed: 0.88, gamma:  0.84
2020-04-25 11:12:39,666 EPOCH 27
2020-04-25 11:12:39,666  beam_dqn : 1, egreed: 0.88, gamma:  0.84
2020-04-25 11:12:39,730  Copying the Q-Val on Q-tar on step: 2 
2020-04-25 11:12:39,818 Currently on the prediction.
2020-04-25 11:12:42,563 On train
2020-04-25 11:12:42,563 valid_references 	 vs 	 predicted_hypotheses
2020-04-25 11:12:42,563  3	 vs 1 1 1 1 1 1 1 1 1 1	
2020-04-25 11:12:42,563  2	 vs 1 1 1 1 1 1 1 1 1 1	
2020-04-25 11:12:42,563  1 0	 vs 1 1 1 1 1 1 1 1 1 1	
2020-04-25 11:12:42,563  1	 vs 1 1 1 1 1 1 1 1 1 1	
2020-04-25 11:12:42,564  2	 vs 1 1 1 1 1 1 1 1 1 1	
2020-04-25 11:12:42,564  4	 vs 1 1 1 1 1 1 1 1 1 1	
2020-04-25 11:12:42,564  4 2	 vs 1 1 1 1 1 1 1 1 1 1	
2020-04-25 11:12:42,564  1 3	 vs 1 1 1 1 1 1 1 1 1 1	
2020-04-25 11:12:42,564  4 3	 vs 1 1 1 1 1 1 1 1 1 1	
2020-04-25 11:12:42,565  3	 vs 1 1 1 1 1 1 1 1 1 1	
2020-04-25 11:12:42,635 r_total: 0.00 
2020-04-25 11:12:42,635 bleu score: 0.00
2020-04-25 11:12:50,080 EPOCH 28
2020-04-25 11:12:50,081  beam_dqn : 1, egreed: 0.88, gamma:  0.84
2020-04-25 11:12:59,615 EPOCH 29
2020-04-25 11:12:59,615  beam_dqn : 1, egreed: 0.87, gamma:  0.84
2020-04-25 11:13:05,869 EPOCH 30
2020-04-25 11:13:05,870  beam_dqn : 1, egreed: 0.87, gamma:  0.84
2020-04-25 11:13:05,953  Copying the Q-Val on Q-tar on step: 3 
2020-04-25 11:13:06,062 Currently on the prediction.
2020-04-25 11:13:09,142 On train
2020-04-25 11:13:09,142 valid_references 	 vs 	 predicted_hypotheses
2020-04-25 11:13:09,143  3	 vs 1 1 3	
2020-04-25 11:13:09,143  2	 vs 1 1 4 4 4 4 4 4 4 4	
2020-04-25 11:13:09,143  1 0	 vs 1 1 3	
2020-04-25 11:13:09,143  1	 vs 1 1 4 4 4 4 4 4 4 4	
2020-04-25 11:13:09,143  2	 vs 1 4 4 4 4 4 4 4 4 4	
2020-04-25 11:13:09,143  4	 vs 1 3 4 4 4 4 4 4 4 4	
2020-04-25 11:13:09,144  4 2	 vs 1 3 3 3 3 3 3 3 3 3	
2020-04-25 11:13:09,144  1 3	 vs 1 3 4 4 4 4 4 4 4 4	
2020-04-25 11:13:09,144  4 3	 vs 4 4 4 4 4 4 4 4 4 4	
2020-04-25 11:13:09,144  3	 vs 1 4 4 4 4 4 4 4 4 4	
2020-04-25 11:13:09,216 r_total: -2457.00 
2020-04-25 11:13:09,216 bleu score: 0.00
2020-04-25 11:13:15,468 EPOCH 31
2020-04-25 11:13:15,469  beam_dqn : 1, egreed: 0.87, gamma:  0.84
2020-04-25 11:13:22,290 EPOCH 32
2020-04-25 11:13:22,290  beam_dqn : 1, egreed: 0.87, gamma:  0.84
2020-04-25 11:13:28,918 EPOCH 33
2020-04-25 11:13:28,918  beam_dqn : 1, egreed: 0.87, gamma:  0.84
2020-04-25 11:13:28,953  Copying the Q-Val on Q-tar on step: 4 
2020-04-25 11:13:28,977 Currently on the prediction.
2020-04-25 11:13:30,345 On train
2020-04-25 11:13:30,345 valid_references 	 vs 	 predicted_hypotheses
2020-04-25 11:13:30,350  3	 vs 1 1	
2020-04-25 11:13:30,350  2	 vs 1 1	
2020-04-25 11:13:30,351  1 0	 vs 1 1	
2020-04-25 11:13:30,351  1	 vs 1 1	
2020-04-25 11:13:30,351  2	 vs 1	
2020-04-25 11:13:30,351  4	 vs 1	
2020-04-25 11:13:30,351  4 2	 vs 1	
2020-04-25 11:13:30,351  1 3	 vs 1	
2020-04-25 11:13:30,351  4 3	 vs 1	
2020-04-25 11:13:30,351  3	 vs 1	
2020-04-25 11:13:30,375 r_total: 4549.30 
2020-04-25 11:13:30,375 bleu score: 5.33
2020-04-25 11:13:36,342 EPOCH 34
2020-04-25 11:13:36,343  beam_dqn : 1, egreed: 0.87, gamma:  0.84
2020-04-25 11:13:43,021 EPOCH 35
2020-04-25 11:13:43,022  beam_dqn : 1, egreed: 0.87, gamma:  0.84
2020-04-25 11:13:49,688 EPOCH 36
2020-04-25 11:13:49,688  beam_dqn : 1, egreed: 0.87, gamma:  0.84
2020-04-25 11:13:49,770  Copying the Q-Val on Q-tar on step: 5 
2020-04-25 11:13:49,812 Currently on the prediction.
2020-04-25 11:13:51,747 On train
2020-04-25 11:13:51,748 valid_references 	 vs 	 predicted_hypotheses
2020-04-25 11:13:51,748  3	 vs 1 0	
2020-04-25 11:13:51,748  2	 vs 1 1	
2020-04-25 11:13:51,748  1 0	 vs 1 1	
2020-04-25 11:13:51,749  1	 vs 1 1	
2020-04-25 11:13:51,749  2	 vs 1	
2020-04-25 11:13:51,749  4	 vs 1	
2020-04-25 11:13:51,749  4 2	 vs 1	
2020-04-25 11:13:51,749  1 3	 vs 1	
2020-04-25 11:13:51,749  4 3	 vs 4	
2020-04-25 11:13:51,750  3	 vs 1	
2020-04-25 11:13:51,808 r_total: 13121.49 
2020-04-25 11:13:51,809 bleu score: 9.74
2020-04-25 11:14:00,426 EPOCH 37
2020-04-25 11:14:00,427  beam_dqn : 1, egreed: 0.87, gamma:  0.84
2020-04-25 11:14:08,151 EPOCH 38
2020-04-25 11:14:08,152  beam_dqn : 1, egreed: 0.87, gamma:  0.84
2020-04-25 11:14:15,124 EPOCH 39
2020-04-25 11:14:15,125  beam_dqn : 1, egreed: 0.87, gamma:  0.84
2020-04-25 11:14:15,233  Copying the Q-Val on Q-tar on step: 6 
2020-04-25 11:14:15,315 Currently on the prediction.
2020-04-25 11:14:17,234 On train
2020-04-25 11:14:17,234 valid_references 	 vs 	 predicted_hypotheses
2020-04-25 11:14:17,235  3	 vs 1 0 0	
2020-04-25 11:14:17,235  2	 vs 1 2	
2020-04-25 11:14:17,235  1 0	 vs 1 1 4	
2020-04-25 11:14:17,235  1	 vs 1 4 4	
2020-04-25 11:14:17,235  2	 vs 1 4	
2020-04-25 11:14:17,236  4	 vs 2 0	
2020-04-25 11:14:17,236  4 2	 vs 1 0	
2020-04-25 11:14:17,236  1 3	 vs 2 0	
2020-04-25 11:14:17,236  4 3	 vs 4 4	
2020-04-25 11:14:17,236  3	 vs 1 4	
2020-04-25 11:14:17,306 r_total: -625.00 
2020-04-25 11:14:17,306 bleu score: 0.00
2020-04-25 11:14:24,358 EPOCH 40
2020-04-25 11:14:24,359  beam_dqn : 1, egreed: 0.86, gamma:  0.84
2020-04-25 11:14:31,849 EPOCH 41
2020-04-25 11:14:31,849  beam_dqn : 1, egreed: 0.86, gamma:  0.84
2020-04-25 11:14:40,179 EPOCH 42
2020-04-25 11:14:40,184  beam_dqn : 1, egreed: 0.86, gamma:  0.84
2020-04-25 11:14:40,315  Copying the Q-Val on Q-tar on step: 7 
2020-04-25 11:14:40,381 Currently on the prediction.
2020-04-25 11:14:42,736 On train
2020-04-25 11:14:42,737 valid_references 	 vs 	 predicted_hypotheses
2020-04-25 11:14:42,737  3	 vs 1 2	
2020-04-25 11:14:42,737  2	 vs 1 2	
2020-04-25 11:14:42,737  1 0	 vs 1 1	
2020-04-25 11:14:42,738  1	 vs 1 1	
2020-04-25 11:14:42,738  2	 vs 1	
2020-04-25 11:14:42,738  4	 vs 2	
2020-04-25 11:14:42,738  4 2	 vs 1	
2020-04-25 11:14:42,738  1 3	 vs 2	
2020-04-25 11:14:42,739  4 3	 vs 1	
2020-04-25 11:14:42,739  3	 vs 1	
2020-04-25 11:14:42,794 r_total: 21420.75 
2020-04-25 11:14:42,794 bleu score: 11.44
