2020-05-01 23:54:34,207 Hello! This is Joey-NMT.
2020-05-01 23:54:34,208 cfg.name                           : reverse_experiment
2020-05-01 23:54:34,209 cfg.data.src                       : src
2020-05-01 23:54:34,209 cfg.data.trg                       : trg
2020-05-01 23:54:34,210 cfg.data.train                     : test/data/mini_reverse_0/train
2020-05-01 23:54:34,210 cfg.data.dev                       : test/data/mini_reverse_0/dev
2020-05-01 23:54:34,211 cfg.data.test                      : test/data/mini_reverse_0/test
2020-05-01 23:54:34,211 cfg.data.level                     : word
2020-05-01 23:54:34,212 cfg.data.lowercase                 : False
2020-05-01 23:54:34,212 cfg.data.max_sent_length           : 25
2020-05-01 23:54:34,212 cfg.data.src_voc_min_freq          : 0
2020-05-01 23:54:34,213 cfg.data.src_voc_limit             : 100
2020-05-01 23:54:34,213 cfg.data.trg_voc_min_freq          : 0
2020-05-01 23:54:34,214 cfg.data.trg_voc_limit             : 100
2020-05-01 23:54:34,214 cfg.testing.beam_size              : 1
2020-05-01 23:54:34,214 cfg.testing.alpha                  : 1.0
2020-05-01 23:54:34,215 cfg.training.random_seed           : 42
2020-05-01 23:54:34,215 cfg.training.optimizer             : adam
2020-05-01 23:54:34,216 cfg.training.learning_rate         : 0.001
2020-05-01 23:54:34,216 cfg.training.learning_rate_min     : 0.0002
2020-05-01 23:54:34,217 cfg.training.weight_decay          : 0.0
2020-05-01 23:54:34,217 cfg.training.clip_grad_norm        : 1.0
2020-05-01 23:54:34,217 cfg.training.batch_size            : 10
2020-05-01 23:54:34,222 cfg.training.batch_type            : sentence
2020-05-01 23:54:34,223 cfg.training.scheduling            : plateau
2020-05-01 23:54:34,223 cfg.training.patience              : 5
2020-05-01 23:54:34,224 cfg.training.decrease_factor       : 0.5
2020-05-01 23:54:34,224 cfg.training.early_stopping_metric : eval_metric
2020-05-01 23:54:34,225 cfg.training.epochs                : 10
2020-05-01 23:54:34,225 cfg.training.validation_freq       : 10
2020-05-01 23:54:34,225 cfg.training.logging_freq          : 10
2020-05-01 23:54:34,226 cfg.training.eval_metric           : bleu
2020-05-01 23:54:34,226 cfg.training.model_dir             : mini_reverse_model_0
2020-05-01 23:54:34,227 cfg.training.overwrite             : True
2020-05-01 23:54:34,227 cfg.training.shuffle               : True
2020-05-01 23:54:34,227 cfg.training.use_cuda              : False
2020-05-01 23:54:34,228 cfg.training.max_output_length     : 10
2020-05-01 23:54:34,228 cfg.training.print_valid_sents     : [0, 3, 6]
2020-05-01 23:54:34,229 cfg.training.keep_last_ckpts       : 2
2020-05-01 23:54:34,229 cfg.model.initializer              : xavier
2020-05-01 23:54:34,230 cfg.model.embed_initializer        : normal
2020-05-01 23:54:34,230 cfg.model.embed_init_weight        : 0.1
2020-05-01 23:54:34,230 cfg.model.bias_initializer         : zeros
2020-05-01 23:54:34,231 cfg.model.init_rnn_orthogonal      : False
2020-05-01 23:54:34,231 cfg.model.lstm_forget_gate         : 0.0
2020-05-01 23:54:34,232 cfg.model.encoder.rnn_type         : lstm
2020-05-01 23:54:34,232 cfg.model.encoder.embeddings.embedding_dim : 16
2020-05-01 23:54:34,232 cfg.model.encoder.embeddings.scale : False
2020-05-01 23:54:34,233 cfg.model.encoder.hidden_size      : 24
2020-05-01 23:54:34,233 cfg.model.encoder.bidirectional    : True
2020-05-01 23:54:34,234 cfg.model.encoder.dropout          : 0.1
2020-05-01 23:54:34,234 cfg.model.encoder.num_layers       : 1
2020-05-01 23:54:34,234 cfg.model.decoder.rnn_type         : lstm
2020-05-01 23:54:34,235 cfg.model.decoder.embeddings.embedding_dim : 16
2020-05-01 23:54:34,235 cfg.model.decoder.embeddings.scale : False
2020-05-01 23:54:34,243 cfg.model.decoder.hidden_size      : 24
2020-05-01 23:54:34,244 cfg.model.decoder.dropout          : 0.1
2020-05-01 23:54:34,244 cfg.model.decoder.hidden_dropout   : 0.1
2020-05-01 23:54:34,244 cfg.model.decoder.num_layers       : 1
2020-05-01 23:54:34,245 cfg.model.decoder.input_feeding    : True
2020-05-01 23:54:34,245 cfg.model.decoder.init_hidden      : bridge
2020-05-01 23:54:34,245 cfg.model.decoder.attention        : luong
2020-05-01 23:54:34,245 cfg.dqn.epochs                     : 2000
2020-05-01 23:54:34,246 cfg.dqn.sample_size                : 256
2020-05-01 23:54:34,246 cfg.dqn.lr                         : 5e-05
2020-05-01 23:54:34,250 cfg.dqn.egreed_max                 : 0.9
2020-05-01 23:54:34,250 cfg.dqn.egreed_min                 : 0.001
2020-05-01 23:54:34,251 cfg.dqn.gamma_max                  : 0.9
2020-05-01 23:54:34,251 cfg.dqn.gamma_min                  : 0.3
2020-05-01 23:54:34,252 cfg.dqn.nu_iter                    : 10
2020-05-01 23:54:34,252 cfg.dqn.mem_cap                    : 4000
2020-05-01 23:54:34,253 cfg.dqn.beam_min                   : 1
2020-05-01 23:54:34,253 cfg.dqn.beam_max                   : 50
2020-05-01 23:54:34,254 cfg.dqn.state_type                 : hidden
2020-05-01 23:54:34,254 cfg.dqn.reward_type                : bleu_batch
2020-05-01 23:54:34,254 cfg.dqn.nu_pretrain                : 40
2020-05-01 23:54:34,255 cfg.dqn.N_layers                   : 4
2020-05-01 23:54:34,255 cfg.dqn.batch_size                 : 10
2020-05-01 23:54:34,256 cfg.dqn.other_descrip              : _mini_reverse_with_batch
2020-05-01 23:54:34,256 We are using the reward named: bleu_batch
2020-05-01 23:54:34,259 As states we set the : hidden
2020-05-01 23:54:34,261 EPOCH 1
2020-05-01 23:54:34,263  beam_dqn : 1, egreed: 0.90, gamma:  0.90
2020-05-01 23:54:38,547 EPOCH 2
2020-05-01 23:54:38,549  beam_dqn : 1, egreed: 0.90, gamma:  0.90
2020-05-01 23:54:40,469  As referece this first test on dev data. Is maded with the Q networks, initialized randomly : 
2020-05-01 23:54:40,658 Currently on the prediction.
2020-05-01 23:54:49,013 Optimal reward is: 100000.00
2020-05-01 23:54:49,036 On train
2020-05-01 23:54:49,037 valid_references 	 vs 	 predicted_hypotheses
2020-05-01 23:54:49,037  3	 vs 3 0 4 4 4 4 4 4 4 4	
2020-05-01 23:54:49,038  2	 vs 4 4 4 4 4 4 4 4 4 4	
2020-05-01 23:54:49,038  1 0	 vs <unk> 4 4 4 4 4 4 4 4 4	
2020-05-01 23:54:49,038  1	 vs 4 4 4 4 4 4 4 4 4 4	
2020-05-01 23:54:49,039  2	 vs 4 4 4 4 4 4 4 4 4 4	
2020-05-01 23:54:49,039  4	 vs <unk> 4 4 4 4 4 4 4 4 4	
2020-05-01 23:54:49,039  4 2	 vs <unk> 4 4 4 4 4 4 4 4 4	
2020-05-01 23:54:49,040  1 3	 vs <unk> 4 4 4 4 4 4 4 4 4	
2020-05-01 23:54:49,040  4 3	 vs 4 4 4 4 4 4 4 4 4 4	
2020-05-01 23:54:49,040  3	 vs 4 4 4 4 4 4 4 4 4 4	
2020-05-01 23:54:49,219 r_total: 4193.83 
2020-05-01 23:54:49,220 bleu score: 0.00
2020-05-01 23:54:49,222 Hooray! New best validation result [0.000000]!
2020-05-01 23:54:49,985  Copying the Q-Val on Q-tar on step: 1 
2020-05-01 23:54:50,085 Currently on the prediction.
2020-05-01 23:54:56,946 On train
2020-05-01 23:54:56,946 valid_references 	 vs 	 predicted_hypotheses
2020-05-01 23:54:56,946  3	 vs 3 0 4 4 4 4 4 4 4 4	
2020-05-01 23:54:56,947  2	 vs 4 4 4 4 4 4 4 4 4 4	
2020-05-01 23:54:56,947  1 0	 vs <unk> 4 4 4 4 4 4 4 4 4	
2020-05-01 23:54:56,947  1	 vs 4 4 4 4 4 4 4 4 4 4	
2020-05-01 23:54:56,948  2	 vs 4 4 4 4 4 4 4 4 4 4	
2020-05-01 23:54:56,948  4	 vs <unk> 4 4 4 4 4 4 4 4 4	
2020-05-01 23:54:56,948  4 2	 vs <unk> 4 4 4 4 4 4 4 4 4	
2020-05-01 23:54:56,948  1 3	 vs <unk> 4 4 4 4 4 4 4 4 4	
2020-05-01 23:54:56,949  4 3	 vs 4 4 4 4 4 4 4 4 4 4	
2020-05-01 23:54:56,949  3	 vs 4 4 4 4 4 4 4 4 4 4	
2020-05-01 23:54:57,132 r_total: 4193.83 
2020-05-01 23:54:57,132 bleu score: 0.00
2020-05-01 23:54:57,736  Copying the Q-Val on Q-tar on step: 2 
2020-05-01 23:54:57,806 Currently on the prediction.
2020-05-01 23:55:05,642 On train
2020-05-01 23:55:05,651 valid_references 	 vs 	 predicted_hypotheses
2020-05-01 23:55:05,651  3	 vs 3 0 4 4 4 4 4 4 4 4	
2020-05-01 23:55:05,651  2	 vs 4 4 4 4 4 4 4 4 4 4	
2020-05-01 23:55:05,651  1 0	 vs <unk> 4 4 4 4 4 4 4 4 4	
2020-05-01 23:55:05,651  1	 vs 4 4 4 4 4 4 4 4 4 4	
2020-05-01 23:55:05,651  2	 vs 4 4 4 4 4 4 4 4 4 4	
2020-05-01 23:55:05,652  4	 vs <unk> 4 4 4 4 4 4 4 4 4	
2020-05-01 23:55:05,652  4 2	 vs <unk> 4 4 4 4 4 4 4 4 4	
2020-05-01 23:55:05,652  1 3	 vs <unk> 4 4 4 4 4 4 4 4 4	
2020-05-01 23:55:05,652  4 3	 vs 4 4 4 4 4 4 4 4 4 4	
2020-05-01 23:55:05,652  3	 vs 4 4 4 4 4 4 4 4 4 4	
2020-05-01 23:55:05,830 r_total: 4193.83 
2020-05-01 23:55:05,830 bleu score: 0.00
2020-05-01 23:55:06,921  Copying the Q-Val on Q-tar on step: 3 
2020-05-01 23:55:07,067 Currently on the prediction.
