2020-04-25 11:17:29,455 Hello! This is Joey-NMT.
2020-04-25 11:17:29,455 cfg.name                           : reverse_experiment
2020-04-25 11:17:29,455 cfg.data.src                       : src
2020-04-25 11:17:29,455 cfg.data.trg                       : trg
2020-04-25 11:17:29,455 cfg.data.train                     : test/data/mini_reverse/train
2020-04-25 11:17:29,455 cfg.data.dev                       : test/data/mini_reverse/dev
2020-04-25 11:17:29,455 cfg.data.test                      : test/data/mini_reverse/test
2020-04-25 11:17:29,455 cfg.data.level                     : word
2020-04-25 11:17:29,456 cfg.data.lowercase                 : False
2020-04-25 11:17:29,456 cfg.data.max_sent_length           : 25
2020-04-25 11:17:29,456 cfg.data.src_voc_min_freq          : 0
2020-04-25 11:17:29,456 cfg.data.src_voc_limit             : 100
2020-04-25 11:17:29,456 cfg.data.trg_voc_min_freq          : 0
2020-04-25 11:17:29,456 cfg.data.trg_voc_limit             : 100
2020-04-25 11:17:29,456 cfg.testing.beam_size              : 1
2020-04-25 11:17:29,456 cfg.testing.alpha                  : 1.0
2020-04-25 11:17:29,456 cfg.training.random_seed           : 42
2020-04-25 11:17:29,457 cfg.training.optimizer             : adam
2020-04-25 11:17:29,457 cfg.training.learning_rate         : 0.001
2020-04-25 11:17:29,457 cfg.training.learning_rate_min     : 0.0002
2020-04-25 11:17:29,457 cfg.training.weight_decay          : 0.0
2020-04-25 11:17:29,457 cfg.training.clip_grad_norm        : 1.0
2020-04-25 11:17:29,457 cfg.training.batch_size            : 10
2020-04-25 11:17:29,457 cfg.training.batch_type            : sentence
2020-04-25 11:17:29,457 cfg.training.scheduling            : plateau
2020-04-25 11:17:29,457 cfg.training.patience              : 5
2020-04-25 11:17:29,458 cfg.training.decrease_factor       : 0.5
2020-04-25 11:17:29,458 cfg.training.early_stopping_metric : eval_metric
2020-04-25 11:17:29,458 cfg.training.epochs                : 10
2020-04-25 11:17:29,458 cfg.training.validation_freq       : 10
2020-04-25 11:17:29,458 cfg.training.logging_freq          : 10
2020-04-25 11:17:29,458 cfg.training.eval_metric           : bleu
2020-04-25 11:17:29,458 cfg.training.model_dir             : mini_reverse_model
2020-04-25 11:17:29,458 cfg.training.overwrite             : True
2020-04-25 11:17:29,458 cfg.training.shuffle               : True
2020-04-25 11:17:29,458 cfg.training.use_cuda              : False
2020-04-25 11:17:29,459 cfg.training.max_output_length     : 10
2020-04-25 11:17:29,459 cfg.training.print_valid_sents     : [0, 3, 6]
2020-04-25 11:17:29,459 cfg.training.keep_last_ckpts       : 2
2020-04-25 11:17:29,459 cfg.model.initializer              : xavier
2020-04-25 11:17:29,459 cfg.model.embed_initializer        : normal
2020-04-25 11:17:29,459 cfg.model.embed_init_weight        : 0.1
2020-04-25 11:17:29,459 cfg.model.bias_initializer         : zeros
2020-04-25 11:17:29,459 cfg.model.init_rnn_orthogonal      : False
2020-04-25 11:17:29,459 cfg.model.lstm_forget_gate         : 0.0
2020-04-25 11:17:29,460 cfg.model.encoder.rnn_type         : lstm
2020-04-25 11:17:29,460 cfg.model.encoder.embeddings.embedding_dim : 16
2020-04-25 11:17:29,460 cfg.model.encoder.embeddings.scale : False
2020-04-25 11:17:29,460 cfg.model.encoder.hidden_size      : 24
2020-04-25 11:17:29,460 cfg.model.encoder.bidirectional    : True
2020-04-25 11:17:29,460 cfg.model.encoder.dropout          : 0.1
2020-04-25 11:17:29,460 cfg.model.encoder.num_layers       : 1
2020-04-25 11:17:29,460 cfg.model.decoder.rnn_type         : lstm
2020-04-25 11:17:29,460 cfg.model.decoder.embeddings.embedding_dim : 16
2020-04-25 11:17:29,460 cfg.model.decoder.embeddings.scale : False
2020-04-25 11:17:29,461 cfg.model.decoder.hidden_size      : 24
2020-04-25 11:17:29,461 cfg.model.decoder.dropout          : 0.1
2020-04-25 11:17:29,461 cfg.model.decoder.hidden_dropout   : 0.1
2020-04-25 11:17:29,461 cfg.model.decoder.num_layers       : 1
2020-04-25 11:17:29,461 cfg.model.decoder.input_feeding    : True
2020-04-25 11:17:29,461 cfg.model.decoder.init_hidden      : bridge
2020-04-25 11:17:29,461 cfg.model.decoder.attention        : luong
2020-04-25 11:17:29,461 cfg.dqn.epochs                     : 500
2020-04-25 11:17:29,462 cfg.dqn.sample_size                : 256
2020-04-25 11:17:29,462 cfg.dqn.lr                         : 5e-05
2020-04-25 11:17:29,462 cfg.dqn.egreed_max                 : 0.9
2020-04-25 11:17:29,462 cfg.dqn.egreed_min                 : 0.001
2020-04-25 11:17:29,462 cfg.dqn.gamma_max                  : 0.9
2020-04-25 11:17:29,462 cfg.dqn.gamma_min                  : 0.3
2020-04-25 11:17:29,462 cfg.dqn.nu_iter                    : 300
2020-04-25 11:17:29,462 cfg.dqn.mem_cap                    : 5000
2020-04-25 11:17:29,463 cfg.dqn.beam_min                   : 1
2020-04-25 11:17:29,463 cfg.dqn.beam_max                   : 50
2020-04-25 11:17:29,463 cfg.dqn.state_type                 : attention
2020-04-25 11:17:29,463 cfg.dqn.reward_type                : bleu_batch
2020-04-25 11:17:29,463 cfg.dqn.nu_pretrain                : 0
2020-04-25 11:17:29,463 cfg.dqn.other_descrip              : _100_LSTM_
2020-04-25 11:17:29,463 We are using the reward named: bleu_batch
2020-04-25 11:17:29,464 EPOCH 1
2020-04-25 11:17:29,464  beam_dqn : 1, egreed: 0.90, gamma:  0.84
2020-04-25 11:17:29,483 self.bos_index: 2
2020-04-25 11:17:29,562 self.bos_index: 2
2020-04-25 11:17:29,623 self.bos_index: 2
2020-04-25 11:17:29,690 self.bos_index: 2
2020-04-25 11:17:29,742 self.bos_index: 2
2020-04-25 11:17:29,789 self.bos_index: 2
2020-04-25 11:17:29,834 self.bos_index: 2
2020-04-25 11:17:29,868 self.bos_index: 2
2020-04-25 11:17:29,902 self.bos_index: 2
2020-04-25 11:17:29,950 self.bos_index: 2
2020-04-25 11:17:30,005 self.bos_index: 2
2020-04-25 11:17:30,059 self.bos_index: 2
2020-04-25 11:17:30,138 self.bos_index: 2
2020-04-25 11:17:30,189 self.bos_index: 2
2020-04-25 11:17:30,252 self.bos_index: 2
2020-04-25 11:17:30,292 self.bos_index: 2
2020-04-25 11:17:30,343 self.bos_index: 2
2020-04-25 11:17:30,386 self.bos_index: 2
2020-04-25 11:17:30,426 self.bos_index: 2
2020-04-25 11:17:30,474 self.bos_index: 2
2020-04-25 11:17:30,505 self.bos_index: 2
2020-04-25 11:17:30,568 self.bos_index: 2
2020-04-25 11:17:30,604 self.bos_index: 2
2020-04-25 11:17:30,643 self.bos_index: 2
2020-04-25 11:17:30,680 self.bos_index: 2
2020-04-25 11:17:30,719 self.bos_index: 2
2020-04-25 11:17:30,767 self.bos_index: 2
2020-04-25 11:17:30,807 self.bos_index: 2
2020-04-25 11:17:30,847 self.bos_index: 2
2020-04-25 11:17:30,894 self.bos_index: 2
2020-04-25 11:17:30,952 self.bos_index: 2
2020-04-25 11:17:31,001 self.bos_index: 2
2020-04-25 11:17:31,038 self.bos_index: 2
2020-04-25 11:17:31,095 self.bos_index: 2
2020-04-25 11:17:31,147 self.bos_index: 2
2020-04-25 11:17:31,200 self.bos_index: 2
2020-04-25 11:17:31,261 self.bos_index: 2
2020-04-25 11:17:31,329 self.bos_index: 2
2020-04-25 11:17:31,396 self.bos_index: 2
2020-04-25 11:17:31,438 self.bos_index: 2
2020-04-25 11:17:31,488 self.bos_index: 2
2020-04-25 11:17:31,530 self.bos_index: 2
2020-04-25 11:17:31,596 self.bos_index: 2
2020-04-25 11:17:31,634 self.bos_index: 2
2020-04-25 11:17:31,667 self.bos_index: 2
2020-04-25 11:17:31,698 self.bos_index: 2
2020-04-25 11:17:31,758 self.bos_index: 2
2020-04-25 11:17:31,800 self.bos_index: 2
2020-04-25 11:17:31,845 self.bos_index: 2
2020-04-25 11:17:31,893 self.bos_index: 2
2020-04-25 11:17:31,941 self.bos_index: 2
2020-04-25 11:17:31,980 self.bos_index: 2
2020-04-25 11:17:32,023 self.bos_index: 2
2020-04-25 11:17:32,107 self.bos_index: 2
2020-04-25 11:17:32,173 self.bos_index: 2
2020-04-25 11:17:32,210 self.bos_index: 2
2020-04-25 11:17:32,280 self.bos_index: 2
2020-04-25 11:17:32,321 self.bos_index: 2
2020-04-25 11:17:32,365 self.bos_index: 2
2020-04-25 11:17:32,402 self.bos_index: 2
2020-04-25 11:17:32,448 self.bos_index: 2
2020-04-25 11:17:32,509 self.bos_index: 2
2020-04-25 11:17:32,559 self.bos_index: 2
2020-04-25 11:17:32,597 self.bos_index: 2
2020-04-25 11:17:32,640 self.bos_index: 2
2020-04-25 11:17:32,694 self.bos_index: 2
2020-04-25 11:17:32,729 self.bos_index: 2
2020-04-25 11:17:32,790 self.bos_index: 2
2020-04-25 11:17:32,834 self.bos_index: 2
2020-04-25 11:17:32,865 self.bos_index: 2
2020-04-25 11:17:32,910 self.bos_index: 2
2020-04-25 11:17:32,945 self.bos_index: 2
2020-04-25 11:17:33,010 self.bos_index: 2
2020-04-25 11:17:33,066 self.bos_index: 2
2020-04-25 11:17:33,109 self.bos_index: 2
2020-04-25 11:17:33,175 self.bos_index: 2
2020-04-25 11:17:33,231 self.bos_index: 2
2020-04-25 11:17:33,262 self.bos_index: 2
2020-04-25 11:17:33,334 self.bos_index: 2
2020-04-25 11:17:33,414 self.bos_index: 2
2020-04-25 11:17:33,488 self.bos_index: 2
2020-04-25 11:17:33,539 self.bos_index: 2
2020-04-25 11:17:33,602 self.bos_index: 2
2020-04-25 11:17:33,648 self.bos_index: 2
2020-04-25 11:17:33,696 self.bos_index: 2
2020-04-25 11:17:33,731 self.bos_index: 2
2020-04-25 11:17:33,773 self.bos_index: 2
2020-04-25 11:17:33,817 self.bos_index: 2
2020-04-25 11:17:33,888 self.bos_index: 2
2020-04-25 11:17:33,933 self.bos_index: 2
2020-04-25 11:17:33,974 self.bos_index: 2
2020-04-25 11:17:34,023 self.bos_index: 2
2020-04-25 11:17:34,056 self.bos_index: 2
2020-04-25 11:17:34,104 self.bos_index: 2
2020-04-25 11:17:34,144 self.bos_index: 2
2020-04-25 11:17:34,213 self.bos_index: 2
2020-04-25 11:17:34,259 self.bos_index: 2
2020-04-25 11:17:34,299 self.bos_index: 2
2020-04-25 11:17:34,335 self.bos_index: 2
2020-04-25 11:17:34,378 self.bos_index: 2
2020-04-25 11:17:34,422 EPOCH 2
2020-04-25 11:17:34,424  beam_dqn : 1, egreed: 0.90, gamma:  0.84
2020-04-25 11:17:34,436 self.bos_index: 2
2020-04-25 11:17:34,489 self.bos_index: 2
2020-04-25 11:17:34,540 self.bos_index: 2
2020-04-25 11:17:34,604 self.bos_index: 2
2020-04-25 11:17:34,703 self.bos_index: 2
2020-04-25 11:17:34,757 self.bos_index: 2
2020-04-25 11:17:34,810 self.bos_index: 2
2020-04-25 11:17:34,856 self.bos_index: 2
2020-04-25 11:17:34,905 self.bos_index: 2
2020-04-25 11:17:34,959 self.bos_index: 2
2020-04-25 11:17:35,010 self.bos_index: 2
2020-04-25 11:17:35,064 self.bos_index: 2
2020-04-25 11:17:35,121 self.bos_index: 2
2020-04-25 11:17:35,156 self.bos_index: 2
2020-04-25 11:17:35,203 self.bos_index: 2
2020-04-25 11:17:35,243 self.bos_index: 2
2020-04-25 11:17:35,285 self.bos_index: 2
2020-04-25 11:17:35,339 self.bos_index: 2
2020-04-25 11:17:35,383 self.bos_index: 2
2020-04-25 11:17:35,430 self.bos_index: 2
2020-04-25 11:17:35,464 self.bos_index: 2
2020-04-25 11:17:35,509 self.bos_index: 2
2020-04-25 11:17:35,548 self.bos_index: 2
2020-04-25 11:17:35,588 self.bos_index: 2
2020-04-25 11:17:35,639 self.bos_index: 2
2020-04-25 11:17:35,686 self.bos_index: 2
2020-04-25 11:17:35,785 self.bos_index: 2
2020-04-25 11:17:35,849 self.bos_index: 2
2020-04-25 11:17:35,901 self.bos_index: 2
2020-04-25 11:17:35,944 self.bos_index: 2
2020-04-25 11:17:35,996 self.bos_index: 2
2020-04-25 11:17:36,033 self.bos_index: 2
2020-04-25 11:17:36,073 self.bos_index: 2
2020-04-25 11:17:36,114 self.bos_index: 2
2020-04-25 11:17:36,140 self.bos_index: 2
2020-04-25 11:17:36,185 self.bos_index: 2
2020-04-25 11:17:36,233 self.bos_index: 2
2020-04-25 11:17:36,281 self.bos_index: 2
2020-04-25 11:17:36,325 self.bos_index: 2
2020-04-25 11:17:36,362 self.bos_index: 2
2020-04-25 11:17:36,407 self.bos_index: 2
2020-04-25 11:17:36,434 self.bos_index: 2
2020-04-25 11:17:36,501 self.bos_index: 2
2020-04-25 11:17:36,537 self.bos_index: 2
2020-04-25 11:17:36,570 self.bos_index: 2
2020-04-25 11:17:36,597 self.bos_index: 2
2020-04-25 11:17:36,646 self.bos_index: 2
2020-04-25 11:17:36,678 self.bos_index: 2
2020-04-25 11:17:36,709 self.bos_index: 2
2020-04-25 11:17:36,749 self.bos_index: 2
2020-04-25 11:17:36,790 self.bos_index: 2
2020-04-25 11:17:36,833 self.bos_index: 2
2020-04-25 11:17:36,874 self.bos_index: 2
2020-04-25 11:17:36,919 self.bos_index: 2
2020-04-25 11:17:36,961 self.bos_index: 2
2020-04-25 11:17:36,996 self.bos_index: 2
2020-04-25 11:17:37,028 self.bos_index: 2
2020-04-25 11:17:37,056 self.bos_index: 2
2020-04-25 11:17:37,106 self.bos_index: 2
2020-04-25 11:17:37,140 self.bos_index: 2
2020-04-25 11:17:37,174 self.bos_index: 2
2020-04-25 11:17:37,214 self.bos_index: 2
2020-04-25 11:17:37,251 self.bos_index: 2
2020-04-25 11:17:37,283 self.bos_index: 2
2020-04-25 11:17:37,316 self.bos_index: 2
2020-04-25 11:17:37,362 self.bos_index: 2
2020-04-25 11:17:37,393 self.bos_index: 2
2020-04-25 11:17:37,427 self.bos_index: 2
2020-04-25 11:17:37,458 self.bos_index: 2
2020-04-25 11:17:37,488 self.bos_index: 2
2020-04-25 11:17:37,519 self.bos_index: 2
2020-04-25 11:17:37,547 self.bos_index: 2
2020-04-25 11:17:37,587 self.bos_index: 2
2020-04-25 11:17:37,623 self.bos_index: 2
2020-04-25 11:17:37,656 self.bos_index: 2
2020-04-25 11:17:37,699 self.bos_index: 2
2020-04-25 11:17:37,735 self.bos_index: 2
2020-04-25 11:17:37,766 self.bos_index: 2
2020-04-25 11:17:37,808 self.bos_index: 2
2020-04-25 11:17:37,848 self.bos_index: 2
2020-04-25 11:17:37,897 self.bos_index: 2
2020-04-25 11:17:37,927 self.bos_index: 2
2020-04-25 11:17:37,966 self.bos_index: 2
2020-04-25 11:17:37,996 self.bos_index: 2
2020-04-25 11:17:38,034 self.bos_index: 2
2020-04-25 11:17:38,069 self.bos_index: 2
2020-04-25 11:17:38,114 self.bos_index: 2
2020-04-25 11:17:38,155 self.bos_index: 2
2020-04-25 11:17:38,197 self.bos_index: 2
2020-04-25 11:17:38,238 self.bos_index: 2
2020-04-25 11:17:38,270 self.bos_index: 2
2020-04-25 11:17:38,297 self.bos_index: 2
2020-04-25 11:17:38,334 self.bos_index: 2
2020-04-25 11:17:38,370 self.bos_index: 2
2020-04-25 11:17:38,396 self.bos_index: 2
2020-04-25 11:17:38,436 self.bos_index: 2
2020-04-25 11:17:38,467 self.bos_index: 2
2020-04-25 11:17:38,498 self.bos_index: 2
2020-04-25 11:17:38,529 self.bos_index: 2
2020-04-25 11:17:38,569 self.bos_index: 2
2020-04-25 11:17:38,616 EPOCH 3
2020-04-25 11:17:38,617  beam_dqn : 1, egreed: 0.90, gamma:  0.84
2020-04-25 11:17:38,626 self.bos_index: 2
2020-04-25 11:17:38,673 self.bos_index: 2
2020-04-25 11:17:38,714 self.bos_index: 2
2020-04-25 11:17:38,758 self.bos_index: 2
2020-04-25 11:17:38,798 self.bos_index: 2
2020-04-25 11:17:38,826 self.bos_index: 2
2020-04-25 11:17:38,860 self.bos_index: 2
2020-04-25 11:17:38,893 self.bos_index: 2
2020-04-25 11:17:38,926 self.bos_index: 2
2020-04-25 11:17:38,961 self.bos_index: 2
2020-04-25 11:17:39,002 self.bos_index: 2
2020-04-25 11:17:39,048 self.bos_index: 2
2020-04-25 11:17:39,090 self.bos_index: 2
2020-04-25 11:17:39,129 self.bos_index: 2
2020-04-25 11:17:39,163 self.bos_index: 2
2020-04-25 11:17:39,197 self.bos_index: 2
2020-04-25 11:17:39,238 self.bos_index: 2
2020-04-25 11:17:39,282 self.bos_index: 2
2020-04-25 11:17:39,327 self.bos_index: 2
2020-04-25 11:17:39,364 self.bos_index: 2
2020-04-25 11:17:39,395 self.bos_index: 2
2020-04-25 11:17:39,427 self.bos_index: 2
2020-04-25 11:17:39,456 self.bos_index: 2
2020-04-25 11:17:39,484 self.bos_index: 2
2020-04-25 11:17:39,520 self.bos_index: 2
2020-04-25 11:17:39,547 self.bos_index: 2
2020-04-25 11:17:39,585 self.bos_index: 2
2020-04-25 11:17:39,612 self.bos_index: 2
2020-04-25 11:17:39,647 self.bos_index: 2
2020-04-25 11:17:39,689 self.bos_index: 2
2020-04-25 11:17:39,726 self.bos_index: 2
2020-04-25 11:17:39,768 self.bos_index: 2
2020-04-25 11:17:39,816 self.bos_index: 2
2020-04-25 11:17:39,862 self.bos_index: 2
2020-04-25 11:17:39,891 self.bos_index: 2
2020-04-25 11:17:39,929 self.bos_index: 2
2020-04-25 11:17:39,976 self.bos_index: 2
2020-04-25 11:17:40,017 self.bos_index: 2
2020-04-25 11:17:40,061 self.bos_index: 2
2020-04-25 11:17:40,105 self.bos_index: 2
2020-04-25 11:17:40,157 self.bos_index: 2
2020-04-25 11:17:40,187 self.bos_index: 2
2020-04-25 11:17:40,230 self.bos_index: 2
2020-04-25 11:17:40,256 self.bos_index: 2
2020-04-25 11:17:40,284 self.bos_index: 2
2020-04-25 11:17:40,316 self.bos_index: 2
2020-04-25 11:17:40,368 self.bos_index: 2
2020-04-25 11:17:40,418 self.bos_index: 2
2020-04-25 11:17:40,449 self.bos_index: 2
2020-04-25 11:17:40,489 self.bos_index: 2
2020-04-25 11:17:40,527 self.bos_index: 2
2020-04-25 11:17:40,567 self.bos_index: 2
2020-04-25 11:17:40,608 self.bos_index: 2
2020-04-25 11:17:40,650 self.bos_index: 2
2020-04-25 11:17:40,686 self.bos_index: 2
2020-04-25 11:17:40,717 self.bos_index: 2
2020-04-25 11:17:40,748 self.bos_index: 2
2020-04-25 11:17:40,778 self.bos_index: 2
2020-04-25 11:17:40,819 self.bos_index: 2
2020-04-25 11:17:40,848 self.bos_index: 2
2020-04-25 11:17:40,874 self.bos_index: 2
2020-04-25 11:17:40,913 self.bos_index: 2
2020-04-25 11:17:40,959 self.bos_index: 2
2020-04-25 11:17:40,990 self.bos_index: 2
2020-04-25 11:17:41,029 self.bos_index: 2
2020-04-25 11:17:41,072 self.bos_index: 2
2020-04-25 11:17:41,103 self.bos_index: 2
2020-04-25 11:17:41,146 self.bos_index: 2
2020-04-25 11:17:41,177 self.bos_index: 2
2020-04-25 11:17:41,208 self.bos_index: 2
2020-04-25 11:17:41,242 self.bos_index: 2
2020-04-25 11:17:41,275 self.bos_index: 2
2020-04-25 11:17:41,320 self.bos_index: 2
2020-04-25 11:17:41,363 self.bos_index: 2
2020-04-25 11:17:41,391 self.bos_index: 2
2020-04-25 11:17:41,434 self.bos_index: 2
2020-04-25 11:17:41,468 self.bos_index: 2
2020-04-25 11:17:41,512 self.bos_index: 2
2020-04-25 11:17:41,568 self.bos_index: 2
2020-04-25 11:17:41,606 self.bos_index: 2
2020-04-25 11:17:41,648 self.bos_index: 2
2020-04-25 11:17:41,672 self.bos_index: 2
2020-04-25 11:17:41,714 self.bos_index: 2
2020-04-25 11:17:41,740 self.bos_index: 2
2020-04-25 11:17:41,775 self.bos_index: 2
2020-04-25 11:17:41,805 self.bos_index: 2
2020-04-25 11:17:41,849 self.bos_index: 2
2020-04-25 11:17:41,893 self.bos_index: 2
2020-04-25 11:17:41,936 self.bos_index: 2
2020-04-25 11:17:41,975 self.bos_index: 2
2020-04-25 11:17:42,003 self.bos_index: 2
2020-04-25 11:17:42,034 self.bos_index: 2
2020-04-25 11:17:42,071 self.bos_index: 2
2020-04-25 11:17:42,115 self.bos_index: 2
2020-04-25 11:17:42,148 self.bos_index: 2
2020-04-25 11:17:42,186 self.bos_index: 2
2020-04-25 11:17:42,216 self.bos_index: 2
2020-04-25 11:17:42,247 self.bos_index: 2
2020-04-25 11:17:42,283 self.bos_index: 2
2020-04-25 11:17:42,315 self.bos_index: 2
2020-04-25 11:17:42,354 EPOCH 4
2020-04-25 11:17:42,354  beam_dqn : 1, egreed: 0.90, gamma:  0.84
2020-04-25 11:17:42,365 self.bos_index: 2
2020-04-25 11:17:42,401 self.bos_index: 2
2020-04-25 11:17:42,442 self.bos_index: 2
2020-04-25 11:17:42,487 self.bos_index: 2
2020-04-25 11:17:42,527 self.bos_index: 2
2020-04-25 11:17:42,560 self.bos_index: 2
2020-04-25 11:17:42,592 self.bos_index: 2
2020-04-25 11:17:42,629 self.bos_index: 2
2020-04-25 11:17:42,660 self.bos_index: 2
2020-04-25 11:17:42,699 self.bos_index: 2
2020-04-25 11:17:42,735 self.bos_index: 2
2020-04-25 11:17:42,777 self.bos_index: 2
2020-04-25 11:17:42,818 self.bos_index: 2
2020-04-25 11:17:42,852 self.bos_index: 2
2020-04-25 11:17:42,896 self.bos_index: 2
2020-04-25 11:17:42,926 self.bos_index: 2
2020-04-25 11:17:42,970 self.bos_index: 2
2020-04-25 11:17:43,015 self.bos_index: 2
2020-04-25 11:17:43,048 self.bos_index: 2
2020-04-25 11:17:43,094 self.bos_index: 2
2020-04-25 11:17:43,128 self.bos_index: 2
2020-04-25 11:17:43,165 self.bos_index: 2
2020-04-25 11:17:43,195 self.bos_index: 2
2020-04-25 11:17:43,220 self.bos_index: 2
2020-04-25 11:17:43,250 self.bos_index: 2
2020-04-25 11:17:43,281 self.bos_index: 2
2020-04-25 11:17:43,321 self.bos_index: 2
2020-04-25 11:17:43,350 self.bos_index: 2
2020-04-25 11:17:43,379 self.bos_index: 2
2020-04-25 11:17:43,410 self.bos_index: 2
2020-04-25 11:17:43,456 self.bos_index: 2
2020-04-25 11:17:43,494 self.bos_index: 2
2020-04-25 11:17:43,521 self.bos_index: 2
2020-04-25 11:17:43,561 self.bos_index: 2
2020-04-25 11:17:43,591 self.bos_index: 2
2020-04-25 11:17:43,635 self.bos_index: 2
2020-04-25 11:17:43,667 self.bos_index: 2
2020-04-25 11:17:43,712 self.bos_index: 2
2020-04-25 11:17:43,759 self.bos_index: 2
2020-04-25 11:17:43,787 self.bos_index: 2
2020-04-25 11:17:43,832 self.bos_index: 2
2020-04-25 11:17:43,856 self.bos_index: 2
2020-04-25 11:17:43,896 self.bos_index: 2
2020-04-25 11:17:43,928 self.bos_index: 2
2020-04-25 11:17:43,950 self.bos_index: 2
2020-04-25 11:17:43,979 self.bos_index: 2
2020-04-25 11:17:44,022 self.bos_index: 2
2020-04-25 11:17:44,049 self.bos_index: 2
2020-04-25 11:17:44,080 self.bos_index: 2
2020-04-25 11:17:44,115 self.bos_index: 2
2020-04-25 11:17:44,169 self.bos_index: 2
2020-04-25 11:17:44,197 self.bos_index: 2
2020-04-25 11:17:44,238 self.bos_index: 2
2020-04-25 11:17:44,276 self.bos_index: 2
2020-04-25 11:17:44,323 self.bos_index: 2
2020-04-25 11:17:44,353 self.bos_index: 2
2020-04-25 11:17:44,385 self.bos_index: 2
2020-04-25 11:17:44,419 self.bos_index: 2
2020-04-25 11:17:44,463 self.bos_index: 2
2020-04-25 11:17:44,493 self.bos_index: 2
2020-04-25 11:17:44,522 self.bos_index: 2
2020-04-25 11:17:44,557 self.bos_index: 2
2020-04-25 11:17:44,592 self.bos_index: 2
2020-04-25 11:17:44,624 self.bos_index: 2
2020-04-25 11:17:44,656 self.bos_index: 2
2020-04-25 11:17:44,696 self.bos_index: 2
2020-04-25 11:17:44,726 self.bos_index: 2
2020-04-25 11:17:44,769 self.bos_index: 2
2020-04-25 11:17:44,802 self.bos_index: 2
2020-04-25 11:17:44,835 self.bos_index: 2
2020-04-25 11:17:44,860 self.bos_index: 2
2020-04-25 11:17:44,889 self.bos_index: 2
2020-04-25 11:17:44,922 self.bos_index: 2
2020-04-25 11:17:44,965 self.bos_index: 2
2020-04-25 11:17:44,993 self.bos_index: 2
2020-04-25 11:17:45,020 self.bos_index: 2
2020-04-25 11:17:45,049 self.bos_index: 2
2020-04-25 11:17:45,076 self.bos_index: 2
2020-04-25 11:17:45,133 self.bos_index: 2
2020-04-25 11:17:45,177 self.bos_index: 2
2020-04-25 11:17:45,218 self.bos_index: 2
2020-04-25 11:17:45,243 self.bos_index: 2
2020-04-25 11:17:45,281 self.bos_index: 2
2020-04-25 11:17:45,308 self.bos_index: 2
2020-04-25 11:17:45,348 self.bos_index: 2
2020-04-25 11:17:45,377 self.bos_index: 2
2020-04-25 11:17:45,421 self.bos_index: 2
2020-04-25 11:17:45,459 self.bos_index: 2
2020-04-25 11:17:45,500 self.bos_index: 2
2020-04-25 11:17:45,533 self.bos_index: 2
2020-04-25 11:17:45,578 self.bos_index: 2
2020-04-25 11:17:45,606 self.bos_index: 2
2020-04-25 11:17:45,634 self.bos_index: 2
2020-04-25 11:17:45,672 self.bos_index: 2
2020-04-25 11:17:45,704 self.bos_index: 2
2020-04-25 11:17:45,740 self.bos_index: 2
2020-04-25 11:17:45,764 self.bos_index: 2
2020-04-25 11:17:45,788 self.bos_index: 2
2020-04-25 11:17:45,816 self.bos_index: 2
2020-04-25 11:17:45,848 self.bos_index: 2
2020-04-25 11:17:45,882 EPOCH 5
2020-04-25 11:17:45,883  beam_dqn : 1, egreed: 0.90, gamma:  0.84
2020-04-25 11:17:45,893 self.bos_index: 2
2020-04-25 11:17:45,938 self.bos_index: 2
2020-04-25 11:17:45,977 self.bos_index: 2
2020-04-25 11:17:46,014 self.bos_index: 2
2020-04-25 11:17:46,050 self.bos_index: 2
2020-04-25 11:17:46,086 self.bos_index: 2
2020-04-25 11:17:46,112 self.bos_index: 2
2020-04-25 11:17:46,142 self.bos_index: 2
2020-04-25 11:17:46,174 self.bos_index: 2
2020-04-25 11:17:46,219 self.bos_index: 2
2020-04-25 11:17:46,258 self.bos_index: 2
2020-04-25 11:17:46,315 self.bos_index: 2
2020-04-25 11:17:46,373 self.bos_index: 2
2020-04-25 11:17:46,409 self.bos_index: 2
2020-04-25 11:17:46,452 self.bos_index: 2
2020-04-25 11:17:46,482 self.bos_index: 2
2020-04-25 11:17:46,522 self.bos_index: 2
2020-04-25 11:17:46,565 self.bos_index: 2
2020-04-25 11:17:46,595 self.bos_index: 2
2020-04-25 11:17:46,635 self.bos_index: 2
2020-04-25 11:17:46,672 self.bos_index: 2
2020-04-25 11:17:46,713 self.bos_index: 2
2020-04-25 11:17:46,739 self.bos_index: 2
2020-04-25 11:17:46,765 self.bos_index: 2
2020-04-25 11:17:46,797 self.bos_index: 2
2020-04-25 11:17:46,820 self.bos_index: 2
2020-04-25 11:17:46,862 self.bos_index: 2
2020-04-25 11:17:46,892 self.bos_index: 2
2020-04-25 11:17:46,919 self.bos_index: 2
2020-04-25 11:17:46,952 self.bos_index: 2
2020-04-25 11:17:46,995 self.bos_index: 2
2020-04-25 11:17:47,034 self.bos_index: 2
2020-04-25 11:17:47,061 self.bos_index: 2
2020-04-25 11:17:47,103 self.bos_index: 2
2020-04-25 11:17:47,137 self.bos_index: 2
2020-04-25 11:17:47,172 self.bos_index: 2
2020-04-25 11:17:47,209 self.bos_index: 2
2020-04-25 11:17:47,252 self.bos_index: 2
2020-04-25 11:17:47,294 self.bos_index: 2
2020-04-25 11:17:47,329 self.bos_index: 2
2020-04-25 11:17:47,368 self.bos_index: 2
2020-04-25 11:17:47,392 self.bos_index: 2
2020-04-25 11:17:47,429 self.bos_index: 2
2020-04-25 11:17:47,461 self.bos_index: 2
2020-04-25 11:17:47,490 self.bos_index: 2
2020-04-25 11:17:47,525 self.bos_index: 2
2020-04-25 11:17:47,557 self.bos_index: 2
2020-04-25 11:17:47,580 self.bos_index: 2
2020-04-25 11:17:47,619 self.bos_index: 2
2020-04-25 11:17:47,672 self.bos_index: 2
2020-04-25 11:17:47,713 self.bos_index: 2
2020-04-25 11:17:47,744 self.bos_index: 2
2020-04-25 11:17:47,790 self.bos_index: 2
2020-04-25 11:17:47,830 self.bos_index: 2
2020-04-25 11:17:47,871 self.bos_index: 2
2020-04-25 11:17:47,900 self.bos_index: 2
2020-04-25 11:17:47,931 self.bos_index: 2
2020-04-25 11:17:47,956 self.bos_index: 2
2020-04-25 11:17:48,007 self.bos_index: 2
2020-04-25 11:17:48,037 self.bos_index: 2
2020-04-25 11:17:48,064 self.bos_index: 2
2020-04-25 11:17:48,104 self.bos_index: 2
2020-04-25 11:17:48,142 self.bos_index: 2
2020-04-25 11:17:48,197 self.bos_index: 2
2020-04-25 11:17:48,223 self.bos_index: 2
2020-04-25 11:17:48,259 self.bos_index: 2
2020-04-25 11:17:48,281 self.bos_index: 2
2020-04-25 11:17:48,311 self.bos_index: 2
2020-04-25 11:17:48,337 self.bos_index: 2
2020-04-25 11:17:48,362 self.bos_index: 2
2020-04-25 11:17:48,413 self.bos_index: 2
2020-04-25 11:17:48,438 self.bos_index: 2
2020-04-25 11:17:48,478 self.bos_index: 2
2020-04-25 11:17:48,519 self.bos_index: 2
2020-04-25 11:17:48,546 self.bos_index: 2
2020-04-25 11:17:48,580 self.bos_index: 2
2020-04-25 11:17:48,625 self.bos_index: 2
2020-04-25 11:17:48,665 self.bos_index: 2
2020-04-25 11:17:48,705 self.bos_index: 2
2020-04-25 11:17:48,751 self.bos_index: 2
2020-04-25 11:17:48,790 self.bos_index: 2
2020-04-25 11:17:48,817 self.bos_index: 2
2020-04-25 11:17:48,861 self.bos_index: 2
2020-04-25 11:17:48,890 self.bos_index: 2
2020-04-25 11:17:48,932 self.bos_index: 2
2020-04-25 11:17:48,964 self.bos_index: 2
2020-04-25 11:17:48,996 self.bos_index: 2
2020-04-25 11:17:49,028 self.bos_index: 2
2020-04-25 11:17:49,082 self.bos_index: 2
2020-04-25 11:17:49,150 self.bos_index: 2
2020-04-25 11:17:49,199 self.bos_index: 2
2020-04-25 11:17:49,225 self.bos_index: 2
2020-04-25 11:17:49,261 self.bos_index: 2
2020-04-25 11:17:49,298 self.bos_index: 2
2020-04-25 11:17:49,327 self.bos_index: 2
2020-04-25 11:17:49,365 self.bos_index: 2
2020-04-25 11:17:49,393 self.bos_index: 2
2020-04-25 11:17:49,421 self.bos_index: 2
2020-04-25 11:17:49,455 self.bos_index: 2
2020-04-25 11:17:49,481 self.bos_index: 2
2020-04-25 11:17:49,510 EPOCH 6
2020-04-25 11:17:49,510  beam_dqn : 1, egreed: 0.89, gamma:  0.84
2020-04-25 11:17:49,528 self.bos_index: 2
2020-04-25 11:17:49,566 self.bos_index: 2
2020-04-25 11:17:49,608 self.bos_index: 2
2020-04-25 11:17:49,641 self.bos_index: 2
2020-04-25 11:17:49,675 self.bos_index: 2
2020-04-25 11:17:49,700 self.bos_index: 2
2020-04-25 11:17:49,730 self.bos_index: 2
2020-04-25 11:17:49,764 self.bos_index: 2
2020-04-25 11:17:49,793 self.bos_index: 2
2020-04-25 11:17:49,832 self.bos_index: 2
2020-04-25 11:17:49,871 self.bos_index: 2
2020-04-25 11:17:49,910 self.bos_index: 2
2020-04-25 11:17:49,950 self.bos_index: 2
2020-04-25 11:17:49,977 self.bos_index: 2
2020-04-25 11:17:50,019 self.bos_index: 2
2020-04-25 11:17:50,053 self.bos_index: 2
2020-04-25 11:17:50,088 self.bos_index: 2
2020-04-25 11:17:50,128 self.bos_index: 2
2020-04-25 11:17:50,157 self.bos_index: 2
2020-04-25 11:17:50,196 self.bos_index: 2
2020-04-25 11:17:50,228 self.bos_index: 2
2020-04-25 11:17:50,270 self.bos_index: 2
2020-04-25 11:17:50,302 self.bos_index: 2
2020-04-25 11:17:50,340 self.bos_index: 2
2020-04-25 11:17:50,375 self.bos_index: 2
2020-04-25 11:17:50,408 self.bos_index: 2
2020-04-25 11:17:50,453 self.bos_index: 2
2020-04-25 11:17:50,479 self.bos_index: 2
2020-04-25 11:17:50,509 self.bos_index: 2
2020-04-25 11:17:50,537 self.bos_index: 2
2020-04-25 11:17:50,581 self.bos_index: 2
2020-04-25 11:17:50,620 self.bos_index: 2
2020-04-25 11:17:50,654 self.bos_index: 2
2020-04-25 11:17:50,693 self.bos_index: 2
2020-04-25 11:17:50,724 self.bos_index: 2
2020-04-25 11:17:50,768 self.bos_index: 2
2020-04-25 11:17:50,805 self.bos_index: 2
2020-04-25 11:17:50,845 self.bos_index: 2
2020-04-25 11:17:50,884 self.bos_index: 2
2020-04-25 11:17:50,912 self.bos_index: 2
2020-04-25 11:17:50,948 self.bos_index: 2
2020-04-25 11:17:50,986 self.bos_index: 2
2020-04-25 11:17:51,028 self.bos_index: 2
2020-04-25 11:17:51,060 self.bos_index: 2
2020-04-25 11:17:51,087 self.bos_index: 2
2020-04-25 11:17:51,121 self.bos_index: 2
2020-04-25 11:17:51,158 self.bos_index: 2
2020-04-25 11:17:51,193 self.bos_index: 2
2020-04-25 11:17:51,221 self.bos_index: 2
2020-04-25 11:17:51,261 self.bos_index: 2
2020-04-25 11:17:51,300 self.bos_index: 2
2020-04-25 11:17:51,331 self.bos_index: 2
2020-04-25 11:17:51,370 self.bos_index: 2
2020-04-25 11:17:51,405 self.bos_index: 2
2020-04-25 11:17:51,448 self.bos_index: 2
2020-04-25 11:17:51,477 self.bos_index: 2
2020-04-25 11:17:51,507 self.bos_index: 2
2020-04-25 11:17:51,553 self.bos_index: 2
2020-04-25 11:17:51,589 self.bos_index: 2
2020-04-25 11:17:51,614 self.bos_index: 2
2020-04-25 11:17:51,648 self.bos_index: 2
2020-04-25 11:17:51,691 self.bos_index: 2
2020-04-25 11:17:51,730 self.bos_index: 2
2020-04-25 11:17:51,775 self.bos_index: 2
2020-04-25 11:17:51,816 self.bos_index: 2
2020-04-25 11:17:51,859 self.bos_index: 2
2020-04-25 11:17:51,885 self.bos_index: 2
2020-04-25 11:17:51,932 self.bos_index: 2
2020-04-25 11:17:51,961 self.bos_index: 2
2020-04-25 11:17:51,994 self.bos_index: 2
2020-04-25 11:17:52,021 self.bos_index: 2
2020-04-25 11:17:52,046 self.bos_index: 2
2020-04-25 11:17:52,101 self.bos_index: 2
2020-04-25 11:17:52,139 self.bos_index: 2
2020-04-25 11:17:52,166 self.bos_index: 2
2020-04-25 11:17:52,207 self.bos_index: 2
2020-04-25 11:17:52,251 self.bos_index: 2
2020-04-25 11:17:52,284 self.bos_index: 2
2020-04-25 11:17:52,322 self.bos_index: 2
2020-04-25 11:17:52,364 self.bos_index: 2
2020-04-25 11:17:52,405 self.bos_index: 2
2020-04-25 11:17:52,435 self.bos_index: 2
2020-04-25 11:17:52,472 self.bos_index: 2
2020-04-25 11:17:52,504 self.bos_index: 2
2020-04-25 11:17:52,542 self.bos_index: 2
2020-04-25 11:17:52,570 self.bos_index: 2
2020-04-25 11:17:52,617 self.bos_index: 2
2020-04-25 11:17:52,663 self.bos_index: 2
2020-04-25 11:17:52,705 self.bos_index: 2
2020-04-25 11:17:52,747 self.bos_index: 2
2020-04-25 11:17:52,778 self.bos_index: 2
2020-04-25 11:17:52,808 self.bos_index: 2
2020-04-25 11:17:52,839 self.bos_index: 2
2020-04-25 11:17:52,876 self.bos_index: 2
2020-04-25 11:17:52,912 self.bos_index: 2
2020-04-25 11:17:52,957 self.bos_index: 2
2020-04-25 11:17:52,990 self.bos_index: 2
2020-04-25 11:17:53,029 self.bos_index: 2
2020-04-25 11:17:53,060 self.bos_index: 2
2020-04-25 11:17:53,093 self.bos_index: 2
2020-04-25 11:17:53,129 EPOCH 7
2020-04-25 11:17:53,130  beam_dqn : 1, egreed: 0.89, gamma:  0.84
2020-04-25 11:17:53,141 self.bos_index: 2
2020-04-25 11:17:53,180 self.bos_index: 2
2020-04-25 11:17:53,218 self.bos_index: 2
2020-04-25 11:17:53,263 self.bos_index: 2
2020-04-25 11:17:53,313 self.bos_index: 2
2020-04-25 11:17:53,338 self.bos_index: 2
2020-04-25 11:17:53,366 self.bos_index: 2
2020-04-25 11:17:53,394 self.bos_index: 2
2020-04-25 11:17:53,428 self.bos_index: 2
2020-04-25 11:17:53,466 self.bos_index: 2
2020-04-25 11:17:53,509 self.bos_index: 2
2020-04-25 11:17:53,550 self.bos_index: 2
2020-04-25 11:17:53,594 self.bos_index: 2
2020-04-25 11:17:53,628 self.bos_index: 2
2020-04-25 11:17:53,666 self.bos_index: 2
2020-04-25 11:17:53,697 self.bos_index: 2
2020-04-25 11:17:53,735 self.bos_index: 2
2020-04-25 11:17:53,769 self.bos_index: 2
2020-04-25 11:17:53,797 self.bos_index: 2
2020-04-25 11:17:53,836 self.bos_index: 2
2020-04-25 11:17:53,872 self.bos_index: 2
2020-04-25 11:17:53,910 self.bos_index: 2
2020-04-25 11:17:53,937 self.bos_index: 2
2020-04-25 11:17:53,969 self.bos_index: 2
2020-04-25 11:17:53,998 self.bos_index: 2
2020-04-25 11:17:54,030 self.bos_index: 2
2020-04-25 11:17:54,077 self.bos_index: 2
2020-04-25 11:17:54,110 self.bos_index: 2
2020-04-25 11:17:54,139 self.bos_index: 2
2020-04-25 11:17:54,167 self.bos_index: 2
2020-04-25 11:17:54,208 self.bos_index: 2
2020-04-25 11:17:54,245 self.bos_index: 2
2020-04-25 11:17:54,273 self.bos_index: 2
2020-04-25 11:17:54,320 self.bos_index: 2
2020-04-25 11:17:54,358 self.bos_index: 2
2020-04-25 11:17:54,396 self.bos_index: 2
2020-04-25 11:17:54,435 self.bos_index: 2
2020-04-25 11:17:54,475 self.bos_index: 2
2020-04-25 11:17:54,515 self.bos_index: 2
2020-04-25 11:17:54,542 self.bos_index: 2
2020-04-25 11:17:54,581 self.bos_index: 2
2020-04-25 11:17:54,606 self.bos_index: 2
2020-04-25 11:17:54,648 self.bos_index: 2
2020-04-25 11:17:54,676 self.bos_index: 2
2020-04-25 11:17:54,713 self.bos_index: 2
2020-04-25 11:17:54,757 self.bos_index: 2
2020-04-25 11:17:54,799 self.bos_index: 2
2020-04-25 11:17:54,829 self.bos_index: 2
2020-04-25 11:17:54,857 self.bos_index: 2
2020-04-25 11:17:54,891 self.bos_index: 2
2020-04-25 11:17:54,930 self.bos_index: 2
2020-04-25 11:17:54,958 self.bos_index: 2
2020-04-25 11:17:54,997 self.bos_index: 2
2020-04-25 11:17:55,040 self.bos_index: 2
2020-04-25 11:17:55,081 self.bos_index: 2
2020-04-25 11:17:55,109 self.bos_index: 2
2020-04-25 11:17:55,133 self.bos_index: 2
2020-04-25 11:17:55,172 self.bos_index: 2
2020-04-25 11:17:55,210 self.bos_index: 2
2020-04-25 11:17:55,242 self.bos_index: 2
2020-04-25 11:17:55,268 self.bos_index: 2
2020-04-25 11:17:55,307 self.bos_index: 2
2020-04-25 11:17:55,351 self.bos_index: 2
2020-04-25 11:17:55,383 self.bos_index: 2
2020-04-25 11:17:55,412 self.bos_index: 2
2020-04-25 11:17:55,449 self.bos_index: 2
2020-04-25 11:17:55,476 self.bos_index: 2
2020-04-25 11:17:55,526 self.bos_index: 2
2020-04-25 11:17:55,556 self.bos_index: 2
2020-04-25 11:17:55,580 self.bos_index: 2
2020-04-25 11:17:55,610 self.bos_index: 2
2020-04-25 11:17:55,637 self.bos_index: 2
2020-04-25 11:17:55,675 self.bos_index: 2
2020-04-25 11:17:55,721 self.bos_index: 2
2020-04-25 11:17:55,743 self.bos_index: 2
2020-04-25 11:17:55,777 self.bos_index: 2
2020-04-25 11:17:55,812 self.bos_index: 2
2020-04-25 11:17:55,842 self.bos_index: 2
2020-04-25 11:17:55,883 self.bos_index: 2
2020-04-25 11:17:55,922 self.bos_index: 2
2020-04-25 11:17:55,964 self.bos_index: 2
2020-04-25 11:17:55,988 self.bos_index: 2
2020-04-25 11:17:56,025 self.bos_index: 2
2020-04-25 11:17:56,056 self.bos_index: 2
2020-04-25 11:17:56,093 self.bos_index: 2
2020-04-25 11:17:56,123 self.bos_index: 2
2020-04-25 11:17:56,166 self.bos_index: 2
2020-04-25 11:17:56,206 self.bos_index: 2
2020-04-25 11:17:56,248 self.bos_index: 2
2020-04-25 11:17:56,291 self.bos_index: 2
2020-04-25 11:17:56,312 self.bos_index: 2
2020-04-25 11:17:56,336 self.bos_index: 2
2020-04-25 11:17:56,372 self.bos_index: 2
2020-04-25 11:17:56,414 self.bos_index: 2
2020-04-25 11:17:56,442 self.bos_index: 2
2020-04-25 11:17:56,476 self.bos_index: 2
2020-04-25 11:17:56,511 self.bos_index: 2
2020-04-25 11:17:56,538 self.bos_index: 2
2020-04-25 11:17:56,570 self.bos_index: 2
2020-04-25 11:17:56,602 self.bos_index: 2
2020-04-25 11:17:56,639 EPOCH 8
2020-04-25 11:17:56,640  beam_dqn : 1, egreed: 0.89, gamma:  0.84
2020-04-25 11:17:56,651 self.bos_index: 2
2020-04-25 11:17:56,695 self.bos_index: 2
2020-04-25 11:17:56,728 self.bos_index: 2
2020-04-25 11:17:56,759 self.bos_index: 2
2020-04-25 11:17:56,797 self.bos_index: 2
2020-04-25 11:17:56,827 self.bos_index: 2
2020-04-25 11:17:56,852 self.bos_index: 2
2020-04-25 11:17:56,888 self.bos_index: 2
2020-04-25 11:17:56,919 self.bos_index: 2
2020-04-25 11:17:56,967 self.bos_index: 2
2020-04-25 11:17:57,008 self.bos_index: 2
2020-04-25 11:17:57,044 self.bos_index: 2
2020-04-25 11:17:57,081 self.bos_index: 2
2020-04-25 11:17:57,116 self.bos_index: 2
2020-04-25 11:17:57,158 self.bos_index: 2
2020-04-25 11:17:57,185 self.bos_index: 2
2020-04-25 11:17:57,234 self.bos_index: 2
2020-04-25 11:17:57,275 self.bos_index: 2
2020-04-25 11:17:57,305 self.bos_index: 2
2020-04-25 11:17:57,343 self.bos_index: 2
2020-04-25 11:17:57,374 self.bos_index: 2
2020-04-25 11:17:57,411 self.bos_index: 2
2020-04-25 11:17:57,444 self.bos_index: 2
2020-04-25 11:17:57,471 self.bos_index: 2
2020-04-25 11:17:57,507 self.bos_index: 2
2020-04-25 11:17:57,535 self.bos_index: 2
2020-04-25 11:17:57,574 self.bos_index: 2
2020-04-25 11:17:57,602 self.bos_index: 2
2020-04-25 11:17:57,634 self.bos_index: 2
2020-04-25 11:17:57,665 self.bos_index: 2
2020-04-25 11:17:57,714 self.bos_index: 2
2020-04-25 11:17:57,754 self.bos_index: 2
2020-04-25 11:17:57,792 self.bos_index: 2
2020-04-25 11:17:57,833 self.bos_index: 2
2020-04-25 11:17:57,863 self.bos_index: 2
2020-04-25 11:17:57,904 self.bos_index: 2
2020-04-25 11:17:57,947 self.bos_index: 2
2020-04-25 11:17:57,987 self.bos_index: 2
2020-04-25 11:17:58,023 self.bos_index: 2
2020-04-25 11:17:58,057 self.bos_index: 2
2020-04-25 11:17:58,099 self.bos_index: 2
2020-04-25 11:17:58,131 self.bos_index: 2
2020-04-25 11:17:58,177 self.bos_index: 2
2020-04-25 11:17:58,205 self.bos_index: 2
2020-04-25 11:17:58,237 self.bos_index: 2
2020-04-25 11:17:58,267 self.bos_index: 2
2020-04-25 11:17:58,302 self.bos_index: 2
2020-04-25 11:17:58,335 self.bos_index: 2
2020-04-25 11:17:58,360 self.bos_index: 2
2020-04-25 11:17:58,398 self.bos_index: 2
2020-04-25 11:17:58,443 self.bos_index: 2
2020-04-25 11:17:58,471 self.bos_index: 2
2020-04-25 11:17:58,505 self.bos_index: 2
2020-04-25 11:17:58,548 self.bos_index: 2
2020-04-25 11:17:58,597 self.bos_index: 2
2020-04-25 11:17:58,625 self.bos_index: 2
2020-04-25 11:17:58,652 self.bos_index: 2
2020-04-25 11:17:58,678 self.bos_index: 2
2020-04-25 11:17:58,718 self.bos_index: 2
2020-04-25 11:17:58,753 self.bos_index: 2
2020-04-25 11:17:58,787 self.bos_index: 2
2020-04-25 11:17:58,825 self.bos_index: 2
2020-04-25 11:17:58,860 self.bos_index: 2
2020-04-25 11:17:58,890 self.bos_index: 2
2020-04-25 11:17:58,925 self.bos_index: 2
2020-04-25 11:17:58,966 self.bos_index: 2
2020-04-25 11:17:58,997 self.bos_index: 2
2020-04-25 11:17:59,036 self.bos_index: 2
2020-04-25 11:17:59,064 self.bos_index: 2
2020-04-25 11:17:59,101 self.bos_index: 2
2020-04-25 11:17:59,139 self.bos_index: 2
2020-04-25 11:17:59,172 self.bos_index: 2
2020-04-25 11:17:59,212 self.bos_index: 2
2020-04-25 11:17:59,259 self.bos_index: 2
2020-04-25 11:17:59,291 self.bos_index: 2
2020-04-25 11:17:59,327 self.bos_index: 2
2020-04-25 11:17:59,363 self.bos_index: 2
2020-04-25 11:17:59,393 self.bos_index: 2
2020-04-25 11:17:59,433 self.bos_index: 2
2020-04-25 11:17:59,481 self.bos_index: 2
2020-04-25 11:17:59,514 self.bos_index: 2
2020-04-25 11:17:59,540 self.bos_index: 2
2020-04-25 11:17:59,574 self.bos_index: 2
2020-04-25 11:17:59,602 self.bos_index: 2
2020-04-25 11:17:59,643 self.bos_index: 2
2020-04-25 11:17:59,677 self.bos_index: 2
2020-04-25 11:17:59,724 self.bos_index: 2
2020-04-25 11:17:59,760 self.bos_index: 2
2020-04-25 11:17:59,797 self.bos_index: 2
2020-04-25 11:17:59,839 self.bos_index: 2
2020-04-25 11:17:59,873 self.bos_index: 2
2020-04-25 11:17:59,910 self.bos_index: 2
2020-04-25 11:17:59,940 self.bos_index: 2
2020-04-25 11:17:59,977 self.bos_index: 2
2020-04-25 11:18:00,006 self.bos_index: 2
2020-04-25 11:18:00,042 self.bos_index: 2
2020-04-25 11:18:00,070 self.bos_index: 2
2020-04-25 11:18:00,105 self.bos_index: 2
2020-04-25 11:18:00,135 self.bos_index: 2
2020-04-25 11:18:00,162 self.bos_index: 2
2020-04-25 11:18:00,195 EPOCH 9
2020-04-25 11:18:00,196  beam_dqn : 1, egreed: 0.89, gamma:  0.84
2020-04-25 11:18:00,206 self.bos_index: 2
2020-04-25 11:18:00,242 self.bos_index: 2
2020-04-25 11:18:00,284 self.bos_index: 2
2020-04-25 11:18:00,321 self.bos_index: 2
2020-04-25 11:18:00,357 self.bos_index: 2
2020-04-25 11:18:00,383 self.bos_index: 2
2020-04-25 11:18:00,412 self.bos_index: 2
2020-04-25 11:18:00,443 self.bos_index: 2
2020-04-25 11:18:00,472 self.bos_index: 2
2020-04-25 11:18:00,510 self.bos_index: 2
2020-04-25 11:18:00,549 self.bos_index: 2
2020-04-25 11:18:00,581 self.bos_index: 2
2020-04-25 11:18:00,622 self.bos_index: 2
2020-04-25 11:18:00,651 self.bos_index: 2
2020-04-25 11:18:00,687 self.bos_index: 2
2020-04-25 11:18:00,712 self.bos_index: 2
2020-04-25 11:18:00,748 self.bos_index: 2
2020-04-25 11:18:00,793 self.bos_index: 2
2020-04-25 11:18:00,824 self.bos_index: 2
2020-04-25 11:18:00,871 self.bos_index: 2
2020-04-25 11:18:00,909 self.bos_index: 2
2020-04-25 11:18:00,952 self.bos_index: 2
2020-04-25 11:18:00,980 self.bos_index: 2
2020-04-25 11:18:01,016 self.bos_index: 2
2020-04-25 11:18:01,049 self.bos_index: 2
2020-04-25 11:18:01,078 self.bos_index: 2
2020-04-25 11:18:01,118 self.bos_index: 2
2020-04-25 11:18:01,149 self.bos_index: 2
2020-04-25 11:18:01,187 self.bos_index: 2
2020-04-25 11:18:01,214 self.bos_index: 2
2020-04-25 11:18:01,256 self.bos_index: 2
2020-04-25 11:18:01,299 self.bos_index: 2
2020-04-25 11:18:01,330 self.bos_index: 2
2020-04-25 11:18:01,369 self.bos_index: 2
2020-04-25 11:18:01,394 self.bos_index: 2
2020-04-25 11:18:01,448 self.bos_index: 2
2020-04-25 11:18:01,494 self.bos_index: 2
2020-04-25 11:18:01,539 self.bos_index: 2
2020-04-25 11:18:01,573 self.bos_index: 2
2020-04-25 11:18:01,600 self.bos_index: 2
2020-04-25 11:18:01,641 self.bos_index: 2
2020-04-25 11:18:01,674 self.bos_index: 2
2020-04-25 11:18:01,715 self.bos_index: 2
2020-04-25 11:18:01,743 self.bos_index: 2
2020-04-25 11:18:01,769 self.bos_index: 2
2020-04-25 11:18:01,792 self.bos_index: 2
2020-04-25 11:18:01,842 self.bos_index: 2
2020-04-25 11:18:01,871 self.bos_index: 2
2020-04-25 11:18:01,899 self.bos_index: 2
2020-04-25 11:18:01,934 self.bos_index: 2
2020-04-25 11:18:01,982 self.bos_index: 2
2020-04-25 11:18:02,014 self.bos_index: 2
2020-04-25 11:18:02,060 self.bos_index: 2
2020-04-25 11:18:02,099 self.bos_index: 2
2020-04-25 11:18:02,148 self.bos_index: 2
2020-04-25 11:18:02,173 self.bos_index: 2
2020-04-25 11:18:02,207 self.bos_index: 2
2020-04-25 11:18:02,234 self.bos_index: 2
2020-04-25 11:18:02,269 self.bos_index: 2
2020-04-25 11:18:02,298 self.bos_index: 2
2020-04-25 11:18:02,335 self.bos_index: 2
2020-04-25 11:18:02,383 self.bos_index: 2
2020-04-25 11:18:02,420 self.bos_index: 2
2020-04-25 11:18:02,450 self.bos_index: 2
2020-04-25 11:18:02,480 self.bos_index: 2
2020-04-25 11:18:02,512 self.bos_index: 2
2020-04-25 11:18:02,544 self.bos_index: 2
2020-04-25 11:18:02,584 self.bos_index: 2
2020-04-25 11:18:02,610 self.bos_index: 2
2020-04-25 11:18:02,634 self.bos_index: 2
2020-04-25 11:18:02,667 self.bos_index: 2
2020-04-25 11:18:02,701 self.bos_index: 2
2020-04-25 11:18:02,777 self.bos_index: 2
2020-04-25 11:18:02,820 self.bos_index: 2
2020-04-25 11:18:02,847 self.bos_index: 2
2020-04-25 11:18:02,885 self.bos_index: 2
2020-04-25 11:18:02,960 self.bos_index: 2
2020-04-25 11:18:02,985 self.bos_index: 2
2020-04-25 11:18:03,026 self.bos_index: 2
2020-04-25 11:18:03,062 self.bos_index: 2
2020-04-25 11:18:03,093 self.bos_index: 2
2020-04-25 11:18:03,123 self.bos_index: 2
2020-04-25 11:18:03,189 self.bos_index: 2
2020-04-25 11:18:03,213 self.bos_index: 2
2020-04-25 11:18:03,248 self.bos_index: 2
2020-04-25 11:18:03,282 self.bos_index: 2
2020-04-25 11:18:03,318 self.bos_index: 2
2020-04-25 11:18:03,381 self.bos_index: 2
2020-04-25 11:18:03,429 self.bos_index: 2
2020-04-25 11:18:03,471 self.bos_index: 2
2020-04-25 11:18:03,499 self.bos_index: 2
2020-04-25 11:18:03,532 self.bos_index: 2
2020-04-25 11:18:03,596 self.bos_index: 2
2020-04-25 11:18:03,647 self.bos_index: 2
2020-04-25 11:18:03,680 self.bos_index: 2
2020-04-25 11:18:03,714 self.bos_index: 2
2020-04-25 11:18:03,740 self.bos_index: 2
2020-04-25 11:18:03,801 self.bos_index: 2
2020-04-25 11:18:03,837 self.bos_index: 2
2020-04-25 11:18:03,868 self.bos_index: 2
2020-04-25 11:18:03,905 EPOCH 10
2020-04-25 11:18:03,906  beam_dqn : 1, egreed: 0.89, gamma:  0.84
2020-04-25 11:18:03,916 self.bos_index: 2
2020-04-25 11:18:03,956 self.bos_index: 2
2020-04-25 11:18:04,023 self.bos_index: 2
2020-04-25 11:18:04,061 self.bos_index: 2
2020-04-25 11:18:04,104 self.bos_index: 2
2020-04-25 11:18:04,133 self.bos_index: 2
2020-04-25 11:18:04,159 self.bos_index: 2
2020-04-25 11:18:04,195 self.bos_index: 2
2020-04-25 11:18:04,222 self.bos_index: 2
2020-04-25 11:18:04,260 self.bos_index: 2
2020-04-25 11:18:04,330 self.bos_index: 2
2020-04-25 11:18:04,363 self.bos_index: 2
2020-04-25 11:18:04,407 self.bos_index: 2
2020-04-25 11:18:04,435 self.bos_index: 2
2020-04-25 11:18:04,467 self.bos_index: 2
2020-04-25 11:18:04,508 self.bos_index: 2
2020-04-25 11:18:04,553 self.bos_index: 2
2020-04-25 11:18:04,604 self.bos_index: 2
2020-04-25 11:18:04,636 self.bos_index: 2
2020-04-25 11:18:04,674 self.bos_index: 2
2020-04-25 11:18:04,700 self.bos_index: 2
2020-04-25 11:18:04,748 self.bos_index: 2
2020-04-25 11:18:04,777 self.bos_index: 2
2020-04-25 11:18:04,804 self.bos_index: 2
2020-04-25 11:18:04,830 self.bos_index: 2
2020-04-25 11:18:04,862 self.bos_index: 2
2020-04-25 11:18:04,913 self.bos_index: 2
2020-04-25 11:18:04,948 self.bos_index: 2
2020-04-25 11:18:04,977 self.bos_index: 2
2020-04-25 11:18:05,016 self.bos_index: 2
2020-04-25 11:18:05,075 self.bos_index: 2
2020-04-25 11:18:05,133 self.bos_index: 2
2020-04-25 11:18:05,168 self.bos_index: 2
2020-04-25 11:18:05,207 self.bos_index: 2
2020-04-25 11:18:05,243 self.bos_index: 2
2020-04-25 11:18:05,284 self.bos_index: 2
2020-04-25 11:18:05,345 self.bos_index: 2
2020-04-25 11:18:05,397 self.bos_index: 2
2020-04-25 11:18:05,437 self.bos_index: 2
2020-04-25 11:18:05,480 self.bos_index: 2
2020-04-25 11:18:05,528 self.bos_index: 2
2020-04-25 11:18:05,560 self.bos_index: 2
2020-04-25 11:18:05,609 self.bos_index: 2
2020-04-25 11:18:05,645 self.bos_index: 2
2020-04-25 11:18:05,674 self.bos_index: 2
2020-04-25 11:18:05,704 self.bos_index: 2
2020-04-25 11:18:05,734 self.bos_index: 2
2020-04-25 11:18:05,759 self.bos_index: 2
2020-04-25 11:18:05,797 self.bos_index: 2
2020-04-25 11:18:05,840 self.bos_index: 2
2020-04-25 11:18:05,888 self.bos_index: 2
2020-04-25 11:18:05,920 self.bos_index: 2
2020-04-25 11:18:05,960 self.bos_index: 2
2020-04-25 11:18:05,996 self.bos_index: 2
2020-04-25 11:18:06,032 self.bos_index: 2
2020-04-25 11:18:06,060 self.bos_index: 2
2020-04-25 11:18:06,092 self.bos_index: 2
2020-04-25 11:18:06,123 self.bos_index: 2
2020-04-25 11:18:06,166 self.bos_index: 2
2020-04-25 11:18:06,197 self.bos_index: 2
2020-04-25 11:18:06,227 self.bos_index: 2
2020-04-25 11:18:06,271 self.bos_index: 2
2020-04-25 11:18:06,311 self.bos_index: 2
2020-04-25 11:18:06,342 self.bos_index: 2
2020-04-25 11:18:06,374 self.bos_index: 2
2020-04-25 11:18:06,419 self.bos_index: 2
2020-04-25 11:18:06,447 self.bos_index: 2
2020-04-25 11:18:06,490 self.bos_index: 2
2020-04-25 11:18:06,553 self.bos_index: 2
2020-04-25 11:18:06,595 self.bos_index: 2
2020-04-25 11:18:06,631 self.bos_index: 2
2020-04-25 11:18:06,674 self.bos_index: 2
2020-04-25 11:18:06,718 self.bos_index: 2
2020-04-25 11:18:06,759 self.bos_index: 2
2020-04-25 11:18:06,786 self.bos_index: 2
2020-04-25 11:18:06,825 self.bos_index: 2
2020-04-25 11:18:06,863 self.bos_index: 2
2020-04-25 11:18:06,901 self.bos_index: 2
2020-04-25 11:18:06,941 self.bos_index: 2
2020-04-25 11:18:06,983 self.bos_index: 2
2020-04-25 11:18:07,019 self.bos_index: 2
2020-04-25 11:18:07,070 self.bos_index: 2
2020-04-25 11:18:07,104 self.bos_index: 2
2020-04-25 11:18:07,141 self.bos_index: 2
2020-04-25 11:18:07,179 self.bos_index: 2
2020-04-25 11:18:07,215 self.bos_index: 2
2020-04-25 11:18:07,250 self.bos_index: 2
2020-04-25 11:18:07,292 self.bos_index: 2
2020-04-25 11:18:07,334 self.bos_index: 2
2020-04-25 11:18:07,374 self.bos_index: 2
2020-04-25 11:18:07,402 self.bos_index: 2
2020-04-25 11:18:07,437 self.bos_index: 2
2020-04-25 11:18:07,490 self.bos_index: 2
2020-04-25 11:18:07,569 self.bos_index: 2
2020-04-25 11:18:07,610 self.bos_index: 2
2020-04-25 11:18:07,666 self.bos_index: 2
2020-04-25 11:18:07,707 self.bos_index: 2
2020-04-25 11:18:07,745 self.bos_index: 2
2020-04-25 11:18:07,797 self.bos_index: 2
2020-04-25 11:18:07,843 self.bos_index: 2
2020-04-25 11:18:07,896 EPOCH 11
2020-04-25 11:18:07,897  beam_dqn : 1, egreed: 0.89, gamma:  0.84
2020-04-25 11:18:07,913 self.bos_index: 2
2020-04-25 11:18:07,962 self.bos_index: 2
2020-04-25 11:18:08,026 self.bos_index: 2
2020-04-25 11:18:08,083 self.bos_index: 2
2020-04-25 11:18:08,151 self.bos_index: 2
2020-04-25 11:18:08,202 self.bos_index: 2
2020-04-25 11:18:08,242 self.bos_index: 2
2020-04-25 11:18:08,279 self.bos_index: 2
2020-04-25 11:18:08,322 self.bos_index: 2
2020-04-25 11:18:08,380 self.bos_index: 2
2020-04-25 11:18:08,439 self.bos_index: 2
2020-04-25 11:18:08,497 self.bos_index: 2
2020-04-25 11:18:08,547 self.bos_index: 2
2020-04-25 11:18:08,591 self.bos_index: 2
2020-04-25 11:18:08,647 self.bos_index: 2
2020-04-25 11:18:08,689 self.bos_index: 2
2020-04-25 11:18:08,742 self.bos_index: 2
2020-04-25 11:18:08,800 self.bos_index: 2
2020-04-25 11:18:08,846 self.bos_index: 2
2020-04-25 11:18:08,903 self.bos_index: 2
2020-04-25 11:18:08,962 self.bos_index: 2
2020-04-25 11:18:09,032 self.bos_index: 2
2020-04-25 11:18:09,071 self.bos_index: 2
2020-04-25 11:18:09,107 self.bos_index: 2
2020-04-25 11:18:09,145 self.bos_index: 2
2020-04-25 11:18:09,184 self.bos_index: 2
2020-04-25 11:18:09,238 self.bos_index: 2
2020-04-25 11:18:09,280 self.bos_index: 2
2020-04-25 11:18:09,327 self.bos_index: 2
2020-04-25 11:18:09,373 self.bos_index: 2
2020-04-25 11:18:09,434 self.bos_index: 2
2020-04-25 11:18:09,520 self.bos_index: 2
2020-04-25 11:18:09,560 self.bos_index: 2
2020-04-25 11:18:09,612 self.bos_index: 2
2020-04-25 11:18:09,660 self.bos_index: 2
2020-04-25 11:18:09,721 self.bos_index: 2
2020-04-25 11:18:09,776 self.bos_index: 2
2020-04-25 11:18:09,838 self.bos_index: 2
2020-04-25 11:18:09,913 self.bos_index: 2
2020-04-25 11:18:09,954 self.bos_index: 2
2020-04-25 11:18:10,018 self.bos_index: 2
2020-04-25 11:18:10,058 self.bos_index: 2
2020-04-25 11:18:10,143 self.bos_index: 2
2020-04-25 11:18:10,189 self.bos_index: 2
2020-04-25 11:18:10,230 self.bos_index: 2
2020-04-25 11:18:10,290 self.bos_index: 2
2020-04-25 11:18:10,345 self.bos_index: 2
2020-04-25 11:18:10,395 self.bos_index: 2
2020-04-25 11:18:10,436 self.bos_index: 2
2020-04-25 11:18:10,508 self.bos_index: 2
2020-04-25 11:18:10,563 self.bos_index: 2
2020-04-25 11:18:10,603 self.bos_index: 2
2020-04-25 11:18:10,738 self.bos_index: 2
2020-04-25 11:18:10,874 self.bos_index: 2
2020-04-25 11:18:10,931 self.bos_index: 2
2020-04-25 11:18:10,970 self.bos_index: 2
2020-04-25 11:18:11,024 self.bos_index: 2
2020-04-25 11:18:11,074 self.bos_index: 2
2020-04-25 11:18:11,130 self.bos_index: 2
2020-04-25 11:18:11,195 self.bos_index: 2
2020-04-25 11:18:11,238 self.bos_index: 2
2020-04-25 11:18:11,294 self.bos_index: 2
2020-04-25 11:18:11,391 self.bos_index: 2
2020-04-25 11:18:11,460 self.bos_index: 2
2020-04-25 11:18:11,501 self.bos_index: 2
2020-04-25 11:18:11,540 self.bos_index: 2
2020-04-25 11:18:11,568 self.bos_index: 2
2020-04-25 11:18:11,603 self.bos_index: 2
2020-04-25 11:18:11,651 self.bos_index: 2
2020-04-25 11:18:11,696 self.bos_index: 2
2020-04-25 11:18:11,724 self.bos_index: 2
2020-04-25 11:18:11,754 self.bos_index: 2
2020-04-25 11:18:11,795 self.bos_index: 2
2020-04-25 11:18:11,836 self.bos_index: 2
2020-04-25 11:18:11,867 self.bos_index: 2
2020-04-25 11:18:11,903 self.bos_index: 2
2020-04-25 11:18:11,937 self.bos_index: 2
2020-04-25 11:18:11,977 self.bos_index: 2
2020-04-25 11:18:12,026 self.bos_index: 2
2020-04-25 11:18:12,071 self.bos_index: 2
2020-04-25 11:18:12,116 self.bos_index: 2
2020-04-25 11:18:12,163 self.bos_index: 2
2020-04-25 11:18:12,202 self.bos_index: 2
2020-04-25 11:18:12,230 self.bos_index: 2
2020-04-25 11:18:12,261 self.bos_index: 2
2020-04-25 11:18:12,286 self.bos_index: 2
2020-04-25 11:18:12,336 self.bos_index: 2
2020-04-25 11:18:12,377 self.bos_index: 2
2020-04-25 11:18:12,418 self.bos_index: 2
2020-04-25 11:18:12,481 self.bos_index: 2
2020-04-25 11:18:12,618 self.bos_index: 2
2020-04-25 11:18:12,741 self.bos_index: 2
2020-04-25 11:18:12,789 self.bos_index: 2
2020-04-25 11:18:12,853 self.bos_index: 2
2020-04-25 11:18:12,893 self.bos_index: 2
2020-04-25 11:18:12,939 self.bos_index: 2
2020-04-25 11:18:12,978 self.bos_index: 2
2020-04-25 11:18:13,015 self.bos_index: 2
2020-04-25 11:18:13,055 self.bos_index: 2
2020-04-25 11:18:13,093 self.bos_index: 2
2020-04-25 11:18:13,159 EPOCH 12
2020-04-25 11:18:13,160  beam_dqn : 1, egreed: 0.89, gamma:  0.84
2020-04-25 11:18:13,172 self.bos_index: 2
2020-04-25 11:18:13,220 self.bos_index: 2
2020-04-25 11:18:13,297 self.bos_index: 2
2020-04-25 11:18:13,354 self.bos_index: 2
2020-04-25 11:18:13,410 self.bos_index: 2
2020-04-25 11:18:13,452 self.bos_index: 2
2020-04-25 11:18:13,480 self.bos_index: 2
2020-04-25 11:18:13,516 self.bos_index: 2
2020-04-25 11:18:13,539 self.bos_index: 2
2020-04-25 11:18:13,571 self.bos_index: 2
2020-04-25 11:18:13,602 self.bos_index: 2
2020-04-25 11:18:13,635 self.bos_index: 2
2020-04-25 11:18:13,727 self.bos_index: 2
2020-04-25 11:18:13,806 self.bos_index: 2
2020-04-25 11:18:13,864 self.bos_index: 2
2020-04-25 11:18:13,892 self.bos_index: 2
2020-04-25 11:18:14,115 self.bos_index: 2
2020-04-25 11:18:14,179 self.bos_index: 2
2020-04-25 11:18:14,230 self.bos_index: 2
2020-04-25 11:18:14,299 self.bos_index: 2
2020-04-25 11:18:14,338 self.bos_index: 2
2020-04-25 11:18:14,388 self.bos_index: 2
2020-04-25 11:18:14,415 self.bos_index: 2
2020-04-25 11:18:14,444 self.bos_index: 2
2020-04-25 11:18:14,513 self.bos_index: 2
2020-04-25 11:18:14,551 self.bos_index: 2
2020-04-25 11:18:14,605 self.bos_index: 2
2020-04-25 11:18:14,666 self.bos_index: 2
2020-04-25 11:18:14,710 self.bos_index: 2
2020-04-25 11:18:14,756 self.bos_index: 2
2020-04-25 11:18:14,832 self.bos_index: 2
2020-04-25 11:18:14,887 self.bos_index: 2
2020-04-25 11:18:14,932 self.bos_index: 2
2020-04-25 11:18:15,059 self.bos_index: 2
2020-04-25 11:18:15,183 self.bos_index: 2
2020-04-25 11:18:15,239 self.bos_index: 2
2020-04-25 11:18:15,297 self.bos_index: 2
2020-04-25 11:18:15,362 self.bos_index: 2
2020-04-25 11:18:15,421 self.bos_index: 2
2020-04-25 11:18:15,456 self.bos_index: 2
2020-04-25 11:18:15,535 self.bos_index: 2
2020-04-25 11:18:15,585 self.bos_index: 2
2020-04-25 11:18:15,633 self.bos_index: 2
2020-04-25 11:18:15,658 self.bos_index: 2
2020-04-25 11:18:15,688 self.bos_index: 2
2020-04-25 11:18:15,712 self.bos_index: 2
2020-04-25 11:18:15,768 self.bos_index: 2
2020-04-25 11:18:15,797 self.bos_index: 2
2020-04-25 11:18:15,827 self.bos_index: 2
2020-04-25 11:18:15,863 self.bos_index: 2
2020-04-25 11:18:15,905 self.bos_index: 2
2020-04-25 11:18:15,934 self.bos_index: 2
2020-04-25 11:18:15,971 self.bos_index: 2
2020-04-25 11:18:16,004 self.bos_index: 2
2020-04-25 11:18:16,041 self.bos_index: 2
2020-04-25 11:18:16,070 self.bos_index: 2
2020-04-25 11:18:16,101 self.bos_index: 2
2020-04-25 11:18:16,140 self.bos_index: 2
2020-04-25 11:18:16,181 self.bos_index: 2
2020-04-25 11:18:16,210 self.bos_index: 2
2020-04-25 11:18:16,243 self.bos_index: 2
2020-04-25 11:18:16,281 self.bos_index: 2
2020-04-25 11:18:16,317 self.bos_index: 2
2020-04-25 11:18:16,352 self.bos_index: 2
2020-04-25 11:18:16,389 self.bos_index: 2
2020-04-25 11:18:16,428 self.bos_index: 2
2020-04-25 11:18:16,467 self.bos_index: 2
2020-04-25 11:18:16,526 self.bos_index: 2
2020-04-25 11:18:16,571 self.bos_index: 2
2020-04-25 11:18:16,615 self.bos_index: 2
2020-04-25 11:18:16,657 self.bos_index: 2
2020-04-25 11:18:16,693 self.bos_index: 2
2020-04-25 11:18:16,751 self.bos_index: 2
2020-04-25 11:18:16,798 self.bos_index: 2
2020-04-25 11:18:16,884 self.bos_index: 2
2020-04-25 11:18:17,053 self.bos_index: 2
2020-04-25 11:18:17,141 self.bos_index: 2
2020-04-25 11:18:17,182 self.bos_index: 2
2020-04-25 11:18:17,225 self.bos_index: 2
2020-04-25 11:18:17,578 self.bos_index: 2
2020-04-25 11:18:17,633 self.bos_index: 2
2020-04-25 11:18:17,677 self.bos_index: 2
2020-04-25 11:18:17,744 self.bos_index: 2
2020-04-25 11:18:17,801 self.bos_index: 2
2020-04-25 11:18:17,834 self.bos_index: 2
2020-04-25 11:18:17,863 self.bos_index: 2
2020-04-25 11:18:17,899 self.bos_index: 2
2020-04-25 11:18:17,931 self.bos_index: 2
2020-04-25 11:18:18,013 self.bos_index: 2
2020-04-25 11:18:18,060 self.bos_index: 2
2020-04-25 11:18:18,088 self.bos_index: 2
2020-04-25 11:18:18,110 self.bos_index: 2
2020-04-25 11:18:18,148 self.bos_index: 2
2020-04-25 11:18:18,181 self.bos_index: 2
2020-04-25 11:18:18,211 self.bos_index: 2
2020-04-25 11:18:18,267 self.bos_index: 2
2020-04-25 11:18:18,296 self.bos_index: 2
2020-04-25 11:18:18,326 self.bos_index: 2
2020-04-25 11:18:18,353 self.bos_index: 2
2020-04-25 11:18:18,377 self.bos_index: 2
2020-04-25 11:18:18,421 EPOCH 13
2020-04-25 11:18:18,422  beam_dqn : 1, egreed: 0.89, gamma:  0.84
2020-04-25 11:18:18,430 self.bos_index: 2
2020-04-25 11:18:18,473 self.bos_index: 2
2020-04-25 11:18:18,508 self.bos_index: 2
2020-04-25 11:18:18,571 self.bos_index: 2
2020-04-25 11:18:18,619 self.bos_index: 2
2020-04-25 11:18:18,643 self.bos_index: 2
2020-04-25 11:18:18,667 self.bos_index: 2
2020-04-25 11:18:18,717 self.bos_index: 2
2020-04-25 11:18:18,783 self.bos_index: 2
2020-04-25 11:18:18,819 self.bos_index: 2
2020-04-25 11:18:18,856 self.bos_index: 2
2020-04-25 11:18:18,887 self.bos_index: 2
2020-04-25 11:18:18,938 self.bos_index: 2
2020-04-25 11:18:18,968 self.bos_index: 2
2020-04-25 11:18:19,006 self.bos_index: 2
2020-04-25 11:18:19,032 self.bos_index: 2
2020-04-25 11:18:19,069 self.bos_index: 2
2020-04-25 11:18:19,117 self.bos_index: 2
2020-04-25 11:18:19,149 self.bos_index: 2
2020-04-25 11:18:19,185 self.bos_index: 2
2020-04-25 11:18:19,213 self.bos_index: 2
2020-04-25 11:18:19,258 self.bos_index: 2
2020-04-25 11:18:19,289 self.bos_index: 2
2020-04-25 11:18:19,321 self.bos_index: 2
2020-04-25 11:18:19,350 self.bos_index: 2
2020-04-25 11:18:19,374 self.bos_index: 2
2020-04-25 11:18:19,420 self.bos_index: 2
2020-04-25 11:18:19,451 self.bos_index: 2
2020-04-25 11:18:19,487 self.bos_index: 2
2020-04-25 11:18:19,513 self.bos_index: 2
2020-04-25 11:18:19,552 self.bos_index: 2
2020-04-25 11:18:19,596 self.bos_index: 2
2020-04-25 11:18:19,619 self.bos_index: 2
2020-04-25 11:18:19,654 self.bos_index: 2
2020-04-25 11:18:19,683 self.bos_index: 2
2020-04-25 11:18:19,732 self.bos_index: 2
2020-04-25 11:18:19,778 self.bos_index: 2
2020-04-25 11:18:19,826 self.bos_index: 2
2020-04-25 11:18:19,862 self.bos_index: 2
2020-04-25 11:18:19,892 self.bos_index: 2
2020-04-25 11:18:19,935 self.bos_index: 2
2020-04-25 11:18:19,965 self.bos_index: 2
2020-04-25 11:18:20,000 self.bos_index: 2
2020-04-25 11:18:20,025 self.bos_index: 2
2020-04-25 11:18:20,051 self.bos_index: 2
2020-04-25 11:18:20,085 self.bos_index: 2
2020-04-25 11:18:20,125 self.bos_index: 2
2020-04-25 11:18:20,155 self.bos_index: 2
2020-04-25 11:18:20,186 self.bos_index: 2
2020-04-25 11:18:20,234 self.bos_index: 2
2020-04-25 11:18:20,273 self.bos_index: 2
2020-04-25 11:18:20,310 self.bos_index: 2
2020-04-25 11:18:20,344 self.bos_index: 2
2020-04-25 11:18:20,390 self.bos_index: 2
2020-04-25 11:18:20,426 self.bos_index: 2
2020-04-25 11:18:20,456 self.bos_index: 2
2020-04-25 11:18:20,482 self.bos_index: 2
2020-04-25 11:18:20,505 self.bos_index: 2
2020-04-25 11:18:20,544 self.bos_index: 2
2020-04-25 11:18:20,581 self.bos_index: 2
2020-04-25 11:18:20,609 self.bos_index: 2
2020-04-25 11:18:20,647 self.bos_index: 2
2020-04-25 11:18:20,688 self.bos_index: 2
2020-04-25 11:18:20,716 self.bos_index: 2
2020-04-25 11:18:20,746 self.bos_index: 2
2020-04-25 11:18:20,784 self.bos_index: 2
2020-04-25 11:18:20,810 self.bos_index: 2
2020-04-25 11:18:20,849 self.bos_index: 2
2020-04-25 11:18:20,873 self.bos_index: 2
2020-04-25 11:18:20,896 self.bos_index: 2
2020-04-25 11:18:20,927 self.bos_index: 2
2020-04-25 11:18:20,956 self.bos_index: 2
2020-04-25 11:18:20,985 self.bos_index: 2
2020-04-25 11:18:21,017 self.bos_index: 2
2020-04-25 11:18:21,040 self.bos_index: 2
2020-04-25 11:18:21,073 self.bos_index: 2
2020-04-25 11:18:21,108 self.bos_index: 2
2020-04-25 11:18:21,137 self.bos_index: 2
2020-04-25 11:18:21,175 self.bos_index: 2
2020-04-25 11:18:21,222 self.bos_index: 2
2020-04-25 11:18:21,253 self.bos_index: 2
2020-04-25 11:18:21,274 self.bos_index: 2
2020-04-25 11:18:21,307 self.bos_index: 2
2020-04-25 11:18:21,334 self.bos_index: 2
2020-04-25 11:18:21,371 self.bos_index: 2
2020-04-25 11:18:21,415 self.bos_index: 2
2020-04-25 11:18:21,468 self.bos_index: 2
2020-04-25 11:18:21,515 self.bos_index: 2
2020-04-25 11:18:21,584 self.bos_index: 2
2020-04-25 11:18:21,633 self.bos_index: 2
2020-04-25 11:18:21,664 self.bos_index: 2
2020-04-25 11:18:21,695 self.bos_index: 2
2020-04-25 11:18:21,725 self.bos_index: 2
2020-04-25 11:18:21,763 self.bos_index: 2
2020-04-25 11:18:21,790 self.bos_index: 2
2020-04-25 11:18:21,841 self.bos_index: 2
2020-04-25 11:18:21,871 self.bos_index: 2
2020-04-25 11:18:21,898 self.bos_index: 2
2020-04-25 11:18:21,927 self.bos_index: 2
2020-04-25 11:18:21,948 self.bos_index: 2
2020-04-25 11:18:21,984 EPOCH 14
2020-04-25 11:18:21,985  beam_dqn : 1, egreed: 0.89, gamma:  0.84
2020-04-25 11:18:21,995 self.bos_index: 2
2020-04-25 11:18:22,029 self.bos_index: 2
2020-04-25 11:18:22,087 self.bos_index: 2
2020-04-25 11:18:22,186 self.bos_index: 2
2020-04-25 11:18:22,259 self.bos_index: 2
2020-04-25 11:18:22,293 self.bos_index: 2
2020-04-25 11:18:22,320 self.bos_index: 2
2020-04-25 11:18:22,340 self.bos_index: 2
2020-04-25 11:18:22,361 self.bos_index: 2
2020-04-25 11:18:22,393 self.bos_index: 2
2020-04-25 11:18:22,481 self.bos_index: 2
2020-04-25 11:18:22,524 self.bos_index: 2
2020-04-25 11:18:22,566 self.bos_index: 2
2020-04-25 11:18:22,596 self.bos_index: 2
2020-04-25 11:18:22,645 self.bos_index: 2
2020-04-25 11:18:22,672 self.bos_index: 2
2020-04-25 11:18:22,712 self.bos_index: 2
2020-04-25 11:18:22,748 self.bos_index: 2
2020-04-25 11:18:22,788 self.bos_index: 2
2020-04-25 11:18:22,830 self.bos_index: 2
2020-04-25 11:18:22,870 self.bos_index: 2
2020-04-25 11:18:22,912 self.bos_index: 2
2020-04-25 11:18:22,942 self.bos_index: 2
2020-04-25 11:18:22,989 self.bos_index: 2
2020-04-25 11:18:23,017 self.bos_index: 2
2020-04-25 11:18:23,046 self.bos_index: 2
2020-04-25 11:18:23,082 self.bos_index: 2
2020-04-25 11:18:23,118 self.bos_index: 2
2020-04-25 11:18:23,165 self.bos_index: 2
2020-04-25 11:18:23,201 self.bos_index: 2
2020-04-25 11:18:23,242 self.bos_index: 2
2020-04-25 11:18:23,284 self.bos_index: 2
2020-04-25 11:18:23,311 self.bos_index: 2
2020-04-25 11:18:23,345 self.bos_index: 2
2020-04-25 11:18:23,383 self.bos_index: 2
2020-04-25 11:18:23,444 self.bos_index: 2
2020-04-25 11:18:23,487 self.bos_index: 2
2020-04-25 11:18:23,527 self.bos_index: 2
2020-04-25 11:18:23,563 self.bos_index: 2
2020-04-25 11:18:23,592 self.bos_index: 2
2020-04-25 11:18:23,628 self.bos_index: 2
2020-04-25 11:18:23,705 self.bos_index: 2
2020-04-25 11:18:23,748 self.bos_index: 2
2020-04-25 11:18:23,778 self.bos_index: 2
2020-04-25 11:18:23,803 self.bos_index: 2
2020-04-25 11:18:23,830 self.bos_index: 2
2020-04-25 11:18:23,863 self.bos_index: 2
2020-04-25 11:18:23,900 self.bos_index: 2
2020-04-25 11:18:23,929 self.bos_index: 2
2020-04-25 11:18:23,973 self.bos_index: 2
2020-04-25 11:18:24,016 self.bos_index: 2
2020-04-25 11:18:24,041 self.bos_index: 2
2020-04-25 11:18:24,075 self.bos_index: 2
2020-04-25 11:18:24,108 self.bos_index: 2
2020-04-25 11:18:24,188 self.bos_index: 2
2020-04-25 11:18:24,215 self.bos_index: 2
2020-04-25 11:18:24,243 self.bos_index: 2
2020-04-25 11:18:24,271 self.bos_index: 2
2020-04-25 11:18:24,301 self.bos_index: 2
2020-04-25 11:18:24,327 self.bos_index: 2
2020-04-25 11:18:24,366 self.bos_index: 2
2020-04-25 11:18:24,400 self.bos_index: 2
2020-04-25 11:18:24,442 self.bos_index: 2
2020-04-25 11:18:24,479 self.bos_index: 2
2020-04-25 11:18:24,504 self.bos_index: 2
2020-04-25 11:18:24,540 self.bos_index: 2
2020-04-25 11:18:24,574 self.bos_index: 2
2020-04-25 11:18:24,612 self.bos_index: 2
2020-04-25 11:18:24,639 self.bos_index: 2
2020-04-25 11:18:24,665 self.bos_index: 2
2020-04-25 11:18:24,690 self.bos_index: 2
2020-04-25 11:18:24,718 self.bos_index: 2
2020-04-25 11:18:24,756 self.bos_index: 2
2020-04-25 11:18:24,804 self.bos_index: 2
2020-04-25 11:18:24,833 self.bos_index: 2
2020-04-25 11:18:24,877 self.bos_index: 2
2020-04-25 11:18:24,925 self.bos_index: 2
2020-04-25 11:18:24,954 self.bos_index: 2
2020-04-25 11:18:24,982 self.bos_index: 2
2020-04-25 11:18:25,009 self.bos_index: 2
2020-04-25 11:18:25,056 self.bos_index: 2
2020-04-25 11:18:25,134 self.bos_index: 2
2020-04-25 11:18:25,179 self.bos_index: 2
2020-04-25 11:18:25,208 self.bos_index: 2
2020-04-25 11:18:25,239 self.bos_index: 2
2020-04-25 11:18:25,263 self.bos_index: 2
2020-04-25 11:18:25,294 self.bos_index: 2
2020-04-25 11:18:25,392 self.bos_index: 2
2020-04-25 11:18:25,458 self.bos_index: 2
2020-04-25 11:18:25,499 self.bos_index: 2
2020-04-25 11:18:25,529 self.bos_index: 2
2020-04-25 11:18:25,553 self.bos_index: 2
2020-04-25 11:18:25,578 self.bos_index: 2
2020-04-25 11:18:25,667 self.bos_index: 2
2020-04-25 11:18:25,721 self.bos_index: 2
2020-04-25 11:18:25,754 self.bos_index: 2
2020-04-25 11:18:25,780 self.bos_index: 2
2020-04-25 11:18:25,802 self.bos_index: 2
2020-04-25 11:18:25,825 self.bos_index: 2
2020-04-25 11:18:25,872 self.bos_index: 2
2020-04-25 11:18:25,907 EPOCH 15
2020-04-25 11:18:25,907  beam_dqn : 1, egreed: 0.89, gamma:  0.84
2020-04-25 11:18:25,918 self.bos_index: 2
2020-04-25 11:18:25,956 self.bos_index: 2
2020-04-25 11:18:25,990 self.bos_index: 2
2020-04-25 11:18:26,067 self.bos_index: 2
2020-04-25 11:18:26,106 self.bos_index: 2
2020-04-25 11:18:26,140 self.bos_index: 2
2020-04-25 11:18:26,170 self.bos_index: 2
2020-04-25 11:18:26,200 self.bos_index: 2
2020-04-25 11:18:26,265 self.bos_index: 2
2020-04-25 11:18:26,298 self.bos_index: 2
2020-04-25 11:18:26,336 self.bos_index: 2
2020-04-25 11:18:26,370 self.bos_index: 2
2020-04-25 11:18:26,444 self.bos_index: 2
2020-04-25 11:18:26,471 self.bos_index: 2
2020-04-25 11:18:26,505 self.bos_index: 2
2020-04-25 11:18:26,534 self.bos_index: 2
2020-04-25 11:18:26,569 self.bos_index: 2
2020-04-25 11:18:26,621 self.bos_index: 2
2020-04-25 11:18:26,656 self.bos_index: 2
2020-04-25 11:18:26,690 self.bos_index: 2
2020-04-25 11:18:26,720 self.bos_index: 2
2020-04-25 11:18:26,752 self.bos_index: 2
2020-04-25 11:18:26,802 self.bos_index: 2
2020-04-25 11:18:26,838 self.bos_index: 2
2020-04-25 11:18:26,866 self.bos_index: 2
2020-04-25 11:18:26,896 self.bos_index: 2
2020-04-25 11:18:26,960 self.bos_index: 2
2020-04-25 11:18:26,996 self.bos_index: 2
2020-04-25 11:18:27,036 self.bos_index: 2
2020-04-25 11:18:27,069 self.bos_index: 2
2020-04-25 11:18:27,137 self.bos_index: 2
2020-04-25 11:18:27,175 self.bos_index: 2
2020-04-25 11:18:27,208 self.bos_index: 2
2020-04-25 11:18:27,244 self.bos_index: 2
2020-04-25 11:18:27,290 self.bos_index: 2
2020-04-25 11:18:27,344 self.bos_index: 2
2020-04-25 11:18:27,409 self.bos_index: 2
2020-04-25 11:18:27,455 self.bos_index: 2
2020-04-25 11:18:27,490 self.bos_index: 2
2020-04-25 11:18:27,531 self.bos_index: 2
2020-04-25 11:18:27,580 self.bos_index: 2
2020-04-25 11:18:27,607 self.bos_index: 2
2020-04-25 11:18:27,641 self.bos_index: 2
2020-04-25 11:18:27,666 self.bos_index: 2
2020-04-25 11:18:27,712 self.bos_index: 2
2020-04-25 11:18:27,743 self.bos_index: 2
2020-04-25 11:18:27,779 self.bos_index: 2
2020-04-25 11:18:27,805 self.bos_index: 2
2020-04-25 11:18:27,836 self.bos_index: 2
2020-04-25 11:18:27,869 self.bos_index: 2
2020-04-25 11:18:27,917 self.bos_index: 2
2020-04-25 11:18:27,946 self.bos_index: 2
2020-04-25 11:18:27,991 self.bos_index: 2
2020-04-25 11:18:28,024 self.bos_index: 2
2020-04-25 11:18:28,073 self.bos_index: 2
2020-04-25 11:18:28,104 self.bos_index: 2
2020-04-25 11:18:28,146 self.bos_index: 2
2020-04-25 11:18:28,185 self.bos_index: 2
2020-04-25 11:18:28,222 self.bos_index: 2
2020-04-25 11:18:28,250 self.bos_index: 2
2020-04-25 11:18:28,290 self.bos_index: 2
2020-04-25 11:18:28,324 self.bos_index: 2
2020-04-25 11:18:28,362 self.bos_index: 2
2020-04-25 11:18:28,389 self.bos_index: 2
2020-04-25 11:18:28,417 self.bos_index: 2
2020-04-25 11:18:28,447 self.bos_index: 2
2020-04-25 11:18:28,473 self.bos_index: 2
2020-04-25 11:18:28,509 self.bos_index: 2
2020-04-25 11:18:28,537 self.bos_index: 2
2020-04-25 11:18:28,562 self.bos_index: 2
2020-04-25 11:18:28,586 self.bos_index: 2
2020-04-25 11:18:28,614 self.bos_index: 2
2020-04-25 11:18:28,658 self.bos_index: 2
2020-04-25 11:18:28,697 self.bos_index: 2
2020-04-25 11:18:28,736 self.bos_index: 2
2020-04-25 11:18:28,773 self.bos_index: 2
2020-04-25 11:18:28,810 self.bos_index: 2
2020-04-25 11:18:28,836 self.bos_index: 2
2020-04-25 11:18:28,896 self.bos_index: 2
2020-04-25 11:18:28,931 self.bos_index: 2
2020-04-25 11:18:28,968 self.bos_index: 2
2020-04-25 11:18:28,996 self.bos_index: 2
2020-04-25 11:18:29,032 self.bos_index: 2
2020-04-25 11:18:29,057 self.bos_index: 2
2020-04-25 11:18:29,097 self.bos_index: 2
2020-04-25 11:18:29,133 self.bos_index: 2
2020-04-25 11:18:29,170 self.bos_index: 2
2020-04-25 11:18:29,205 self.bos_index: 2
2020-04-25 11:18:29,237 self.bos_index: 2
2020-04-25 11:18:29,283 self.bos_index: 2
2020-04-25 11:18:29,312 self.bos_index: 2
2020-04-25 11:18:29,341 self.bos_index: 2
2020-04-25 11:18:29,368 self.bos_index: 2
2020-04-25 11:18:29,400 self.bos_index: 2
2020-04-25 11:18:29,442 self.bos_index: 2
2020-04-25 11:18:29,481 self.bos_index: 2
2020-04-25 11:18:29,507 self.bos_index: 2
2020-04-25 11:18:29,536 self.bos_index: 2
2020-04-25 11:18:29,575 self.bos_index: 2
2020-04-25 11:18:29,604 self.bos_index: 2
2020-04-25 11:18:29,637 EPOCH 16
2020-04-25 11:18:29,638  beam_dqn : 1, egreed: 0.89, gamma:  0.84
2020-04-25 11:18:29,647 self.bos_index: 2
2020-04-25 11:18:29,715 self.bos_index: 2
2020-04-25 11:18:29,753 self.bos_index: 2
2020-04-25 11:18:29,790 self.bos_index: 2
2020-04-25 11:18:29,831 self.bos_index: 2
2020-04-25 11:18:29,870 self.bos_index: 2
2020-04-25 11:18:29,897 self.bos_index: 2
2020-04-25 11:18:29,925 self.bos_index: 2
2020-04-25 11:18:29,951 self.bos_index: 2
2020-04-25 11:18:29,990 self.bos_index: 2
2020-04-25 11:18:30,090 self.bos_index: 2
2020-04-25 11:18:30,161 self.bos_index: 2
2020-04-25 11:18:30,212 self.bos_index: 2
2020-04-25 11:18:30,240 self.bos_index: 2
2020-04-25 11:18:30,271 self.bos_index: 2
2020-04-25 11:18:30,295 self.bos_index: 2
2020-04-25 11:18:30,340 self.bos_index: 2
2020-04-25 11:18:30,372 self.bos_index: 2
2020-04-25 11:18:30,392 self.bos_index: 2
2020-04-25 11:18:30,419 self.bos_index: 2
2020-04-25 11:18:30,444 self.bos_index: 2
2020-04-25 11:18:30,503 self.bos_index: 2
2020-04-25 11:18:30,577 self.bos_index: 2
2020-04-25 11:18:30,621 self.bos_index: 2
2020-04-25 11:18:30,647 self.bos_index: 2
2020-04-25 11:18:30,673 self.bos_index: 2
2020-04-25 11:18:30,702 self.bos_index: 2
2020-04-25 11:18:30,738 self.bos_index: 2
2020-04-25 11:18:30,814 self.bos_index: 2
2020-04-25 11:18:30,848 self.bos_index: 2
2020-04-25 11:18:30,888 self.bos_index: 2
2020-04-25 11:18:30,918 self.bos_index: 2
2020-04-25 11:18:30,949 self.bos_index: 2
2020-04-25 11:18:31,047 self.bos_index: 2
2020-04-25 11:18:31,113 self.bos_index: 2
2020-04-25 11:18:31,144 self.bos_index: 2
2020-04-25 11:18:31,183 self.bos_index: 2
2020-04-25 11:18:31,212 self.bos_index: 2
2020-04-25 11:18:31,257 self.bos_index: 2
2020-04-25 11:18:31,293 self.bos_index: 2
2020-04-25 11:18:31,342 self.bos_index: 2
2020-04-25 11:18:31,390 self.bos_index: 2
2020-04-25 11:18:31,427 self.bos_index: 2
2020-04-25 11:18:31,477 self.bos_index: 2
2020-04-25 11:18:31,508 self.bos_index: 2
2020-04-25 11:18:31,556 self.bos_index: 2
2020-04-25 11:18:31,596 self.bos_index: 2
2020-04-25 11:18:31,630 self.bos_index: 2
2020-04-25 11:18:31,661 self.bos_index: 2
2020-04-25 11:18:31,701 self.bos_index: 2
2020-04-25 11:18:31,761 self.bos_index: 2
2020-04-25 11:18:31,787 self.bos_index: 2
2020-04-25 11:18:31,819 self.bos_index: 2
2020-04-25 11:18:31,853 self.bos_index: 2
2020-04-25 11:18:31,893 self.bos_index: 2
2020-04-25 11:18:31,921 self.bos_index: 2
2020-04-25 11:18:31,951 self.bos_index: 2
2020-04-25 11:18:31,980 self.bos_index: 2
2020-04-25 11:18:32,016 self.bos_index: 2
2020-04-25 11:18:32,042 self.bos_index: 2
2020-04-25 11:18:32,068 self.bos_index: 2
2020-04-25 11:18:32,105 self.bos_index: 2
2020-04-25 11:18:32,145 self.bos_index: 2
2020-04-25 11:18:32,197 self.bos_index: 2
2020-04-25 11:18:32,282 self.bos_index: 2
2020-04-25 11:18:32,337 self.bos_index: 2
2020-04-25 11:18:32,384 self.bos_index: 2
2020-04-25 11:18:32,444 self.bos_index: 2
