2020-04-30 20:09:47,619 Hello! This is Joey-NMT.
2020-04-30 20:09:47,626 Total params: 18984
2020-04-30 20:09:47,627 Trainable parameters: ['decoder.att_vector_layer.bias', 'decoder.att_vector_layer.weight', 'decoder.attention.key_layer.weight', 'decoder.bridge_layer.bias', 'decoder.bridge_layer.weight', 'decoder.output_layer.weight', 'decoder.rnn.bias_hh_l0', 'decoder.rnn.bias_ih_l0', 'decoder.rnn.weight_hh_l0', 'decoder.rnn.weight_ih_l0', 'encoder.rnn.bias_hh_l0', 'encoder.rnn.bias_hh_l0_reverse', 'encoder.rnn.bias_ih_l0', 'encoder.rnn.bias_ih_l0_reverse', 'encoder.rnn.weight_hh_l0', 'encoder.rnn.weight_hh_l0_reverse', 'encoder.rnn.weight_ih_l0', 'encoder.rnn.weight_ih_l0_reverse', 'src_embed.lut.weight', 'trg_embed.lut.weight']
2020-04-30 20:09:47,628 cfg.name                           : reverse_experiment
2020-04-30 20:09:47,628 cfg.data.src                       : src
2020-04-30 20:09:47,628 cfg.data.trg                       : trg
2020-04-30 20:09:47,628 cfg.data.train                     : test/data/mini_reverse_0/train
2020-04-30 20:09:47,628 cfg.data.dev                       : test/data/mini_reverse_0/dev
2020-04-30 20:09:47,629 cfg.data.test                      : test/data/mini_reverse_0/test
2020-04-30 20:09:47,629 cfg.data.level                     : word
2020-04-30 20:09:47,629 cfg.data.lowercase                 : False
2020-04-30 20:09:47,629 cfg.data.max_sent_length           : 25
2020-04-30 20:09:47,629 cfg.data.src_voc_min_freq          : 0
2020-04-30 20:09:47,629 cfg.data.src_voc_limit             : 100
2020-04-30 20:09:47,630 cfg.data.trg_voc_min_freq          : 0
2020-04-30 20:09:47,630 cfg.data.trg_voc_limit             : 100
2020-04-30 20:09:47,630 cfg.testing.beam_size              : 1
2020-04-30 20:09:47,630 cfg.testing.alpha                  : 1.0
2020-04-30 20:09:47,630 cfg.training.random_seed           : 42
2020-04-30 20:09:47,630 cfg.training.optimizer             : adam
2020-04-30 20:09:47,630 cfg.training.learning_rate         : 0.001
2020-04-30 20:09:47,631 cfg.training.learning_rate_min     : 0.0002
2020-04-30 20:09:47,631 cfg.training.weight_decay          : 0.0
2020-04-30 20:09:47,631 cfg.training.clip_grad_norm        : 1.0
2020-04-30 20:09:47,631 cfg.training.batch_size            : 10
2020-04-30 20:09:47,631 cfg.training.batch_type            : sentence
2020-04-30 20:09:47,631 cfg.training.scheduling            : plateau
2020-04-30 20:09:47,636 cfg.training.patience              : 5
2020-04-30 20:09:47,636 cfg.training.decrease_factor       : 0.5
2020-04-30 20:09:47,637 cfg.training.early_stopping_metric : eval_metric
2020-04-30 20:09:47,637 cfg.training.epochs                : 10
2020-04-30 20:09:47,637 cfg.training.validation_freq       : 10
2020-04-30 20:09:47,637 cfg.training.logging_freq          : 10
2020-04-30 20:09:47,637 cfg.training.eval_metric           : bleu
2020-04-30 20:09:47,637 cfg.training.model_dir             : mini_reverse_model_0
2020-04-30 20:09:47,637 cfg.training.overwrite             : True
2020-04-30 20:09:47,638 cfg.training.shuffle               : True
2020-04-30 20:09:47,638 cfg.training.use_cuda              : False
2020-04-30 20:09:47,638 cfg.training.max_output_length     : 10
2020-04-30 20:09:47,638 cfg.training.print_valid_sents     : [0, 3, 6]
2020-04-30 20:09:47,638 cfg.training.keep_last_ckpts       : 2
2020-04-30 20:09:47,638 cfg.model.initializer              : xavier
2020-04-30 20:09:47,638 cfg.model.embed_initializer        : normal
2020-04-30 20:09:47,639 cfg.model.embed_init_weight        : 0.1
2020-04-30 20:09:47,639 cfg.model.bias_initializer         : zeros
2020-04-30 20:09:47,639 cfg.model.init_rnn_orthogonal      : False
2020-04-30 20:09:47,639 cfg.model.lstm_forget_gate         : 0.0
2020-04-30 20:09:47,639 cfg.model.encoder.rnn_type         : lstm
2020-04-30 20:09:47,639 cfg.model.encoder.embeddings.embedding_dim : 16
2020-04-30 20:09:47,639 cfg.model.encoder.embeddings.scale : False
2020-04-30 20:09:47,640 cfg.model.encoder.hidden_size      : 24
2020-04-30 20:09:47,640 cfg.model.encoder.bidirectional    : True
2020-04-30 20:09:47,643 cfg.model.encoder.dropout          : 0.1
2020-04-30 20:09:47,644 cfg.model.encoder.num_layers       : 1
2020-04-30 20:09:47,644 cfg.model.decoder.rnn_type         : lstm
2020-04-30 20:09:47,644 cfg.model.decoder.embeddings.embedding_dim : 16
2020-04-30 20:09:47,644 cfg.model.decoder.embeddings.scale : False
2020-04-30 20:09:47,644 cfg.model.decoder.hidden_size      : 24
2020-04-30 20:09:47,645 cfg.model.decoder.dropout          : 0.1
2020-04-30 20:09:47,645 cfg.model.decoder.hidden_dropout   : 0.1
2020-04-30 20:09:47,645 cfg.model.decoder.num_layers       : 1
2020-04-30 20:09:47,645 cfg.model.decoder.input_feeding    : True
2020-04-30 20:09:47,645 cfg.model.decoder.init_hidden      : bridge
2020-04-30 20:09:47,645 cfg.model.decoder.attention        : luong
2020-04-30 20:09:47,646 cfg.dqn.epochs                     : 2000
2020-04-30 20:09:47,646 cfg.dqn.sample_size                : 256
2020-04-30 20:09:47,646 cfg.dqn.lr                         : 0.0001
2020-04-30 20:09:47,646 cfg.dqn.egreed_max                 : 0.9
2020-04-30 20:09:47,646 cfg.dqn.egreed_min                 : 0.001
2020-04-30 20:09:47,646 cfg.dqn.gamma_max                  : 0.9
2020-04-30 20:09:47,646 cfg.dqn.gamma_min                  : 0.3
2020-04-30 20:09:47,647 cfg.dqn.nu_iter                    : 10
2020-04-30 20:09:47,647 cfg.dqn.mem_cap                    : 4000
2020-04-30 20:09:47,647 cfg.dqn.beam_min                   : 1
2020-04-30 20:09:47,647 cfg.dqn.beam_max                   : 50
2020-04-30 20:09:47,647 cfg.dqn.state_type                 : hidden
2020-04-30 20:09:47,647 cfg.dqn.reward_type                : bleu_batch
2020-04-30 20:09:47,647 cfg.dqn.nu_pretrain                : 40
2020-04-30 20:09:47,648 cfg.dqn.N_layers                   : 4
2020-04-30 20:09:47,648 cfg.dqn.other_descrip              : _mini_reverse_with_batch
2020-04-30 20:09:47,648 Data set sizes: 
	train 1000,
	valid 103,
	test 100
2020-04-30 20:09:47,648 First training example:
	[SRC] 3
	[TRG] 3
2020-04-30 20:09:47,648 First 10 words (src): (0) <unk> (1) <pad> (2) <s> (3) </s> (4) 1 (5) 0 (6) 4 (7) 3 (8) 2
2020-04-30 20:09:47,648 First 10 words (trg): (0) <unk> (1) <pad> (2) <s> (3) </s> (4) 1 (5) 0 (6) 4 (7) 3 (8) 2
2020-04-30 20:09:47,649 Number of Src words (types): 9
2020-04-30 20:09:47,649 Number of Trg words (types): 9
2020-04-30 20:09:47,649 Model(
	encoder=RecurrentEncoder(LSTM(16, 24, batch_first=True, bidirectional=True)),
	decoder=RecurrentDecoder(rnn=LSTM(40, 24, batch_first=True), attention=LuongAttention),
	src_embed=Embeddings(embedding_dim=16, vocab_size=9),
	trg_embed=Embeddings(embedding_dim=16, vocab_size=9))
2020-04-30 20:09:47,650 EPOCH 1
2020-04-30 20:09:48,704 Epoch   1 Step:       10 Batch Loss:     6.441356 Tokens per Sec:      247, Lr: 0.001000
2020-04-30 20:09:49,235 Hooray! New best validation result [eval_metric]!
2020-04-30 20:09:49,236 Saving new checkpoint.
2020-04-30 20:09:49,244 Example #0
2020-04-30 20:09:49,244 	Raw source:     ['3']
2020-04-30 20:09:49,244 	Raw hypothesis: []
2020-04-30 20:09:49,244 	Source:     3
2020-04-30 20:09:49,245 	Reference:  3
2020-04-30 20:09:49,245 	Hypothesis: 
2020-04-30 20:09:49,245 Example #3
2020-04-30 20:09:49,245 	Raw source:     ['4', '3']
2020-04-30 20:09:49,245 	Raw hypothesis: ['4']
2020-04-30 20:09:49,245 	Source:     4 3
2020-04-30 20:09:49,245 	Reference:  3 4
2020-04-30 20:09:49,245 	Hypothesis: 4
2020-04-30 20:09:49,245 Example #6
2020-04-30 20:09:49,246 	Raw source:     ['4']
2020-04-30 20:09:49,246 	Raw hypothesis: ['4']
2020-04-30 20:09:49,246 	Source:     4
2020-04-30 20:09:49,246 	Reference:  4
2020-04-30 20:09:49,246 	Hypothesis: 4
2020-04-30 20:09:49,246 Validation result (greedy) at epoch   1, step       10: bleu:   0.00, loss: 545.5809, ppl:   8.2867, duration: 0.5417s
2020-04-30 20:09:50,736 Epoch   1 Step:       20 Batch Loss:     3.992671 Tokens per Sec:      174, Lr: 0.001000
2020-04-30 20:09:50,983 Hooray! New best validation result [eval_metric]!
2020-04-30 20:09:50,983 Saving new checkpoint.
2020-04-30 20:09:50,989 Example #0
2020-04-30 20:09:50,990 	Raw source:     ['3']
2020-04-30 20:09:50,990 	Raw hypothesis: []
2020-04-30 20:09:50,990 	Source:     3
2020-04-30 20:09:50,990 	Reference:  3
2020-04-30 20:09:50,990 	Hypothesis: 
2020-04-30 20:09:50,990 Example #3
2020-04-30 20:09:50,990 	Raw source:     ['4', '3']
2020-04-30 20:09:50,990 	Raw hypothesis: []
2020-04-30 20:09:50,990 	Source:     4 3
2020-04-30 20:09:50,990 	Reference:  3 4
2020-04-30 20:09:50,990 	Hypothesis: 
2020-04-30 20:09:50,991 Example #6
2020-04-30 20:09:50,991 	Raw source:     ['4']
2020-04-30 20:09:50,991 	Raw hypothesis: []
2020-04-30 20:09:50,991 	Source:     4
2020-04-30 20:09:50,991 	Reference:  4
2020-04-30 20:09:50,991 	Hypothesis: 
2020-04-30 20:09:50,991 Validation result (greedy) at epoch   1, step       20: bleu:   0.00, loss: 518.6237, ppl:   7.4646, duration: 0.2538s
2020-04-30 20:09:51,996 Epoch   1 Step:       30 Batch Loss:     5.561986 Tokens per Sec:      229, Lr: 0.001000
2020-04-30 20:09:52,257 Example #0
2020-04-30 20:09:52,257 	Raw source:     ['3']
2020-04-30 20:09:52,257 	Raw hypothesis: []
2020-04-30 20:09:52,257 	Source:     3
2020-04-30 20:09:52,257 	Reference:  3
2020-04-30 20:09:52,258 	Hypothesis: 
2020-04-30 20:09:52,258 Example #3
2020-04-30 20:09:52,258 	Raw source:     ['4', '3']
2020-04-30 20:09:52,258 	Raw hypothesis: []
2020-04-30 20:09:52,258 	Source:     4 3
2020-04-30 20:09:52,258 	Reference:  3 4
2020-04-30 20:09:52,258 	Hypothesis: 
2020-04-30 20:09:52,258 Example #6
2020-04-30 20:09:52,259 	Raw source:     ['4']
2020-04-30 20:09:52,259 	Raw hypothesis: []
2020-04-30 20:09:52,259 	Source:     4
2020-04-30 20:09:52,259 	Reference:  4
2020-04-30 20:09:52,259 	Hypothesis: 
2020-04-30 20:09:52,259 Validation result (greedy) at epoch   1, step       30: bleu:   0.00, loss: 476.5564, ppl:   6.3415, duration: 0.2629s
2020-04-30 20:09:53,474 Epoch   1 Step:       40 Batch Loss:     5.517644 Tokens per Sec:      222, Lr: 0.001000
2020-04-30 20:09:53,707 Example #0
2020-04-30 20:09:53,707 	Raw source:     ['3']
2020-04-30 20:09:53,707 	Raw hypothesis: []
2020-04-30 20:09:53,707 	Source:     3
2020-04-30 20:09:53,707 	Reference:  3
2020-04-30 20:09:53,708 	Hypothesis: 
2020-04-30 20:09:53,708 Example #3
2020-04-30 20:09:53,708 	Raw source:     ['4', '3']
2020-04-30 20:09:53,708 	Raw hypothesis: []
2020-04-30 20:09:53,708 	Source:     4 3
2020-04-30 20:09:53,708 	Reference:  3 4
2020-04-30 20:09:53,708 	Hypothesis: 
2020-04-30 20:09:53,708 Example #6
2020-04-30 20:09:53,708 	Raw source:     ['4']
2020-04-30 20:09:53,708 	Raw hypothesis: []
2020-04-30 20:09:53,708 	Source:     4
2020-04-30 20:09:53,709 	Reference:  4
2020-04-30 20:09:53,709 	Hypothesis: 
2020-04-30 20:09:53,709 Validation result (greedy) at epoch   1, step       40: bleu:   0.00, loss: 425.6389, ppl:   5.2057, duration: 0.2342s
2020-04-30 20:09:54,885 Epoch   1 Step:       50 Batch Loss:     5.181530 Tokens per Sec:      204, Lr: 0.001000
2020-04-30 20:09:55,111 Example #0
2020-04-30 20:09:55,111 	Raw source:     ['3']
2020-04-30 20:09:55,111 	Raw hypothesis: []
2020-04-30 20:09:55,111 	Source:     3
2020-04-30 20:09:55,111 	Reference:  3
2020-04-30 20:09:55,112 	Hypothesis: 
2020-04-30 20:09:55,112 Example #3
2020-04-30 20:09:55,112 	Raw source:     ['4', '3']
2020-04-30 20:09:55,112 	Raw hypothesis: []
2020-04-30 20:09:55,112 	Source:     4 3
2020-04-30 20:09:55,112 	Reference:  3 4
2020-04-30 20:09:55,112 	Hypothesis: 
2020-04-30 20:09:55,113 Example #6
2020-04-30 20:09:55,113 	Raw source:     ['4']
2020-04-30 20:09:55,113 	Raw hypothesis: []
2020-04-30 20:09:55,113 	Source:     4
2020-04-30 20:09:55,113 	Reference:  4
2020-04-30 20:09:55,113 	Hypothesis: 
2020-04-30 20:09:55,114 Validation result (greedy) at epoch   1, step       50: bleu:   0.00, loss: 392.8317, ppl:   4.5841, duration: 0.2285s
2020-04-30 20:09:56,280 Epoch   1 Step:       60 Batch Loss:     2.331442 Tokens per Sec:      206, Lr: 0.001000
2020-04-30 20:09:56,535 Example #0
2020-04-30 20:09:56,535 	Raw source:     ['3']
2020-04-30 20:09:56,535 	Raw hypothesis: []
2020-04-30 20:09:56,535 	Source:     3
2020-04-30 20:09:56,535 	Reference:  3
2020-04-30 20:09:56,535 	Hypothesis: 
2020-04-30 20:09:56,536 Example #3
2020-04-30 20:09:56,536 	Raw source:     ['4', '3']
2020-04-30 20:09:56,536 	Raw hypothesis: []
2020-04-30 20:09:56,536 	Source:     4 3
2020-04-30 20:09:56,537 	Reference:  3 4
2020-04-30 20:09:56,537 	Hypothesis: 
2020-04-30 20:09:56,537 Example #6
2020-04-30 20:09:56,537 	Raw source:     ['4']
2020-04-30 20:09:56,537 	Raw hypothesis: []
2020-04-30 20:09:56,537 	Source:     4
2020-04-30 20:09:56,537 	Reference:  4
2020-04-30 20:09:56,538 	Hypothesis: 
2020-04-30 20:09:56,538 Validation result (greedy) at epoch   1, step       60: bleu:   0.00, loss: 371.3457, ppl:   4.2178, duration: 0.2538s
2020-04-30 20:09:57,806 Epoch   1 Step:       70 Batch Loss:     2.297588 Tokens per Sec:      189, Lr: 0.001000
2020-04-30 20:09:58,060 Hooray! New best validation result [eval_metric]!
2020-04-30 20:09:58,061 Saving new checkpoint.
2020-04-30 20:09:58,068 Example #0
2020-04-30 20:09:58,069 	Raw source:     ['3']
2020-04-30 20:09:58,069 	Raw hypothesis: []
2020-04-30 20:09:58,069 	Source:     3
2020-04-30 20:09:58,069 	Reference:  3
2020-04-30 20:09:58,069 	Hypothesis: 
2020-04-30 20:09:58,070 Example #3
2020-04-30 20:09:58,070 	Raw source:     ['4', '3']
2020-04-30 20:09:58,070 	Raw hypothesis: []
2020-04-30 20:09:58,070 	Source:     4 3
2020-04-30 20:09:58,070 	Reference:  3 4
2020-04-30 20:09:58,070 	Hypothesis: 
2020-04-30 20:09:58,070 Example #6
2020-04-30 20:09:58,070 	Raw source:     ['4']
2020-04-30 20:09:58,070 	Raw hypothesis: []
2020-04-30 20:09:58,070 	Source:     4
2020-04-30 20:09:58,070 	Reference:  4
2020-04-30 20:09:58,071 	Hypothesis: 
2020-04-30 20:09:58,071 Validation result (greedy) at epoch   1, step       70: bleu:   0.40, loss: 349.4524, ppl:   3.8747, duration: 0.2638s
2020-04-30 20:09:59,482 Epoch   1 Step:       80 Batch Loss:     4.233541 Tokens per Sec:      191, Lr: 0.001000
2020-04-30 20:09:59,829 Hooray! New best validation result [eval_metric]!
2020-04-30 20:09:59,830 Saving new checkpoint.
2020-04-30 20:09:59,841 Example #0
2020-04-30 20:09:59,841 	Raw source:     ['3']
2020-04-30 20:09:59,841 	Raw hypothesis: []
2020-04-30 20:09:59,841 	Source:     3
2020-04-30 20:09:59,841 	Reference:  3
2020-04-30 20:09:59,841 	Hypothesis: 
2020-04-30 20:09:59,841 Example #3
2020-04-30 20:09:59,842 	Raw source:     ['4', '3']
2020-04-30 20:09:59,842 	Raw hypothesis: []
2020-04-30 20:09:59,842 	Source:     4 3
2020-04-30 20:09:59,842 	Reference:  3 4
2020-04-30 20:09:59,842 	Hypothesis: 
2020-04-30 20:09:59,842 Example #6
2020-04-30 20:09:59,842 	Raw source:     ['4']
2020-04-30 20:09:59,842 	Raw hypothesis: []
2020-04-30 20:09:59,842 	Source:     4
2020-04-30 20:09:59,842 	Reference:  4
2020-04-30 20:09:59,843 	Hypothesis: 
2020-04-30 20:09:59,843 Validation result (greedy) at epoch   1, step       80: bleu:  10.93, loss: 327.0223, ppl:   3.5521, duration: 0.3560s
2020-04-30 20:10:01,314 Epoch   1 Step:       90 Batch Loss:     2.226098 Tokens per Sec:      172, Lr: 0.001000
2020-04-30 20:10:01,707 Hooray! New best validation result [eval_metric]!
2020-04-30 20:10:01,709 Saving new checkpoint.
2020-04-30 20:10:01,716 Example #0
2020-04-30 20:10:01,716 	Raw source:     ['3']
2020-04-30 20:10:01,716 	Raw hypothesis: ['0']
2020-04-30 20:10:01,717 	Source:     3
2020-04-30 20:10:01,717 	Reference:  3
2020-04-30 20:10:01,717 	Hypothesis: 0
2020-04-30 20:10:01,717 Example #3
2020-04-30 20:10:01,717 	Raw source:     ['4', '3']
2020-04-30 20:10:01,717 	Raw hypothesis: ['4']
2020-04-30 20:10:01,717 	Source:     4 3
2020-04-30 20:10:01,717 	Reference:  3 4
2020-04-30 20:10:01,717 	Hypothesis: 4
2020-04-30 20:10:01,718 Example #6
2020-04-30 20:10:01,718 	Raw source:     ['4']
2020-04-30 20:10:01,720 	Raw hypothesis: ['4']
2020-04-30 20:10:01,720 	Source:     4
2020-04-30 20:10:01,720 	Reference:  4
2020-04-30 20:10:01,720 	Hypothesis: 4
2020-04-30 20:10:01,721 Validation result (greedy) at epoch   1, step       90: bleu:  41.02, loss: 307.4561, ppl:   3.2926, duration: 0.4059s
2020-04-30 20:10:03,729 Epoch   1 Step:      100 Batch Loss:     3.818772 Tokens per Sec:      115, Lr: 0.001000
2020-04-30 20:10:04,049 Hooray! New best validation result [eval_metric]!
2020-04-30 20:10:04,050 Saving new checkpoint.
2020-04-30 20:10:04,057 Example #0
2020-04-30 20:10:04,057 	Raw source:     ['3']
2020-04-30 20:10:04,057 	Raw hypothesis: ['3']
2020-04-30 20:10:04,057 	Source:     3
2020-04-30 20:10:04,058 	Reference:  3
2020-04-30 20:10:04,058 	Hypothesis: 3
2020-04-30 20:10:04,058 Example #3
2020-04-30 20:10:04,058 	Raw source:     ['4', '3']
2020-04-30 20:10:04,058 	Raw hypothesis: ['4']
2020-04-30 20:10:04,058 	Source:     4 3
2020-04-30 20:10:04,058 	Reference:  3 4
2020-04-30 20:10:04,058 	Hypothesis: 4
2020-04-30 20:10:04,059 Example #6
2020-04-30 20:10:04,059 	Raw source:     ['4']
2020-04-30 20:10:04,059 	Raw hypothesis: ['4']
2020-04-30 20:10:04,059 	Source:     4
2020-04-30 20:10:04,059 	Reference:  4
2020-04-30 20:10:04,059 	Hypothesis: 4
2020-04-30 20:10:04,059 Validation result (greedy) at epoch   1, step      100: bleu:  49.23, loss: 287.6997, ppl:   3.0499, duration: 0.3299s
2020-04-30 20:10:05,325 Epoch   1: total training loss 405.36
2020-04-30 20:10:05,326 EPOCH 2
2020-04-30 20:10:05,723 Epoch   2 Step:      110 Batch Loss:     3.668725 Tokens per Sec:      605, Lr: 0.001000
2020-04-30 20:10:06,001 Example #0
2020-04-30 20:10:06,001 	Raw source:     ['3']
2020-04-30 20:10:06,002 	Raw hypothesis: ['4']
2020-04-30 20:10:06,002 	Source:     3
2020-04-30 20:10:06,003 	Reference:  3
2020-04-30 20:10:06,003 	Hypothesis: 4
2020-04-30 20:10:06,003 Example #3
2020-04-30 20:10:06,003 	Raw source:     ['4', '3']
2020-04-30 20:10:06,003 	Raw hypothesis: ['4']
2020-04-30 20:10:06,004 	Source:     4 3
2020-04-30 20:10:06,004 	Reference:  3 4
2020-04-30 20:10:06,004 	Hypothesis: 4
2020-04-30 20:10:06,004 Example #6
2020-04-30 20:10:06,004 	Raw source:     ['4']
2020-04-30 20:10:06,004 	Raw hypothesis: ['4']
2020-04-30 20:10:06,005 	Source:     4
2020-04-30 20:10:06,005 	Reference:  4
2020-04-30 20:10:06,005 	Hypothesis: 4
2020-04-30 20:10:06,005 Validation result (greedy) at epoch   2, step      110: bleu:  43.36, loss: 279.4057, ppl:   2.9534, duration: 0.2818s
2020-04-30 20:10:07,492 Epoch   2 Step:      120 Batch Loss:     3.464726 Tokens per Sec:      195, Lr: 0.001000
2020-04-30 20:10:07,758 Example #0
2020-04-30 20:10:07,758 	Raw source:     ['3']
2020-04-30 20:10:07,758 	Raw hypothesis: ['4']
2020-04-30 20:10:07,758 	Source:     3
2020-04-30 20:10:07,759 	Reference:  3
2020-04-30 20:10:07,759 	Hypothesis: 4
2020-04-30 20:10:07,759 Example #3
2020-04-30 20:10:07,759 	Raw source:     ['4', '3']
2020-04-30 20:10:07,759 	Raw hypothesis: ['4']
2020-04-30 20:10:07,759 	Source:     4 3
2020-04-30 20:10:07,759 	Reference:  3 4
2020-04-30 20:10:07,760 	Hypothesis: 4
2020-04-30 20:10:07,760 Example #6
2020-04-30 20:10:07,760 	Raw source:     ['4']
2020-04-30 20:10:07,760 	Raw hypothesis: ['4']
2020-04-30 20:10:07,760 	Source:     4
2020-04-30 20:10:07,761 	Reference:  4
2020-04-30 20:10:07,761 	Hypothesis: 4
2020-04-30 20:10:07,761 Validation result (greedy) at epoch   2, step      120: bleu:  26.61, loss: 256.6686, ppl:   2.7043, duration: 0.2674s
2020-04-30 20:10:09,122 Epoch   2 Step:      130 Batch Loss:     3.170238 Tokens per Sec:      191, Lr: 0.001000
2020-04-30 20:10:09,390 Example #0
2020-04-30 20:10:09,390 	Raw source:     ['3']
2020-04-30 20:10:09,390 	Raw hypothesis: ['3']
2020-04-30 20:10:09,390 	Source:     3
2020-04-30 20:10:09,391 	Reference:  3
2020-04-30 20:10:09,391 	Hypothesis: 3
2020-04-30 20:10:09,391 Example #3
2020-04-30 20:10:09,391 	Raw source:     ['4', '3']
2020-04-30 20:10:09,392 	Raw hypothesis: ['4', '4']
2020-04-30 20:10:09,392 	Source:     4 3
2020-04-30 20:10:09,392 	Reference:  3 4
2020-04-30 20:10:09,392 	Hypothesis: 4 4
2020-04-30 20:10:09,393 Example #6
2020-04-30 20:10:09,393 	Raw source:     ['4']
2020-04-30 20:10:09,393 	Raw hypothesis: ['4']
2020-04-30 20:10:09,393 	Source:     4
2020-04-30 20:10:09,393 	Reference:  4
2020-04-30 20:10:09,393 	Hypothesis: 4
2020-04-30 20:10:09,394 Validation result (greedy) at epoch   2, step      130: bleu:  46.17, loss: 248.9877, ppl:   2.6250, duration: 0.2712s
2020-04-30 20:10:10,994 Epoch   2 Step:      140 Batch Loss:     1.406059 Tokens per Sec:      150, Lr: 0.001000
2020-04-30 20:10:11,285 Example #0
2020-04-30 20:10:11,286 	Raw source:     ['3']
2020-04-30 20:10:11,286 	Raw hypothesis: ['3']
2020-04-30 20:10:11,286 	Source:     3
2020-04-30 20:10:11,287 	Reference:  3
2020-04-30 20:10:11,287 	Hypothesis: 3
2020-04-30 20:10:11,287 Example #3
2020-04-30 20:10:11,287 	Raw source:     ['4', '3']
2020-04-30 20:10:11,287 	Raw hypothesis: ['4']
2020-04-30 20:10:11,287 	Source:     4 3
2020-04-30 20:10:11,288 	Reference:  3 4
2020-04-30 20:10:11,288 	Hypothesis: 4
2020-04-30 20:10:11,288 Example #6
2020-04-30 20:10:11,288 	Raw source:     ['4']
2020-04-30 20:10:11,288 	Raw hypothesis: ['4']
2020-04-30 20:10:11,288 	Source:     4
2020-04-30 20:10:11,289 	Reference:  4
2020-04-30 20:10:11,289 	Hypothesis: 4
2020-04-30 20:10:11,289 Validation result (greedy) at epoch   2, step      140: bleu:  48.11, loss: 226.3850, ppl:   2.4048, duration: 0.2944s
2020-04-30 20:10:12,613 Epoch   2 Step:      150 Batch Loss:     3.497104 Tokens per Sec:      176, Lr: 0.001000
2020-04-30 20:10:12,835 Hooray! New best validation result [eval_metric]!
2020-04-30 20:10:12,835 Saving new checkpoint.
2020-04-30 20:10:12,845 Example #0
2020-04-30 20:10:12,845 	Raw source:     ['3']
2020-04-30 20:10:12,845 	Raw hypothesis: ['3']
2020-04-30 20:10:12,845 	Source:     3
2020-04-30 20:10:12,845 	Reference:  3
2020-04-30 20:10:12,846 	Hypothesis: 3
2020-04-30 20:10:12,846 Example #3
2020-04-30 20:10:12,846 	Raw source:     ['4', '3']
2020-04-30 20:10:12,846 	Raw hypothesis: ['4']
2020-04-30 20:10:12,846 	Source:     4 3
2020-04-30 20:10:12,846 	Reference:  3 4
2020-04-30 20:10:12,847 	Hypothesis: 4
2020-04-30 20:10:12,847 Example #6
2020-04-30 20:10:12,847 	Raw source:     ['4']
2020-04-30 20:10:12,847 	Raw hypothesis: ['4']
2020-04-30 20:10:12,847 	Source:     4
2020-04-30 20:10:12,847 	Reference:  4
2020-04-30 20:10:12,848 	Hypothesis: 4
2020-04-30 20:10:12,848 Validation result (greedy) at epoch   2, step      150: bleu:  56.84, loss: 246.4078, ppl:   2.5989, duration: 0.2343s
2020-04-30 20:10:14,003 Epoch   2 Step:      160 Batch Loss:     3.078710 Tokens per Sec:      208, Lr: 0.001000
2020-04-30 20:10:14,266 Hooray! New best validation result [eval_metric]!
2020-04-30 20:10:14,267 Saving new checkpoint.
2020-04-30 20:10:14,276 Example #0
2020-04-30 20:10:14,277 	Raw source:     ['3']
2020-04-30 20:10:14,277 	Raw hypothesis: ['3']
2020-04-30 20:10:14,277 	Source:     3
2020-04-30 20:10:14,278 	Reference:  3
2020-04-30 20:10:14,278 	Hypothesis: 3
2020-04-30 20:10:14,278 Example #3
2020-04-30 20:10:14,278 	Raw source:     ['4', '3']
2020-04-30 20:10:14,278 	Raw hypothesis: ['4']
2020-04-30 20:10:14,279 	Source:     4 3
2020-04-30 20:10:14,279 	Reference:  3 4
2020-04-30 20:10:14,279 	Hypothesis: 4
2020-04-30 20:10:14,279 Example #6
2020-04-30 20:10:14,279 	Raw source:     ['4']
2020-04-30 20:10:14,279 	Raw hypothesis: ['4']
2020-04-30 20:10:14,280 	Source:     4
2020-04-30 20:10:14,280 	Reference:  4
2020-04-30 20:10:14,280 	Hypothesis: 4
2020-04-30 20:10:14,280 Validation result (greedy) at epoch   2, step      160: bleu:  59.19, loss: 229.0908, ppl:   2.4301, duration: 0.2753s
2020-04-30 20:10:15,652 Epoch   2 Step:      170 Batch Loss:     1.023235 Tokens per Sec:      197, Lr: 0.001000
2020-04-30 20:10:15,903 Example #0
2020-04-30 20:10:15,903 	Raw source:     ['3']
2020-04-30 20:10:15,903 	Raw hypothesis: ['3']
2020-04-30 20:10:15,904 	Source:     3
2020-04-30 20:10:15,904 	Reference:  3
2020-04-30 20:10:15,904 	Hypothesis: 3
2020-04-30 20:10:15,904 Example #3
2020-04-30 20:10:15,904 	Raw source:     ['4', '3']
2020-04-30 20:10:15,905 	Raw hypothesis: ['4']
2020-04-30 20:10:15,905 	Source:     4 3
2020-04-30 20:10:15,905 	Reference:  3 4
2020-04-30 20:10:15,905 	Hypothesis: 4
2020-04-30 20:10:15,905 Example #6
2020-04-30 20:10:15,906 	Raw source:     ['4']
2020-04-30 20:10:15,906 	Raw hypothesis: ['4']
2020-04-30 20:10:15,906 	Source:     4
2020-04-30 20:10:15,906 	Reference:  4
2020-04-30 20:10:15,906 	Hypothesis: 4
2020-04-30 20:10:15,906 Validation result (greedy) at epoch   2, step      170: bleu:  41.50, loss: 186.3410, ppl:   2.0591, duration: 0.2536s
2020-04-30 20:10:17,197 Epoch   2 Step:      180 Batch Loss:     2.322095 Tokens per Sec:      170, Lr: 0.001000
2020-04-30 20:10:17,531 Hooray! New best validation result [eval_metric]!
2020-04-30 20:10:17,531 Saving new checkpoint.
2020-04-30 20:10:17,538 Example #0
2020-04-30 20:10:17,538 	Raw source:     ['3']
2020-04-30 20:10:17,538 	Raw hypothesis: ['3']
2020-04-30 20:10:17,538 	Source:     3
2020-04-30 20:10:17,538 	Reference:  3
2020-04-30 20:10:17,539 	Hypothesis: 3
2020-04-30 20:10:17,539 Example #3
2020-04-30 20:10:17,539 	Raw source:     ['4', '3']
2020-04-30 20:10:17,539 	Raw hypothesis: ['4']
2020-04-30 20:10:17,539 	Source:     4 3
2020-04-30 20:10:17,539 	Reference:  3 4
2020-04-30 20:10:17,539 	Hypothesis: 4
2020-04-30 20:10:17,539 Example #6
2020-04-30 20:10:17,539 	Raw source:     ['4']
2020-04-30 20:10:17,540 	Raw hypothesis: ['4']
2020-04-30 20:10:17,540 	Source:     4
2020-04-30 20:10:17,540 	Reference:  4
2020-04-30 20:10:17,540 	Hypothesis: 4
2020-04-30 20:10:17,540 Validation result (greedy) at epoch   2, step      180: bleu:  59.22, loss: 177.5274, ppl:   1.9899, duration: 0.3424s
2020-04-30 20:10:18,965 Epoch   2 Step:      190 Batch Loss:     0.711911 Tokens per Sec:      175, Lr: 0.001000
2020-04-30 20:10:19,193 Example #0
2020-04-30 20:10:19,194 	Raw source:     ['3']
2020-04-30 20:10:19,194 	Raw hypothesis: ['3']
2020-04-30 20:10:19,194 	Source:     3
2020-04-30 20:10:19,194 	Reference:  3
2020-04-30 20:10:19,194 	Hypothesis: 3
2020-04-30 20:10:19,194 Example #3
2020-04-30 20:10:19,195 	Raw source:     ['4', '3']
2020-04-30 20:10:19,195 	Raw hypothesis: ['4']
2020-04-30 20:10:19,195 	Source:     4 3
2020-04-30 20:10:19,195 	Reference:  3 4
2020-04-30 20:10:19,195 	Hypothesis: 4
2020-04-30 20:10:19,196 Example #6
2020-04-30 20:10:19,196 	Raw source:     ['4']
2020-04-30 20:10:19,196 	Raw hypothesis: ['4']
2020-04-30 20:10:19,196 	Source:     4
2020-04-30 20:10:19,196 	Reference:  4
2020-04-30 20:10:19,196 	Hypothesis: 4
2020-04-30 20:10:19,197 Validation result (greedy) at epoch   2, step      190: bleu:  51.35, loss: 165.7404, ppl:   1.9010, duration: 0.2312s
2020-04-30 20:10:20,629 Epoch   2 Step:      200 Batch Loss:     2.216409 Tokens per Sec:      175, Lr: 0.001000
2020-04-30 20:10:20,844 Example #0
2020-04-30 20:10:20,844 	Raw source:     ['3']
2020-04-30 20:10:20,844 	Raw hypothesis: ['3']
2020-04-30 20:10:20,844 	Source:     3
2020-04-30 20:10:20,844 	Reference:  3
2020-04-30 20:10:20,845 	Hypothesis: 3
2020-04-30 20:10:20,845 Example #3
2020-04-30 20:10:20,845 	Raw source:     ['4', '3']
2020-04-30 20:10:20,845 	Raw hypothesis: ['4', '4']
2020-04-30 20:10:20,845 	Source:     4 3
2020-04-30 20:10:20,845 	Reference:  3 4
2020-04-30 20:10:20,845 	Hypothesis: 4 4
2020-04-30 20:10:20,845 Example #6
2020-04-30 20:10:20,845 	Raw source:     ['4']
2020-04-30 20:10:20,845 	Raw hypothesis: ['4']
2020-04-30 20:10:20,846 	Source:     4
2020-04-30 20:10:20,846 	Reference:  4
2020-04-30 20:10:20,846 	Hypothesis: 4
2020-04-30 20:10:20,846 Validation result (greedy) at epoch   2, step      200: bleu:  50.37, loss: 142.0823, ppl:   1.7345, duration: 0.2155s
2020-04-30 20:10:21,819 Epoch   2: total training loss 223.17
2020-04-30 20:10:21,819 EPOCH 3
2020-04-30 20:10:22,150 Epoch   3 Step:      210 Batch Loss:     2.219534 Tokens per Sec:      727, Lr: 0.001000
2020-04-30 20:10:22,444 Example #0
2020-04-30 20:10:22,444 	Raw source:     ['3']
2020-04-30 20:10:22,444 	Raw hypothesis: ['3']
2020-04-30 20:10:22,445 	Source:     3
2020-04-30 20:10:22,445 	Reference:  3
2020-04-30 20:10:22,445 	Hypothesis: 3
2020-04-30 20:10:22,445 Example #3
2020-04-30 20:10:22,445 	Raw source:     ['4', '3']
2020-04-30 20:10:22,446 	Raw hypothesis: ['4', '4']
2020-04-30 20:10:22,446 	Source:     4 3
2020-04-30 20:10:22,446 	Reference:  3 4
2020-04-30 20:10:22,446 	Hypothesis: 4 4
2020-04-30 20:10:22,446 Example #6
2020-04-30 20:10:22,446 	Raw source:     ['4']
2020-04-30 20:10:22,447 	Raw hypothesis: ['4']
2020-04-30 20:10:22,447 	Source:     4
2020-04-30 20:10:22,447 	Reference:  4
2020-04-30 20:10:22,447 	Hypothesis: 4
2020-04-30 20:10:22,447 Validation result (greedy) at epoch   3, step      210: bleu:  50.82, loss: 121.9685, ppl:   1.6044, duration: 0.2966s
2020-04-30 20:10:23,712 Epoch   3 Step:      220 Batch Loss:     0.471707 Tokens per Sec:      198, Lr: 0.001000
2020-04-30 20:10:23,936 Hooray! New best validation result [eval_metric]!
2020-04-30 20:10:23,936 Saving new checkpoint.
2020-04-30 20:10:23,943 Example #0
2020-04-30 20:10:23,943 	Raw source:     ['3']
2020-04-30 20:10:23,943 	Raw hypothesis: ['3']
2020-04-30 20:10:23,943 	Source:     3
2020-04-30 20:10:23,943 	Reference:  3
2020-04-30 20:10:23,943 	Hypothesis: 3
2020-04-30 20:10:23,944 Example #3
2020-04-30 20:10:23,944 	Raw source:     ['4', '3']
2020-04-30 20:10:23,944 	Raw hypothesis: ['3', '4']
2020-04-30 20:10:23,944 	Source:     4 3
2020-04-30 20:10:23,944 	Reference:  3 4
2020-04-30 20:10:23,944 	Hypothesis: 3 4
2020-04-30 20:10:23,944 Example #6
2020-04-30 20:10:23,944 	Raw source:     ['4']
2020-04-30 20:10:23,945 	Raw hypothesis: ['4']
2020-04-30 20:10:23,945 	Source:     4
2020-04-30 20:10:23,946 	Reference:  4
2020-04-30 20:10:23,946 	Hypothesis: 4
2020-04-30 20:10:23,946 Validation result (greedy) at epoch   3, step      220: bleu:  62.65, loss: 104.9189, ppl:   1.5018, duration: 0.2336s
2020-04-30 20:10:25,271 Epoch   3 Step:      230 Batch Loss:     1.592819 Tokens per Sec:      189, Lr: 0.001000
2020-04-30 20:10:25,534 Hooray! New best validation result [eval_metric]!
2020-04-30 20:10:25,534 Saving new checkpoint.
2020-04-30 20:10:25,542 Example #0
2020-04-30 20:10:25,543 	Raw source:     ['3']
2020-04-30 20:10:25,543 	Raw hypothesis: ['3']
2020-04-30 20:10:25,543 	Source:     3
2020-04-30 20:10:25,543 	Reference:  3
2020-04-30 20:10:25,543 	Hypothesis: 3
2020-04-30 20:10:25,543 Example #3
2020-04-30 20:10:25,543 	Raw source:     ['4', '3']
2020-04-30 20:10:25,543 	Raw hypothesis: ['3', '4']
2020-04-30 20:10:25,544 	Source:     4 3
2020-04-30 20:10:25,544 	Reference:  3 4
2020-04-30 20:10:25,544 	Hypothesis: 3 4
2020-04-30 20:10:25,544 Example #6
2020-04-30 20:10:25,544 	Raw source:     ['4']
2020-04-30 20:10:25,544 	Raw hypothesis: ['4']
2020-04-30 20:10:25,545 	Source:     4
2020-04-30 20:10:25,545 	Reference:  4
2020-04-30 20:10:25,545 	Hypothesis: 4
2020-04-30 20:10:25,545 Validation result (greedy) at epoch   3, step      230: bleu:  71.84, loss:  92.3087, ppl:   1.4302, duration: 0.2725s
2020-04-30 20:10:26,976 Epoch   3 Step:      240 Batch Loss:     0.367208 Tokens per Sec:      175, Lr: 0.001000
2020-04-30 20:10:27,239 Hooray! New best validation result [eval_metric]!
2020-04-30 20:10:27,240 Saving new checkpoint.
2020-04-30 20:10:27,250 Example #0
2020-04-30 20:10:27,251 	Raw source:     ['3']
2020-04-30 20:10:27,251 	Raw hypothesis: ['3']
2020-04-30 20:10:27,251 	Source:     3
2020-04-30 20:10:27,252 	Reference:  3
2020-04-30 20:10:27,252 	Hypothesis: 3
2020-04-30 20:10:27,252 Example #3
2020-04-30 20:10:27,252 	Raw source:     ['4', '3']
2020-04-30 20:10:27,252 	Raw hypothesis: ['3', '4']
2020-04-30 20:10:27,253 	Source:     4 3
2020-04-30 20:10:27,253 	Reference:  3 4
2020-04-30 20:10:27,253 	Hypothesis: 3 4
2020-04-30 20:10:27,253 Example #6
2020-04-30 20:10:27,253 	Raw source:     ['4']
2020-04-30 20:10:27,254 	Raw hypothesis: ['4']
2020-04-30 20:10:27,254 	Source:     4
2020-04-30 20:10:27,254 	Reference:  4
2020-04-30 20:10:27,254 	Hypothesis: 4
2020-04-30 20:10:27,254 Validation result (greedy) at epoch   3, step      240: bleu:  87.24, loss:  79.1797, ppl:   1.3592, duration: 0.2781s
2020-04-30 20:10:28,672 Epoch   3 Step:      250 Batch Loss:     1.059600 Tokens per Sec:      169, Lr: 0.001000
2020-04-30 20:10:28,928 Example #0
2020-04-30 20:10:28,928 	Raw source:     ['3']
2020-04-30 20:10:28,928 	Raw hypothesis: ['3']
2020-04-30 20:10:28,929 	Source:     3
2020-04-30 20:10:28,929 	Reference:  3
2020-04-30 20:10:28,929 	Hypothesis: 3
2020-04-30 20:10:28,929 Example #3
2020-04-30 20:10:28,929 	Raw source:     ['4', '3']
2020-04-30 20:10:28,929 	Raw hypothesis: ['3', '4']
2020-04-30 20:10:28,930 	Source:     4 3
2020-04-30 20:10:28,930 	Reference:  3 4
2020-04-30 20:10:28,930 	Hypothesis: 3 4
2020-04-30 20:10:28,930 Example #6
2020-04-30 20:10:28,930 	Raw source:     ['4']
2020-04-30 20:10:28,930 	Raw hypothesis: ['4']
2020-04-30 20:10:28,930 	Source:     4
2020-04-30 20:10:28,931 	Reference:  4
2020-04-30 20:10:28,931 	Hypothesis: 4
2020-04-30 20:10:28,931 Validation result (greedy) at epoch   3, step      250: bleu:  86.73, loss:  67.8450, ppl:   1.3008, duration: 0.2588s
2020-04-30 20:10:30,951 Epoch   3 Step:      260 Batch Loss:     1.255352 Tokens per Sec:      130, Lr: 0.001000
2020-04-30 20:10:31,357 Hooray! New best validation result [eval_metric]!
2020-04-30 20:10:31,358 Saving new checkpoint.
2020-04-30 20:10:31,378 Example #0
2020-04-30 20:10:31,378 	Raw source:     ['3']
2020-04-30 20:10:31,378 	Raw hypothesis: ['3']
2020-04-30 20:10:31,379 	Source:     3
2020-04-30 20:10:31,379 	Reference:  3
2020-04-30 20:10:31,379 	Hypothesis: 3
2020-04-30 20:10:31,379 Example #3
2020-04-30 20:10:31,379 	Raw source:     ['4', '3']
2020-04-30 20:10:31,380 	Raw hypothesis: ['3', '4']
2020-04-30 20:10:31,380 	Source:     4 3
2020-04-30 20:10:31,380 	Reference:  3 4
2020-04-30 20:10:31,380 	Hypothesis: 3 4
2020-04-30 20:10:31,380 Example #6
2020-04-30 20:10:31,380 	Raw source:     ['4']
2020-04-30 20:10:31,381 	Raw hypothesis: ['4']
2020-04-30 20:10:31,381 	Source:     4
2020-04-30 20:10:31,381 	Reference:  4
2020-04-30 20:10:31,381 	Hypothesis: 4
2020-04-30 20:10:31,381 Validation result (greedy) at epoch   3, step      260: bleu:  97.42, loss:  56.0619, ppl:   1.2427, duration: 0.4293s
2020-04-30 20:10:33,444 Epoch   3 Step:      270 Batch Loss:     0.216361 Tokens per Sec:      126, Lr: 0.001000
2020-04-30 20:10:33,758 Hooray! New best validation result [eval_metric]!
2020-04-30 20:10:33,758 Saving new checkpoint.
2020-04-30 20:10:33,768 Example #0
2020-04-30 20:10:33,768 	Raw source:     ['3']
2020-04-30 20:10:33,769 	Raw hypothesis: ['3']
2020-04-30 20:10:33,769 	Source:     3
2020-04-30 20:10:33,769 	Reference:  3
2020-04-30 20:10:33,769 	Hypothesis: 3
2020-04-30 20:10:33,769 Example #3
2020-04-30 20:10:33,769 	Raw source:     ['4', '3']
2020-04-30 20:10:33,770 	Raw hypothesis: ['3', '4']
2020-04-30 20:10:33,770 	Source:     4 3
2020-04-30 20:10:33,770 	Reference:  3 4
2020-04-30 20:10:33,770 	Hypothesis: 3 4
2020-04-30 20:10:33,770 Example #6
2020-04-30 20:10:33,771 	Raw source:     ['4']
2020-04-30 20:10:33,771 	Raw hypothesis: ['4']
2020-04-30 20:10:33,771 	Source:     4
2020-04-30 20:10:33,771 	Reference:  4
2020-04-30 20:10:33,771 	Hypothesis: 4
2020-04-30 20:10:33,771 Validation result (greedy) at epoch   3, step      270: bleu: 100.00, loss:  47.8030, ppl:   1.2036, duration: 0.3265s
2020-04-30 20:10:35,172 Epoch   3 Step:      280 Batch Loss:     0.800537 Tokens per Sec:      179, Lr: 0.001000
2020-04-30 20:10:35,384 Example #0
2020-04-30 20:10:35,384 	Raw source:     ['3']
2020-04-30 20:10:35,384 	Raw hypothesis: ['3']
2020-04-30 20:10:35,384 	Source:     3
2020-04-30 20:10:35,384 	Reference:  3
2020-04-30 20:10:35,385 	Hypothesis: 3
2020-04-30 20:10:35,385 Example #3
2020-04-30 20:10:35,385 	Raw source:     ['4', '3']
2020-04-30 20:10:35,385 	Raw hypothesis: ['3', '4']
2020-04-30 20:10:35,385 	Source:     4 3
2020-04-30 20:10:35,385 	Reference:  3 4
2020-04-30 20:10:35,385 	Hypothesis: 3 4
2020-04-30 20:10:35,385 Example #6
2020-04-30 20:10:35,385 	Raw source:     ['4']
2020-04-30 20:10:35,386 	Raw hypothesis: ['4']
2020-04-30 20:10:35,386 	Source:     4
2020-04-30 20:10:35,386 	Reference:  4
2020-04-30 20:10:35,386 	Hypothesis: 4
2020-04-30 20:10:35,386 Validation result (greedy) at epoch   3, step      280: bleu: 100.00, loss:  40.2855, ppl:   1.1690, duration: 0.2127s
2020-04-30 20:10:36,580 Epoch   3 Step:      290 Batch Loss:     0.676841 Tokens per Sec:      193, Lr: 0.001000
2020-04-30 20:10:36,745 Example #0
2020-04-30 20:10:36,746 	Raw source:     ['3']
2020-04-30 20:10:36,746 	Raw hypothesis: ['3']
2020-04-30 20:10:36,746 	Source:     3
2020-04-30 20:10:36,746 	Reference:  3
2020-04-30 20:10:36,746 	Hypothesis: 3
2020-04-30 20:10:36,746 Example #3
2020-04-30 20:10:36,746 	Raw source:     ['4', '3']
2020-04-30 20:10:36,746 	Raw hypothesis: ['3', '4']
2020-04-30 20:10:36,746 	Source:     4 3
2020-04-30 20:10:36,747 	Reference:  3 4
2020-04-30 20:10:36,747 	Hypothesis: 3 4
2020-04-30 20:10:36,747 Example #6
2020-04-30 20:10:36,747 	Raw source:     ['4']
2020-04-30 20:10:36,747 	Raw hypothesis: ['4']
2020-04-30 20:10:36,747 	Source:     4
2020-04-30 20:10:36,748 	Reference:  4
2020-04-30 20:10:36,748 	Hypothesis: 4
2020-04-30 20:10:36,748 Validation result (greedy) at epoch   3, step      290: bleu: 100.00, loss:  34.4161, ppl:   1.1427, duration: 0.1676s
2020-04-30 20:10:38,040 Epoch   3 Step:      300 Batch Loss:     0.171363 Tokens per Sec:      201, Lr: 0.001000
2020-04-30 20:10:38,300 Example #0
2020-04-30 20:10:38,301 	Raw source:     ['3']
2020-04-30 20:10:38,301 	Raw hypothesis: ['3']
2020-04-30 20:10:38,301 	Source:     3
2020-04-30 20:10:38,301 	Reference:  3
2020-04-30 20:10:38,301 	Hypothesis: 3
2020-04-30 20:10:38,302 Example #3
2020-04-30 20:10:38,302 	Raw source:     ['4', '3']
2020-04-30 20:10:38,302 	Raw hypothesis: ['3', '4']
2020-04-30 20:10:38,302 	Source:     4 3
2020-04-30 20:10:38,302 	Reference:  3 4
2020-04-30 20:10:38,302 	Hypothesis: 3 4
2020-04-30 20:10:38,302 Example #6
2020-04-30 20:10:38,303 	Raw source:     ['4']
2020-04-30 20:10:38,303 	Raw hypothesis: ['4']
2020-04-30 20:10:38,303 	Source:     4
2020-04-30 20:10:38,303 	Reference:  4
2020-04-30 20:10:38,303 	Hypothesis: 4
2020-04-30 20:10:38,303 Validation result (greedy) at epoch   3, step      300: bleu: 100.00, loss:  29.7617, ppl:   1.1223, duration: 0.2630s
2020-04-30 20:10:39,291 Epoch   3: total training loss 79.52
2020-04-30 20:10:39,291 EPOCH 4
2020-04-30 20:10:39,739 Epoch   4 Step:      310 Batch Loss:     0.145797 Tokens per Sec:      536, Lr: 0.001000
2020-04-30 20:10:39,951 Example #0
2020-04-30 20:10:39,951 	Raw source:     ['3']
2020-04-30 20:10:39,952 	Raw hypothesis: ['3']
2020-04-30 20:10:39,952 	Source:     3
2020-04-30 20:10:39,952 	Reference:  3
2020-04-30 20:10:39,952 	Hypothesis: 3
2020-04-30 20:10:39,952 Example #3
2020-04-30 20:10:39,952 	Raw source:     ['4', '3']
2020-04-30 20:10:39,952 	Raw hypothesis: ['3', '4']
2020-04-30 20:10:39,952 	Source:     4 3
2020-04-30 20:10:39,953 	Reference:  3 4
2020-04-30 20:10:39,953 	Hypothesis: 3 4
2020-04-30 20:10:39,953 Example #6
2020-04-30 20:10:39,953 	Raw source:     ['4']
2020-04-30 20:10:39,953 	Raw hypothesis: ['4']
2020-04-30 20:10:39,953 	Source:     4
2020-04-30 20:10:39,953 	Reference:  4
2020-04-30 20:10:39,954 	Hypothesis: 4
2020-04-30 20:10:39,954 Validation result (greedy) at epoch   4, step      310: bleu: 100.00, loss:  24.0109, ppl:   1.0975, duration: 0.2134s
2020-04-30 20:10:41,289 Epoch   4 Step:      320 Batch Loss:     0.456072 Tokens per Sec:      187, Lr: 0.001000
2020-04-30 20:10:41,600 Example #0
2020-04-30 20:10:41,600 	Raw source:     ['3']
2020-04-30 20:10:41,600 	Raw hypothesis: ['3']
2020-04-30 20:10:41,601 	Source:     3
2020-04-30 20:10:41,601 	Reference:  3
2020-04-30 20:10:41,601 	Hypothesis: 3
2020-04-30 20:10:41,601 Example #3
2020-04-30 20:10:41,601 	Raw source:     ['4', '3']
2020-04-30 20:10:41,602 	Raw hypothesis: ['3', '4']
2020-04-30 20:10:41,602 	Source:     4 3
2020-04-30 20:10:41,602 	Reference:  3 4
2020-04-30 20:10:41,602 	Hypothesis: 3 4
2020-04-30 20:10:41,602 Example #6
2020-04-30 20:10:41,602 	Raw source:     ['4']
2020-04-30 20:10:41,602 	Raw hypothesis: ['4']
2020-04-30 20:10:41,603 	Source:     4
2020-04-30 20:10:41,603 	Reference:  4
2020-04-30 20:10:41,603 	Hypothesis: 4
2020-04-30 20:10:41,603 Validation result (greedy) at epoch   4, step      320: bleu: 100.00, loss:  21.0016, ppl:   1.0848, duration: 0.3112s
2020-04-30 20:10:43,100 Epoch   4 Step:      330 Batch Loss:     0.425136 Tokens per Sec:      176, Lr: 0.001000
2020-04-30 20:10:43,362 Example #0
2020-04-30 20:10:43,362 	Raw source:     ['3']
2020-04-30 20:10:43,363 	Raw hypothesis: ['3']
2020-04-30 20:10:43,363 	Source:     3
2020-04-30 20:10:43,363 	Reference:  3
2020-04-30 20:10:43,363 	Hypothesis: 3
2020-04-30 20:10:43,363 Example #3
2020-04-30 20:10:43,363 	Raw source:     ['4', '3']
2020-04-30 20:10:43,363 	Raw hypothesis: ['3', '4']
2020-04-30 20:10:43,363 	Source:     4 3
2020-04-30 20:10:43,364 	Reference:  3 4
2020-04-30 20:10:43,364 	Hypothesis: 3 4
2020-04-30 20:10:43,364 Example #6
2020-04-30 20:10:43,364 	Raw source:     ['4']
2020-04-30 20:10:43,364 	Raw hypothesis: ['4']
2020-04-30 20:10:43,364 	Source:     4
2020-04-30 20:10:43,365 	Reference:  4
2020-04-30 20:10:43,365 	Hypothesis: 4
2020-04-30 20:10:43,365 Validation result (greedy) at epoch   4, step      330: bleu: 100.00, loss:  16.7322, ppl:   1.0670, duration: 0.2641s
2020-04-30 20:10:44,709 Epoch   4 Step:      340 Batch Loss:     0.188417 Tokens per Sec:      171, Lr: 0.000500
2020-04-30 20:10:44,925 Example #0
2020-04-30 20:10:44,925 	Raw source:     ['3']
2020-04-30 20:10:44,925 	Raw hypothesis: ['3']
2020-04-30 20:10:44,926 	Source:     3
2020-04-30 20:10:44,926 	Reference:  3
2020-04-30 20:10:44,926 	Hypothesis: 3
2020-04-30 20:10:44,926 Example #3
2020-04-30 20:10:44,927 	Raw source:     ['4', '3']
2020-04-30 20:10:44,927 	Raw hypothesis: ['3', '4']
2020-04-30 20:10:44,927 	Source:     4 3
2020-04-30 20:10:44,927 	Reference:  3 4
2020-04-30 20:10:44,927 	Hypothesis: 3 4
2020-04-30 20:10:44,927 Example #6
2020-04-30 20:10:44,927 	Raw source:     ['4']
2020-04-30 20:10:44,928 	Raw hypothesis: ['4']
2020-04-30 20:10:44,928 	Source:     4
2020-04-30 20:10:44,928 	Reference:  4
2020-04-30 20:10:44,928 	Hypothesis: 4
2020-04-30 20:10:44,928 Validation result (greedy) at epoch   4, step      340: bleu: 100.00, loss:  15.3730, ppl:   1.0614, duration: 0.2182s
2020-04-30 20:10:46,205 Epoch   4 Step:      350 Batch Loss:     0.347454 Tokens per Sec:      212, Lr: 0.000500
2020-04-30 20:10:46,584 Example #0
2020-04-30 20:10:46,585 	Raw source:     ['3']
2020-04-30 20:10:46,585 	Raw hypothesis: ['3']
2020-04-30 20:10:46,585 	Source:     3
2020-04-30 20:10:46,585 	Reference:  3
2020-04-30 20:10:46,586 	Hypothesis: 3
2020-04-30 20:10:46,586 Example #3
2020-04-30 20:10:46,586 	Raw source:     ['4', '3']
2020-04-30 20:10:46,586 	Raw hypothesis: ['3', '4']
2020-04-30 20:10:46,587 	Source:     4 3
2020-04-30 20:10:46,587 	Reference:  3 4
2020-04-30 20:10:46,587 	Hypothesis: 3 4
2020-04-30 20:10:46,587 Example #6
2020-04-30 20:10:46,587 	Raw source:     ['4']
2020-04-30 20:10:46,587 	Raw hypothesis: ['4']
2020-04-30 20:10:46,588 	Source:     4
2020-04-30 20:10:46,588 	Reference:  4
2020-04-30 20:10:46,588 	Hypothesis: 4
2020-04-30 20:10:46,588 Validation result (greedy) at epoch   4, step      350: bleu: 100.00, loss:  14.0532, ppl:   1.0560, duration: 0.3812s
2020-04-30 20:10:48,418 Epoch   4 Step:      360 Batch Loss:     0.095067 Tokens per Sec:      126, Lr: 0.000500
2020-04-30 20:10:48,612 Example #0
2020-04-30 20:10:48,613 	Raw source:     ['3']
2020-04-30 20:10:48,613 	Raw hypothesis: ['3']
2020-04-30 20:10:48,613 	Source:     3
2020-04-30 20:10:48,613 	Reference:  3
2020-04-30 20:10:48,613 	Hypothesis: 3
2020-04-30 20:10:48,613 Example #3
2020-04-30 20:10:48,613 	Raw source:     ['4', '3']
2020-04-30 20:10:48,613 	Raw hypothesis: ['3', '4']
2020-04-30 20:10:48,613 	Source:     4 3
2020-04-30 20:10:48,613 	Reference:  3 4
2020-04-30 20:10:48,613 	Hypothesis: 3 4
2020-04-30 20:10:48,614 Example #6
2020-04-30 20:10:48,614 	Raw source:     ['4']
2020-04-30 20:10:48,614 	Raw hypothesis: ['4']
2020-04-30 20:10:48,614 	Source:     4
2020-04-30 20:10:48,614 	Reference:  4
2020-04-30 20:10:48,614 	Hypothesis: 4
2020-04-30 20:10:48,614 Validation result (greedy) at epoch   4, step      360: bleu: 100.00, loss:  13.4211, ppl:   1.0534, duration: 0.1956s
2020-04-30 20:10:49,996 Epoch   4 Step:      370 Batch Loss:     0.088570 Tokens per Sec:      159, Lr: 0.000500
2020-04-30 20:10:50,264 Example #0
2020-04-30 20:10:50,264 	Raw source:     ['3']
2020-04-30 20:10:50,264 	Raw hypothesis: ['3']
2020-04-30 20:10:50,264 	Source:     3
2020-04-30 20:10:50,264 	Reference:  3
2020-04-30 20:10:50,264 	Hypothesis: 3
2020-04-30 20:10:50,264 Example #3
2020-04-30 20:10:50,264 	Raw source:     ['4', '3']
2020-04-30 20:10:50,265 	Raw hypothesis: ['3', '4']
2020-04-30 20:10:50,265 	Source:     4 3
2020-04-30 20:10:50,265 	Reference:  3 4
2020-04-30 20:10:50,265 	Hypothesis: 3 4
2020-04-30 20:10:50,265 Example #6
2020-04-30 20:10:50,265 	Raw source:     ['4']
2020-04-30 20:10:50,265 	Raw hypothesis: ['4']
2020-04-30 20:10:50,265 	Source:     4
2020-04-30 20:10:50,265 	Reference:  4
2020-04-30 20:10:50,265 	Hypothesis: 4
2020-04-30 20:10:50,266 Validation result (greedy) at epoch   4, step      370: bleu: 100.00, loss:  12.4090, ppl:   1.0493, duration: 0.2692s
2020-04-30 20:10:51,440 Epoch   4 Step:      380 Batch Loss:     0.286634 Tokens per Sec:      221, Lr: 0.000500
2020-04-30 20:10:51,641 Example #0
2020-04-30 20:10:51,642 	Raw source:     ['3']
2020-04-30 20:10:51,642 	Raw hypothesis: ['3']
2020-04-30 20:10:51,642 	Source:     3
2020-04-30 20:10:51,642 	Reference:  3
2020-04-30 20:10:51,642 	Hypothesis: 3
2020-04-30 20:10:51,642 Example #3
2020-04-30 20:10:51,643 	Raw source:     ['4', '3']
2020-04-30 20:10:51,643 	Raw hypothesis: ['3', '4']
2020-04-30 20:10:51,643 	Source:     4 3
2020-04-30 20:10:51,643 	Reference:  3 4
2020-04-30 20:10:51,643 	Hypothesis: 3 4
2020-04-30 20:10:51,643 Example #6
2020-04-30 20:10:51,643 	Raw source:     ['4']
2020-04-30 20:10:51,644 	Raw hypothesis: ['4']
2020-04-30 20:10:51,644 	Source:     4
2020-04-30 20:10:51,644 	Reference:  4
2020-04-30 20:10:51,649 	Hypothesis: 4
2020-04-30 20:10:51,649 Validation result (greedy) at epoch   4, step      380: bleu: 100.00, loss:  11.5531, ppl:   1.0458, duration: 0.2086s
2020-04-30 20:10:52,968 Epoch   4 Step:      390 Batch Loss:     0.338216 Tokens per Sec:      197, Lr: 0.000500
2020-04-30 20:10:53,274 Example #0
2020-04-30 20:10:53,275 	Raw source:     ['3']
2020-04-30 20:10:53,275 	Raw hypothesis: ['3']
2020-04-30 20:10:53,275 	Source:     3
2020-04-30 20:10:53,275 	Reference:  3
2020-04-30 20:10:53,275 	Hypothesis: 3
2020-04-30 20:10:53,275 Example #3
2020-04-30 20:10:53,276 	Raw source:     ['4', '3']
2020-04-30 20:10:53,276 	Raw hypothesis: ['3', '4']
2020-04-30 20:10:53,276 	Source:     4 3
2020-04-30 20:10:53,276 	Reference:  3 4
2020-04-30 20:10:53,276 	Hypothesis: 3 4
2020-04-30 20:10:53,276 Example #6
2020-04-30 20:10:53,277 	Raw source:     ['4']
2020-04-30 20:10:53,277 	Raw hypothesis: ['4']
2020-04-30 20:10:53,277 	Source:     4
2020-04-30 20:10:53,277 	Reference:  4
2020-04-30 20:10:53,277 	Hypothesis: 4
2020-04-30 20:10:53,277 Validation result (greedy) at epoch   4, step      390: bleu: 100.00, loss:  10.5058, ppl:   1.0416, duration: 0.3089s
2020-04-30 20:10:54,618 Epoch   4 Step:      400 Batch Loss:     0.270473 Tokens per Sec:      201, Lr: 0.000250
2020-04-30 20:10:54,872 Example #0
2020-04-30 20:10:54,872 	Raw source:     ['3']
2020-04-30 20:10:54,872 	Raw hypothesis: ['3']
2020-04-30 20:10:54,872 	Source:     3
2020-04-30 20:10:54,873 	Reference:  3
2020-04-30 20:10:54,873 	Hypothesis: 3
2020-04-30 20:10:54,873 Example #3
2020-04-30 20:10:54,873 	Raw source:     ['4', '3']
2020-04-30 20:10:54,873 	Raw hypothesis: ['3', '4']
2020-04-30 20:10:54,873 	Source:     4 3
2020-04-30 20:10:54,873 	Reference:  3 4
2020-04-30 20:10:54,874 	Hypothesis: 3 4
2020-04-30 20:10:54,874 Example #6
2020-04-30 20:10:54,874 	Raw source:     ['4']
2020-04-30 20:10:54,874 	Raw hypothesis: ['4']
2020-04-30 20:10:54,874 	Source:     4
2020-04-30 20:10:54,874 	Reference:  4
2020-04-30 20:10:54,874 	Hypothesis: 4
2020-04-30 20:10:54,874 Validation result (greedy) at epoch   4, step      400: bleu: 100.00, loss:  10.1756, ppl:   1.0402, duration: 0.2562s
2020-04-30 20:10:55,821 Epoch   4: total training loss 20.86
2020-04-30 20:10:55,821 EPOCH 5
2020-04-30 20:10:56,217 Epoch   5 Step:      410 Batch Loss:     0.043373 Tokens per Sec:      614, Lr: 0.000250
2020-04-30 20:10:56,432 Example #0
2020-04-30 20:10:56,432 	Raw source:     ['3']
2020-04-30 20:10:56,432 	Raw hypothesis: ['3']
2020-04-30 20:10:56,432 	Source:     3
2020-04-30 20:10:56,432 	Reference:  3
2020-04-30 20:10:56,432 	Hypothesis: 3
2020-04-30 20:10:56,433 Example #3
2020-04-30 20:10:56,433 	Raw source:     ['4', '3']
2020-04-30 20:10:56,433 	Raw hypothesis: ['3', '4']
2020-04-30 20:10:56,433 	Source:     4 3
2020-04-30 20:10:56,433 	Reference:  3 4
2020-04-30 20:10:56,433 	Hypothesis: 3 4
2020-04-30 20:10:56,433 Example #6
2020-04-30 20:10:56,433 	Raw source:     ['4']
2020-04-30 20:10:56,433 	Raw hypothesis: ['4']
2020-04-30 20:10:56,433 	Source:     4
2020-04-30 20:10:56,434 	Reference:  4
2020-04-30 20:10:56,434 	Hypothesis: 4
2020-04-30 20:10:56,434 Validation result (greedy) at epoch   5, step      410: bleu: 100.00, loss:   9.7293, ppl:   1.0384, duration: 0.2159s
