2020-04-25 13:25:31,329 Hello! This is Joey-NMT.
2020-04-25 13:25:31,330 cfg.name                           : reverse_experiment
2020-04-25 13:25:31,330 cfg.data.src                       : src
2020-04-25 13:25:31,331 cfg.data.trg                       : trg
2020-04-25 13:25:31,331 cfg.data.train                     : test/data/mini_reverse/train
2020-04-25 13:25:31,332 cfg.data.dev                       : test/data/mini_reverse/dev
2020-04-25 13:25:31,333 cfg.data.test                      : test/data/mini_reverse/test
2020-04-25 13:25:31,333 cfg.data.level                     : word
2020-04-25 13:25:31,334 cfg.data.lowercase                 : False
2020-04-25 13:25:31,334 cfg.data.max_sent_length           : 25
2020-04-25 13:25:31,335 cfg.data.src_voc_min_freq          : 0
2020-04-25 13:25:31,335 cfg.data.src_voc_limit             : 100
2020-04-25 13:25:31,337 cfg.data.trg_voc_min_freq          : 0
2020-04-25 13:25:31,337 cfg.data.trg_voc_limit             : 100
2020-04-25 13:25:31,338 cfg.testing.beam_size              : 1
2020-04-25 13:25:31,338 cfg.testing.alpha                  : 1.0
2020-04-25 13:25:31,338 cfg.training.random_seed           : 42
2020-04-25 13:25:31,339 cfg.training.optimizer             : adam
2020-04-25 13:25:31,340 cfg.training.learning_rate         : 0.001
2020-04-25 13:25:31,340 cfg.training.learning_rate_min     : 0.0002
2020-04-25 13:25:31,340 cfg.training.weight_decay          : 0.0
2020-04-25 13:25:31,341 cfg.training.clip_grad_norm        : 1.0
2020-04-25 13:25:31,341 cfg.training.batch_size            : 10
2020-04-25 13:25:31,342 cfg.training.batch_type            : sentence
2020-04-25 13:25:31,342 cfg.training.scheduling            : plateau
2020-04-25 13:25:31,343 cfg.training.patience              : 5
2020-04-25 13:25:31,343 cfg.training.decrease_factor       : 0.5
2020-04-25 13:25:31,345 cfg.training.early_stopping_metric : eval_metric
2020-04-25 13:25:31,345 cfg.training.epochs                : 10
2020-04-25 13:25:31,346 cfg.training.validation_freq       : 10
2020-04-25 13:25:31,346 cfg.training.logging_freq          : 10
2020-04-25 13:25:31,347 cfg.training.eval_metric           : bleu
2020-04-25 13:25:31,347 cfg.training.model_dir             : mini_reverse_model
2020-04-25 13:25:31,352 cfg.training.overwrite             : True
2020-04-25 13:25:31,352 cfg.training.shuffle               : True
2020-04-25 13:25:31,353 cfg.training.use_cuda              : False
2020-04-25 13:25:31,353 cfg.training.max_output_length     : 10
2020-04-25 13:25:31,354 cfg.training.print_valid_sents     : [0, 3, 6]
2020-04-25 13:25:31,354 cfg.training.keep_last_ckpts       : 2
2020-04-25 13:25:31,355 cfg.model.initializer              : xavier
2020-04-25 13:25:31,356 cfg.model.embed_initializer        : normal
2020-04-25 13:25:31,356 cfg.model.embed_init_weight        : 0.1
2020-04-25 13:25:31,358 cfg.model.bias_initializer         : zeros
2020-04-25 13:25:31,358 cfg.model.init_rnn_orthogonal      : False
2020-04-25 13:25:31,359 cfg.model.lstm_forget_gate         : 0.0
2020-04-25 13:25:31,359 cfg.model.encoder.rnn_type         : lstm
2020-04-25 13:25:31,360 cfg.model.encoder.embeddings.embedding_dim : 16
2020-04-25 13:25:31,361 cfg.model.encoder.embeddings.scale : False
2020-04-25 13:25:31,361 cfg.model.encoder.hidden_size      : 24
2020-04-25 13:25:31,362 cfg.model.encoder.bidirectional    : True
2020-04-25 13:25:31,363 cfg.model.encoder.dropout          : 0.1
2020-04-25 13:25:31,363 cfg.model.encoder.num_layers       : 1
2020-04-25 13:25:31,364 cfg.model.decoder.rnn_type         : lstm
2020-04-25 13:25:31,365 cfg.model.decoder.embeddings.embedding_dim : 16
2020-04-25 13:25:31,366 cfg.model.decoder.embeddings.scale : False
2020-04-25 13:25:31,366 cfg.model.decoder.hidden_size      : 24
2020-04-25 13:25:31,367 cfg.model.decoder.dropout          : 0.1
2020-04-25 13:25:31,367 cfg.model.decoder.hidden_dropout   : 0.1
2020-04-25 13:25:31,368 cfg.model.decoder.num_layers       : 1
2020-04-25 13:25:31,368 cfg.model.decoder.input_feeding    : True
2020-04-25 13:25:31,368 cfg.model.decoder.init_hidden      : bridge
2020-04-25 13:25:31,369 cfg.model.decoder.attention        : luong
2020-04-25 13:25:31,369 cfg.dqn.epochs                     : 500
2020-04-25 13:25:31,370 cfg.dqn.sample_size                : 256
2020-04-25 13:25:31,370 cfg.dqn.lr                         : 5e-05
2020-04-25 13:25:31,371 cfg.dqn.egreed_max                 : 0.9
2020-04-25 13:25:31,371 cfg.dqn.egreed_min                 : 0.001
2020-04-25 13:25:31,372 cfg.dqn.gamma_max                  : 0.9
2020-04-25 13:25:31,372 cfg.dqn.gamma_min                  : 0.3
2020-04-25 13:25:31,373 cfg.dqn.nu_iter                    : 300
2020-04-25 13:25:31,373 cfg.dqn.mem_cap                    : 5000
2020-04-25 13:25:31,374 cfg.dqn.beam_min                   : 1
2020-04-25 13:25:31,374 cfg.dqn.beam_max                   : 50
2020-04-25 13:25:31,375 cfg.dqn.state_type                 : hidden
2020-04-25 13:25:31,375 cfg.dqn.reward_type                : bleu_batch
2020-04-25 13:25:31,376 cfg.dqn.nu_pretrain                : 0
2020-04-25 13:25:31,376 cfg.dqn.other_descrip              : _100_LSTM_
2020-04-25 13:25:31,377 We are using the reward named: bleu_batch
2020-04-25 13:25:31,378 As states we set the : hidden
2020-04-25 13:25:31,379 EPOCH 1
2020-04-25 13:25:31,382  beam_dqn : 1, egreed: 0.90, gamma:  0.84
2020-04-25 13:25:38,808 EPOCH 2
2020-04-25 13:25:38,810  beam_dqn : 1, egreed: 0.90, gamma:  0.84
2020-04-25 13:25:45,305 EPOCH 3
2020-04-25 13:25:45,306  beam_dqn : 1, egreed: 0.90, gamma:  0.84
2020-04-25 13:25:45,386  As referece this first test on dev data. Is maded with the Q networks, initialized randomly : 
2020-04-25 13:25:45,876 Currently on the prediction.
2020-04-25 13:25:50,974 Optimal reward is: 99493.00
2020-04-25 13:25:51,016 On train
2020-04-25 13:25:51,017 valid_references 	 vs 	 predicted_hypotheses
2020-04-25 13:25:51,017  3	 vs <s> 3 <s> <s> <s> <s> <s> <s> <s> <s>	
2020-04-25 13:25:51,018  2	 vs <s> 0 0 <s> <s> <s> <s> <s> <s> <s>	
2020-04-25 13:25:51,018  1 0	 vs <s> <s> <s> <s> <s> <s> <s> <s> <s> <s>	
2020-04-25 13:25:51,018  1	 vs <s> 0 <s> <s> <s> <s> <s> <s> <s> <s>	
2020-04-25 13:25:51,019  2	 vs <s> <s> <s> <s> <s> <s> <s> <s> <s> <s>	
2020-04-25 13:25:51,019  4	 vs 0 0 <s> <s> <s> <s> <s> <s> <s> <s>	
2020-04-25 13:25:51,019  4 2	 vs 0 <s> <s> <s> <s> <s> <s> <s> <s> <s>	
2020-04-25 13:25:51,020  1 3	 vs 0 0 <s> <s> <s> <s> <s> <s> <s> <s>	
2020-04-25 13:25:51,020  4 3	 vs 0 <s> <s> <s> <s> <s> <s> <s> <s> <s>	
2020-04-25 13:25:51,020  3	 vs <s> <s> <s> <s> <s> <s> <s> <s> <s> <s>	
2020-04-25 13:25:51,311 r_total: 0.00 
2020-04-25 13:25:51,316 bleu score: 0.00
2020-04-25 13:26:05,163 EPOCH 4
2020-04-25 13:26:05,166  beam_dqn : 1, egreed: 0.90, gamma:  0.84
2020-04-25 13:26:19,935 EPOCH 5
2020-04-25 13:26:19,936  beam_dqn : 1, egreed: 0.90, gamma:  0.84
2020-04-25 13:26:34,042 EPOCH 6
2020-04-25 13:26:34,042  beam_dqn : 1, egreed: 0.89, gamma:  0.84
2020-04-25 13:26:34,101  Copying the Q-Val on Q-tar on step: 1 
2020-04-25 13:26:34,193 Currently on the prediction.
2020-04-25 13:26:40,346 On train
2020-04-25 13:26:40,347 valid_references 	 vs 	 predicted_hypotheses
2020-04-25 13:26:40,347  3	 vs 0 0	
2020-04-25 13:26:40,347  2	 vs 3 3 3 3 3 3 3	
2020-04-25 13:26:40,347  1 0	 vs 3 3 3	
2020-04-25 13:26:40,347  1	 vs 3 3 3 3 3 3 3 3	
2020-04-25 13:26:40,348  2	 vs 3	
2020-04-25 13:26:40,348  4	 vs 0 3	
2020-04-25 13:26:40,348  4 2	 vs 3 3	
2020-04-25 13:26:40,348  1 3	 vs 0 3	
2020-04-25 13:26:40,348  4 3	 vs 3 3	
2020-04-25 13:26:40,348  3	 vs 3	
2020-04-25 13:26:40,537 r_total: -3718.00 
2020-04-25 13:26:40,537 bleu score: 0.00
2020-04-25 13:26:54,000 EPOCH 7
2020-04-25 13:26:54,001  beam_dqn : 1, egreed: 0.89, gamma:  0.84
2020-04-25 13:27:03,612 EPOCH 8
2020-04-25 13:27:03,613  beam_dqn : 1, egreed: 0.89, gamma:  0.84
2020-04-25 13:27:14,138 EPOCH 9
2020-04-25 13:27:14,138  beam_dqn : 1, egreed: 0.89, gamma:  0.84
2020-04-25 13:27:14,174  Copying the Q-Val on Q-tar on step: 2 
2020-04-25 13:27:14,203 Currently on the prediction.
2020-04-25 13:27:17,241 On train
2020-04-25 13:27:17,241 valid_references 	 vs 	 predicted_hypotheses
2020-04-25 13:27:17,242  3	 vs 0 0	
2020-04-25 13:27:17,242  2	 vs 0	
2020-04-25 13:27:17,242  1 0	 vs 0	
2020-04-25 13:27:17,242  1	 vs 4	
2020-04-25 13:27:17,242  2	 vs 	
2020-04-25 13:27:17,242  4	 vs 0	
2020-04-25 13:27:17,242  4 2	 vs 4	
2020-04-25 13:27:17,242  1 3	 vs 0	
2020-04-25 13:27:17,242  4 3	 vs 	
2020-04-25 13:27:17,243  3	 vs 	
2020-04-25 13:27:17,270 r_total: 4637.08 
2020-04-25 13:27:17,270 bleu score: 4.52
2020-04-25 13:27:27,262 EPOCH 10
2020-04-25 13:27:27,262  beam_dqn : 1, egreed: 0.89, gamma:  0.84
2020-04-25 13:27:36,857 EPOCH 11
2020-04-25 13:27:36,859  beam_dqn : 1, egreed: 0.89, gamma:  0.84
2020-04-25 13:27:46,839 EPOCH 12
2020-04-25 13:27:46,841  beam_dqn : 1, egreed: 0.89, gamma:  0.84
2020-04-25 13:27:46,887  Copying the Q-Val on Q-tar on step: 3 
2020-04-25 13:27:46,922 Currently on the prediction.
2020-04-25 13:27:48,783 On train
2020-04-25 13:27:48,783 valid_references 	 vs 	 predicted_hypotheses
2020-04-25 13:27:48,783  3	 vs 0 0	
2020-04-25 13:27:48,783  2	 vs 4 4	
2020-04-25 13:27:48,783  1 0	 vs 4 4	
2020-04-25 13:27:48,783  1	 vs 4 4	
2020-04-25 13:27:48,783  2	 vs 4	
2020-04-25 13:27:48,783  4	 vs 0	
2020-04-25 13:27:48,784  4 2	 vs 4	
2020-04-25 13:27:48,784  1 3	 vs 0	
2020-04-25 13:27:48,784  4 3	 vs 4	
2020-04-25 13:27:48,784  3	 vs 4	
2020-04-25 13:27:48,813 r_total: 11092.24 
2020-04-25 13:27:48,813 bleu score: 9.15
2020-04-25 13:28:00,130 EPOCH 13
2020-04-25 13:28:00,132  beam_dqn : 1, egreed: 0.89, gamma:  0.84
2020-04-25 13:28:09,716 EPOCH 14
2020-04-25 13:28:09,718  beam_dqn : 1, egreed: 0.89, gamma:  0.84
2020-04-25 13:28:19,642 EPOCH 15
2020-04-25 13:28:19,643  beam_dqn : 1, egreed: 0.89, gamma:  0.84
2020-04-25 13:28:19,708  Copying the Q-Val on Q-tar on step: 4 
2020-04-25 13:28:19,759 Currently on the prediction.
2020-04-25 13:28:21,948 On train
2020-04-25 13:28:21,948 valid_references 	 vs 	 predicted_hypotheses
2020-04-25 13:28:21,949  3	 vs 0 0	
2020-04-25 13:28:21,949  2	 vs 4 4 4	
2020-04-25 13:28:21,950  1 0	 vs 4 4 4	
2020-04-25 13:28:21,950  1	 vs 4 4 4	
2020-04-25 13:28:21,950  2	 vs 4 4	
2020-04-25 13:28:21,951  4	 vs 4 4	
2020-04-25 13:28:21,951  4 2	 vs 4 4	
2020-04-25 13:28:21,952  1 3	 vs 4 4	
2020-04-25 13:28:21,952  4 3	 vs 4 4	
2020-04-25 13:28:21,953  3	 vs 4 4	
2020-04-25 13:28:22,089 r_total: -601.00 
2020-04-25 13:28:22,090 bleu score: 0.00
2020-04-25 13:28:32,796 EPOCH 16
2020-04-25 13:28:32,797  beam_dqn : 1, egreed: 0.89, gamma:  0.84
2020-04-25 13:28:42,114 EPOCH 17
2020-04-25 13:28:42,114  beam_dqn : 1, egreed: 0.88, gamma:  0.84
2020-04-25 13:28:51,791 EPOCH 18
2020-04-25 13:28:51,792  beam_dqn : 1, egreed: 0.88, gamma:  0.84
2020-04-25 13:28:51,844  Copying the Q-Val on Q-tar on step: 5 
2020-04-25 13:28:51,876 Currently on the prediction.
2020-04-25 13:28:54,386 On train
2020-04-25 13:28:54,386 valid_references 	 vs 	 predicted_hypotheses
2020-04-25 13:28:54,386  3	 vs 0 0	
2020-04-25 13:28:54,386  2	 vs 0 0	
2020-04-25 13:28:54,386  1 0	 vs 0	
2020-04-25 13:28:54,387  1	 vs 0	
2020-04-25 13:28:54,387  2	 vs 0	
2020-04-25 13:28:54,387  4	 vs 0	
2020-04-25 13:28:54,387  4 2	 vs 0	
2020-04-25 13:28:54,387  1 3	 vs 0	
2020-04-25 13:28:54,387  4 3	 vs 	
2020-04-25 13:28:54,387  3	 vs 0	
2020-04-25 13:28:54,526 r_total: 1953.07 
2020-04-25 13:28:54,527 bleu score: 5.11
2020-04-25 13:29:05,897 EPOCH 19
2020-04-25 13:29:05,898  beam_dqn : 1, egreed: 0.88, gamma:  0.84
2020-04-25 13:29:15,363 EPOCH 20
2020-04-25 13:29:15,363  beam_dqn : 1, egreed: 0.88, gamma:  0.84
2020-04-25 13:29:26,607 EPOCH 21
2020-04-25 13:29:26,622  beam_dqn : 1, egreed: 0.88, gamma:  0.84
2020-04-25 13:29:26,920  Copying the Q-Val on Q-tar on step: 6 
2020-04-25 13:29:26,989 Currently on the prediction.
2020-04-25 13:29:28,941 On train
2020-04-25 13:29:28,941 valid_references 	 vs 	 predicted_hypotheses
2020-04-25 13:29:28,942  3	 vs 0 0	
2020-04-25 13:29:28,942  2	 vs 0 0	
2020-04-25 13:29:28,942  1 0	 vs 0 0	
2020-04-25 13:29:28,942  1	 vs 0 0	
2020-04-25 13:29:28,942  2	 vs 0 0	
2020-04-25 13:29:28,942  4	 vs 0 0	
2020-04-25 13:29:28,942  4 2	 vs 0 0	
2020-04-25 13:29:28,942  1 3	 vs 0 0	
2020-04-25 13:29:28,943  4 3	 vs 0	
2020-04-25 13:29:28,943  3	 vs 0 0	
2020-04-25 13:29:28,984 r_total: 1678.30 
2020-04-25 13:29:28,984 bleu score: 5.61
2020-04-25 13:29:39,153 EPOCH 22
2020-04-25 13:29:39,154  beam_dqn : 1, egreed: 0.88, gamma:  0.84
2020-04-25 13:29:49,749 EPOCH 23
2020-04-25 13:29:49,751  beam_dqn : 1, egreed: 0.88, gamma:  0.84
2020-04-25 13:30:01,122 EPOCH 24
2020-04-25 13:30:01,124  beam_dqn : 1, egreed: 0.88, gamma:  0.84
2020-04-25 13:30:01,237  Copying the Q-Val on Q-tar on step: 7 
2020-04-25 13:30:01,274 Currently on the prediction.
2020-04-25 13:30:03,269 On train
2020-04-25 13:30:03,269 valid_references 	 vs 	 predicted_hypotheses
2020-04-25 13:30:03,270  3	 vs 4 4	
2020-04-25 13:30:03,270  2	 vs 4 1	
2020-04-25 13:30:03,270  1 0	 vs 4 1	
2020-04-25 13:30:03,270  1	 vs 4 1	
2020-04-25 13:30:03,270  2	 vs 4	
2020-04-25 13:30:03,270  4	 vs 4	
2020-04-25 13:30:03,270  4 2	 vs 1	
2020-04-25 13:30:03,270  1 3	 vs 4	
2020-04-25 13:30:03,270  4 3	 vs 4	
2020-04-25 13:30:03,271  3	 vs 4	
2020-04-25 13:30:03,293 r_total: 4388.50 
2020-04-25 13:30:03,293 bleu score: 7.39
2020-04-25 13:30:13,829 EPOCH 25
2020-04-25 13:30:13,830  beam_dqn : 1, egreed: 0.88, gamma:  0.84
2020-04-25 13:30:23,434 EPOCH 26
2020-04-25 13:30:23,436  beam_dqn : 1, egreed: 0.88, gamma:  0.84
2020-04-25 13:30:33,979 EPOCH 27
2020-04-25 13:30:33,979  beam_dqn : 1, egreed: 0.88, gamma:  0.84
2020-04-25 13:30:34,034  Copying the Q-Val on Q-tar on step: 8 
2020-04-25 13:30:34,071 Currently on the prediction.
2020-04-25 13:30:37,309 On train
2020-04-25 13:30:37,310 valid_references 	 vs 	 predicted_hypotheses
2020-04-25 13:30:37,310  3	 vs 4 4 2	
2020-04-25 13:30:37,310  2	 vs 4 4 2	
2020-04-25 13:30:37,310  1 0	 vs 4 4 2	
2020-04-25 13:30:37,310  1	 vs 4 4 2	
2020-04-25 13:30:37,310  2	 vs 4 2	
2020-04-25 13:30:37,310  4	 vs 4 1 2	
2020-04-25 13:30:37,310  4 2	 vs 4 1	
2020-04-25 13:30:37,310  1 3	 vs 4 1 2	
2020-04-25 13:30:37,310  4 3	 vs 4 2	
2020-04-25 13:30:37,310  3	 vs 4 2	
2020-04-25 13:30:37,346 r_total: -752.00 
2020-04-25 13:30:37,346 bleu score: 0.00
2020-04-25 13:30:47,380 EPOCH 28
2020-04-25 13:30:47,380  beam_dqn : 1, egreed: 0.88, gamma:  0.84
2020-04-25 13:30:56,503 EPOCH 29
2020-04-25 13:30:56,504  beam_dqn : 1, egreed: 0.87, gamma:  0.84
2020-04-25 13:31:05,918 EPOCH 30
2020-04-25 13:31:05,920  beam_dqn : 1, egreed: 0.87, gamma:  0.84
2020-04-25 13:31:06,057  Copying the Q-Val on Q-tar on step: 9 
2020-04-25 13:31:06,160 Currently on the prediction.
2020-04-25 13:31:08,601 On train
2020-04-25 13:31:08,601 valid_references 	 vs 	 predicted_hypotheses
2020-04-25 13:31:08,601  3	 vs 4 4	
2020-04-25 13:31:08,601  2	 vs 4 4 1	
2020-04-25 13:31:08,601  1 0	 vs 4 4	
2020-04-25 13:31:08,602  1	 vs 4 4	
2020-04-25 13:31:08,602  2	 vs 4 1	
2020-04-25 13:31:08,602  4	 vs 4 1	
2020-04-25 13:31:08,602  4 2	 vs 4 1	
2020-04-25 13:31:08,602  1 3	 vs 4 1	
2020-04-25 13:31:08,602  4 3	 vs 4	
2020-04-25 13:31:08,602  3	 vs 4 1	
2020-04-25 13:31:08,627 r_total: -930.00 
2020-04-25 13:31:08,628 bleu score: 0.00
2020-04-25 13:31:16,156 EPOCH 31
2020-04-25 13:31:16,157  beam_dqn : 1, egreed: 0.87, gamma:  0.84
2020-04-25 13:31:27,004 EPOCH 32
2020-04-25 13:31:27,005  beam_dqn : 1, egreed: 0.87, gamma:  0.84
2020-04-25 13:31:36,850 EPOCH 33
2020-04-25 13:31:36,850  beam_dqn : 1, egreed: 0.87, gamma:  0.84
2020-04-25 13:31:36,986  Copying the Q-Val on Q-tar on step: 10 
2020-04-25 13:31:37,036 Currently on the prediction.
2020-04-25 13:31:39,129 On train
2020-04-25 13:31:39,130 valid_references 	 vs 	 predicted_hypotheses
2020-04-25 13:31:39,130  3	 vs 4 4	
2020-04-25 13:31:39,130  2	 vs 4 4 3	
2020-04-25 13:31:39,130  1 0	 vs 4 4 3	
2020-04-25 13:31:39,130  1	 vs 4 4 3	
2020-04-25 13:31:39,130  2	 vs 4 3	
2020-04-25 13:31:39,130  4	 vs 4 3	
2020-04-25 13:31:39,130  4 2	 vs 4 3	
2020-04-25 13:31:39,130  1 3	 vs 4 3	
2020-04-25 13:31:39,130  4 3	 vs 4	
2020-04-25 13:31:39,130  3	 vs 4 3	
2020-04-25 13:31:39,157 r_total: -769.00 
2020-04-25 13:31:39,157 bleu score: 0.00
2020-04-25 13:31:49,263 EPOCH 34
2020-04-25 13:31:49,265  beam_dqn : 1, egreed: 0.87, gamma:  0.84
2020-04-25 13:32:01,642 EPOCH 35
2020-04-25 13:32:01,643  beam_dqn : 1, egreed: 0.87, gamma:  0.84
2020-04-25 13:32:13,887 EPOCH 36
2020-04-25 13:32:13,887  beam_dqn : 1, egreed: 0.87, gamma:  0.84
2020-04-25 13:32:13,960  Copying the Q-Val on Q-tar on step: 11 
2020-04-25 13:32:14,004 Currently on the prediction.
2020-04-25 13:32:17,035 On train
2020-04-25 13:32:17,035 valid_references 	 vs 	 predicted_hypotheses
2020-04-25 13:32:17,035  3	 vs 4 4	
2020-04-25 13:32:17,035  2	 vs 4 4 4	
2020-04-25 13:32:17,035  1 0	 vs 4 4	
2020-04-25 13:32:17,035  1	 vs 4 4	
2020-04-25 13:32:17,035  2	 vs 4 4	
2020-04-25 13:32:17,036  4	 vs 4 4	
2020-04-25 13:32:17,036  4 2	 vs 4 4	
2020-04-25 13:32:17,036  1 3	 vs 4 4	
2020-04-25 13:32:17,036  4 3	 vs 4	
2020-04-25 13:32:17,036  3	 vs 4 4	
2020-04-25 13:32:17,065 r_total: -930.00 
2020-04-25 13:32:17,065 bleu score: 0.00
2020-04-25 13:32:27,901 EPOCH 37
2020-04-25 13:32:27,901  beam_dqn : 1, egreed: 0.87, gamma:  0.84
2020-04-25 13:32:36,757 EPOCH 38
2020-04-25 13:32:36,758  beam_dqn : 1, egreed: 0.87, gamma:  0.84
2020-04-25 13:32:48,591 EPOCH 39
2020-04-25 13:32:48,592  beam_dqn : 1, egreed: 0.87, gamma:  0.84
2020-04-25 13:32:48,621  Copying the Q-Val on Q-tar on step: 12 
2020-04-25 13:32:48,647 Currently on the prediction.
2020-04-25 13:32:51,325 On train
2020-04-25 13:32:51,325 valid_references 	 vs 	 predicted_hypotheses
2020-04-25 13:32:51,326  3	 vs 0 0	
2020-04-25 13:32:51,326  2	 vs 0 0	
2020-04-25 13:32:51,327  1 0	 vs 0 0	
2020-04-25 13:32:51,327  1	 vs 0 0	
2020-04-25 13:32:51,328  2	 vs 0	
2020-04-25 13:32:51,328  4	 vs 0	
2020-04-25 13:32:51,329  4 2	 vs 0	
2020-04-25 13:32:51,329  1 3	 vs 0	
2020-04-25 13:32:51,329  4 3	 vs 1	
2020-04-25 13:32:51,330  3	 vs 0	
2020-04-25 13:32:51,477 r_total: 2202.10 
2020-04-25 13:32:51,478 bleu score: 6.16
2020-04-25 13:33:02,262 EPOCH 40
2020-04-25 13:33:02,265  beam_dqn : 1, egreed: 0.86, gamma:  0.84
2020-04-25 13:33:12,226 EPOCH 41
2020-04-25 13:33:12,227  beam_dqn : 1, egreed: 0.86, gamma:  0.84
2020-04-25 13:33:23,363 EPOCH 42
2020-04-25 13:33:23,363  beam_dqn : 1, egreed: 0.86, gamma:  0.84
2020-04-25 13:33:23,410  Copying the Q-Val on Q-tar on step: 13 
2020-04-25 13:33:23,458 Currently on the prediction.
2020-04-25 13:33:26,954 On train
2020-04-25 13:33:26,955 valid_references 	 vs 	 predicted_hypotheses
2020-04-25 13:33:26,955  3	 vs 0 0	
2020-04-25 13:33:26,955  2	 vs 1 1 1	
2020-04-25 13:33:26,955  1 0	 vs 1 1 1	
2020-04-25 13:33:26,955  1	 vs 1 1 1	
2020-04-25 13:33:26,955  2	 vs 1 1	
2020-04-25 13:33:26,955  4	 vs 1 1	
2020-04-25 13:33:26,955  4 2	 vs 1 1	
2020-04-25 13:33:26,956  1 3	 vs 1 1	
2020-04-25 13:33:26,956  4 3	 vs 1 1	
2020-04-25 13:33:26,956  3	 vs 1 1	
2020-04-25 13:33:27,005 r_total: -344.03 
2020-04-25 13:33:27,006 bleu score: 0.00
2020-04-25 13:33:36,901 EPOCH 43
2020-04-25 13:33:36,902  beam_dqn : 1, egreed: 0.86, gamma:  0.84
2020-04-25 13:33:48,838 EPOCH 44
2020-04-25 13:33:48,839  beam_dqn : 1, egreed: 0.86, gamma:  0.84
2020-04-25 13:33:59,511 EPOCH 45
2020-04-25 13:33:59,512  beam_dqn : 1, egreed: 0.86, gamma:  0.84
2020-04-25 13:33:59,638  Copying the Q-Val on Q-tar on step: 14 
2020-04-25 13:33:59,713 Currently on the prediction.
2020-04-25 13:34:02,746 On train
2020-04-25 13:34:02,747 valid_references 	 vs 	 predicted_hypotheses
2020-04-25 13:34:02,747  3	 vs 0 0	
2020-04-25 13:34:02,748  2	 vs 0 0 3	
2020-04-25 13:34:02,748  1 0	 vs 0 0	
2020-04-25 13:34:02,749  1	 vs 0 0	
2020-04-25 13:34:02,749  2	 vs 0 3	
2020-04-25 13:34:02,750  4	 vs 0 3	
2020-04-25 13:34:02,750  4 2	 vs 0 3	
2020-04-25 13:34:02,751  1 3	 vs 0 3	
2020-04-25 13:34:02,751  4 3	 vs 0	
2020-04-25 13:34:02,752  3	 vs 0 3	
2020-04-25 13:34:02,906 r_total: -329.30 
2020-04-25 13:34:02,906 bleu score: 0.00
2020-04-25 13:34:14,466 EPOCH 46
2020-04-25 13:34:14,475  beam_dqn : 1, egreed: 0.86, gamma:  0.84
2020-04-25 13:34:25,123 EPOCH 47
2020-04-25 13:34:25,124  beam_dqn : 1, egreed: 0.86, gamma:  0.84
2020-04-25 13:34:36,731 EPOCH 48
2020-04-25 13:34:36,732  beam_dqn : 1, egreed: 0.86, gamma:  0.84
2020-04-25 13:34:36,811  Copying the Q-Val on Q-tar on step: 15 
2020-04-25 13:34:36,870 Currently on the prediction.
2020-04-25 13:34:39,332 On train
2020-04-25 13:34:39,332 valid_references 	 vs 	 predicted_hypotheses
2020-04-25 13:34:39,332  3	 vs 0 0	
2020-04-25 13:34:39,332  2	 vs 4 0 0	
2020-04-25 13:34:39,332  1 0	 vs 4 0	
2020-04-25 13:34:39,332  1	 vs 4 4	
2020-04-25 13:34:39,332  2	 vs 4 0	
2020-04-25 13:34:39,332  4	 vs 4 0	
2020-04-25 13:34:39,332  4 2	 vs 4 0	
2020-04-25 13:34:39,333  1 3	 vs 4 0	
2020-04-25 13:34:39,333  4 3	 vs 4	
2020-04-25 13:34:39,333  3	 vs 4 0	
2020-04-25 13:34:39,363 r_total: -96.09 
2020-04-25 13:34:39,363 bleu score: 0.00
2020-04-25 13:34:50,254 EPOCH 49
2020-04-25 13:34:50,256  beam_dqn : 1, egreed: 0.86, gamma:  0.84
2020-04-25 13:34:59,574 EPOCH 50
2020-04-25 13:34:59,576  beam_dqn : 1, egreed: 0.86, gamma:  0.84
2020-04-25 13:35:08,185 EPOCH 51
2020-04-25 13:35:08,186  beam_dqn : 1, egreed: 0.86, gamma:  0.84
2020-04-25 13:35:08,404  Copying the Q-Val on Q-tar on step: 16 
2020-04-25 13:35:08,494 Currently on the prediction.
2020-04-25 13:35:10,480 On train
2020-04-25 13:35:10,481 valid_references 	 vs 	 predicted_hypotheses
2020-04-25 13:35:10,481  3	 vs 4 4	
2020-04-25 13:35:10,481  2	 vs 4 4 4	
2020-04-25 13:35:10,481  1 0	 vs 4 4 2	
2020-04-25 13:35:10,481  1	 vs 4 4 2	
2020-04-25 13:35:10,481  2	 vs 4 2	
2020-04-25 13:35:10,481  4	 vs 4 4	
2020-04-25 13:35:10,482  4 2	 vs 4 4	
2020-04-25 13:35:10,482  1 3	 vs 4 4	
2020-04-25 13:35:10,482  4 3	 vs 4 2	
2020-04-25 13:35:10,482  3	 vs 4 2	
2020-04-25 13:35:10,514 r_total: -652.00 
2020-04-25 13:35:10,514 bleu score: 0.00
2020-04-25 13:35:21,133 EPOCH 52
2020-04-25 13:35:21,134  beam_dqn : 1, egreed: 0.85, gamma:  0.84
2020-04-25 13:35:32,119 EPOCH 53
2020-04-25 13:35:32,120  beam_dqn : 1, egreed: 0.85, gamma:  0.84
2020-04-25 13:35:44,045 EPOCH 54
2020-04-25 13:35:44,046  beam_dqn : 1, egreed: 0.85, gamma:  0.84
2020-04-25 13:35:44,087  Copying the Q-Val on Q-tar on step: 17 
2020-04-25 13:35:44,234 Currently on the prediction.
2020-04-25 13:35:46,488 On train
2020-04-25 13:35:46,488 valid_references 	 vs 	 predicted_hypotheses
2020-04-25 13:35:46,488  3	 vs 4 4	
2020-04-25 13:35:46,488  2	 vs 4 4 2	
2020-04-25 13:35:46,488  1 0	 vs 4 4	
2020-04-25 13:35:46,488  1	 vs 4 4	
2020-04-25 13:35:46,488  2	 vs 4 2	
2020-04-25 13:35:46,488  4	 vs 4 4	
2020-04-25 13:35:46,489  4 2	 vs 4 3	
2020-04-25 13:35:46,489  1 3	 vs 4 4	
2020-04-25 13:35:46,489  4 3	 vs 4	
2020-04-25 13:35:46,489  3	 vs 4 2	
2020-04-25 13:35:46,542 r_total: -927.00 
2020-04-25 13:35:46,542 bleu score: 0.00
2020-04-25 13:35:57,167 EPOCH 55
2020-04-25 13:35:57,167  beam_dqn : 1, egreed: 0.85, gamma:  0.84
2020-04-25 13:36:06,917 EPOCH 56
2020-04-25 13:36:06,919  beam_dqn : 1, egreed: 0.85, gamma:  0.84
2020-04-25 13:36:17,895 EPOCH 57
2020-04-25 13:36:17,896  beam_dqn : 1, egreed: 0.85, gamma:  0.84
2020-04-25 13:36:18,070  Copying the Q-Val on Q-tar on step: 18 
2020-04-25 13:36:18,225 Currently on the prediction.
2020-04-25 13:36:21,553 On train
2020-04-25 13:36:21,553 valid_references 	 vs 	 predicted_hypotheses
2020-04-25 13:36:21,559  3	 vs 4 4	
2020-04-25 13:36:21,560  2	 vs 4 4 2	
2020-04-25 13:36:21,560  1 0	 vs 4 4 2	
2020-04-25 13:36:21,561  1	 vs 4 4 2	
2020-04-25 13:36:21,564  2	 vs 4 2	
2020-04-25 13:36:21,565  4	 vs 4 4	
2020-04-25 13:36:21,565  4 2	 vs 4 2	
2020-04-25 13:36:21,566  1 3	 vs 4 4	
2020-04-25 13:36:21,566  4 3	 vs 4 2	
2020-04-25 13:36:21,567  3	 vs 4 2	
2020-04-25 13:36:21,612 r_total: -652.00 
2020-04-25 13:36:21,612 bleu score: 0.00
2020-04-25 13:36:33,270 EPOCH 58
2020-04-25 13:36:33,273  beam_dqn : 1, egreed: 0.85, gamma:  0.84
2020-04-25 13:36:44,272 EPOCH 59
2020-04-25 13:36:44,273  beam_dqn : 1, egreed: 0.85, gamma:  0.84
2020-04-25 13:36:55,659 EPOCH 60
2020-04-25 13:36:55,660  beam_dqn : 1, egreed: 0.85, gamma:  0.84
2020-04-25 13:36:55,733  Copying the Q-Val on Q-tar on step: 19 
2020-04-25 13:36:55,786 Currently on the prediction.
2020-04-25 13:36:59,132 On train
2020-04-25 13:36:59,133 valid_references 	 vs 	 predicted_hypotheses
2020-04-25 13:36:59,133  3	 vs 1 1	
2020-04-25 13:36:59,133  2	 vs 1 1 3	
2020-04-25 13:36:59,133  1 0	 vs 1 1	
2020-04-25 13:36:59,133  1	 vs 1 1	
2020-04-25 13:36:59,133  2	 vs 1 3	
2020-04-25 13:36:59,133  4	 vs 1 3	
2020-04-25 13:36:59,134  4 2	 vs 1 3	
2020-04-25 13:36:59,134  1 3	 vs 1 3	
2020-04-25 13:36:59,134  4 3	 vs 1	
2020-04-25 13:36:59,134  3	 vs 1 3	
2020-04-25 13:36:59,243 r_total: 1561.28 
2020-04-25 13:36:59,244 bleu score: 0.00
2020-04-25 13:37:11,217 EPOCH 61
2020-04-25 13:37:11,217  beam_dqn : 1, egreed: 0.85, gamma:  0.84
2020-04-25 13:37:21,690 EPOCH 62
2020-04-25 13:37:21,691  beam_dqn : 1, egreed: 0.85, gamma:  0.84
2020-04-25 13:37:33,171 EPOCH 63
2020-04-25 13:37:33,172  beam_dqn : 1, egreed: 0.85, gamma:  0.84
2020-04-25 13:37:33,325  Copying the Q-Val on Q-tar on step: 20 
2020-04-25 13:37:33,387 Currently on the prediction.
2020-04-25 13:37:36,495 On train
2020-04-25 13:37:36,495 valid_references 	 vs 	 predicted_hypotheses
2020-04-25 13:37:36,495  3	 vs 1 1	
2020-04-25 13:37:36,496  2	 vs 1 1 2	
2020-04-25 13:37:36,496  1 0	 vs 1 1	
2020-04-25 13:37:36,496  1	 vs 1 1	
2020-04-25 13:37:36,496  2	 vs 1 2	
2020-04-25 13:37:36,496  4	 vs 1 2	
2020-04-25 13:37:36,496  4 2	 vs 1 2	
2020-04-25 13:37:36,497  1 3	 vs 1 2	
2020-04-25 13:37:36,497  4 3	 vs 1 2	
2020-04-25 13:37:36,497  3	 vs 1 2	
2020-04-25 13:37:36,558 r_total: -446.73 
2020-04-25 13:37:36,558 bleu score: 0.00
2020-04-25 13:37:47,799 EPOCH 64
2020-04-25 13:37:47,800  beam_dqn : 1, egreed: 0.84, gamma:  0.84
2020-04-25 13:37:59,345 EPOCH 65
2020-04-25 13:37:59,346  beam_dqn : 1, egreed: 0.84, gamma:  0.84
2020-04-25 13:38:13,203 EPOCH 66
2020-04-25 13:38:13,205  beam_dqn : 1, egreed: 0.84, gamma:  0.84
2020-04-25 13:38:13,367  Copying the Q-Val on Q-tar on step: 21 
2020-04-25 13:38:13,445 Currently on the prediction.
2020-04-25 13:38:16,565 On train
2020-04-25 13:38:16,566 valid_references 	 vs 	 predicted_hypotheses
2020-04-25 13:38:16,566  3	 vs 4 1	
2020-04-25 13:38:16,566  2	 vs 4 1 1	
2020-04-25 13:38:16,566  1 0	 vs 1 1	
2020-04-25 13:38:16,566  1	 vs 1 1	
2020-04-25 13:38:16,567  2	 vs 1 1	
2020-04-25 13:38:16,567  4	 vs 4 1	
2020-04-25 13:38:16,567  4 2	 vs 1 1	
2020-04-25 13:38:16,567  1 3	 vs 4 1	
2020-04-25 13:38:16,567  4 3	 vs 1 2	
2020-04-25 13:38:16,567  3	 vs 1 1	
2020-04-25 13:38:16,639 r_total: -445.10 
2020-04-25 13:38:16,639 bleu score: 0.00
2020-04-25 13:38:29,750 EPOCH 67
2020-04-25 13:38:29,751  beam_dqn : 1, egreed: 0.84, gamma:  0.84
2020-04-25 13:38:41,265 EPOCH 68
2020-04-25 13:38:41,266  beam_dqn : 1, egreed: 0.84, gamma:  0.84
2020-04-25 13:38:56,750 EPOCH 69
2020-04-25 13:38:56,751  beam_dqn : 1, egreed: 0.84, gamma:  0.84
2020-04-25 13:38:56,848  Copying the Q-Val on Q-tar on step: 22 
2020-04-25 13:38:56,924 Currently on the prediction.
2020-04-25 13:39:00,194 On train
2020-04-25 13:39:00,195 valid_references 	 vs 	 predicted_hypotheses
2020-04-25 13:39:00,196  3	 vs 4 4 2	
2020-04-25 13:39:00,197  2	 vs 4 4 2	
2020-04-25 13:39:00,197  1 0	 vs 4 4 2	
2020-04-25 13:39:00,198  1	 vs 4 4 2	
2020-04-25 13:39:00,198  2	 vs 4 2	
2020-04-25 13:39:00,199  4	 vs 4 3	
2020-04-25 13:39:00,200  4 2	 vs 4 3	
2020-04-25 13:39:00,201  1 3	 vs 4 3	
2020-04-25 13:39:00,201  4 3	 vs 4 2	
2020-04-25 13:39:00,201  3	 vs 4 2	
2020-04-25 13:39:00,257 r_total: -579.00 
2020-04-25 13:39:00,257 bleu score: 0.00
2020-04-25 13:39:10,146 EPOCH 70
2020-04-25 13:39:10,147  beam_dqn : 1, egreed: 0.84, gamma:  0.84
2020-04-25 13:39:21,237 EPOCH 71
2020-04-25 13:39:21,238  beam_dqn : 1, egreed: 0.84, gamma:  0.84
2020-04-25 13:39:33,303 EPOCH 72
2020-04-25 13:39:33,305  beam_dqn : 1, egreed: 0.84, gamma:  0.84
2020-04-25 13:39:33,490  Copying the Q-Val on Q-tar on step: 23 
2020-04-25 13:39:33,565 Currently on the prediction.
2020-04-25 13:39:38,218 On train
2020-04-25 13:39:38,218 valid_references 	 vs 	 predicted_hypotheses
2020-04-25 13:39:38,219  3	 vs 4 4 2	
2020-04-25 13:39:38,219  2	 vs 4 4 3	
2020-04-25 13:39:38,224  1 0	 vs 4 4 2	
2020-04-25 13:39:38,225  1	 vs 4 4 2	
2020-04-25 13:39:38,225  2	 vs 4 3	
2020-04-25 13:39:38,226  4	 vs 4 1	
2020-04-25 13:39:38,226  4 2	 vs 4 3	
2020-04-25 13:39:38,227  1 3	 vs 4 1	
2020-04-25 13:39:38,227  4 3	 vs 4 2	
2020-04-25 13:39:38,228  3	 vs 4 3	
2020-04-25 13:39:38,374 r_total: -579.00 
2020-04-25 13:39:38,378 bleu score: 0.00
2020-04-25 13:39:54,914 EPOCH 73
2020-04-25 13:39:54,915  beam_dqn : 1, egreed: 0.84, gamma:  0.84
2020-04-25 13:40:05,951 EPOCH 74
2020-04-25 13:40:05,952  beam_dqn : 1, egreed: 0.84, gamma:  0.84
2020-04-25 13:40:14,228 EPOCH 75
2020-04-25 13:40:14,229  beam_dqn : 1, egreed: 0.83, gamma:  0.84
2020-04-25 13:40:14,278  Copying the Q-Val on Q-tar on step: 24 
2020-04-25 13:40:14,359 Currently on the prediction.
2020-04-25 13:40:18,285 On train
2020-04-25 13:40:18,286 valid_references 	 vs 	 predicted_hypotheses
2020-04-25 13:40:18,286  3	 vs 4 1 2	
2020-04-25 13:40:18,287  2	 vs 4 1 2	
2020-04-25 13:40:18,287  1 0	 vs 4 1 2	
2020-04-25 13:40:18,287  1	 vs 4 1 2	
2020-04-25 13:40:18,287  2	 vs 4 1	
2020-04-25 13:40:18,288  4	 vs 4 1	
2020-04-25 13:40:18,288  4 2	 vs 1 1	
2020-04-25 13:40:18,288  1 3	 vs 4 1	
2020-04-25 13:40:18,289  4 3	 vs 4 2	
2020-04-25 13:40:18,289  3	 vs 4 1	
2020-04-25 13:40:18,431 r_total: -579.00 
2020-04-25 13:40:18,432 bleu score: 0.00
2020-04-25 13:40:30,614 EPOCH 76
2020-04-25 13:40:30,615  beam_dqn : 1, egreed: 0.83, gamma:  0.84
