2020-04-25 12:39:06,453 Hello! This is Joey-NMT.
2020-04-25 12:39:06,453 cfg.name                           : reverse_experiment
2020-04-25 12:39:06,453 cfg.data.src                       : src
2020-04-25 12:39:06,454 cfg.data.trg                       : trg
2020-04-25 12:39:06,454 cfg.data.train                     : test/data/mini_reverse/train
2020-04-25 12:39:06,454 cfg.data.dev                       : test/data/mini_reverse/dev
2020-04-25 12:39:06,454 cfg.data.test                      : test/data/mini_reverse/test
2020-04-25 12:39:06,455 cfg.data.level                     : word
2020-04-25 12:39:06,455 cfg.data.lowercase                 : False
2020-04-25 12:39:06,456 cfg.data.max_sent_length           : 25
2020-04-25 12:39:06,456 cfg.data.src_voc_min_freq          : 0
2020-04-25 12:39:06,457 cfg.data.src_voc_limit             : 100
2020-04-25 12:39:06,457 cfg.data.trg_voc_min_freq          : 0
2020-04-25 12:39:06,457 cfg.data.trg_voc_limit             : 100
2020-04-25 12:39:06,458 cfg.testing.beam_size              : 1
2020-04-25 12:39:06,458 cfg.testing.alpha                  : 1.0
2020-04-25 12:39:06,458 cfg.training.random_seed           : 42
2020-04-25 12:39:06,458 cfg.training.optimizer             : adam
2020-04-25 12:39:06,459 cfg.training.learning_rate         : 0.001
2020-04-25 12:39:06,459 cfg.training.learning_rate_min     : 0.0002
2020-04-25 12:39:06,459 cfg.training.weight_decay          : 0.0
2020-04-25 12:39:06,460 cfg.training.clip_grad_norm        : 1.0
2020-04-25 12:39:06,460 cfg.training.batch_size            : 10
2020-04-25 12:39:06,460 cfg.training.batch_type            : sentence
2020-04-25 12:39:06,461 cfg.training.scheduling            : plateau
2020-04-25 12:39:06,462 cfg.training.patience              : 5
2020-04-25 12:39:06,462 cfg.training.decrease_factor       : 0.5
2020-04-25 12:39:06,462 cfg.training.early_stopping_metric : eval_metric
2020-04-25 12:39:06,462 cfg.training.epochs                : 10
2020-04-25 12:39:06,463 cfg.training.validation_freq       : 10
2020-04-25 12:39:06,463 cfg.training.logging_freq          : 10
2020-04-25 12:39:06,463 cfg.training.eval_metric           : bleu
2020-04-25 12:39:06,463 cfg.training.model_dir             : mini_reverse_model
2020-04-25 12:39:06,464 cfg.training.overwrite             : True
2020-04-25 12:39:06,464 cfg.training.shuffle               : True
2020-04-25 12:39:06,464 cfg.training.use_cuda              : False
2020-04-25 12:39:06,465 cfg.training.max_output_length     : 10
2020-04-25 12:39:06,465 cfg.training.print_valid_sents     : [0, 3, 6]
2020-04-25 12:39:06,465 cfg.training.keep_last_ckpts       : 2
2020-04-25 12:39:06,466 cfg.model.initializer              : xavier
2020-04-25 12:39:06,466 cfg.model.embed_initializer        : normal
2020-04-25 12:39:06,466 cfg.model.embed_init_weight        : 0.1
2020-04-25 12:39:06,467 cfg.model.bias_initializer         : zeros
2020-04-25 12:39:06,467 cfg.model.init_rnn_orthogonal      : False
2020-04-25 12:39:06,467 cfg.model.lstm_forget_gate         : 0.0
2020-04-25 12:39:06,467 cfg.model.encoder.rnn_type         : lstm
2020-04-25 12:39:06,468 cfg.model.encoder.embeddings.embedding_dim : 16
2020-04-25 12:39:06,469 cfg.model.encoder.embeddings.scale : False
2020-04-25 12:39:06,469 cfg.model.encoder.hidden_size      : 24
2020-04-25 12:39:06,469 cfg.model.encoder.bidirectional    : True
2020-04-25 12:39:06,470 cfg.model.encoder.dropout          : 0.1
2020-04-25 12:39:06,470 cfg.model.encoder.num_layers       : 1
2020-04-25 12:39:06,470 cfg.model.decoder.rnn_type         : lstm
2020-04-25 12:39:06,470 cfg.model.decoder.embeddings.embedding_dim : 16
2020-04-25 12:39:06,471 cfg.model.decoder.embeddings.scale : False
2020-04-25 12:39:06,471 cfg.model.decoder.hidden_size      : 24
2020-04-25 12:39:06,471 cfg.model.decoder.dropout          : 0.1
2020-04-25 12:39:06,471 cfg.model.decoder.hidden_dropout   : 0.1
2020-04-25 12:39:06,472 cfg.model.decoder.num_layers       : 1
2020-04-25 12:39:06,472 cfg.model.decoder.input_feeding    : True
2020-04-25 12:39:06,472 cfg.model.decoder.init_hidden      : bridge
2020-04-25 12:39:06,473 cfg.model.decoder.attention        : luong
2020-04-25 12:39:06,473 cfg.dqn.epochs                     : 500
2020-04-25 12:39:06,473 cfg.dqn.sample_size                : 256
2020-04-25 12:39:06,473 cfg.dqn.lr                         : 5e-05
2020-04-25 12:39:06,474 cfg.dqn.egreed_max                 : 0.9
2020-04-25 12:39:06,475 cfg.dqn.egreed_min                 : 0.001
2020-04-25 12:39:06,476 cfg.dqn.gamma_max                  : 0.9
2020-04-25 12:39:06,476 cfg.dqn.gamma_min                  : 0.3
2020-04-25 12:39:06,476 cfg.dqn.nu_iter                    : 300
2020-04-25 12:39:06,477 cfg.dqn.mem_cap                    : 5000
2020-04-25 12:39:06,477 cfg.dqn.beam_min                   : 1
2020-04-25 12:39:06,477 cfg.dqn.beam_max                   : 50
2020-04-25 12:39:06,477 cfg.dqn.state_type                 : hidden
2020-04-25 12:39:06,478 cfg.dqn.reward_type                : bleu_batch
2020-04-25 12:39:06,478 cfg.dqn.nu_pretrain                : 0
2020-04-25 12:39:06,478 cfg.dqn.other_descrip              : _100_LSTM_
2020-04-25 12:39:06,478 We are using the reward named: bleu_batch
2020-04-25 12:39:06,479 As states we set the : hidden
2020-04-25 12:39:06,480 EPOCH 1
2020-04-25 12:39:06,482  beam_dqn : 1, egreed: 0.90, gamma:  0.84
