2020-04-25 12:54:42,777 Hello! This is Joey-NMT.
2020-04-25 12:54:42,778 cfg.name                           : reverse_experiment
2020-04-25 12:54:42,779 cfg.data.src                       : src
2020-04-25 12:54:42,779 cfg.data.trg                       : trg
2020-04-25 12:54:42,779 cfg.data.train                     : test/data/mini_reverse/train
2020-04-25 12:54:42,779 cfg.data.dev                       : test/data/mini_reverse/dev
2020-04-25 12:54:42,780 cfg.data.test                      : test/data/mini_reverse/test
2020-04-25 12:54:42,780 cfg.data.level                     : word
2020-04-25 12:54:42,780 cfg.data.lowercase                 : False
2020-04-25 12:54:42,780 cfg.data.max_sent_length           : 25
2020-04-25 12:54:42,780 cfg.data.src_voc_min_freq          : 0
2020-04-25 12:54:42,781 cfg.data.src_voc_limit             : 100
2020-04-25 12:54:42,781 cfg.data.trg_voc_min_freq          : 0
2020-04-25 12:54:42,781 cfg.data.trg_voc_limit             : 100
2020-04-25 12:54:42,781 cfg.testing.beam_size              : 1
2020-04-25 12:54:42,781 cfg.testing.alpha                  : 1.0
2020-04-25 12:54:42,782 cfg.training.random_seed           : 42
2020-04-25 12:54:42,782 cfg.training.optimizer             : adam
2020-04-25 12:54:42,782 cfg.training.learning_rate         : 0.001
2020-04-25 12:54:42,782 cfg.training.learning_rate_min     : 0.0002
2020-04-25 12:54:42,782 cfg.training.weight_decay          : 0.0
2020-04-25 12:54:42,783 cfg.training.clip_grad_norm        : 1.0
2020-04-25 12:54:42,783 cfg.training.batch_size            : 10
2020-04-25 12:54:42,783 cfg.training.batch_type            : sentence
2020-04-25 12:54:42,783 cfg.training.scheduling            : plateau
2020-04-25 12:54:42,783 cfg.training.patience              : 5
2020-04-25 12:54:42,783 cfg.training.decrease_factor       : 0.5
2020-04-25 12:54:42,784 cfg.training.early_stopping_metric : eval_metric
2020-04-25 12:54:42,784 cfg.training.epochs                : 10
2020-04-25 12:54:42,784 cfg.training.validation_freq       : 10
2020-04-25 12:54:42,784 cfg.training.logging_freq          : 10
2020-04-25 12:54:42,784 cfg.training.eval_metric           : bleu
2020-04-25 12:54:42,785 cfg.training.model_dir             : mini_reverse_model
2020-04-25 12:54:42,785 cfg.training.overwrite             : True
2020-04-25 12:54:42,785 cfg.training.shuffle               : True
2020-04-25 12:54:42,785 cfg.training.use_cuda              : False
2020-04-25 12:54:42,786 cfg.training.max_output_length     : 10
2020-04-25 12:54:42,787 cfg.training.print_valid_sents     : [0, 3, 6]
2020-04-25 12:54:42,787 cfg.training.keep_last_ckpts       : 2
2020-04-25 12:54:42,787 cfg.model.initializer              : xavier
2020-04-25 12:54:42,787 cfg.model.embed_initializer        : normal
2020-04-25 12:54:42,788 cfg.model.embed_init_weight        : 0.1
2020-04-25 12:54:42,788 cfg.model.bias_initializer         : zeros
2020-04-25 12:54:42,788 cfg.model.init_rnn_orthogonal      : False
2020-04-25 12:54:42,789 cfg.model.lstm_forget_gate         : 0.0
2020-04-25 12:54:42,789 cfg.model.encoder.rnn_type         : lstm
2020-04-25 12:54:42,789 cfg.model.encoder.embeddings.embedding_dim : 16
2020-04-25 12:54:42,790 cfg.model.encoder.embeddings.scale : False
2020-04-25 12:54:42,790 cfg.model.encoder.hidden_size      : 24
2020-04-25 12:54:42,790 cfg.model.encoder.bidirectional    : True
2020-04-25 12:54:42,791 cfg.model.encoder.dropout          : 0.1
2020-04-25 12:54:42,791 cfg.model.encoder.num_layers       : 1
2020-04-25 12:54:42,791 cfg.model.decoder.rnn_type         : lstm
2020-04-25 12:54:42,792 cfg.model.decoder.embeddings.embedding_dim : 16
2020-04-25 12:54:42,792 cfg.model.decoder.embeddings.scale : False
2020-04-25 12:54:42,792 cfg.model.decoder.hidden_size      : 24
2020-04-25 12:54:42,792 cfg.model.decoder.dropout          : 0.1
2020-04-25 12:54:42,792 cfg.model.decoder.hidden_dropout   : 0.1
2020-04-25 12:54:42,793 cfg.model.decoder.num_layers       : 1
2020-04-25 12:54:42,793 cfg.model.decoder.input_feeding    : True
2020-04-25 12:54:42,793 cfg.model.decoder.init_hidden      : bridge
2020-04-25 12:54:42,793 cfg.model.decoder.attention        : luong
2020-04-25 12:54:42,793 cfg.dqn.epochs                     : 500
2020-04-25 12:54:42,794 cfg.dqn.sample_size                : 256
2020-04-25 12:54:42,794 cfg.dqn.lr                         : 5e-05
2020-04-25 12:54:42,794 cfg.dqn.egreed_max                 : 0.9
2020-04-25 12:54:42,794 cfg.dqn.egreed_min                 : 0.001
2020-04-25 12:54:42,795 cfg.dqn.gamma_max                  : 0.9
2020-04-25 12:54:42,795 cfg.dqn.gamma_min                  : 0.3
2020-04-25 12:54:42,795 cfg.dqn.nu_iter                    : 300
2020-04-25 12:54:42,796 cfg.dqn.mem_cap                    : 5000
2020-04-25 12:54:42,796 cfg.dqn.beam_min                   : 1
2020-04-25 12:54:42,796 cfg.dqn.beam_max                   : 50
2020-04-25 12:54:42,796 cfg.dqn.state_type                 : hidden
2020-04-25 12:54:42,796 cfg.dqn.reward_type                : bleu_batch
2020-04-25 12:54:42,797 cfg.dqn.nu_pretrain                : 0
2020-04-25 12:54:42,797 cfg.dqn.other_descrip              : _100_LSTM_
2020-04-25 12:54:42,797 We are using the reward named: bleu_batch
2020-04-25 12:54:42,798 As states we set the : hidden
2020-04-25 12:54:42,798 EPOCH 1
2020-04-25 12:54:42,799  beam_dqn : 1, egreed: 0.90, gamma:  0.84
2020-04-25 12:54:46,979 EPOCH 2
2020-04-25 12:54:46,980  beam_dqn : 1, egreed: 0.90, gamma:  0.84
2020-04-25 12:54:51,395 EPOCH 3
2020-04-25 12:54:51,396  beam_dqn : 1, egreed: 0.90, gamma:  0.84
2020-04-25 12:54:55,705 EPOCH 4
2020-04-25 12:54:55,705  beam_dqn : 1, egreed: 0.90, gamma:  0.84
2020-04-25 12:55:00,049 EPOCH 5
2020-04-25 12:55:00,050  beam_dqn : 1, egreed: 0.90, gamma:  0.84
2020-04-25 12:55:04,620 EPOCH 6
2020-04-25 12:55:04,621  beam_dqn : 1, egreed: 0.89, gamma:  0.84
2020-04-25 12:55:09,139 EPOCH 7
2020-04-25 12:55:09,140  beam_dqn : 1, egreed: 0.89, gamma:  0.84
2020-04-25 12:55:13,697 EPOCH 8
2020-04-25 12:55:13,698  beam_dqn : 1, egreed: 0.89, gamma:  0.84
2020-04-25 12:55:19,871 EPOCH 9
2020-04-25 12:55:19,871  beam_dqn : 1, egreed: 0.89, gamma:  0.84
2020-04-25 12:55:24,657 EPOCH 10
2020-04-25 12:55:24,658  beam_dqn : 1, egreed: 0.89, gamma:  0.84
2020-04-25 12:55:29,547 EPOCH 11
2020-04-25 12:55:29,548  beam_dqn : 1, egreed: 0.89, gamma:  0.84
2020-04-25 12:55:34,750 EPOCH 12
2020-04-25 12:55:34,751  beam_dqn : 1, egreed: 0.89, gamma:  0.84
2020-04-25 12:55:40,318 EPOCH 13
2020-04-25 12:55:40,319  beam_dqn : 1, egreed: 0.89, gamma:  0.84
2020-04-25 12:55:44,671 EPOCH 14
2020-04-25 12:55:44,672  beam_dqn : 1, egreed: 0.89, gamma:  0.84
2020-04-25 12:55:48,869 EPOCH 15
2020-04-25 12:55:48,870  beam_dqn : 1, egreed: 0.89, gamma:  0.84
2020-04-25 12:55:52,803 EPOCH 16
2020-04-25 12:55:52,804  beam_dqn : 1, egreed: 0.89, gamma:  0.84
2020-04-25 12:55:57,070 EPOCH 17
2020-04-25 12:55:57,071  beam_dqn : 1, egreed: 0.88, gamma:  0.84
2020-04-25 12:56:01,210 EPOCH 18
2020-04-25 12:56:01,211  beam_dqn : 1, egreed: 0.88, gamma:  0.84
2020-04-25 12:56:05,387 EPOCH 19
2020-04-25 12:56:05,388  beam_dqn : 1, egreed: 0.88, gamma:  0.84
2020-04-25 12:56:09,548 EPOCH 20
2020-04-25 12:56:09,548  beam_dqn : 1, egreed: 0.88, gamma:  0.84
2020-04-25 12:56:13,832 EPOCH 21
2020-04-25 12:56:13,834  beam_dqn : 1, egreed: 0.88, gamma:  0.84
2020-04-25 12:56:13,888  As referece this first test on dev data. Is maded with the Q networks, initialized randomly : 
